Log file open, 01/05/19 17:08:52
LogWindows: Failed to load 'aqProf.dll' (GetLastError=126)
LogWindows: File 'aqProf.dll' does not exist
LogWindows: Failed to load 'VSPerf140.dll' (GetLastError=126)
LogWindows: File 'VSPerf140.dll' does not exist
LogWindows: Failed to load 'VtuneApi.dll' (GetLastError=126)
LogWindows: File 'VtuneApi.dll' does not exist
LogWindows: Failed to load 'VtuneApi32e.dll' (GetLastError=126)
LogWindows: File 'VtuneApi32e.dll' does not exist
LogInit: Display: Running engine for game: TGP_Duos
LogPlatformFile: Not using cached read wrapper
LogTaskGraph: Started task graph with 5 named threads and 23 total threads with 3 sets of task threads.
LogStats: Stats thread started at 7.594699
LogD3D11RHI: Loaded GFSDK_Aftermath_Lib.x64.dll
LogICUInternationalization: Display: ICU TimeZone Detection - Raw Offset: +0:00, Platform Override: ''
LogPluginManager: Mounting plugin Paper2D
LogPluginManager: Mounting plugin AISupport
LogPluginManager: Mounting plugin LightPropagationVolume
LogPluginManager: Mounting plugin CLionSourceCodeAccess
LogPluginManager: Mounting plugin CodeLiteSourceCodeAccess
LogPluginManager: Mounting plugin GitSourceControl
LogPluginManager: Mounting plugin KDevelopSourceCodeAccess
LogPluginManager: Mounting plugin NullSourceCodeAccess
LogPluginManager: Mounting plugin PerforceSourceControl
LogPluginManager: Mounting plugin SubversionSourceControl
LogPluginManager: Mounting plugin UObjectPlugin
LogPluginManager: Mounting plugin VisualStudioCodeSourceCodeAccess
LogPluginManager: Mounting plugin VisualStudioSourceCodeAccess
LogPluginManager: Mounting plugin XCodeSourceCodeAccess
LogPluginManager: Mounting plugin AssetManagerEditor
LogPluginManager: Mounting plugin CryptoKeys
LogPluginManager: Mounting plugin DataValidation
LogPluginManager: Mounting plugin FacialAnimation
LogPluginManager: Mounting plugin GameplayTagsEditor
LogPluginManager: Mounting plugin MacGraphicsSwitching
LogPluginManager: Mounting plugin MeshEditor
LogPluginManager: Mounting plugin MobileLauncherProfileWizard
LogPluginManager: Mounting plugin PluginBrowser
LogPluginManager: Mounting plugin SpeedTreeImporter
LogPluginManager: Mounting plugin DatasmithContent
LogPluginManager: Mounting plugin AlembicImporter
LogPluginManager: Mounting plugin AppleImageUtils
LogPluginManager: Mounting plugin AppleVision
LogPluginManager: Mounting plugin BackChannel
LogPluginManager: Mounting plugin CharacterAI
LogPluginManager: Mounting plugin GeometryCache
LogPluginManager: Mounting plugin HTML5Networking
LogPluginManager: Mounting plugin ProxyLODPlugin
LogPluginManager: Mounting plugin MagicLeap
LogPluginManager: Mounting plugin MagicLeapEmulator
LogPluginManager: Mounting plugin MagicLeapMedia
LogPluginManager: Mounting plugin AndroidMedia
LogPluginManager: Mounting plugin AvfMedia
LogPluginManager: Mounting plugin ImgMedia
LogPluginManager: Mounting plugin LinearTimecode
LogPluginManager: Mounting plugin MediaCompositing
LogPluginManager: Mounting plugin MediaPlayerEditor
LogPluginManager: Mounting plugin WmfMedia
LogPluginManager: Mounting plugin TcpMessaging
LogPluginManager: Mounting plugin UdpMessaging
LogPluginManager: Mounting plugin ActorSequence
LogPluginManager: Mounting plugin LevelSequenceEditor
LogPluginManager: Mounting plugin MatineeToLevelSequence
LogPluginManager: Mounting plugin NetcodeUnitTest
LogPluginManager: Mounting plugin NUTUnrealEngine4
LogPluginManager: Mounting plugin OnlineSubsystemGooglePlay
LogPluginManager: Mounting plugin OnlineSubsystemIOS
LogPluginManager: Mounting plugin OnlineSubsystem
LogPluginManager: Mounting plugin OnlineSubsystemNull
LogPluginManager: Mounting plugin OnlineSubsystemUtils
LogPluginManager: Mounting plugin LauncherChunkInstaller
LogPluginManager: Mounting plugin AndroidDeviceProfileSelector
LogPluginManager: Mounting plugin AndroidMoviePlayer
LogPluginManager: Mounting plugin AndroidPermission
LogPluginManager: Mounting plugin AppleMoviePlayer
LogPluginManager: Mounting plugin ArchVisCharacter
LogPluginManager: Mounting plugin AudioCapture
LogPluginManager: Mounting plugin CableComponent
LogPluginManager: Mounting plugin CustomMeshComponent
LogPluginManager: Mounting plugin EditableMesh
LogPluginManager: Mounting plugin ExampleDeviceProfileSelector
LogPluginManager: Mounting plugin GoogleCloudMessaging
LogPluginManager: Mounting plugin ImmediatePhysics
LogPluginManager: Mounting plugin IOSDeviceProfileSelector
LogPluginManager: Mounting plugin LinuxDeviceProfileSelector
LogPluginManager: Mounting plugin LocationServicesBPLibrary
LogPluginManager: Mounting plugin MobilePatchingUtils
LogPluginManager: Mounting plugin OculusVR
LogPluginManager: Plugin shader directory ../../../Engine/Plugins/Runtime/Oculus/OculusVR/Shaders found
LogPluginManager: Mapping shader source directory ../../../Engine/Plugins/Runtime/Oculus/OculusVR/Shaders to virtual directory /Plugin/OculusVR
LogPluginManager: Mounting plugin PhysXVehicles
LogPluginManager: Mounting plugin ProceduralMeshComponent
LogPluginManager: Mounting plugin RuntimePhysXCooking
LogPluginManager: Mounting plugin SteamVR
LogPluginManager: Mounting plugin WindowsMoviePlayer
LogStreaming: Display: Took  0.257s to configure plugins.
LogInit: Using libcurl 7.55.1-DEV
LogInit:  - built for x86_64-pc-win32
LogInit:  - supports SSL with OpenSSL/1.0.2h
LogInit:  - supports HTTP deflate (compression) using libz 1.2.8
LogInit:  - other features:
LogInit:      CURL_VERSION_SSL
LogInit:      CURL_VERSION_LIBZ
LogInit:      CURL_VERSION_IPV6
LogInit:      CURL_VERSION_ASYNCHDNS
LogInit:      CURL_VERSION_LARGEFILE
LogInit:      CURL_VERSION_IDN
LogInit:  CurlRequestOptions (configurable via config and command line):
LogInit:  - bVerifyPeer = false  - Libcurl will NOT verify peer certificate
LogInit:  - bUseHttpProxy = false  - Libcurl will NOT use HTTP proxy
LogInit:  - bDontReuseConnections = false  - Libcurl will reuse connections
LogInit:  - CertBundlePath = nullptr  - Libcurl will use whatever was configured at build time.
LogInit:  - MaxHostConnections = 16  - Libcurl will limit the number of connections to a host
LogInit:  - LocalHostAddr = Default
LogInit:  - BufferSize = 65536
LogInit: WinSock: version 1.1 (2.2), MaxSocks=32767, MaxUdp=65467
LogInit: Build: ++UE4+Release-4.20-CL-4369336
LogInit: Engine Version: 4.20.3-4369336+++UE4+Release-4.20
LogInit: Compatible Engine Version: 4.20.0-4212847+++UE4+Release-4.20
LogInit: Net CL: 4212847
LogInit: OS: Windows 10 (), CPU: Intel(R) Core(TM) i7-7700 CPU @ 3.60GHz, GPU: NVIDIA GeForce GTX 1060 3GB
LogInit: Compiled (64-bit): Sep 17 2018 12:26:19
LogInit: Compiled with Visual C++: 19.13.26129.00
LogInit: Build Configuration: Development
LogInit: Branch Name: ++UE4+Release-4.20
LogInit: Command Line:  
LogInit: Base Directory: C:/Program Files/Epic Games/UE_4.20/Engine/Binaries/Win64/
LogInit: Installed Engine Build: 1
LogDevObjectVersion: Number of dev versions registered: 20
LogDevObjectVersion:   Dev-Blueprints (B0D832E4-1F89-4F0D-ACCF-7EB736FD4AA2): 10
LogDevObjectVersion:   Dev-Build (E1C64328-A22C-4D53-A36C-8E866417BD8C): 0
LogDevObjectVersion:   Dev-Core (375EC13C-06E4-48FB-B500-84F0262A717E): 2
LogDevObjectVersion:   Dev-Editor (E4B068ED-F494-42E9-A231-DA0B2E46BB41): 24
LogDevObjectVersion:   Dev-Framework (CFFC743F-43B0-4480-9391-14DF171D2073): 34
LogDevObjectVersion:   Dev-Mobile (B02B49B5-BB20-44E9-A304-32B752E40360): 2
LogDevObjectVersion:   Dev-Networking (A4E4105C-59A1-49B5-A7C5-40C4547EDFEE): 0
LogDevObjectVersion:   Dev-Online (39C831C9-5AE6-47DC-9A44-9C173E1C8E7C): 0
LogDevObjectVersion:   Dev-Physics (78F01B33-EBEA-4F98-B9B4-84EACCB95AA2): 0
LogDevObjectVersion:   Dev-Platform (6631380F-2D4D-43E0-8009-CF276956A95A): 0
LogDevObjectVersion:   Dev-Rendering (12F88B9F-8875-4AFC-A67C-D90C383ABD29): 26
LogDevObjectVersion:   Dev-Sequencer (7B5AE74C-D270-4C10-A958-57980B212A5A): 9
LogDevObjectVersion:   Dev-VR (D7296918-1DD6-4BDD-9DE2-64A83CC13884): 2
LogDevObjectVersion:   Dev-LoadTimes (C2A15278-BFE7-4AFE-6C17-90FF531DF755): 1
LogDevObjectVersion:   Private-Geometry (6EACA3D4-40EC-4CC1-B786-8BED09428FC5): 3
LogDevObjectVersion:   Dev-AnimPhys (29E575DD-E0A3-4627-9D10-D276232CDCEA): 17
LogDevObjectVersion:   Dev-ReflectionCapture (6B266CEC-1EC7-4B8F-A30B-E4D90942FC07): 1
LogDevObjectVersion:   Dev-Automation (0DF73D61-A23F-47EA-B727-89E90C41499A): 1
LogDevObjectVersion:   FortniteMain (601D1886-AC64-4F84-AA16-D3DE0DEAC7D6): 12
LogDevObjectVersion:   Dev-Enterprise (9DFFBCD6-494F-0158-E221-12823C92A888): 1
LogStreaming: Display: Took  0.010s to delete old logs.
LogInit: Presizing for max 8388607 objects, including 0 objects not considered by GC, pre-allocating 0 bytes for permanent pool.
LogInit: Object subsystem initialized
[2019.01.05-17.08.55:081][  0]LogInit: Selected Device Profile: [Windows]
[2019.01.05-17.08.55:081][  0]LogInit: Applying CVar settings loaded from the selected device profile: [Windows]
[2019.01.05-17.08.55:130][  0]LogHAL: Display: Platform has ~ 8 GB [8518885376 / 8589934592 / 8], which maps to Default [LargestMinGB=32, LargerMinGB=12, DefaultMinGB=8, SmallerMinGB=6, SmallestMinGB=0)
[2019.01.05-17.08.55:131][  0]LogInit: Setting Device Profile CVar: [[r.Vulkan.UseRealUBs:1]]
[2019.01.05-17.08.55:132][  0]LogInit: Going up to parent DeviceProfile []
[2019.01.05-17.08.55:188][  0]LogInit: Computer: DESKTOP-HEG436M
[2019.01.05-17.08.55:188][  0]LogInit: User: Carbo
[2019.01.05-17.08.55:189][  0]LogInit: CPU Page size=4096, Cores=4
[2019.01.05-17.08.55:189][  0]LogInit: High frequency timer resolution =3.515632 MHz
[2019.01.05-17.08.55:189][  0]LogMemory: Memory total: Physical=7.9GB (8GB approx)
[2019.01.05-17.08.55:189][  0]LogMemory: Platform Memory Stats for Windows
[2019.01.05-17.08.55:189][  0]LogMemory: Process Physical Memory: 102.31 MB used, 102.31 MB peak
[2019.01.05-17.08.55:189][  0]LogMemory: Process Virtual Memory: 93.40 MB used, 93.40 MB peak
[2019.01.05-17.08.55:189][  0]LogMemory: Physical Memory: 3670.12 MB used,  4454.12 MB free, 8124.24 MB total
[2019.01.05-17.08.55:190][  0]LogMemory: Virtual Memory: 4628.50 MB used,  4454.12 MB free, 134217728.00 MB total
[2019.01.05-17.08.55:849][  0]LogInit: Using OS detected language (en-GB).
[2019.01.05-17.08.55:849][  0]LogInit: Using OS detected locale (en-GB).
[2019.01.05-17.08.55:866][  0]LogTextLocalizationManager: No specific localization for 'en-GB' exists, so the 'en' localization will be used.
[2019.01.05-17.08.56:617][  0]LogStreaming: Display: Took  0.712s to InitEngineTextLocalization.
[2019.01.05-17.08.56:621][  0]LogInit: Setting process to per monitor DPI aware
[2019.01.05-17.08.57:401][  0]LogSlate: New Slate User Created.  User Index 0, Is Virtual User: 0
[2019.01.05-17.08.57:401][  0]LogSlate: Slate User Registered.  User Index 0, Is Virtual User: 0
[2019.01.05-17.09.01:379][  0]LogHMD: Failed to initialize OpenVR with code 110
[2019.01.05-17.09.01:379][  0]LogD3D11RHI: D3D11 adapters:
[2019.01.05-17.09.02:130][  0]LogD3D11RHI:    0. 'NVIDIA GeForce GTX 1060 3GB' (Feature Level 11_0)
[2019.01.05-17.09.02:130][  0]LogD3D11RHI:       2988/0/4062 MB DedicatedVideo/DedicatedSystem/SharedSystem, Outputs:1, VendorId:0x10de
[2019.01.05-17.09.02:208][  0]LogD3D11RHI:    1. 'Microsoft Basic Render Driver' (Feature Level 11_0)
[2019.01.05-17.09.02:208][  0]LogD3D11RHI:       0/0/4062 MB DedicatedVideo/DedicatedSystem/SharedSystem, Outputs:0, VendorId:0x1414
[2019.01.05-17.09.02:208][  0]LogD3D11RHI: Chosen D3D11 Adapter: 0
[2019.01.05-17.09.02:234][  0]LogD3D11RHI: Creating new Direct3DDevice
[2019.01.05-17.09.02:234][  0]LogD3D11RHI:     GPU DeviceId: 0x1c02 (for the marketing name, search the web for "GPU Device Id")
[2019.01.05-17.09.02:237][  0]LogWindows: EnumDisplayDevices:
[2019.01.05-17.09.02:238][  0]LogWindows:    0. 'NVIDIA GeForce GTX 1060 3GB' (P:1 D:1)
[2019.01.05-17.09.02:239][  0]LogWindows:    1. 'NVIDIA GeForce GTX 1060 3GB' (P:0 D:0)
[2019.01.05-17.09.02:240][  0]LogWindows:    2. 'NVIDIA GeForce GTX 1060 3GB' (P:0 D:0)
[2019.01.05-17.09.02:241][  0]LogWindows:    3. 'NVIDIA GeForce GTX 1060 3GB' (P:0 D:0)
[2019.01.05-17.09.02:241][  0]LogWindows: DebugString: FoundDriverCount:4 
[2019.01.05-17.09.02:241][  0]LogD3D11RHI:     Adapter Name: NVIDIA GeForce GTX 1060 3GB
[2019.01.05-17.09.02:242][  0]LogD3D11RHI:   Driver Version: 416.16 (internal:25.21.14.1616, unified:416.16)
[2019.01.05-17.09.02:242][  0]LogD3D11RHI:      Driver Date: 10-2-2018
[2019.01.05-17.09.02:242][  0]LogRHI: Texture pool is 2091 MB (70% of 2988 MB)
[2019.01.05-17.09.02:365][  0]LogD3D11RHI: Async texture creation enabled
[2019.01.05-17.09.02:567][  0]LogD3D11RHI: GPU Timing Frequency: 1000.000000 (Debug: 2 2)
[2019.01.05-17.09.02:689][  0]LogShaderCompilers: Guid format shader working directory is -18 characters bigger than the processId version (../../../../../../Users/Carbo/Documents/GitHub/TGP-Duos/TGP_Duos/Intermediate/Shaders/WorkingDirectory/2608/).
[2019.01.05-17.09.02:689][  0]LogShaderCompilers: Cleaned the shader compiler working directory 'C:/Users/Carbo/AppData/Local/Temp/UnrealShaderWorkingDir/15C6F64F41C2BF457D276B8CB8C1F3B6/'.
[2019.01.05-17.09.03:318][  0]LogTemp: Display: Loaded TP AllDesktopTargetPlatform
[2019.01.05-17.09.03:338][  0]LogTemp: Display: Loaded TP MacClientTargetPlatform
[2019.01.05-17.09.03:355][  0]LogTemp: Display: Loaded TP MacNoEditorTargetPlatform
[2019.01.05-17.09.03:367][  0]LogTemp: Display: Loaded TP MacServerTargetPlatform
[2019.01.05-17.09.03:438][  0]LogTemp: Display: Loaded TP MacTargetPlatform
[2019.01.05-17.09.03:478][  0]LogTemp: Display: Loaded TP WindowsClientTargetPlatform
[2019.01.05-17.09.03:507][  0]LogTemp: Display: Loaded TP WindowsNoEditorTargetPlatform
[2019.01.05-17.09.03:526][  0]LogTemp: Display: Loaded TP WindowsServerTargetPlatform
[2019.01.05-17.09.03:542][  0]LogTemp: Display: Loaded TP WindowsTargetPlatform
[2019.01.05-17.09.03:630][  0]LogTemp: Display: Loaded TP AndroidTargetPlatform
[2019.01.05-17.09.03:631][  0]LogTemp: Display: Loaded TP AndroidTargetPlatform
[2019.01.05-17.09.03:631][  0]LogTemp: Display: Loaded TP AndroidTargetPlatform
[2019.01.05-17.09.03:631][  0]LogTemp: Display: Loaded TP AndroidTargetPlatform
[2019.01.05-17.09.03:631][  0]LogTemp: Display: Loaded TP AndroidTargetPlatform
[2019.01.05-17.09.03:631][  0]LogTemp: Display: Loaded TP AndroidTargetPlatform
[2019.01.05-17.09.03:631][  0]LogTemp: Display: Loaded TP AndroidTargetPlatform
[2019.01.05-17.09.03:631][  0]LogTemp: Display: Loaded TP AndroidTargetPlatform
[2019.01.05-17.09.03:631][  0]LogTemp: Display: Loaded TP AndroidTargetPlatform
[2019.01.05-17.09.03:631][  0]LogTemp: Display: Loaded TP AndroidTargetPlatform
[2019.01.05-17.09.03:631][  0]LogTemp: Display: Loaded TP AndroidTargetPlatform
[2019.01.05-17.09.03:631][  0]LogTemp: Display: Loaded TP AndroidTargetPlatform
[2019.01.05-17.09.03:631][  0]LogTemp: Display: Loaded TP AndroidTargetPlatform
[2019.01.05-17.09.03:631][  0]LogTemp: Display: Loaded TP AndroidTargetPlatform
[2019.01.05-17.09.03:631][  0]LogTemp: Display: Loaded TP AndroidTargetPlatform
[2019.01.05-17.09.03:631][  0]LogTemp: Display: Loaded TP AndroidTargetPlatform
[2019.01.05-17.09.03:631][  0]LogTemp: Display: Loaded TP AndroidTargetPlatform
[2019.01.05-17.09.03:631][  0]LogTemp: Display: Loaded TP AndroidTargetPlatform
[2019.01.05-17.09.03:655][  0]LogTemp: Display: Loaded TP HTML5TargetPlatform
[2019.01.05-17.09.03:799][  0]LogTemp: Display: Loaded TP IOSTargetPlatform
[2019.01.05-17.09.03:799][  0]LogTemp: Display: Loaded TP IOSTargetPlatform
[2019.01.05-17.09.03:879][  0]LogTemp: Display: Loaded TP TVOSTargetPlatform
[2019.01.05-17.09.03:879][  0]LogTemp: Display: Loaded TP TVOSTargetPlatform
[2019.01.05-17.09.03:921][  0]LogTemp: Display: Loaded TP LinuxClientTargetPlatform
[2019.01.05-17.09.03:941][  0]LogTemp: Display: Loaded TP LinuxNoEditorTargetPlatform
[2019.01.05-17.09.03:962][  0]LogTemp: Display: Loaded TP LinuxServerTargetPlatform
[2019.01.05-17.09.03:993][  0]LogTemp: Display: Loaded TP LinuxTargetPlatform
[2019.01.05-17.09.04:003][  0]LogTemp: Display: Loaded TP LuminTargetPlatform
[2019.01.05-17.09.04:003][  0]LogTargetPlatformManager: Display: Building Assets For Windows
[2019.01.05-17.09.04:676][  0]LogXGEController: Cleaning working directory: C:/Users/Carbo/AppData/Local/Temp/UnrealXGEWorkingDir/
[2019.01.05-17.09.04:676][  0]LogXGEController: Cannot use XGE Controller as Incredibuild is not installed on this machine.
[2019.01.05-17.09.04:676][  0]LogShaderCompilers: Cannot use XGE Shader Compiler as Incredibuild is not installed on this machine.
[2019.01.05-17.09.04:676][  0]LogShaderCompilers: Display: Using Local Shader Compiler.
[2019.01.05-17.09.07:773][  0]LogDerivedDataCache: Display: Max Cache Size: 512 MB
[2019.01.05-17.09.08:527][  0]LogDerivedDataCache: Loaded boot cache 0.74s 73MB C:/Users/Carbo/AppData/Local/UnrealEngine/4.20/DerivedDataCache/Boot.ddc.
[2019.01.05-17.09.08:528][  0]LogDerivedDataCache: Display: Loaded Boot cache: C:/Users/Carbo/AppData/Local/UnrealEngine/4.20/DerivedDataCache/Boot.ddc
[2019.01.05-17.09.08:528][  0]LogDerivedDataCache: FDerivedDataBackendGraph:  Pak pak cache file ../../../../../../Users/Carbo/Documents/GitHub/TGP-Duos/TGP_Duos/DerivedDataCache/DDC.ddp not found, will not use a pak cache.
[2019.01.05-17.09.08:528][  0]LogDerivedDataCache: Unable to find inner node Pak for hierarchical cache Hierarchy.
[2019.01.05-17.09.08:528][  0]LogDerivedDataCache: FDerivedDataBackendGraph:  CompressedPak pak cache file ../../../../../../Users/Carbo/Documents/GitHub/TGP-Duos/TGP_Duos/DerivedDataCache/Compressed.ddp not found, will not use a pak cache.
[2019.01.05-17.09.08:528][  0]LogDerivedDataCache: Unable to find inner node CompressedPak for hierarchical cache Hierarchy.
[2019.01.05-17.09.08:597][  0]LogDerivedDataCache: Display: Pak cache opened for reading ../../../Engine/DerivedDataCache/Compressed.ddp.
[2019.01.05-17.09.08:610][  0]LogDerivedDataCache: Using Local data cache path C:/Users/Carbo/AppData/Local/UnrealEngine/Common/DerivedDataCache: Writable
[2019.01.05-17.09.08:610][  0]LogDerivedDataCache: Shared data cache path not found in *engine.ini, will not use an Shared cache.
[2019.01.05-17.09.08:610][  0]LogDerivedDataCache: Unable to find inner node Shared for hierarchical cache Hierarchy.
[2019.01.05-17.09.08:675][  0]LogMaterial: Verifying Global Shaders for PCD3D_SM5
[2019.01.05-17.09.08:722][  0]LogSlate: Using FreeType 2.6.0
[2019.01.05-17.09.08:818][  0]LogSlate: SlateFontServices - WITH_FREETYPE: 1, WITH_HARFBUZZ: 1
[2019.01.05-17.09.09:457][  0]LogAssetRegistry: FAssetRegistry took 0.0330 seconds to start up
[2019.01.05-17.09.11:911][  0]LogInit: Selected Device Profile: [Windows]
[2019.01.05-17.09.15:449][  0]LogSimplygon: Simplygon DLL not present - disabling.
[2019.01.05-17.09.15:881][  0]LogMeshReduction: Using SimplygonSwarm for distributed automatic mesh merging
[2019.01.05-17.09.15:882][  0]LogMeshReduction: Using ProxyLODMeshReduction for automatic mesh merging
[2019.01.05-17.09.15:926][  0]LogMeshReduction: Using QuadricMeshReduction for automatic static mesh reduction
[2019.01.05-17.09.15:926][  0]LogMeshReduction: No automatic skeletal mesh reduction module available
[2019.01.05-17.09.16:891][  0]LogNetVersion: TGP_Duos 1.0.0, NetCL: 4212847, EngineNetVer: 5, GameNetVer: 0 (Checksum: 2163957344)
[2019.01.05-17.09.25:944][  0]LogPackageLocalizationCache: Processed 11 localized package path(s) for 2 prioritized culture(s) in 0.159736 seconds
[2019.01.05-17.09.26:002][  0]LogUObjectArray: 38425 objects as part of root set at end of initial load.
[2019.01.05-17.09.26:003][  0]LogUObjectAllocator: 6690872 out of 0 bytes used by permanent object pool.
[2019.01.05-17.09.26:003][  0]LogUObjectArray: CloseDisregardForGC: 0/0 objects in disregard for GC pool
[2019.01.05-17.10.03:318][  0]LogTcpMessaging: Initializing TcpMessaging bridge
[2019.01.05-17.10.03:365][  0]LogUdpMessaging: Initializing bridge on interface 0.0.0.0:0 to multicast group 230.0.0.1:6666.
[2019.01.05-17.10.05:701][  0]LogTexture: Display: Building textures: AK47_2_ (AutoDXT, 1024X1024)
[2019.01.05-17.10.05:701][  0]LogTexture: Display: Building textures: AK47_1_ (AutoDXT, 1024X1024)
[2019.01.05-17.10.05:701][  0]LogTexture: Display: Building textures: AUG_3_ (AutoDXT, 1024X1024)
[2019.01.05-17.10.05:701][  0]LogTexture: Display: Building textures: FN-F2000_2_ (AutoDXT, 1024X1024)
[2019.01.05-17.10.05:701][  0]LogTexture: Display: Building textures: AUG_2_ (AutoDXT, 1024X1024)
[2019.01.05-17.10.05:701][  0]LogTexture: Display: Building textures: AUG_1_ (AutoDXT, 1024X1024)
[2019.01.05-17.10.05:701][  0]LogTexture: Display: Building textures: FN-F2000_1_ (AutoDXT, 1024X1024)
[2019.01.05-17.10.05:701][  0]LogStaticMesh: Building static mesh AUG...
[2019.01.05-17.10.05:756][  0]LogStaticMesh: Built static mesh [0.07s] /Game/Weapons/Assets/AUG/AUG.AUG
[2019.01.05-17.10.05:799][  0]LogStaticMesh: Building static mesh AK47...
[2019.01.05-17.10.05:809][  0]LogStaticMesh: Built static mesh [0.01s] /Game/Weapons/Assets/AK47/AK47.AK47
[2019.01.05-17.10.05:826][  0]LogMaterial: Display: Missing cached shader map for material AK47_2__Mat, compiling. 
[2019.01.05-17.10.06:035][  0]LogShaderCompilers: Display: Shaders left to compile 31
[2019.01.05-17.10.06:035][  0]LogShaderCompilers: Display: Shaders left to compile 21
[2019.01.05-17.10.06:035][  0]LogShaderCompilers: Display: Shaders left to compile 11
[2019.01.05-17.10.06:035][  0]LogShaderCompilers: Display: Shaders left to compile 1
[2019.01.05-17.10.06:035][  0]LogMaterial: Display: Missing cached shader map for material AK47_1__Mat, compiling. 
[2019.01.05-17.10.06:200][  0]LogMaterial: Display: Missing cached shader map for material AUG_3_Mat, compiling. 
[2019.01.05-17.10.06:233][  0]LogMaterial: Display: Missing cached shader map for material AUG_2_Mat, compiling. 
[2019.01.05-17.10.06:246][  0]LogShaderCompilers: Display: Shaders left to compile 53
[2019.01.05-17.10.06:246][  0]LogMaterial: Display: Missing cached shader map for material AUG_1_Mat, compiling. 
[2019.01.05-17.10.06:333][  0]LogStaticMesh: Building static mesh FN_F2000...
[2019.01.05-17.10.06:337][  0]LogStaticMesh: Built static mesh [0.00s] /Game/Weapons/Assets/FN_F2000/FN_F2000.FN_F2000
[2019.01.05-17.10.06:353][  0]LogMaterial: Display: Missing cached shader map for material FN-F2000_2__Mat, compiling. 
[2019.01.05-17.10.06:378][  0]LogMaterial: Display: Missing cached shader map for material FN-F2000_1__Mat, compiling. 
[2019.01.05-17.10.08:362][  0]SourceControl: Source control is disabled
[2019.01.05-17.10.09:324][  0]LogShaderCompilers: Display: Shaders left to compile 149
[2019.01.05-17.10.10:372][  0]LogAndroidPermission: UAndroidPermissionCallbackProxy::GetInstance
[2019.01.05-17.10.10:841][  0]LogOcInput: OculusInput pre-init called
[2019.01.05-17.10.11:229][  0]LogShaderCompilers: Display: Shaders left to compile 139
[2019.01.05-17.10.11:229][  0]LogShaderCompilers: Display: Shaders left to compile 129
[2019.01.05-17.10.11:229][  0]LogEngine: Initializing Engine...
[2019.01.05-17.10.11:261][  0]LogHMD: Failed to initialize OpenVR with code 110
[2019.01.05-17.10.11:279][  0]LogStats: UGameplayTagsManager::ConstructGameplayTagTree: ImportINI prefixes -  0.001 s
[2019.01.05-17.10.11:279][  0]LogStats: UGameplayTagsManager::ConstructGameplayTagTree: Construct from data asset -  0.000 s
[2019.01.05-17.10.11:279][  0]LogStats: UGameplayTagsManager::ConstructGameplayTagTree: ImportINI -  0.000 s
[2019.01.05-17.10.11:279][  0]LogStats: UGameplayTagsManager::ConstructGameplayTagTree: GameplayTagTreeChangedEvent.Broadcast -  0.000 s
[2019.01.05-17.10.11:702][  0]LogInit: Initializing FReadOnlyCVARCache
[2019.01.05-17.10.12:150][  0]LogAIModule: Creating AISystem for world Untitled
[2019.01.05-17.10.12:288][  0]LogShaderCompilers: Display: Shaders left to compile 119
[2019.01.05-17.10.12:288][  0]LogShaderCompilers: Display: Shaders left to compile 109
[2019.01.05-17.10.12:288][  0]LogInit: XAudio2 using 'Speakers (Realtek High Definition Audio)' : 2 channels at 48 kHz using 32 bits per sample (channel mask 0x3)
[2019.01.05-17.10.12:868][  0]LogShaderCompilers: Display: Shaders left to compile 99
[2019.01.05-17.10.12:868][  0]LogShaderCompilers: Display: Shaders left to compile 89
[2019.01.05-17.10.12:868][  0]LogInit: FAudioDevice initialized.
[2019.01.05-17.10.12:869][  0]LogNetVersion: Set ProjectVersion to 1.0.0.0. Version Checksum will be recalculated on next use.
[2019.01.05-17.10.13:368][  0]LogDerivedDataCache: Saved boot cache 0.50s 82MB C:/Users/Carbo/AppData/Local/UnrealEngine/4.20/DerivedDataCache/Boot.ddc.
[2019.01.05-17.10.13:381][  0]LogInit: Texture streaming: Enabled
[2019.01.05-17.10.13:787][  0]LogEngineSessionManager: EngineSessionManager initialized
[2019.01.05-17.10.13:930][  0]LogShaderCompilers: Display: Shaders left to compile 79
[2019.01.05-17.10.13:930][  0]LogInit: Transaction tracking system initialized
[2019.01.05-17.10.14:308][  0]LogShaderCompilers: Display: Shaders left to compile 69
[2019.01.05-17.10.14:308][  0]BlueprintLog: New page: Editor Load
[2019.01.05-17.10.14:973][  0]LogShaderCompilers: Display: Shaders left to compile 59
[2019.01.05-17.10.15:581][  0]LogShaderCompilers: Display: Shaders left to compile 49
[2019.01.05-17.10.15:581][  0]LocalizationService: Localization service is disabled
[2019.01.05-17.10.16:190][  0]LogShaderCompilers: Display: Shaders left to compile 39
[2019.01.05-17.10.17:062][  0]LogShaderCompilers: Display: Shaders left to compile 29
[2019.01.05-17.10.17:062][  0]LogShaderCompilers: Display: Shaders left to compile 19
[2019.01.05-17.10.17:062][  0]LogCook: Display: Max memory allowance for cook 16384mb min free memory 0mb
[2019.01.05-17.10.17:070][  0]LogCook: Display: Mobile HDR setting 1
[2019.01.05-17.10.17:081][  0]LogFileCache: Scanning file cache for directory 'C:/Users/Carbo/Documents/GitHub/TGP-Duos/TGP_Duos/Content/' took 0.06s
[2019.01.05-17.10.17:081][  0]LogGameplayTags: Display: UGameplayTagsManager::DoneAddingNativeTags. DelegateIsBound: 0
[2019.01.05-17.10.17:081][  0]LogStats: UGameplayTagsManager::ConstructGameplayTagTree: ImportINI prefixes -  0.000 s
[2019.01.05-17.10.17:081][  0]LogStats: UGameplayTagsManager::ConstructGameplayTagTree: Construct from data asset -  0.000 s
[2019.01.05-17.10.17:081][  0]LogStats: UGameplayTagsManager::ConstructGameplayTagTree: ImportINI -  0.000 s
[2019.01.05-17.10.17:081][  0]LogStats: UGameplayTagsManager::ConstructGameplayTagTree: GameplayTagTreeChangedEvent.Broadcast -  0.000 s
[2019.01.05-17.10.17:298][  0]LogShaderCompilers: Display: Shaders left to compile 9
[2019.01.05-17.10.18:738][  0]Cmd: MAP LOAD FILE="../../../../../../Users/Carbo/Documents/GitHub/TGP-Duos/TGP_Duos/Content/FirstPersonCPP/Maps/FirstPersonExampleMap.umap" TEMPLATE=0 SHOWPROGRESS=1 FEATURELEVEL=3
[2019.01.05-17.10.18:739][  0]LightingResults: New page: Lighting Build
[2019.01.05-17.10.18:850][  0]MapCheck: New page: Map Check
[2019.01.05-17.10.18:850][  0]LightingResults: New page: Lighting Build
[2019.01.05-17.10.19:252][  0]LogLinker: Warning: Can't find file '/Game/FirstPersonCPP/Maps/FirstPersonExampleMap_BuiltData'
[2019.01.05-17.10.19:252][  0]LogLinker: Warning: Can't find file for asset '/Game/FirstPersonCPP/Maps/FirstPersonExampleMap_BuiltData' while loading ../../../../../../Users/Carbo/Documents/GitHub/TGP-Duos/TGP_Duos/Content/FirstPersonCPP/Maps/FirstPersonExampleMap.umap.
[2019.01.05-17.10.19:253][  0]LoadErrors: Error: /Game/FirstPersonCPP/Maps/FirstPersonExampleMap : Can't find file for asset. /Game/FirstPersonCPP/Maps/FirstPersonExampleMap_BuiltData
[2019.01.05-17.10.19:259][  0]LogLinker: Warning: Can't find file '/Game/FirstPersonCPP/Maps/FirstPersonExampleMap_BuiltData'
[2019.01.05-17.10.19:259][  0]LogLinker: Warning: Can't find file for asset '/Game/FirstPersonCPP/Maps/FirstPersonExampleMap_BuiltData' while loading ../../../../../../Users/Carbo/Documents/GitHub/TGP-Duos/TGP_Duos/Content/FirstPersonCPP/Maps/FirstPersonExampleMap.umap.
[2019.01.05-17.10.19:259][  0]LoadErrors: Error: /Game/FirstPersonCPP/Maps/FirstPersonExampleMap : Can't find file for asset. /Game/FirstPersonCPP/Maps/FirstPersonExampleMap_BuiltData
[2019.01.05-17.10.19:261][  0]LogLinker: Warning: Can't find file '/Game/FirstPersonCPP/Maps/FirstPersonExampleMap_BuiltData'
[2019.01.05-17.10.19:262][  0]LogLinker: Warning: Can't find file for asset '/Game/FirstPersonCPP/Maps/FirstPersonExampleMap_BuiltData' while loading NULL.
[2019.01.05-17.10.19:262][  0]LogLinker: Warning: Can't find file '/Game/FirstPersonCPP/Maps/FirstPersonExampleMap_BuiltData'
[2019.01.05-17.10.19:262][  0]LogLinker: Warning: Can't find file for asset '/Game/FirstPersonCPP/Maps/FirstPersonExampleMap_BuiltData' while loading NULL.
[2019.01.05-17.10.19:315][  0]LogLinker: Warning: Can't find file '/Game/FirstPersonCPP/Maps/FirstPersonExampleMap_BuiltData'
[2019.01.05-17.10.19:316][  0]LoadErrors: Failed to load /Game/FirstPersonCPP/Maps/FirstPersonExampleMap_BuiltData.FirstPersonExampleMap_BuiltData Referenced by PersistentLevel
[2019.01.05-17.10.19:316][  0]LogLinker: Warning: Can't find file for asset '/Game/FirstPersonCPP/Maps/FirstPersonExampleMap_BuiltData' while loading NULL.
[2019.01.05-17.10.19:316][  0]LoadErrors: Failed to load /Game/FirstPersonCPP/Maps/FirstPersonExampleMap_BuiltData.FirstPersonExampleMap_BuiltData Referenced by PersistentLevel
[2019.01.05-17.10.19:732][  0]LogAIModule: Creating AISystem for world FirstPersonExampleMap
[2019.01.05-17.10.20:339][  0]LogEditorServer: Finished looking for orphan Actors (0.000 secs)
[2019.01.05-17.10.20:419][  0]Cmd: MAP CHECKDEP NOCLEARLOG
[2019.01.05-17.10.20:520][  0]MapCheck: Map check complete: 0 Error(s), 0 Warning(s), took 101.176ms to complete.
[2019.01.05-17.10.20:520][  0]LogFileHelpers: Loading map 'FirstPersonExampleMap' took 1.787
[2019.01.05-17.10.21:799][  0]LogSlate: Updating window title bar state: overlay mode, drag disabled, window buttons hidden, title bar hidden
[2019.01.05-17.10.21:806][  0]LogSlate: Updating window title bar state: overlay mode, drag disabled, window buttons hidden, title bar hidden
[2019.01.05-17.10.21:814][  0]LogSlate: Updating window title bar state: overlay mode, drag disabled, window buttons hidden, title bar hidden
[2019.01.05-17.10.21:822][  0]LogSlate: Updating window title bar state: overlay mode, drag disabled, window buttons hidden, title bar hidden
[2019.01.05-17.10.21:968][  0]LogCollectionManager: Loaded 0 collections in 0.006512 seconds
[2019.01.05-17.10.22:128][  0]LogFileCache: Scanning file cache for directory 'C:/Users/Carbo/Documents/GitHub/TGP-Duos/TGP_Duos/Saved/Collections/' took 0.01s
[2019.01.05-17.10.22:128][  0]LogFileCache: Scanning file cache for directory 'C:/Users/Carbo/Documents/GitHub/TGP-Duos/TGP_Duos/Content/Developers/Carbo/Collections/' took 0.01s
[2019.01.05-17.10.22:128][  0]LogFileCache: Scanning file cache for directory 'C:/Users/Carbo/Documents/GitHub/TGP-Duos/TGP_Duos/Content/Collections/' took 0.01s
[2019.01.05-17.10.22:128][  0]LogCollectionManager: Rebuilt the GUID cache for 0 collections in 0.000001 seconds
[2019.01.05-17.10.22:160][  0]LogContentBrowser: Native class hierarchy populated in 0.0290 seconds. Added 2580 classes and 606 folders.
[2019.01.05-17.10.22:246][  0]LogContentBrowser: Native class hierarchy updated for 'WidgetCarousel' in 0.0008 seconds. Added 0 classes and 0 folders.
[2019.01.05-17.10.23:741][  0]LogContentBrowser: Native class hierarchy updated for 'AddContentDialog' in 0.0012 seconds. Added 0 classes and 0 folders.
[2019.01.05-17.10.23:789][  0]LogContentBrowser: Native class hierarchy updated for 'SceneOutliner' in 0.0013 seconds. Added 1 classes and 2 folders.
[2019.01.05-17.10.24:476][  0]LogContentBrowser: Native class hierarchy updated for 'HierarchicalLODOutliner' in 0.0008 seconds. Added 0 classes and 0 folders.
[2019.01.05-17.10.24:476][  0]LogLoad: (Engine Initialization) Total time: 103.43 seconds
[2019.01.05-17.10.24:476][  0]LogLoad: (Engine Initialization) Total Blueprint compile time: 0.00 seconds
[2019.01.05-17.10.24:730][  0]LogContentStreaming: Texture pool size now 1000 MB
[2019.01.05-17.10.24:749][  0]LogSlate: FSceneViewport::OnFocusLost() reason 2
[2019.01.05-17.10.24:817][  0]LogSlate: Took 0.016034 seconds to synchronously load lazily loaded font '../../../Engine/Content/Slate/Fonts/Roboto-Regular.ttf' (155K)
[2019.01.05-17.10.24:831][  0]LogSlate: Took 0.012528 seconds to synchronously load lazily loaded font '../../../Engine/Content/Slate/Fonts/Roboto-Bold.ttf' (160K)
[2019.01.05-17.10.24:850][  0]LogSlate: Took 0.013531 seconds to synchronously load lazily loaded font '../../../Engine/Content/Editor/Slate/Fonts/FontAwesome.ttf' (139K)
[2019.01.05-17.10.25:287][  0]LogRenderer: Reallocating scene render targets to support 804x380 Format 10 NumSamples 1 (Frame:1).
[2019.01.05-17.10.25:287][  0]LogSlate: Took 0.066710 seconds to synchronously load lazily loaded font '../../../Engine/Content/Slate/Fonts/Roboto-Light.ttf' (167K)
[2019.01.05-17.10.25:486][  1]LogFileCache: Retrieving MD5 hashes for directory 'C:/Users/Carbo/Documents/GitHub/TGP-Duos/TGP_Duos/Content/' took 0.95s
[2019.01.05-17.10.26:072][  3]LogAssetRegistry: Asset discovery search completed in 76.6385 seconds
[2019.01.05-17.10.26:088][  3]LogCollectionManager: Rebuilt the object cache for 0 collections in 0.000000 seconds (found 0 objects)
[2019.01.05-17.10.26:088][  3]LogCollectionManager: Fixed up redirectors for 0 collections in 0.000067 seconds (updated 0 objects)
[2019.01.05-17.10.43:942][ 56]LogSlate: Window 'Message Log' being destroyed
[2019.01.05-17.10.43:945][ 56]LogSlate: Window 'TGP_Duos - Unreal Editor' being destroyed
[2019.01.05-17.10.43:945][ 56]LogWindowsTextInputMethodSystem: Display: IME system now deactivated.
[2019.01.05-17.10.44:229][ 57]Cmd: QUIT_EDITOR
[2019.01.05-17.10.44:418][ 57]LogExit: Preparing to exit.
[2019.01.05-17.10.45:602][ 57]LogExit: Editor shut down
[2019.01.05-17.10.45:602][ 57]LogExit: Transaction tracking system shut down
[2019.01.05-17.10.46:640][ 57]LogExit: Object subsystem successfully closed.
[2019.01.05-17.10.46:692][ 57]LogShaderCompilers: Display: Shaders left to compile 0
[2019.01.05-17.10.46:705][ 57]LogD3D11RHI: Shutdown
[2019.01.05-17.10.46:705][ 57]LogD3D11RHI: CleanupD3DDevice
[2019.01.05-17.10.46:716][ 57]LogD3D11RHI: ~FD3D11DynamicRHI
[2019.01.05-17.10.46:981][ 57]LogModuleManager: Shutting down and abandoning module HierarchicalLODOutliner (614)
[2019.01.05-17.10.46:981][ 57]LogModuleManager: Shutting down and abandoning module SceneOutliner (612)
[2019.01.05-17.10.46:981][ 57]LogModuleManager: Shutting down and abandoning module AddContentDialog (610)
[2019.01.05-17.10.46:982][ 57]LogModuleManager: Shutting down and abandoning module WidgetCarousel (609)
[2019.01.05-17.10.46:982][ 57]LogModuleManager: Shutting down and abandoning module EditorWidgets (606)
[2019.01.05-17.10.46:982][ 57]LogModuleManager: Shutting down and abandoning module CollectionManager (604)
[2019.01.05-17.10.47:009][ 57]LogModuleManager: Shutting down and abandoning module StatsViewer (602)
[2019.01.05-17.10.47:009][ 57]LogModuleManager: Shutting down and abandoning module FoliageEdit (600)
[2019.01.05-17.10.47:009][ 57]LogModuleManager: Shutting down and abandoning module LandscapeEditor (598)
[2019.01.05-17.10.47:021][ 57]LogModuleManager: Shutting down and abandoning module MeshPaintMode (596)
[2019.01.05-17.10.47:021][ 57]LogModuleManager: Shutting down and abandoning module SceneDepthPickerMode (594)
[2019.01.05-17.10.47:021][ 57]LogModuleManager: Shutting down and abandoning module ActorPickerMode (592)
[2019.01.05-17.10.47:021][ 57]LogModuleManager: Shutting down and abandoning module GeometryMode (590)
[2019.01.05-17.10.47:021][ 57]LogModuleManager: Shutting down and abandoning module TextureAlignMode (588)
[2019.01.05-17.10.47:021][ 57]LogModuleManager: Shutting down and abandoning module BspMode (586)
[2019.01.05-17.10.47:021][ 57]LogModuleManager: Shutting down and abandoning module PIEPreviewDeviceProfileSelector (584)
[2019.01.05-17.10.47:021][ 57]LogModuleManager: Shutting down and abandoning module SequenceRecorderSections (582)
[2019.01.05-17.10.47:021][ 57]LogModuleManager: Shutting down and abandoning module AutomationWorker (580)
[2019.01.05-17.10.47:021][ 57]LogModuleManager: Shutting down and abandoning module AudioCaptureEditor (578)
[2019.01.05-17.10.47:021][ 57]LogModuleManager: Shutting down and abandoning module SequenceRecorder (577)
[2019.01.05-17.10.47:021][ 57]LogModuleManager: Shutting down and abandoning module MatineeToLevelSequence (574)
[2019.01.05-17.10.47:021][ 57]LogModuleManager: Shutting down and abandoning module LevelSequenceEditor (572)
[2019.01.05-17.10.47:030][ 57]LogModuleManager: Shutting down and abandoning module PlacementMode (571)
[2019.01.05-17.10.47:030][ 57]LogModuleManager: Shutting down and abandoning module MaterialEditor (570)
[2019.01.05-17.10.47:046][ 57]LogModuleManager: Shutting down and abandoning module WmfMediaFactory (566)
[2019.01.05-17.10.47:046][ 57]LogModuleManager: Shutting down and abandoning module WmfMediaEditor (564)
[2019.01.05-17.10.47:046][ 57]LogModuleManager: Shutting down and abandoning module MediaPlayerEditor (562)
[2019.01.05-17.10.47:046][ 57]LogModuleManager: Shutting down and abandoning module OpenExrWrapper (560)
[2019.01.05-17.10.47:046][ 57]LogModuleManager: Shutting down and abandoning module ImgMediaFactory (558)
[2019.01.05-17.10.47:046][ 57]LogModuleManager: Shutting down and abandoning module ImgMediaEditor (556)
[2019.01.05-17.10.47:046][ 57]LogModuleManager: Shutting down and abandoning module AvfMediaFactory (554)
[2019.01.05-17.10.47:046][ 57]LogModuleManager: Shutting down and abandoning module AvfMediaEditor (552)
[2019.01.05-17.10.47:046][ 57]LogModuleManager: Shutting down and abandoning module AndroidMediaFactory (550)
[2019.01.05-17.10.47:046][ 57]LogModuleManager: Shutting down and abandoning module AndroidMediaEditor (548)
[2019.01.05-17.10.47:046][ 57]LogModuleManager: Shutting down and abandoning module MagicLeapCameraPreviewFactory (546)
[2019.01.05-17.10.47:046][ 57]LogModuleManager: Shutting down and abandoning module MagicLeapMediaFactory (544)
[2019.01.05-17.10.47:046][ 57]LogModuleManager: Shutting down and abandoning module MagicLeapMediaEditor (542)
[2019.01.05-17.10.47:046][ 57]LogModuleManager: Shutting down and abandoning module CharacterAI (540)
[2019.01.05-17.10.47:046][ 57]LogModuleManager: Shutting down and abandoning module SmartSnapping (538)
[2019.01.05-17.10.47:046][ 57]LogModuleManager: Shutting down and abandoning module SessionServices (536)
[2019.01.05-17.10.47:046][ 57]LogModuleManager: Shutting down and abandoning module ViewportSnapping (534)
[2019.01.05-17.10.47:046][ 57]LogModuleManager: Shutting down and abandoning module ViewportInteraction (532)
[2019.01.05-17.10.47:048][ 57]LogModuleManager: Shutting down and abandoning module ClothPainter (530)
[2019.01.05-17.10.47:062][ 57]LogModuleManager: Shutting down and abandoning module SkeletalMeshEditor (529)
[2019.01.05-17.10.47:070][ 57]LogModuleManager: Shutting down and abandoning module LogVisualizer (526)
[2019.01.05-17.10.47:078][ 57]LogModuleManager: Shutting down and abandoning module IntroTutorials (524)
[2019.01.05-17.10.47:078][ 57]LogModuleManager: Shutting down and abandoning module GameProjectGeneration (523)
[2019.01.05-17.10.47:078][ 57]LogModuleManager: Shutting down and abandoning module LuminPlatformEditor (520)
[2019.01.05-17.10.47:078][ 57]LogModuleManager: Shutting down and abandoning module IOSPlatformEditor (518)
[2019.01.05-17.10.47:078][ 57]LogModuleManager: Shutting down and abandoning module HTML5PlatformEditor (516)
[2019.01.05-17.10.47:078][ 57]LogModuleManager: Shutting down and abandoning module AndroidPlatformEditor (514)
[2019.01.05-17.10.47:078][ 57]LogModuleManager: Shutting down and abandoning module AndroidDeviceDetection (513)
[2019.01.05-17.10.47:867][ 57]LogModuleManager: Shutting down and abandoning module WindowsPlatformEditor (510)
[2019.01.05-17.10.47:867][ 57]LogModuleManager: Shutting down and abandoning module LuminRuntimeSettings (508)
[2019.01.05-17.10.47:867][ 57]LogModuleManager: Shutting down and abandoning module IOSRuntimeSettings (506)
[2019.01.05-17.10.47:867][ 57]LogModuleManager: Shutting down and abandoning module AndroidRuntimeSettings (504)
[2019.01.05-17.10.47:867][ 57]LogModuleManager: Shutting down and abandoning module InputBindingEditor (502)
[2019.01.05-17.10.47:885][ 57]LogModuleManager: Shutting down and abandoning module MergeActors (500)
[2019.01.05-17.10.47:885][ 57]LogModuleManager: Shutting down and abandoning module LocalizationDashboard (498)
[2019.01.05-17.10.47:888][ 57]LogModuleManager: Shutting down and abandoning module LocalizationService (497)
[2019.01.05-17.10.47:888][ 57]LogModuleManager: Shutting down and abandoning module HardwareTargeting (494)
[2019.01.05-17.10.47:888][ 57]LogModuleManager: Shutting down and abandoning module DeviceProfileEditor (492)
[2019.01.05-17.10.47:888][ 57]LogModuleManager: Shutting down and abandoning module UndoHistory (490)
[2019.01.05-17.10.47:888][ 57]LogModuleManager: Shutting down and abandoning module XmlParser (488)
[2019.01.05-17.10.47:888][ 57]LogModuleManager: Shutting down and abandoning module Blutility (486)
[2019.01.05-17.10.47:888][ 57]LogModuleManager: Shutting down and abandoning module ProjectSettingsViewer (484)
[2019.01.05-17.10.47:888][ 57]LogModuleManager: Shutting down and abandoning module ProjectTargetPlatformEditor (483)
[2019.01.05-17.10.47:888][ 57]LogModuleManager: Shutting down and abandoning module EditorSettingsViewer (480)
[2019.01.05-17.10.47:889][ 57]LogModuleManager: Shutting down and abandoning module SettingsEditor (478)
[2019.01.05-17.10.47:889][ 57]LogModuleManager: Shutting down and abandoning module ProjectLauncher (476)
[2019.01.05-17.10.47:899][ 57]LogModuleManager: Shutting down and abandoning module SessionFrontend (474)
[2019.01.05-17.10.47:899][ 57]LogModuleManager: Shutting down and abandoning module ProfilerClient (472)
[2019.01.05-17.10.47:905][ 57]LogModuleManager: Shutting down and abandoning module DeviceManager (470)
[2019.01.05-17.10.47:905][ 57]LogModuleManager: Shutting down and abandoning module TargetDeviceServices (469)
[2019.01.05-17.10.47:960][ 57]LogModuleManager: Shutting down and abandoning module AutomationController (466)
[2019.01.05-17.10.47:960][ 57]LogModuleManager: Shutting down and abandoning module AutomationWindow (464)
[2019.01.05-17.10.47:971][ 57]LogModuleManager: Shutting down and abandoning module Layers (462)
[2019.01.05-17.10.47:982][ 57]LogModuleManager: Shutting down and abandoning module ComponentVisualizers (460)
[2019.01.05-17.10.47:982][ 57]LogModuleManager: Shutting down and abandoning module DetailCustomizations (458)
[2019.01.05-17.10.47:982][ 57]LogModuleManager: Shutting down and abandoning module PackagesDialog (456)
[2019.01.05-17.10.47:992][ 57]LogModuleManager: Shutting down and abandoning module Persona (454)
[2019.01.05-17.10.48:008][ 57]LogModuleManager: Shutting down and abandoning module AdvancedPreviewScene (453)
[2019.01.05-17.10.48:008][ 57]LogModuleManager: Shutting down and abandoning module AnimGraph (451)
[2019.01.05-17.10.48:008][ 57]LogModuleManager: Shutting down and abandoning module Kismet (448)
[2019.01.05-17.10.48:017][ 57]LogModuleManager: Shutting down and abandoning module GraphEditor (446)
[2019.01.05-17.10.48:042][ 57]LogModuleManager: Shutting down and abandoning module ClassViewer (444)
[2019.01.05-17.10.48:042][ 57]LogModuleManager: Shutting down and abandoning module Toolbox (442)
[2019.01.05-17.10.48:042][ 57]LogModuleManager: Shutting down and abandoning module DesktopPlatform (441)
[2019.01.05-17.10.48:048][ 57]LogModuleManager: Shutting down and abandoning module ModuleUI (438)
[2019.01.05-17.10.48:058][ 57]LogModuleManager: Shutting down and abandoning module MovieSceneTools (436)
[2019.01.05-17.10.48:058][ 57]LogModuleManager: Shutting down and abandoning module OutputLog (434)
[2019.01.05-17.10.48:058][ 57]LogModuleManager: Shutting down and abandoning module GammaUI (432)
[2019.01.05-17.10.48:068][ 57]LogModuleManager: Shutting down and abandoning module Documentation (430)
[2019.01.05-17.10.48:068][ 57]LogModuleManager: Shutting down and abandoning module MovieSceneTracks (428)
[2019.01.05-17.10.48:073][ 57]LogModuleManager: Shutting down and abandoning module MovieScene (426)
[2019.01.05-17.10.48:073][ 57]LogModuleManager: Shutting down and abandoning module StreamingPauseRendering (424)
[2019.01.05-17.10.48:073][ 57]LogModuleManager: Shutting down and abandoning module LauncherPlatform (422)
[2019.01.05-17.10.48:073][ 57]LogModuleManager: Shutting down and abandoning module AnalyticsET (420)
[2019.01.05-17.10.48:073][ 57]LogModuleManager: Shutting down and abandoning module PortalServices (418)
[2019.01.05-17.10.48:073][ 57]LogModuleManager: Shutting down and abandoning module PortalRpc (416)
[2019.01.05-17.10.48:074][ 57]LogModuleManager: Shutting down and abandoning module MessagingRpc (414)
[2019.01.05-17.10.48:074][ 57]LogModuleManager: Shutting down and abandoning module AIModule (412)
[2019.01.05-17.10.48:074][ 57]LogModuleManager: Shutting down and abandoning module GameplayDebugger (411)
[2019.01.05-17.10.48:074][ 57]LogModuleManager: Shutting down and abandoning module AITestSuite (409)
[2019.01.05-17.10.48:074][ 57]LogModuleManager: Shutting down and abandoning module NavigationSystem (407)
[2019.01.05-17.10.48:074][ 57]LogModuleManager: Shutting down and abandoning module ProfilerService (404)
[2019.01.05-17.10.48:303][ 57]LogModuleManager: Shutting down and abandoning module TaskGraph (402)
[2019.01.05-17.10.48:303][ 57]LogModuleManager: Shutting down and abandoning module SteamVRController (400)
[2019.01.05-17.10.48:303][ 57]LogModuleManager: Shutting down and abandoning module ProceduralMeshComponentEditor (398)
[2019.01.05-17.10.48:303][ 57]LogModuleManager: Shutting down and abandoning module ProceduralMeshComponent (396)
[2019.01.05-17.10.48:303][ 57]LogModuleManager: Shutting down and abandoning module OculusInput (394)
[2019.01.05-17.10.48:303][ 57]LogModuleManager: Shutting down and abandoning module MobilePatchingUtils (392)
[2019.01.05-17.10.48:303][ 57]LogModuleManager: Shutting down and abandoning module EditableMesh (390)
[2019.01.05-17.10.48:315][ 57]LogModuleManager: Shutting down and abandoning module CustomMeshComponent (388)
[2019.01.05-17.10.48:315][ 57]LogModuleManager: Shutting down and abandoning module CableComponent (386)
[2019.01.05-17.10.48:315][ 57]LogModuleManager: Shutting down and abandoning module AudioCapture (384)
[2019.01.05-17.10.48:315][ 57]LogModuleManager: Shutting down and abandoning module ArchVisCharacter (382)
[2019.01.05-17.10.48:315][ 57]LogModuleManager: Shutting down and abandoning module AndroidPermission (380)
[2019.01.05-17.10.48:315][ 57]LogModuleManager: Shutting down and abandoning module NUTUnrealEngine4 (378)
[2019.01.05-17.10.48:315][ 57]LogModuleManager: Shutting down and abandoning module NetcodeUnitTest (376)
[2019.01.05-17.10.48:319][ 57]LogModuleManager: Shutting down and abandoning module MediaCompositingEditor (374)
[2019.01.05-17.10.48:319][ 57]LogModuleManager: Shutting down and abandoning module MediaCompositing (372)
[2019.01.05-17.10.48:319][ 57]LogModuleManager: Shutting down and abandoning module LinearTimecode (370)
[2019.01.05-17.10.48:319][ 57]LogModuleManager: Shutting down and abandoning module ImgMedia (368)
[2019.01.05-17.10.48:333][ 57]LogModuleManager: Shutting down and abandoning module HTML5Networking (366)
[2019.01.05-17.10.48:333][ 57]LogModuleManager: Shutting down and abandoning module GeometryCacheTracks (364)
[2019.01.05-17.10.48:333][ 57]LogModuleManager: Shutting down and abandoning module GeometryCacheSequencer (362)
[2019.01.05-17.10.48:333][ 57]LogModuleManager: Shutting down and abandoning module BackChannel (360)
[2019.01.05-17.10.48:333][ 57]LogModuleManager: Shutting down and abandoning module AppleVision (358)
[2019.01.05-17.10.48:333][ 57]LogModuleManager: Shutting down and abandoning module AppleImageUtils (356)
[2019.01.05-17.10.48:333][ 57]LogModuleManager: Shutting down and abandoning module AlembicImporter (354)
[2019.01.05-17.10.48:333][ 57]LogModuleManager: Shutting down and abandoning module AlembicLibrary (353)
[2019.01.05-17.10.48:333][ 57]LogModuleManager: Shutting down and abandoning module GeometryCache (352)
[2019.01.05-17.10.48:333][ 57]LogModuleManager: Shutting down and abandoning module GeometryCacheEd (351)
[2019.01.05-17.10.48:333][ 57]LogModuleManager: Shutting down and abandoning module DatasmithContentEditor (346)
[2019.01.05-17.10.48:333][ 57]LogModuleManager: Shutting down and abandoning module DatasmithContent (344)
[2019.01.05-17.10.48:334][ 57]LogModuleManager: Shutting down and abandoning module SpeedTreeImporter (342)
[2019.01.05-17.10.48:334][ 57]LogModuleManager: Shutting down and abandoning module PluginBrowser (340)
[2019.01.05-17.10.48:340][ 57]LogModuleManager: Shutting down and abandoning module MobileLauncherProfileWizard (338)
[2019.01.05-17.10.48:350][ 57]LogModuleManager: Shutting down and abandoning module PolygonModeling (336)
[2019.01.05-17.10.48:350][ 57]LogModuleManager: Shutting down and abandoning module MeshEditor (334)
[2019.01.05-17.10.48:350][ 57]LogModuleManager: Shutting down and abandoning module CryptoKeysOpenSSL (332)
[2019.01.05-17.10.48:350][ 57]LogModuleManager: Shutting down and abandoning module CryptoKeys (330)
[2019.01.05-17.10.48:350][ 57]LogModuleManager: Shutting down and abandoning module VisualStudioSourceCodeAccess (328)
[2019.01.05-17.10.48:350][ 57]LogModuleManager: Shutting down and abandoning module VisualStudioCodeSourceCodeAccess (326)
[2019.01.05-17.10.48:350][ 57]LogModuleManager: Shutting down and abandoning module UObjectPlugin (324)
[2019.01.05-17.10.48:350][ 57]LogModuleManager: Shutting down and abandoning module SubversionSourceControl (322)
[2019.01.05-17.10.48:350][ 57]LogModuleManager: Shutting down and abandoning module PerforceSourceControl (320)
[2019.01.05-17.10.48:359][ 57]LogModuleManager: Shutting down and abandoning module GitSourceControl (318)
[2019.01.05-17.10.48:359][ 57]LogModuleManager: Shutting down and abandoning module SourceControl (317)
[2019.01.05-17.10.48:359][ 57]LogModuleManager: Shutting down and abandoning module CLionSourceCodeAccess (314)
[2019.01.05-17.10.48:359][ 57]LogModuleManager: Shutting down and abandoning module LightPropagationVolumeEditor (312)
[2019.01.05-17.10.48:359][ 57]LogModuleManager: Shutting down and abandoning module PaperTiledImporter (310)
[2019.01.05-17.10.48:359][ 57]LogModuleManager: Shutting down and abandoning module PaperSpriteSheetImporter (308)
[2019.01.05-17.10.48:359][ 57]LogModuleManager: Shutting down and abandoning module Paper2DEditor (306)
[2019.01.05-17.10.48:372][ 57]LogModuleManager: Shutting down and abandoning module MeshPaint (305)
[2019.01.05-17.10.48:372][ 57]LogModuleManager: Shutting down and abandoning module TGP_Duos (302)
[2019.01.05-17.10.48:372][ 57]LogModuleManager: Shutting down and abandoning module MeshBuilder (301)
[2019.01.05-17.10.48:372][ 57]LogModuleManager: Shutting down and abandoning module RuntimePhysXCooking (298)
[2019.01.05-17.10.48:372][ 57]LogModuleManager: Shutting down and abandoning module PhysXVehiclesEditor (296)
[2019.01.05-17.10.48:372][ 57]LogModuleManager: Shutting down and abandoning module PhysXVehicles (294)
[2019.01.05-17.10.48:372][ 57]LogModuleManager: Shutting down and abandoning module OculusEditor (292)
[2019.01.05-17.10.48:372][ 57]LogModuleManager: Shutting down and abandoning module LocationServicesBPLibrary (290)
[2019.01.05-17.10.48:372][ 57]LogModuleManager: Shutting down and abandoning module ImmediatePhysicsEditor (288)
[2019.01.05-17.10.48:372][ 57]LogModuleManager: Shutting down and abandoning module ImmediatePhysics (286)
[2019.01.05-17.10.48:372][ 57]LogModuleManager: Shutting down and abandoning module ActorSequence (284)
[2019.01.05-17.10.48:372][ 57]LogModuleManager: Shutting down and abandoning module UdpMessaging (282)
[2019.01.05-17.10.48:474][ 57]LogModuleManager: Shutting down and abandoning module TcpMessaging (280)
[2019.01.05-17.10.48:574][ 57]LogModuleManager: Shutting down and abandoning module MagicLeapAudio (278)
[2019.01.05-17.10.48:574][ 57]LogModuleManager: Shutting down and abandoning module GameplayTagsEditor (276)
[2019.01.05-17.10.48:616][ 57]LogModuleManager: Shutting down and abandoning module FacialAnimationEditor (274)
[2019.01.05-17.10.48:616][ 57]LogModuleManager: Shutting down and abandoning module FacialAnimation (272)
[2019.01.05-17.10.48:616][ 57]LogModuleManager: Shutting down and abandoning module DataValidation (270)
[2019.01.05-17.10.48:616][ 57]LogModuleManager: Shutting down and abandoning module AssetManagerEditor (268)
[2019.01.05-17.10.48:670][ 57]LogModuleManager: Shutting down and abandoning module LevelEditor (267)
[2019.01.05-17.10.48:670][ 57]LogModuleManager: Shutting down and abandoning module PixelInspectorModule (266)
[2019.01.05-17.10.48:670][ 57]LogModuleManager: Shutting down and abandoning module CommonMenuExtensions (264)
[2019.01.05-17.10.48:671][ 57]LogModuleManager: Shutting down and abandoning module MainFrame (262)
[2019.01.05-17.10.48:671][ 57]LogModuleManager: Shutting down and abandoning module HotReload (261)
[2019.01.05-17.10.48:671][ 57]LogModuleManager: Shutting down and abandoning module ContentBrowser (257)
[2019.01.05-17.10.48:672][ 57]LogModuleManager: Shutting down and abandoning module TreeMap (255)
[2019.01.05-17.10.48:672][ 57]LogModuleManager: Shutting down and abandoning module LightPropagationVolumeRuntime (252)
[2019.01.05-17.10.48:672][ 57]LogModuleManager: Shutting down and abandoning module AISupportModule (250)
[2019.01.05-17.10.48:672][ 57]LogModuleManager: Shutting down and abandoning module Paper2D (248)
[2019.01.05-17.10.48:672][ 57]LogModuleManager: Shutting down and abandoning module WindowsMoviePlayer (246)
[2019.01.05-17.10.48:672][ 57]LogModuleManager: Shutting down and abandoning module WmfMedia (244)
[2019.01.05-17.10.48:680][ 57]LogModuleManager: Shutting down and abandoning module Media (243)
[2019.01.05-17.10.48:686][ 57]LogModuleManager: Shutting down and abandoning module PacketHandler (240)
[2019.01.05-17.10.48:686][ 57]LogModuleManager: Shutting down and abandoning module ClothingSystemEditor (238)
[2019.01.05-17.10.48:686][ 57]LogModuleManager: Shutting down and abandoning module ClothingSystemRuntime (236)
[2019.01.05-17.10.48:706][ 57]LogModuleManager: Shutting down and abandoning module MediaAssets (234)
[2019.01.05-17.10.48:706][ 57]LogModuleManager: Shutting down and abandoning module Overlay (232)
[2019.01.05-17.10.48:706][ 57]LogModuleManager: Shutting down and abandoning module OverlayEditor (231)
[2019.01.05-17.10.48:706][ 57]LogModuleManager: Shutting down and abandoning module VREditor (228)
[2019.01.05-17.10.48:714][ 57]LogModuleManager: Shutting down and abandoning module StringTableEditor (226)
[2019.01.05-17.10.48:718][ 57]LogModuleManager: Shutting down and abandoning module GameplayTasksEditor (224)
[2019.01.05-17.10.48:718][ 57]LogModuleManager: Shutting down and abandoning module BehaviorTreeEditor (222)
[2019.01.05-17.10.48:728][ 57]LogModuleManager: Shutting down and abandoning module FunctionalTesting (220)
[2019.01.05-17.10.48:728][ 57]LogModuleManager: Shutting down and abandoning module CollisionAnalyzer (218)
[2019.01.05-17.10.48:728][ 57]LogModuleManager: Shutting down and abandoning module WorkspaceMenuStructure (217)
[2019.01.05-17.10.48:728][ 57]LogModuleManager: Shutting down and abandoning module UMG (214)
[2019.01.05-17.10.48:733][ 57]LogModuleManager: Shutting down and abandoning module UMGEditor (213)
[2019.01.05-17.10.48:752][ 57]LogModuleManager: Shutting down and abandoning module Sequencer (212)
[2019.01.05-17.10.48:765][ 57]LogModuleManager: Shutting down and abandoning module MessageLog (209)
[2019.01.05-17.10.48:765][ 57]LogModuleManager: Shutting down and abandoning module SlateReflector (204)
[2019.01.05-17.10.48:774][ 57]LogModuleManager: Shutting down and abandoning module Slate (202)
[2019.01.05-17.10.48:774][ 57]LogModuleManager: Shutting down and abandoning module EditorStyle (200)
[2019.01.05-17.10.48:775][ 57]LogModuleManager: Shutting down and abandoning module MRMesh (198)
[2019.01.05-17.10.48:775][ 57]LogModuleManager: Shutting down and abandoning module SourceCodeAccess (196)
[2019.01.05-17.10.48:775][ 57]LogModuleManager: Shutting down and abandoning module HeadMountedDisplay (194)
[2019.01.05-17.10.48:775][ 57]LogModuleManager: Shutting down and abandoning module XAudio2 (192)
[2019.01.05-17.10.48:776][ 57]LogModuleManager: Shutting down and abandoning module Networking (190)
[2019.01.05-17.10.48:776][ 57]LogModuleManager: Shutting down and abandoning module Core (188)
[2019.01.05-17.10.48:776][ 57]LogModuleManager: Shutting down and abandoning module LevelSequence (186)
[2019.01.05-17.10.48:776][ 57]LogModuleManager: Shutting down and abandoning module KismetCompiler (184)
[2019.01.05-17.10.48:776][ 57]LogModuleManager: Shutting down and abandoning module MeshUtilities (182)
[2019.01.05-17.10.48:785][ 57]LogModuleManager: Shutting down and abandoning module MeshMergeUtilities (181)
[2019.01.05-17.10.48:785][ 57]LogModuleManager: Shutting down and abandoning module MeshReductionInterface (180)
[2019.01.05-17.10.48:785][ 57]LogModuleManager: Shutting down and abandoning module SimplygonSwarm (179)
[2019.01.05-17.10.48:796][ 57]LogModuleManager: Shutting down and abandoning module ProxyLODMeshReduction (177)
[2019.01.05-17.10.48:804][ 57]LogModuleManager: Shutting down and abandoning module SimplygonMeshReduction (175)
[2019.01.05-17.10.48:805][ 57]LogModuleManager: Shutting down and abandoning module QuadricMeshReduction (173)
[2019.01.05-17.10.48:811][ 57]LogModuleManager: Shutting down and abandoning module MaterialBaking (169)
[2019.01.05-17.10.48:818][ 57]LogModuleManager: Shutting down and abandoning module DirectoryWatcher (165)
[2019.01.05-17.10.48:818][ 57]LogModuleManager: Shutting down and abandoning module DerivedDataCache (162)
[2019.01.05-17.10.49:234][ 57]LogDerivedDataCache: Shutdown
[2019.01.05-17.10.49:234][ 57]LogModuleManager: Shutting down and abandoning module XGEController (160)
[2019.01.05-17.10.49:234][ 57]LogXGEController: Cleaning working directory: C:/Users/Carbo/AppData/Local/Temp/UnrealXGEWorkingDir/
[2019.01.05-17.10.49:234][ 57]LogModuleManager: Shutting down and abandoning module TargetPlatform (158)
[2019.01.05-17.10.49:234][ 57]LogModuleManager: Shutting down and abandoning module VulkanShaderFormat (157)
[2019.01.05-17.10.49:234][ 57]LogModuleManager: Shutting down and abandoning module ShaderFormatVectorVM (155)
[2019.01.05-17.10.49:234][ 57]LogModuleManager: Shutting down and abandoning module ShaderFormatOpenGL (153)
[2019.01.05-17.10.49:246][ 57]LogModuleManager: Shutting down and abandoning module ShaderFormatD3D (151)
[2019.01.05-17.10.49:246][ 57]LogModuleManager: Shutting down and abandoning module MetalShaderFormat (149)
[2019.01.05-17.10.49:246][ 57]LogModuleManager: Shutting down and abandoning module TextureFormatUncompressed (147)
[2019.01.05-17.10.49:246][ 57]LogModuleManager: Shutting down and abandoning module TextureFormatPVR (145)
[2019.01.05-17.10.49:246][ 57]LogModuleManager: Shutting down and abandoning module TextureFormatDXT (143)
[2019.01.05-17.10.49:246][ 57]LogModuleManager: Shutting down and abandoning module TextureFormatIntelISPCTexComp (141)
[2019.01.05-17.10.49:247][ 57]LogModuleManager: Shutting down and abandoning module TextureFormatASTC (139)
[2019.01.05-17.10.49:247][ 57]LogModuleManager: Shutting down and abandoning module ImageWrapper (138)
[2019.01.05-17.10.49:247][ 57]LogModuleManager: Shutting down and abandoning module TextureFormatAndroid (135)
[2019.01.05-17.10.49:247][ 57]LogModuleManager: Shutting down and abandoning module AudioFormatOpus (133)
[2019.01.05-17.10.49:247][ 57]LogModuleManager: Shutting down and abandoning module AudioFormatOgg (131)
[2019.01.05-17.10.49:247][ 57]LogModuleManager: Shutting down and abandoning module AudioFormatADPCM (129)
[2019.01.05-17.10.49:247][ 57]LogModuleManager: Shutting down and abandoning module LuminTargetPlatform (127)
[2019.01.05-17.10.49:247][ 57]LogModuleManager: Shutting down and abandoning module LinuxTargetPlatform (125)
[2019.01.05-17.10.49:247][ 57]LogModuleManager: Shutting down and abandoning module LinuxServerTargetPlatform (123)
[2019.01.05-17.10.49:247][ 57]LogModuleManager: Shutting down and abandoning module LinuxNoEditorTargetPlatform (121)
[2019.01.05-17.10.49:247][ 57]LogModuleManager: Shutting down and abandoning module LinuxClientTargetPlatform (119)
[2019.01.05-17.10.49:247][ 57]LogModuleManager: Shutting down and abandoning module TVOSTargetPlatform (117)
[2019.01.05-17.10.49:247][ 57]LogModuleManager: Shutting down and abandoning module Messaging (115)
[2019.01.05-17.10.49:247][ 57]LogModuleManager: Shutting down and abandoning module IOSTargetPlatform (113)
[2019.01.05-17.10.49:248][ 57]LogModuleManager: Shutting down and abandoning module HTML5TargetPlatform (111)
[2019.01.05-17.10.49:248][ 57]LogModuleManager: Shutting down and abandoning module AndroidTargetPlatform (109)
[2019.01.05-17.10.49:257][ 57]LogModuleManager: Shutting down and abandoning module WindowsTargetPlatform (107)
[2019.01.05-17.10.49:257][ 57]LogModuleManager: Shutting down and abandoning module WindowsServerTargetPlatform (105)
[2019.01.05-17.10.49:257][ 57]LogModuleManager: Shutting down and abandoning module WindowsNoEditorTargetPlatform (103)
[2019.01.05-17.10.49:257][ 57]LogModuleManager: Shutting down and abandoning module WindowsClientTargetPlatform (101)
[2019.01.05-17.10.49:257][ 57]LogModuleManager: Shutting down and abandoning module MacTargetPlatform (99)
[2019.01.05-17.10.49:257][ 57]LogModuleManager: Shutting down and abandoning module MacServerTargetPlatform (97)
[2019.01.05-17.10.49:257][ 57]LogModuleManager: Shutting down and abandoning module MacNoEditorTargetPlatform (95)
[2019.01.05-17.10.49:257][ 57]LogModuleManager: Shutting down and abandoning module MacClientTargetPlatform (93)
[2019.01.05-17.10.49:257][ 57]LogModuleManager: Shutting down and abandoning module AllDesktopTargetPlatform (91)
[2019.01.05-17.10.49:257][ 57]LogModuleManager: Shutting down and abandoning module InputCore (88)
[2019.01.05-17.10.49:257][ 57]LogModuleManager: Shutting down and abandoning module Settings (86)
[2019.01.05-17.10.49:257][ 57]LogModuleManager: Shutting down and abandoning module PhysXCooking (84)
[2019.01.05-17.10.49:257][ 57]LogModuleManager: Shutting down and abandoning module SteamVR (82)
[2019.01.05-17.10.49:257][ 57]LogModuleManager: Shutting down and abandoning module OculusHMD (80)
[2019.01.05-17.10.49:257][ 57]LogModuleManager: Shutting down and abandoning module ExampleDeviceProfileSelector (78)
[2019.01.05-17.10.49:257][ 57]LogModuleManager: Shutting down and abandoning module LauncherChunkInstaller (76)
[2019.01.05-17.10.49:257][ 57]LogModuleManager: Shutting down and abandoning module OnlineBlueprintSupport (74)
[2019.01.05-17.10.49:257][ 57]LogModuleManager: Shutting down and abandoning module OnlineSubsystem (70)
[2019.01.05-17.10.49:269][ 57]LogModuleManager: Shutting down and abandoning module XMPP (65)
[2019.01.05-17.10.49:296][ 57]LogModuleManager: Shutting down and abandoning module WebSockets (64)
[2019.01.05-17.10.49:332][ 57]LogModuleManager: Shutting down and abandoning module HTTP (61)
[2019.01.05-17.10.49:332][ 57]LogHttp: Display: Http module shutting down, but needs to wait on 1 outstanding Http requests:
[2019.01.05-17.10.49:332][ 57]LogHttp: Display: 	verb=[POST] url=[https://datarouter.ol.epicgames.com/datarouter/api/v1/public/data?SessionID=%7BB9D538FA-40F6-EBD0-E868-6F960A6AD125%7D&AppID=UEEditor.Rocket.Release&AppVersion=4.20.3-4369336%2B%2B%2BUE4%2BRelease-4.20&UserID=e97039584dde379016d706b338238fa6%7C007b5f7a635541ff9c50c99bb12c780f%7Cbd30ca3a-210e-46ea-96e1-84b3ee5ca74f&AppEnvironment=datacollector-binary&UploadType=eteventstream] status=Processing
[2019.01.05-17.10.49:364][ 57]LogModuleManager: Shutting down and abandoning module SSL (60)
[2019.01.05-17.10.49:365][ 57]LogModuleManager: Shutting down and abandoning module MagicLeapEmulator (56)
[2019.01.05-17.10.49:365][ 57]LogModuleManager: Shutting down and abandoning module MagicLeapPrivileges (54)
[2019.01.05-17.10.49:365][ 57]LogModuleManager: Shutting down and abandoning module MagicLeapIdentity (52)
[2019.01.05-17.10.49:365][ 57]LogModuleManager: Shutting down and abandoning module MagicLeapHelperVulkan (50)
[2019.01.05-17.10.49:365][ 57]LogModuleManager: Shutting down and abandoning module MagicLeapHelperOpenGL (48)
[2019.01.05-17.10.49:365][ 57]LogModuleManager: Shutting down and abandoning module MagicLeapSecureStorage (46)
[2019.01.05-17.10.49:365][ 57]LogModuleManager: Shutting down and abandoning module MagicLeapGestures (44)
[2019.01.05-17.10.49:365][ 57]LogModuleManager: Shutting down and abandoning module MagicLeapEyeTracker (42)
[2019.01.05-17.10.49:365][ 57]LogModuleManager: Shutting down and abandoning module MagicLeapController (40)
[2019.01.05-17.10.49:365][ 57]LogSlate: Slate User Destroyed.  User Index 0, Is Virtual User: 0
[2019.01.05-17.10.49:365][ 57]LogModuleManager: Shutting down and abandoning module MagicLeap (38)
[2019.01.05-17.10.49:365][ 57]LogModuleManager: Shutting down and abandoning module AnimationModifiers (36)
[2019.01.05-17.10.49:376][ 57]LogModuleManager: Shutting down and abandoning module PropertyEditor (35)
[2019.01.05-17.10.49:384][ 57]LogModuleManager: Shutting down and abandoning module AudioEditor (32)
[2019.01.05-17.10.49:391][ 57]LogModuleManager: Shutting down and abandoning module TextureCompressor (30)
[2019.01.05-17.10.49:391][ 57]LogModuleManager: Shutting down and abandoning module ShaderCore (28)
[2019.01.05-17.10.49:391][ 57]LogModuleManager: Shutting down and abandoning module Landscape (26)
[2019.01.05-17.10.49:391][ 57]LogModuleManager: Shutting down and abandoning module SlateRHIRenderer (24)
[2019.01.05-17.10.49:399][ 57]LogModuleManager: Shutting down and abandoning module OpenGLDrv (22)
[2019.01.05-17.10.49:407][ 57]LogModuleManager: Shutting down and abandoning module D3D11RHI (20)
[2019.01.05-17.10.49:407][ 57]LogModuleManager: Shutting down and abandoning module AnimGraphRuntime (18)
[2019.01.05-17.10.49:407][ 57]LogModuleManager: Shutting down and abandoning module Renderer (16)
[2019.01.05-17.10.49:407][ 57]LogModuleManager: Shutting down and abandoning module Engine (14)
[2019.01.05-17.10.49:407][ 57]LogModuleManager: Shutting down and abandoning module CoreUObject (12)
[2019.01.05-17.10.49:407][ 57]LogModuleManager: Shutting down and abandoning module NetworkFile (10)
[2019.01.05-17.10.49:407][ 57]LogModuleManager: Shutting down and abandoning module CookedIterativeFile (8)
[2019.01.05-17.10.49:407][ 57]LogModuleManager: Shutting down and abandoning module StreamingFile (6)
[2019.01.05-17.10.49:407][ 57]LogModuleManager: Shutting down and abandoning module SandboxFile (4)
[2019.01.05-17.10.49:407][ 57]LogModuleManager: Shutting down and abandoning module PakFile (2)
[2019.01.05-17.10.49:413][ 57]LogExit: Exiting.
[2019.01.05-17.10.49:429][ 57]Log file closed, 01/05/19 17:10:49
