Log file open, 11/22/18 09:43:51
LogWindows: Failed to load 'aqProf.dll' (GetLastError=126)
LogWindows: File 'aqProf.dll' does not exist
LogWindows: Failed to load 'VSPerf140.dll' (GetLastError=126)
LogWindows: File 'VSPerf140.dll' does not exist
LogWindows: Failed to load 'VtuneApi.dll' (GetLastError=126)
LogWindows: File 'VtuneApi.dll' does not exist
LogWindows: Failed to load 'VtuneApi32e.dll' (GetLastError=126)
LogWindows: File 'VtuneApi32e.dll' does not exist
LogInit: Display: Running engine for game: TGP_Duos
LogPlatformFile: Not using cached read wrapper
LogTaskGraph: Started task graph with 5 named threads and 23 total threads with 3 sets of task threads.
LogStats: Stats thread started at 0.331571
LogD3D11RHI: Loaded GFSDK_Aftermath_Lib.x64.dll
LogICUInternationalization: Display: ICU TimeZone Detection - Raw Offset: +0:00, Platform Override: ''
LogPluginManager: Mounting plugin Paper2D
LogPluginManager: Mounting plugin AISupport
LogPluginManager: Mounting plugin LightPropagationVolume
LogPluginManager: Mounting plugin CLionSourceCodeAccess
LogPluginManager: Mounting plugin CodeLiteSourceCodeAccess
LogPluginManager: Mounting plugin GitSourceControl
LogPluginManager: Mounting plugin KDevelopSourceCodeAccess
LogPluginManager: Mounting plugin NullSourceCodeAccess
LogPluginManager: Mounting plugin PerforceSourceControl
LogPluginManager: Mounting plugin SubversionSourceControl
LogPluginManager: Mounting plugin UObjectPlugin
LogPluginManager: Mounting plugin VisualStudioCodeSourceCodeAccess
LogPluginManager: Mounting plugin VisualStudioSourceCodeAccess
LogPluginManager: Mounting plugin XCodeSourceCodeAccess
LogPluginManager: Mounting plugin AssetManagerEditor
LogPluginManager: Mounting plugin CryptoKeys
LogPluginManager: Mounting plugin DataValidation
LogPluginManager: Mounting plugin FacialAnimation
LogPluginManager: Mounting plugin GameplayTagsEditor
LogPluginManager: Mounting plugin MacGraphicsSwitching
LogPluginManager: Mounting plugin MeshEditor
LogPluginManager: Mounting plugin MobileLauncherProfileWizard
LogPluginManager: Mounting plugin PluginBrowser
LogPluginManager: Mounting plugin SpeedTreeImporter
LogPluginManager: Mounting plugin DatasmithContent
LogPluginManager: Mounting plugin AlembicImporter
LogPluginManager: Mounting plugin AppleImageUtils
LogPluginManager: Mounting plugin AppleVision
LogPluginManager: Mounting plugin BackChannel
LogPluginManager: Mounting plugin CharacterAI
LogPluginManager: Mounting plugin GeometryCache
LogPluginManager: Mounting plugin HTML5Networking
LogPluginManager: Mounting plugin ProxyLODPlugin
LogPluginManager: Mounting plugin MagicLeap
LogPluginManager: Mounting plugin MagicLeapEmulator
LogPluginManager: Mounting plugin MagicLeapMedia
LogPluginManager: Mounting plugin AndroidMedia
LogPluginManager: Mounting plugin AvfMedia
LogPluginManager: Mounting plugin ImgMedia
LogPluginManager: Mounting plugin LinearTimecode
LogPluginManager: Mounting plugin MediaCompositing
LogPluginManager: Mounting plugin MediaPlayerEditor
LogPluginManager: Mounting plugin WmfMedia
LogPluginManager: Mounting plugin TcpMessaging
LogPluginManager: Mounting plugin UdpMessaging
LogPluginManager: Mounting plugin ActorSequence
LogPluginManager: Mounting plugin LevelSequenceEditor
LogPluginManager: Mounting plugin MatineeToLevelSequence
LogPluginManager: Mounting plugin NetcodeUnitTest
LogPluginManager: Mounting plugin NUTUnrealEngine4
LogPluginManager: Mounting plugin OnlineSubsystemGooglePlay
LogPluginManager: Mounting plugin OnlineSubsystemIOS
LogPluginManager: Mounting plugin OnlineSubsystem
LogPluginManager: Mounting plugin OnlineSubsystemNull
LogPluginManager: Mounting plugin OnlineSubsystemUtils
LogPluginManager: Mounting plugin LauncherChunkInstaller
LogPluginManager: Mounting plugin AndroidDeviceProfileSelector
LogPluginManager: Mounting plugin AndroidMoviePlayer
LogPluginManager: Mounting plugin AndroidPermission
LogPluginManager: Mounting plugin AppleMoviePlayer
LogPluginManager: Mounting plugin ArchVisCharacter
LogPluginManager: Mounting plugin AudioCapture
LogPluginManager: Mounting plugin CableComponent
LogPluginManager: Mounting plugin CustomMeshComponent
LogPluginManager: Mounting plugin EditableMesh
LogPluginManager: Mounting plugin ExampleDeviceProfileSelector
LogPluginManager: Mounting plugin GoogleCloudMessaging
LogPluginManager: Mounting plugin ImmediatePhysics
LogPluginManager: Mounting plugin IOSDeviceProfileSelector
LogPluginManager: Mounting plugin LinuxDeviceProfileSelector
LogPluginManager: Mounting plugin LocationServicesBPLibrary
LogPluginManager: Mounting plugin MobilePatchingUtils
LogPluginManager: Mounting plugin OculusVR
LogPluginManager: Plugin shader directory ../../../Engine/Plugins/Runtime/Oculus/OculusVR/Shaders found
LogPluginManager: Mapping shader source directory ../../../Engine/Plugins/Runtime/Oculus/OculusVR/Shaders to virtual directory /Plugin/OculusVR
LogPluginManager: Mounting plugin PhysXVehicles
LogPluginManager: Mounting plugin ProceduralMeshComponent
LogPluginManager: Mounting plugin RuntimePhysXCooking
LogPluginManager: Mounting plugin SteamVR
LogPluginManager: Mounting plugin WindowsMoviePlayer
LogStreaming: Display: Took  0.235s to configure plugins.
LogInit: Using libcurl 7.55.1-DEV
LogInit:  - built for x86_64-pc-win32
LogInit:  - supports SSL with OpenSSL/1.0.2h
LogInit:  - supports HTTP deflate (compression) using libz 1.2.8
LogInit:  - other features:
LogInit:      CURL_VERSION_SSL
LogInit:      CURL_VERSION_LIBZ
LogInit:      CURL_VERSION_IPV6
LogInit:      CURL_VERSION_ASYNCHDNS
LogInit:      CURL_VERSION_LARGEFILE
LogInit:      CURL_VERSION_IDN
LogInit:  CurlRequestOptions (configurable via config and command line):
LogInit:  - bVerifyPeer = false  - Libcurl will NOT verify peer certificate
LogInit:  - bUseHttpProxy = false  - Libcurl will NOT use HTTP proxy
LogInit:  - bDontReuseConnections = false  - Libcurl will reuse connections
LogInit:  - CertBundlePath = nullptr  - Libcurl will use whatever was configured at build time.
LogInit:  - MaxHostConnections = 16  - Libcurl will limit the number of connections to a host
LogInit:  - LocalHostAddr = Default
LogInit:  - BufferSize = 65536
LogInit: WinSock: version 1.1 (2.2), MaxSocks=32767, MaxUdp=65467
LogInit: Build: ++UE4+Release-4.20-CL-4369336
LogInit: Engine Version: 4.20.3-4369336+++UE4+Release-4.20
LogInit: Compatible Engine Version: 4.20.0-4212847+++UE4+Release-4.20
LogInit: Net CL: 4212847
LogInit: OS: Windows 10 (), CPU: Intel(R) Xeon(R) CPU E5-1620 v4 @ 3.50GHz, GPU: NVIDIA GeForce GTX 980
LogInit: Compiled (64-bit): Sep 17 2018 12:26:19
LogInit: Compiled with Visual C++: 19.13.26129.00
LogInit: Build Configuration: Development
LogInit: Branch Name: ++UE4+Release-4.20
LogInit: Command Line: 
LogInit: Base Directory: C:/Epic/UE4/UE_4.20/Engine/Binaries/Win64/
LogInit: Installed Engine Build: 1
LogDevObjectVersion: Number of dev versions registered: 20
LogDevObjectVersion:   Dev-Blueprints (B0D832E4-1F89-4F0D-ACCF-7EB736FD4AA2): 10
LogDevObjectVersion:   Dev-Build (E1C64328-A22C-4D53-A36C-8E866417BD8C): 0
LogDevObjectVersion:   Dev-Core (375EC13C-06E4-48FB-B500-84F0262A717E): 2
LogDevObjectVersion:   Dev-Editor (E4B068ED-F494-42E9-A231-DA0B2E46BB41): 24
LogDevObjectVersion:   Dev-Framework (CFFC743F-43B0-4480-9391-14DF171D2073): 34
LogDevObjectVersion:   Dev-Mobile (B02B49B5-BB20-44E9-A304-32B752E40360): 2
LogDevObjectVersion:   Dev-Networking (A4E4105C-59A1-49B5-A7C5-40C4547EDFEE): 0
LogDevObjectVersion:   Dev-Online (39C831C9-5AE6-47DC-9A44-9C173E1C8E7C): 0
LogDevObjectVersion:   Dev-Physics (78F01B33-EBEA-4F98-B9B4-84EACCB95AA2): 0
LogDevObjectVersion:   Dev-Platform (6631380F-2D4D-43E0-8009-CF276956A95A): 0
LogDevObjectVersion:   Dev-Rendering (12F88B9F-8875-4AFC-A67C-D90C383ABD29): 26
LogDevObjectVersion:   Dev-Sequencer (7B5AE74C-D270-4C10-A958-57980B212A5A): 9
LogDevObjectVersion:   Dev-VR (D7296918-1DD6-4BDD-9DE2-64A83CC13884): 2
LogDevObjectVersion:   Dev-LoadTimes (C2A15278-BFE7-4AFE-6C17-90FF531DF755): 1
LogDevObjectVersion:   Private-Geometry (6EACA3D4-40EC-4CC1-B786-8BED09428FC5): 3
LogDevObjectVersion:   Dev-AnimPhys (29E575DD-E0A3-4627-9D10-D276232CDCEA): 17
LogDevObjectVersion:   Dev-ReflectionCapture (6B266CEC-1EC7-4B8F-A30B-E4D90942FC07): 1
LogDevObjectVersion:   Dev-Automation (0DF73D61-A23F-47EA-B727-89E90C41499A): 1
LogDevObjectVersion:   FortniteMain (601D1886-AC64-4F84-AA16-D3DE0DEAC7D6): 12
LogDevObjectVersion:   Dev-Enterprise (9DFFBCD6-494F-0158-E221-12823C92A888): 1
LogStreaming: Display: Took  0.003s to delete old logs.
LogInit: Presizing for max 8388607 objects, including 0 objects not considered by GC, pre-allocating 0 bytes for permanent pool.
LogInit: Object subsystem initialized
[2018.11.22-09.43.52:093][  0]LogInit: Selected Device Profile: [Windows]
[2018.11.22-09.43.52:093][  0]LogInit: Applying CVar settings loaded from the selected device profile: [Windows]
[2018.11.22-09.43.52:127][  0]LogHAL: Display: Platform has ~ 16 GB [17092296704 / 17179869184 / 16], which maps to Larger [LargestMinGB=32, LargerMinGB=12, DefaultMinGB=8, SmallerMinGB=6, SmallestMinGB=0)
[2018.11.22-09.43.52:127][  0]LogInit: Setting Device Profile CVar: [[r.Vulkan.UseRealUBs:1]]
[2018.11.22-09.43.52:127][  0]LogInit: Going up to parent DeviceProfile []
[2018.11.22-09.43.52:128][  0]LogInit: Computer: C117B-32
[2018.11.22-09.43.52:128][  0]LogInit: User: r017093h
[2018.11.22-09.43.52:128][  0]LogInit: CPU Page size=4096, Cores=4
[2018.11.22-09.43.52:128][  0]LogInit: High frequency timer resolution =3.410076 MHz
[2018.11.22-09.43.52:129][  0]LogMemory: Memory total: Physical=15.9GB (16GB approx)
[2018.11.22-09.43.52:129][  0]LogMemory: Platform Memory Stats for Windows
[2018.11.22-09.43.52:129][  0]LogMemory: Process Physical Memory: 100.14 MB used, 100.14 MB peak
[2018.11.22-09.43.52:129][  0]LogMemory: Process Virtual Memory: 90.89 MB used, 90.89 MB peak
[2018.11.22-09.43.52:129][  0]LogMemory: Physical Memory: 5555.43 MB used,  10745.05 MB free, 16300.48 MB total
[2018.11.22-09.43.52:129][  0]LogMemory: Virtual Memory: 4640.09 MB used,  10745.05 MB free, 134217728.00 MB total
[2018.11.22-09.43.52:179][  0]LogInit: Using OS detected language (en-US).
[2018.11.22-09.43.52:179][  0]LogInit: Using OS detected locale (en-GB).
[2018.11.22-09.43.52:181][  0]LogTextLocalizationManager: No specific localization for 'en-US' exists, so the 'en' localization will be used.
[2018.11.22-09.43.52:567][  0]LogStreaming: Display: Took  0.388s to InitEngineTextLocalization.
[2018.11.22-09.43.52:568][  0]LogInit: Setting process to per monitor DPI aware
[2018.11.22-09.43.52:604][  0]LogSlate: New Slate User Created.  User Index 0, Is Virtual User: 0
[2018.11.22-09.43.52:604][  0]LogSlate: Slate User Registered.  User Index 0, Is Virtual User: 0
[2018.11.22-09.43.52:958][  0]LogHMD: Failed to initialize OpenVR with code 110
[2018.11.22-09.43.52:959][  0]LogD3D11RHI: D3D11 adapters:
[2018.11.22-09.43.53:045][  0]LogD3D11RHI:    0. 'NVIDIA GeForce GTX 980' (Feature Level 11_0)
[2018.11.22-09.43.53:045][  0]LogD3D11RHI:       4053/0/8150 MB DedicatedVideo/DedicatedSystem/SharedSystem, Outputs:2, VendorId:0x10de
[2018.11.22-09.43.53:048][  0]LogD3D11RHI:    1. 'Microsoft Basic Render Driver' (Feature Level 11_0)
[2018.11.22-09.43.53:048][  0]LogD3D11RHI:       0/0/8150 MB DedicatedVideo/DedicatedSystem/SharedSystem, Outputs:0, VendorId:0x1414
[2018.11.22-09.43.53:048][  0]LogD3D11RHI: Chosen D3D11 Adapter: 0
[2018.11.22-09.43.53:065][  0]LogD3D11RHI: Creating new Direct3DDevice
[2018.11.22-09.43.53:065][  0]LogD3D11RHI:     GPU DeviceId: 0x13c0 (for the marketing name, search the web for "GPU Device Id")
[2018.11.22-09.43.53:065][  0]LogWindows: EnumDisplayDevices:
[2018.11.22-09.43.53:066][  0]LogWindows:    0. 'NVIDIA GeForce GTX 980' (P:0 D:1)
[2018.11.22-09.43.53:066][  0]LogWindows:    1. 'NVIDIA GeForce GTX 980' (P:1 D:1)
[2018.11.22-09.43.53:067][  0]LogWindows:    2. 'NVIDIA GeForce GTX 980' (P:0 D:0)
[2018.11.22-09.43.53:068][  0]LogWindows:    3. 'NVIDIA GeForce GTX 980' (P:0 D:0)
[2018.11.22-09.43.53:069][  0]LogWindows: DebugString: FoundDriverCount:4 
[2018.11.22-09.43.53:069][  0]LogD3D11RHI:     Adapter Name: NVIDIA GeForce GTX 980
[2018.11.22-09.43.53:069][  0]LogD3D11RHI:   Driver Version: 398.82 (internal:24.21.13.9882, unified:398.82)
[2018.11.22-09.43.53:069][  0]LogD3D11RHI:      Driver Date: 7-30-2018
[2018.11.22-09.43.53:069][  0]LogRHI: Texture pool is 2837 MB (70% of 4053 MB)
[2018.11.22-09.43.53:123][  0]LogD3D11RHI: Async texture creation enabled
[2018.11.22-09.43.53:141][  0]LogD3D11RHI: GPU Timing Frequency: 1000.000000 (Debug: 2 2)
[2018.11.22-09.43.53:148][  0]LogShaderCompilers: Guid format shader working directory is 19 characters bigger than the processId version (E:/Repos/Uni/TGP-Duos/TGP_Duos/Intermediate/Shaders/WorkingDirectory/1544/).
[2018.11.22-09.43.53:149][  0]LogShaderCompilers: Cleaned the shader compiler working directory 'C:/Users/r017093h/AppData/Local/Temp/UnrealShaderWorkingDir/D681646E46C4F13EBD5B40B828D8277F/'.
[2018.11.22-09.43.53:536][  0]LogTemp: Display: Loaded TP AllDesktopTargetPlatform
[2018.11.22-09.43.53:551][  0]LogTemp: Display: Loaded TP MacClientTargetPlatform
[2018.11.22-09.43.53:578][  0]LogTemp: Display: Loaded TP MacNoEditorTargetPlatform
[2018.11.22-09.43.53:601][  0]LogTemp: Display: Loaded TP MacServerTargetPlatform
[2018.11.22-09.43.53:618][  0]LogTemp: Display: Loaded TP MacTargetPlatform
[2018.11.22-09.43.53:636][  0]LogTemp: Display: Loaded TP WindowsClientTargetPlatform
[2018.11.22-09.43.53:655][  0]LogTemp: Display: Loaded TP WindowsNoEditorTargetPlatform
[2018.11.22-09.43.53:671][  0]LogTemp: Display: Loaded TP WindowsServerTargetPlatform
[2018.11.22-09.43.53:679][  0]LogTemp: Display: Loaded TP WindowsTargetPlatform
[2018.11.22-09.43.53:766][  0]LogTemp: Display: Loaded TP AndroidTargetPlatform
[2018.11.22-09.43.53:766][  0]LogTemp: Display: Loaded TP AndroidTargetPlatform
[2018.11.22-09.43.53:766][  0]LogTemp: Display: Loaded TP AndroidTargetPlatform
[2018.11.22-09.43.53:766][  0]LogTemp: Display: Loaded TP AndroidTargetPlatform
[2018.11.22-09.43.53:766][  0]LogTemp: Display: Loaded TP AndroidTargetPlatform
[2018.11.22-09.43.53:766][  0]LogTemp: Display: Loaded TP AndroidTargetPlatform
[2018.11.22-09.43.53:766][  0]LogTemp: Display: Loaded TP AndroidTargetPlatform
[2018.11.22-09.43.53:766][  0]LogTemp: Display: Loaded TP AndroidTargetPlatform
[2018.11.22-09.43.53:766][  0]LogTemp: Display: Loaded TP AndroidTargetPlatform
[2018.11.22-09.43.53:766][  0]LogTemp: Display: Loaded TP AndroidTargetPlatform
[2018.11.22-09.43.53:766][  0]LogTemp: Display: Loaded TP AndroidTargetPlatform
[2018.11.22-09.43.53:766][  0]LogTemp: Display: Loaded TP AndroidTargetPlatform
[2018.11.22-09.43.53:766][  0]LogTemp: Display: Loaded TP AndroidTargetPlatform
[2018.11.22-09.43.53:766][  0]LogTemp: Display: Loaded TP AndroidTargetPlatform
[2018.11.22-09.43.53:766][  0]LogTemp: Display: Loaded TP AndroidTargetPlatform
[2018.11.22-09.43.53:766][  0]LogTemp: Display: Loaded TP AndroidTargetPlatform
[2018.11.22-09.43.53:766][  0]LogTemp: Display: Loaded TP AndroidTargetPlatform
[2018.11.22-09.43.53:766][  0]LogTemp: Display: Loaded TP AndroidTargetPlatform
[2018.11.22-09.43.53:768][  0]LogTemp: Display: Loaded TP HTML5TargetPlatform
[2018.11.22-09.43.53:850][  0]LogTemp: Display: Loaded TP IOSTargetPlatform
[2018.11.22-09.43.53:850][  0]LogTemp: Display: Loaded TP IOSTargetPlatform
[2018.11.22-09.43.53:894][  0]LogTemp: Display: Loaded TP TVOSTargetPlatform
[2018.11.22-09.43.53:894][  0]LogTemp: Display: Loaded TP TVOSTargetPlatform
[2018.11.22-09.43.53:908][  0]LogTemp: Display: Loaded TP LinuxClientTargetPlatform
[2018.11.22-09.43.53:922][  0]LogTemp: Display: Loaded TP LinuxNoEditorTargetPlatform
[2018.11.22-09.43.53:936][  0]LogTemp: Display: Loaded TP LinuxServerTargetPlatform
[2018.11.22-09.43.53:951][  0]LogTemp: Display: Loaded TP LinuxTargetPlatform
[2018.11.22-09.43.53:961][  0]LogTemp: Display: Loaded TP LuminTargetPlatform
[2018.11.22-09.43.53:961][  0]LogTargetPlatformManager: Display: Building Assets For Windows
[2018.11.22-09.43.54:096][  0]LogXGEController: Cleaning working directory: C:/Users/r017093h/AppData/Local/Temp/UnrealXGEWorkingDir/
[2018.11.22-09.43.54:097][  0]LogXGEController: Cannot use XGE Controller as Incredibuild is not installed on this machine.
[2018.11.22-09.43.54:097][  0]LogShaderCompilers: Cannot use XGE Shader Compiler as Incredibuild is not installed on this machine.
[2018.11.22-09.43.54:097][  0]LogShaderCompilers: Display: Using Local Shader Compiler.
[2018.11.22-09.43.55:252][  0]LogDerivedDataCache: Display: Max Cache Size: 512 MB
[2018.11.22-09.43.55:357][  0]LogDerivedDataCache: Loaded boot cache 0.11s 73MB C:/Users/r017093h/AppData/Local/UnrealEngine/4.20/DerivedDataCache/Boot.ddc.
[2018.11.22-09.43.55:359][  0]LogDerivedDataCache: Display: Loaded Boot cache: C:/Users/r017093h/AppData/Local/UnrealEngine/4.20/DerivedDataCache/Boot.ddc
[2018.11.22-09.43.55:359][  0]LogDerivedDataCache: FDerivedDataBackendGraph:  Pak pak cache file E:/Repos/Uni/TGP-Duos/TGP_Duos/DerivedDataCache/DDC.ddp not found, will not use a pak cache.
[2018.11.22-09.43.55:359][  0]LogDerivedDataCache: Unable to find inner node Pak for hierarchical cache Hierarchy.
[2018.11.22-09.43.55:359][  0]LogDerivedDataCache: FDerivedDataBackendGraph:  CompressedPak pak cache file E:/Repos/Uni/TGP-Duos/TGP_Duos/DerivedDataCache/Compressed.ddp not found, will not use a pak cache.
[2018.11.22-09.43.55:359][  0]LogDerivedDataCache: Unable to find inner node CompressedPak for hierarchical cache Hierarchy.
[2018.11.22-09.43.55:372][  0]LogDerivedDataCache: Display: Pak cache opened for reading ../../../Engine/DerivedDataCache/Compressed.ddp.
[2018.11.22-09.43.55:385][  0]LogDerivedDataCache: Using Local data cache path C:/Users/r017093h/AppData/Local/UnrealEngine/Common/DerivedDataCache: Writable
[2018.11.22-09.43.55:385][  0]LogDerivedDataCache: Shared data cache path not found in *engine.ini, will not use an Shared cache.
[2018.11.22-09.43.55:385][  0]LogDerivedDataCache: Unable to find inner node Shared for hierarchical cache Hierarchy.
[2018.11.22-09.43.55:420][  0]LogMaterial: Verifying Global Shaders for PCD3D_SM5
[2018.11.22-09.43.55:421][  0]LogSlate: Using FreeType 2.6.0
[2018.11.22-09.43.55:422][  0]LogSlate: SlateFontServices - WITH_FREETYPE: 1, WITH_HARFBUZZ: 1
[2018.11.22-09.43.55:512][  0]LogAssetRegistry: FAssetRegistry took 0.0267 seconds to start up
[2018.11.22-09.43.55:976][  0]LogInit: Selected Device Profile: [Windows]
[2018.11.22-09.43.56:144][  0]LogSimplygon: Simplygon DLL not present - disabling.
[2018.11.22-09.43.56:151][  0]LogMeshReduction: Using SimplygonSwarm for distributed automatic mesh merging
[2018.11.22-09.43.56:151][  0]LogMeshReduction: Using ProxyLODMeshReduction for automatic mesh merging
[2018.11.22-09.43.56:151][  0]LogMeshReduction: Using QuadricMeshReduction for automatic static mesh reduction
[2018.11.22-09.43.56:151][  0]LogMeshReduction: No automatic skeletal mesh reduction module available
[2018.11.22-09.43.56:172][  0]LogNetVersion: TGP_Duos 1.0.0, NetCL: 4212847, EngineNetVer: 5, GameNetVer: 0 (Checksum: 2163957344)
[2018.11.22-09.43.56:962][  0]LogPackageLocalizationCache: Processed 11 localized package path(s) for 2 prioritized culture(s) in 0.176035 seconds
[2018.11.22-09.43.56:971][  0]LogUObjectArray: 38425 objects as part of root set at end of initial load.
[2018.11.22-09.43.56:971][  0]LogUObjectAllocator: 6690864 out of 0 bytes used by permanent object pool.
[2018.11.22-09.43.56:971][  0]LogUObjectArray: CloseDisregardForGC: 0/0 objects in disregard for GC pool
[2018.11.22-09.43.58:171][  0]LogTcpMessaging: Initializing TcpMessaging bridge
[2018.11.22-09.43.58:185][  0]LogUdpMessaging: Initializing bridge on interface 0.0.0.0:0 to multicast group 230.0.0.1:6666.
[2018.11.22-09.43.58:359][  0]LogLinker: Warning: Can't find file '/Game/Weapons/Assets/AUG/AUG_1__Mat'
[2018.11.22-09.43.58:359][  0]LogLinker: Warning: Can't find file for asset '/Game/Weapons/Assets/AUG/AUG_1__Mat' while loading E:/Repos/Uni/TGP-Duos/TGP_Duos/Content/Weapons/Assets/AUG/AUG.uasset.
[2018.11.22-09.43.58:360][  0]LoadErrors: Error: /Game/Weapons/Assets/AUG/AUG : Can't find file for asset. /Game/Weapons/Assets/AUG/AUG_1__Mat
[2018.11.22-09.43.58:360][  0]LogLinker: Warning: Can't find file '/Game/Weapons/Assets/AUG/AUG_2__Mat'
[2018.11.22-09.43.58:360][  0]LogLinker: Warning: Can't find file for asset '/Game/Weapons/Assets/AUG/AUG_2__Mat' while loading E:/Repos/Uni/TGP-Duos/TGP_Duos/Content/Weapons/Assets/AUG/AUG.uasset.
[2018.11.22-09.43.58:360][  0]LoadErrors: Error: /Game/Weapons/Assets/AUG/AUG : Can't find file for asset. /Game/Weapons/Assets/AUG/AUG_2__Mat
[2018.11.22-09.43.58:361][  0]LogLinker: Warning: Can't find file '/Game/Weapons/Assets/AUG/AUG_3__Mat'
[2018.11.22-09.43.58:361][  0]LogLinker: Warning: Can't find file for asset '/Game/Weapons/Assets/AUG/AUG_3__Mat' while loading E:/Repos/Uni/TGP-Duos/TGP_Duos/Content/Weapons/Assets/AUG/AUG.uasset.
[2018.11.22-09.43.58:361][  0]LoadErrors: Error: /Game/Weapons/Assets/AUG/AUG : Can't find file for asset. /Game/Weapons/Assets/AUG/AUG_3__Mat
[2018.11.22-09.43.58:361][  0]LogLinker: Warning: Can't find file '/Game/Weapons/Assets/AUG/AUG_1__Mat'
[2018.11.22-09.43.58:362][  0]LogLinker: Warning: Can't find file for asset '/Game/Weapons/Assets/AUG/AUG_1__Mat' while loading E:/Repos/Uni/TGP-Duos/TGP_Duos/Content/Weapons/Assets/AUG/AUG.uasset.
[2018.11.22-09.43.58:362][  0]LoadErrors: Error: /Game/Weapons/Assets/AUG/AUG : Can't find file for asset. /Game/Weapons/Assets/AUG/AUG_1__Mat
[2018.11.22-09.43.58:362][  0]LogLinker: Warning: Can't find file '/Game/Weapons/Assets/AUG/AUG_2__Mat'
[2018.11.22-09.43.58:362][  0]LogLinker: Warning: Can't find file for asset '/Game/Weapons/Assets/AUG/AUG_2__Mat' while loading E:/Repos/Uni/TGP-Duos/TGP_Duos/Content/Weapons/Assets/AUG/AUG.uasset.
[2018.11.22-09.43.58:362][  0]LoadErrors: Error: /Game/Weapons/Assets/AUG/AUG : Can't find file for asset. /Game/Weapons/Assets/AUG/AUG_2__Mat
[2018.11.22-09.43.58:363][  0]LogLinker: Warning: Can't find file '/Game/Weapons/Assets/AUG/AUG_3__Mat'
[2018.11.22-09.43.58:363][  0]LogLinker: Warning: Can't find file for asset '/Game/Weapons/Assets/AUG/AUG_3__Mat' while loading E:/Repos/Uni/TGP-Duos/TGP_Duos/Content/Weapons/Assets/AUG/AUG.uasset.
[2018.11.22-09.43.58:363][  0]LoadErrors: Error: /Game/Weapons/Assets/AUG/AUG : Can't find file for asset. /Game/Weapons/Assets/AUG/AUG_3__Mat
[2018.11.22-09.43.58:364][  0]LogLinker: Warning: Can't find file '/Game/Weapons/Assets/AUG/AUG_1__Mat'
[2018.11.22-09.43.58:364][  0]LoadErrors: Failed to load /Game/Weapons/Assets/AUG/AUG_1__Mat.AUG_1__Mat Referenced by AUG
[2018.11.22-09.43.58:364][  0]LogLinker: Warning: Can't find file for asset '/Game/Weapons/Assets/AUG/AUG_1__Mat' while loading NULL.
[2018.11.22-09.43.58:364][  0]LoadErrors: Failed to load /Game/Weapons/Assets/AUG/AUG_1__Mat.AUG_1__Mat Referenced by AUG
[2018.11.22-09.43.58:364][  0]LogLinker: Warning: Can't find file '/Game/Weapons/Assets/AUG/AUG_2__Mat'
[2018.11.22-09.43.58:365][  0]LoadErrors: Failed to load /Game/Weapons/Assets/AUG/AUG_2__Mat.AUG_2__Mat Referenced by AUG
[2018.11.22-09.43.58:365][  0]LogLinker: Warning: Can't find file for asset '/Game/Weapons/Assets/AUG/AUG_2__Mat' while loading NULL.
[2018.11.22-09.43.58:365][  0]LoadErrors: Failed to load /Game/Weapons/Assets/AUG/AUG_2__Mat.AUG_2__Mat Referenced by AUG
[2018.11.22-09.43.58:365][  0]LogLinker: Warning: Can't find file '/Game/Weapons/Assets/AUG/AUG_3__Mat'
[2018.11.22-09.43.58:365][  0]LoadErrors: Failed to load /Game/Weapons/Assets/AUG/AUG_3__Mat.AUG_3__Mat Referenced by AUG
[2018.11.22-09.43.58:365][  0]LogLinker: Warning: Can't find file for asset '/Game/Weapons/Assets/AUG/AUG_3__Mat' while loading NULL.
[2018.11.22-09.43.58:365][  0]LoadErrors: Failed to load /Game/Weapons/Assets/AUG/AUG_3__Mat.AUG_3__Mat Referenced by AUG
[2018.11.22-09.43.58:366][  0]LogLinker: Warning: Can't find file '/Game/Weapons/Assets/AUG/AUG_1__Mat'
[2018.11.22-09.43.58:366][  0]LoadErrors: Failed to load /Game/Weapons/Assets/AUG/AUG_1__Mat.AUG_1__Mat Referenced by AUG
[2018.11.22-09.43.58:366][  0]LogLinker: Warning: Can't find file for asset '/Game/Weapons/Assets/AUG/AUG_1__Mat' while loading NULL.
[2018.11.22-09.43.58:366][  0]LoadErrors: Failed to load /Game/Weapons/Assets/AUG/AUG_1__Mat.AUG_1__Mat Referenced by AUG
[2018.11.22-09.43.58:366][  0]LogLinker: Warning: Can't find file '/Game/Weapons/Assets/AUG/AUG_2__Mat'
[2018.11.22-09.43.58:366][  0]LoadErrors: Failed to load /Game/Weapons/Assets/AUG/AUG_2__Mat.AUG_2__Mat Referenced by AUG
[2018.11.22-09.43.58:366][  0]LogLinker: Warning: Can't find file for asset '/Game/Weapons/Assets/AUG/AUG_2__Mat' while loading NULL.
[2018.11.22-09.43.58:366][  0]LoadErrors: Failed to load /Game/Weapons/Assets/AUG/AUG_2__Mat.AUG_2__Mat Referenced by AUG
[2018.11.22-09.43.58:367][  0]LogLinker: Warning: Can't find file '/Game/Weapons/Assets/AUG/AUG_3__Mat'
[2018.11.22-09.43.58:367][  0]LoadErrors: Failed to load /Game/Weapons/Assets/AUG/AUG_3__Mat.AUG_3__Mat Referenced by AUG
[2018.11.22-09.43.58:367][  0]LogLinker: Warning: Can't find file for asset '/Game/Weapons/Assets/AUG/AUG_3__Mat' while loading NULL.
[2018.11.22-09.43.58:367][  0]LoadErrors: Failed to load /Game/Weapons/Assets/AUG/AUG_3__Mat.AUG_3__Mat Referenced by AUG
[2018.11.22-09.43.58:579][  0]SourceControl: Source control is disabled
[2018.11.22-09.43.58:579][  0]SourceControl: Source control is disabled
[2018.11.22-09.43.58:581][  0]SourceControl: Source control is disabled
[2018.11.22-09.43.58:583][  0]SourceControl: Source control is disabled
[2018.11.22-09.43.58:865][  0]LogAndroidPermission: UAndroidPermissionCallbackProxy::GetInstance
[2018.11.22-09.43.58:942][  0]LogOcInput: OculusInput pre-init called
[2018.11.22-09.43.59:024][  0]LogEngine: Initializing Engine...
[2018.11.22-09.43.59:025][  0]LogHMD: Failed to initialize OpenVR with code 110
[2018.11.22-09.43.59:025][  0]LogStats: UGameplayTagsManager::ConstructGameplayTagTree: ImportINI prefixes -  0.000 s
[2018.11.22-09.43.59:025][  0]LogStats: UGameplayTagsManager::ConstructGameplayTagTree: Construct from data asset -  0.000 s
[2018.11.22-09.43.59:025][  0]LogStats: UGameplayTagsManager::ConstructGameplayTagTree: ImportINI -  0.000 s
[2018.11.22-09.43.59:025][  0]LogStats: UGameplayTagsManager::ConstructGameplayTagTree: GameplayTagTreeChangedEvent.Broadcast -  0.000 s
[2018.11.22-09.43.59:309][  0]LogInit: Initializing FReadOnlyCVARCache
[2018.11.22-09.43.59:344][  0]LogAIModule: Creating AISystem for world Untitled
[2018.11.22-09.43.59:372][  0]LogInit: XAudio2 using 'Speakers (Realtek High Definition Audio)' : 2 channels at 48 kHz using 32 bits per sample (channel mask 0x3)
[2018.11.22-09.43.59:414][  0]LogInit: FAudioDevice initialized.
[2018.11.22-09.43.59:414][  0]LogNetVersion: Set ProjectVersion to 1.0.0.0. Version Checksum will be recalculated on next use.
[2018.11.22-09.43.59:522][  0]LogDerivedDataCache: Saved boot cache 0.11s 73MB C:/Users/r017093h/AppData/Local/UnrealEngine/4.20/DerivedDataCache/Boot.ddc.
[2018.11.22-09.43.59:540][  0]LogInit: Texture streaming: Enabled
[2018.11.22-09.43.59:579][  0]LogEngineSessionManager: EngineSessionManager initialized
[2018.11.22-09.43.59:579][  0]LogEngineSessionManager: EngineSessionManager sent abnormal shutdown report. Type=Crashed, SessionId={AFDF60B0-4601-DE8E-89E7-24A3C00799E6}
[2018.11.22-09.43.59:601][  0]LogInit: Transaction tracking system initialized
[2018.11.22-09.43.59:644][  0]BlueprintLog: New page: Editor Load
[2018.11.22-09.43.59:825][  0]LocalizationService: Localization service is disabled
[2018.11.22-09.44.00:180][  0]LogCook: Display: Max memory allowance for cook 16384mb min free memory 0mb
[2018.11.22-09.44.00:180][  0]LogCook: Display: Mobile HDR setting 1
[2018.11.22-09.44.00:180][  0]LogGameplayTags: Display: UGameplayTagsManager::DoneAddingNativeTags. DelegateIsBound: 0
[2018.11.22-09.44.00:180][  0]LogStats: UGameplayTagsManager::ConstructGameplayTagTree: ImportINI prefixes -  0.000 s
[2018.11.22-09.44.00:180][  0]LogStats: UGameplayTagsManager::ConstructGameplayTagTree: Construct from data asset -  0.000 s
[2018.11.22-09.44.00:180][  0]LogStats: UGameplayTagsManager::ConstructGameplayTagTree: ImportINI -  0.000 s
[2018.11.22-09.44.00:180][  0]LogStats: UGameplayTagsManager::ConstructGameplayTagTree: GameplayTagTreeChangedEvent.Broadcast -  0.000 s
[2018.11.22-09.44.00:346][  0]LogFileCache: Scanning file cache for directory 'E:/Repos/Uni/TGP-Duos/TGP_Duos/Content/' took 0.01s
[2018.11.22-09.44.00:346][  0]SourceControl: Source control is disabled
[2018.11.22-09.44.00:346][  0]Cmd: MAP LOAD FILE="E:/Repos/Uni/TGP-Duos/TGP_Duos/Content/FirstPersonCPP/Maps/FirstPersonExampleMap.umap" TEMPLATE=0 SHOWPROGRESS=1 FEATURELEVEL=3
[2018.11.22-09.44.00:346][  0]LightingResults: New page: Lighting Build
[2018.11.22-09.44.00:354][  0]MapCheck: New page: Map Check
[2018.11.22-09.44.00:354][  0]LightingResults: New page: Lighting Build
[2018.11.22-09.44.00:564][  0]LogAIModule: Creating AISystem for world FirstPersonExampleMap
[2018.11.22-09.44.00:583][  0]LogEditorServer: Finished looking for orphan Actors (0.000 secs)
[2018.11.22-09.44.00:620][  0]Cmd: MAP CHECKDEP NOCLEARLOG
[2018.11.22-09.44.00:814][  0]MapCheck: Map check complete: 0 Error(s), 0 Warning(s), took 194.084ms to complete.
[2018.11.22-09.44.00:814][  0]LogFileHelpers: Loading map 'FirstPersonExampleMap' took 0.468
[2018.11.22-09.44.00:913][  0]LogSlate: Updating window title bar state: overlay mode, drag disabled, window buttons hidden, title bar hidden
[2018.11.22-09.44.00:923][  0]LogSlate: Updating window title bar state: overlay mode, drag disabled, window buttons hidden, title bar hidden
[2018.11.22-09.44.00:932][  0]LogSlate: Updating window title bar state: overlay mode, drag disabled, window buttons hidden, title bar hidden
[2018.11.22-09.44.00:940][  0]LogSlate: Updating window title bar state: overlay mode, drag disabled, window buttons hidden, title bar hidden
[2018.11.22-09.44.00:951][  0]LogCollectionManager: Loaded 0 collections in 0.003306 seconds
[2018.11.22-09.44.00:996][  0]LogFileCache: Scanning file cache for directory 'E:/Repos/Uni/TGP-Duos/TGP_Duos/Saved/Collections/' took 0.01s
[2018.11.22-09.44.00:996][  0]LogFileCache: Scanning file cache for directory 'E:/Repos/Uni/TGP-Duos/TGP_Duos/Content/Developers/r017093h/Collections/' took 0.01s
[2018.11.22-09.44.00:996][  0]LogFileCache: Scanning file cache for directory 'E:/Repos/Uni/TGP-Duos/TGP_Duos/Content/Collections/' took 0.01s
[2018.11.22-09.44.00:996][  0]LogCollectionManager: Rebuilt the GUID cache for 0 collections in 0.000000 seconds
[2018.11.22-09.44.01:006][  0]LogContentBrowser: Native class hierarchy populated in 0.0097 seconds. Added 2578 classes and 606 folders.
[2018.11.22-09.44.01:017][  0]LogContentBrowser: Native class hierarchy updated for 'WidgetCarousel' in 0.0004 seconds. Added 0 classes and 0 folders.
[2018.11.22-09.44.01:095][  0]LogContentBrowser: Native class hierarchy updated for 'AddContentDialog' in 0.0004 seconds. Added 0 classes and 0 folders.
[2018.11.22-09.44.01:102][  0]LogContentBrowser: Native class hierarchy updated for 'SceneOutliner' in 0.0004 seconds. Added 1 classes and 2 folders.
[2018.11.22-09.44.01:132][  0]LogSlate: Took 0.000292 seconds to synchronously load lazily loaded font '../../../Engine/Content/Slate/Fonts/Roboto-Regular.ttf' (155K)
[2018.11.22-09.44.01:134][  0]LogSlate: Took 0.000208 seconds to synchronously load lazily loaded font '../../../Engine/Content/Slate/Fonts/Roboto-Bold.ttf' (160K)
[2018.11.22-09.44.01:139][  0]LogSlate: Took 0.000201 seconds to synchronously load lazily loaded font '../../../Engine/Content/Editor/Slate/Fonts/FontAwesome.ttf' (139K)
[2018.11.22-09.44.01:218][  0]LogRenderer: Reallocating scene render targets to support 1208x576 Format 10 NumSamples 1 (Frame:1).
[2018.11.22-09.44.01:349][  0]LogSlate: FSceneViewport::OnFocusLost() reason 2
[2018.11.22-09.44.01:367][  0]LogSlate: Window 'Tutorials' being destroyed
[2018.11.22-09.44.01:400][  0]LogContentBrowser: Native class hierarchy updated for 'HierarchicalLODOutliner' in 0.0004 seconds. Added 0 classes and 0 folders.
[2018.11.22-09.44.01:400][  0]LogLoad: (Engine Initialization) Total time: 12.59 seconds
[2018.11.22-09.44.01:400][  0]LogLoad: (Engine Initialization) Total Blueprint compile time: 0.00 seconds
[2018.11.22-09.44.01:439][  0]LogContentStreaming: Texture pool size now 1000 MB
[2018.11.22-09.44.01:441][  0]LogSlate: FSceneViewport::OnFocusLost() reason 2
[2018.11.22-09.44.01:507][  0]LogSlate: Took 0.000395 seconds to synchronously load lazily loaded font '../../../Engine/Content/Slate/Fonts/Roboto-Light.ttf' (167K)
[2018.11.22-09.44.01:628][  2]LogAssetRegistry: Asset discovery search completed in 6.1380 seconds
[2018.11.22-09.44.01:631][  2]LogCollectionManager: Rebuilt the object cache for 0 collections in 0.000001 seconds (found 0 objects)
[2018.11.22-09.44.01:631][  2]LogCollectionManager: Fixed up redirectors for 0 collections in 0.000089 seconds (updated 0 objects)
[2018.11.22-09.45.18:549][369]LogSlate: Window 'Message Log' being destroyed
[2018.11.22-09.45.18:551][369]LogSlate: Window 'Message Log' being destroyed
[2018.11.22-09.45.19:431][472]LogSlate: FSceneViewport::OnFocusLost() reason 0
[2018.11.22-09.45.19:510][479]Candidate modules for hot reload:
[2018.11.22-09.45.19:510][479]  TGP_Duos
[2018.11.22-09.45.19:510][479]Launching UnrealBuildTool... [C:/Epic/UE4/UE_4.20/Engine/Binaries/DotNET/UnrealBuildTool.exe  -ModuleWithSuffix=TGP_Duos,4848 Win64 Development -TargetType=Editor -Project="E:/Repos/Uni/TGP-Duos/TGP_Duos/TGP_Duos.uproject" -canskiplink "E:/Repos/Uni/TGP-Duos/TGP_Duos/TGP_Duos.uproject" ]
[2018.11.22-09.45.19:515][479]Warning: Starting HotReload took  0.0s.
[2018.11.22-09.45.21:688][731]LogSlate: Took 0.000232 seconds to synchronously load lazily loaded font '../../../Engine/Content/Slate/Fonts/Roboto-Light.ttf' (167K)
[2018.11.22-09.45.21:853][731]LogAIModule: Creating AISystem for world Hal_Test_Level
[2018.11.22-09.45.21:861][731]LogAssetEditorManager: Opening Asset editor for World /Game/Maps/Hal_Test_Level.Hal_Test_Level
[2018.11.22-09.45.21:885][731]Cmd: MAP LOAD FILE="E:/Repos/Uni/TGP-Duos/TGP_Duos/Content/Maps/Hal_Test_Level.umap" TEMPLATE=0 SHOWPROGRESS=1 FEATURELEVEL=3
[2018.11.22-09.45.21:885][731]LightingResults: New page: Lighting Build
[2018.11.22-09.45.21:886][731]LoadErrors: New page: Loading map: Hal_Test_Level.umap
[2018.11.22-09.45.21:887][731]MapCheck: New page: Map Check
[2018.11.22-09.45.21:887][731]LightingResults: New page: Lighting Build
[2018.11.22-09.45.21:917][731]LogEditorServer: Finished looking for orphan Actors (0.000 secs)
[2018.11.22-09.45.21:979][731]Cmd: MAP CHECKDEP NOCLEARLOG
[2018.11.22-09.45.22:197][731]MapCheck: Map check complete: 0 Error(s), 0 Warning(s), took 218.237ms to complete.
[2018.11.22-09.45.22:198][731]LogFileHelpers: Loading map 'Hal_Test_Level' took 0.314
[2018.11.22-09.45.25:730][124]LogSlate: FSceneViewport::OnFocusLost() reason 0
[2018.11.22-09.45.26:574][214]LogEditorActor: Deleted Actor: Base_Weapon_BP_C
[2018.11.22-09.45.26:598][214]LogEditorActor: Deleted 1 Actors (0.030 secs)
[2018.11.22-09.45.27:990][380]LogSlate: FSceneViewport::OnFocusLost() reason 0
[2018.11.22-09.45.31:957][843]Cmd: OBJ SAVEPACKAGE PACKAGE="/Game/Maps/Hal_Test_Level" FILE="E:/Repos/Uni/TGP-Duos/TGP_Duos/Content/Maps/Hal_Test_Level.umap" SILENT=true AUTOSAVING=false KEEPDIRTY=false
[2018.11.22-09.45.32:011][843]LogSavePackage: Moving 'E:/Repos/Uni/TGP-Duos/TGP_Duos/Saved/Hal_Test_Level069E56D74D620FA4C3096E88B97C1E73.tmp' to 'E:/Repos/Uni/TGP-Duos/TGP_Duos/Content/Maps/Hal_Test_Level.umap'
[2018.11.22-09.45.32:057][843]Cmd: OBJ SAVEPACKAGE PACKAGE="/Game/Maps/Hal_Test_Level_BuiltData" FILE="E:/Repos/Uni/TGP-Duos/TGP_Duos/Content/Maps/Hal_Test_Level_BuiltData.uasset" SILENT=true
[2018.11.22-09.45.32:125][843]LogSavePackage: Moving 'E:/Repos/Uni/TGP-Duos/TGP_Duos/Saved/Hal_Test_Level_BuiltDataE31FA61046C8C0BEDCB1B8A720D7EE6B.tmp' to 'E:/Repos/Uni/TGP-Duos/TGP_Duos/Content/Maps/Hal_Test_Level_BuiltData.uasset'
[2018.11.22-09.45.37:994][497]CompilerResultsLog: New page: Compilation - 22 Nov 2018 09:45:37
[2018.11.22-09.45.37:994][497]CompilerResultsLog: Using 'git status' to determine working set for adaptive non-unity build.
[2018.11.22-09.45.37:994][497]CompilerResultsLog: Compiling game modules for hot reload
[2018.11.22-09.45.37:994][497]CompilerResultsLog: Parsing headers for TGP_DuosEditor
[2018.11.22-09.45.37:994][497]CompilerResultsLog:   Running UnrealHeaderTool "E:\Repos\Uni\TGP-Duos\TGP_Duos\TGP_Duos.uproject" "E:\Repos\Uni\TGP-Duos\TGP_Duos\Intermediate\Build\Win64\TGP_DuosEditor\Development\TGP_DuosEditor.uhtmanifest" -LogCmds="loginit warning, logexit warning, logdatabase error" -Unattended -WarningsAsErrors -installed
[2018.11.22-09.45.37:994][497]CompilerResultsLog: Reflection code generated for TGP_DuosEditor in 11.9575839 seconds
[2018.11.22-09.45.37:994][497]CompilerResultsLog: Building 6 actions with 8 processes...
[2018.11.22-09.45.37:994][497]CompilerResultsLog:   [1/6] TGP_Duos.init.gen.cpp
[2018.11.22-09.45.37:994][497]CompilerResultsLog:   [2/6] TGP_DuosCharacter.gen.cpp
[2018.11.22-09.45.37:994][497]CompilerResultsLog:   [3/6] TGP_DuosGameMode.cpp
[2018.11.22-09.45.37:994][497]CompilerResultsLog:   [4/6] TGP_DuosCharacter.cpp
[2018.11.22-09.45.37:994][497]CompilerResultsLog:    E:\Repos\Uni\TGP-Duos\TGP_Duos\Source\TGP_Duos\TGP_DuosCharacter.cpp(52) : error C2039: 'GetWeaponMesh': is not a member of 'UClass'
[2018.11.22-09.45.37:994][497]CompilerResultsLog:   C:\Epic\UE4\UE_4.20\Engine\Source\Runtime\CoreUObject\Public\Templates/Casts.h(348): note: see declaration of 'UClass'
[2018.11.22-09.45.37:994][497]CompilerResultsLog:    E:\Repos\Uni\TGP-Duos\TGP_Duos\Source\TGP_Duos\TGP_DuosCharacter.cpp(72) : error C2039: 'GetWeaponMesh': is not a member of 'UClass'
[2018.11.22-09.45.37:994][497]CompilerResultsLog:   C:\Epic\UE4\UE_4.20\Engine\Source\Runtime\CoreUObject\Public\Templates/Casts.h(348): note: see declaration of 'UClass'
[2018.11.22-09.45.37:994][497]CompilerResultsLog:    E:\Repos\Uni\TGP-Duos\TGP_Duos\Source\TGP_Duos\TGP_DuosCharacter.cpp(72) : error C2227: left of '->AttachToComponent' must point to class/struct/union/generic type
[2018.11.22-09.45.37:995][497]CompilerResultsLog:    E:\Repos\Uni\TGP-Duos\TGP_Duos\Source\TGP_Duos\TGP_DuosCharacter.cpp(142) : error C2039: 'Shoot': is not a member of 'UClass'
[2018.11.22-09.45.37:995][497]CompilerResultsLog:   C:\Epic\UE4\UE_4.20\Engine\Source\Runtime\CoreUObject\Public\Templates/Casts.h(348): note: see declaration of 'UClass'
[2018.11.22-09.45.37:995][497]CompilerResultsLog: ERROR: UBT ERROR: Failed to produce item: E:\Repos\Uni\TGP-Duos\TGP_Duos\Binaries\Win64\UE4Editor-TGP_Duos-4848.dll
[2018.11.22-09.45.37:995][497]CompilerResultsLog:        (see ../Programs/UnrealBuildTool/Log.txt for full exception trace)
[2018.11.22-09.45.37:995][497]CompilerResultsLog: Total build time: 18.17 seconds (Parallel executor: 0.00 seconds)
[2018.11.22-09.45.37:995][497]LogMainFrame: MainFrame: Module compiling took 18.492 seconds
[2018.11.22-09.45.37:995][497]Warning: HotReload failed, recompile failed
[2018.11.22-09.48.08:504][234]LogSlate: Window 'Message Log' being destroyed
[2018.11.22-09.48.08:507][234]LogSlate: Window 'Message Log' being destroyed
[2018.11.22-09.48.52:787][503]Cmd: DELETE
[2018.11.22-09.48.52:787][503]Cmd: ACTOR DELETE
[2018.11.22-09.48.52:789][503]LogEditorActor: Deleted Actor: Test_Spawner_BP_C
[2018.11.22-09.48.52:811][503]LogEditorActor: Deleted 1 Actors (0.024 secs)
[2018.11.22-09.52.54:610][840]Candidate modules for hot reload:
[2018.11.22-09.52.54:610][840]  TGP_Duos
[2018.11.22-09.52.54:610][840]Launching UnrealBuildTool... [C:/Epic/UE4/UE_4.20/Engine/Binaries/DotNET/UnrealBuildTool.exe  -ModuleWithSuffix=TGP_Duos,6461 Win64 Development -TargetType=Editor -Project="E:/Repos/Uni/TGP-Duos/TGP_Duos/TGP_Duos.uproject" -canskiplink "E:/Repos/Uni/TGP-Duos/TGP_Duos/TGP_Duos.uproject" ]
[2018.11.22-09.52.54:616][840]Warning: Starting HotReload took  0.0s.
[2018.11.22-09.52.59:977][453]CompilerResultsLog: New page: Compilation - 22 Nov 2018 09:52:59
[2018.11.22-09.52.59:977][453]CompilerResultsLog: Using 'git status' to determine working set for adaptive non-unity build.
[2018.11.22-09.52.59:977][453]CompilerResultsLog: Compiling game modules for hot reload
[2018.11.22-09.52.59:977][453]CompilerResultsLog: Building 3 actions with 8 processes...
[2018.11.22-09.52.59:977][453]CompilerResultsLog:   [1/3] TGP_DuosCharacter.cpp
[2018.11.22-09.52.59:977][453]CompilerResultsLog:    E:\Repos\Uni\TGP-Duos\TGP_Duos\Source\TGP_Duos\TGP_DuosCharacter.cpp(50) : error C2039: 'GetWeaponMesh': is not a member of 'UObject'
[2018.11.22-09.52.59:977][453]CompilerResultsLog:   C:\Epic\UE4\UE_4.20\Engine\Intermediate\Build\Win64\UE4Editor\Inc\Engine\GameplayStatics.generated.h(14): note: see declaration of 'UObject'
[2018.11.22-09.52.59:977][453]CompilerResultsLog:    E:\Repos\Uni\TGP-Duos\TGP_Duos\Source\TGP_Duos\TGP_DuosCharacter.cpp(70) : error C2039: 'GetWeaponMesh': is not a member of 'UClass'
[2018.11.22-09.52.59:977][453]CompilerResultsLog:   C:\Epic\UE4\UE_4.20\Engine\Source\Runtime\CoreUObject\Public\Templates/Casts.h(348): note: see declaration of 'UClass'
[2018.11.22-09.52.59:977][453]CompilerResultsLog:    E:\Repos\Uni\TGP-Duos\TGP_Duos\Source\TGP_Duos\TGP_DuosCharacter.cpp(70) : error C2227: left of '->AttachToComponent' must point to class/struct/union/generic type
[2018.11.22-09.52.59:977][453]CompilerResultsLog:    E:\Repos\Uni\TGP-Duos\TGP_Duos\Source\TGP_Duos\TGP_DuosCharacter.cpp(140) : error C2039: 'Shoot': is not a member of 'UClass'
[2018.11.22-09.52.59:977][453]CompilerResultsLog:   C:\Epic\UE4\UE_4.20\Engine\Source\Runtime\CoreUObject\Public\Templates/Casts.h(348): note: see declaration of 'UClass'
[2018.11.22-09.52.59:977][453]CompilerResultsLog: ERROR: UBT ERROR: Failed to produce item: E:\Repos\Uni\TGP-Duos\TGP_Duos\Binaries\Win64\UE4Editor-TGP_Duos-6461.dll
[2018.11.22-09.52.59:977][453]CompilerResultsLog:        (see ../Programs/UnrealBuildTool/Log.txt for full exception trace)
[2018.11.22-09.52.59:977][453]CompilerResultsLog: Total build time: 5.04 seconds (Parallel executor: 0.00 seconds)
[2018.11.22-09.52.59:977][453]LogMainFrame: MainFrame: Module compiling took 5.374 seconds
[2018.11.22-09.52.59:977][453]Warning: HotReload failed, recompile failed
[2018.11.22-09.55.32:236][553]Cmd: OBJ SAVEPACKAGE PACKAGE="/Game/Maps/Hal_Test_Level" FILE="E:/Repos/Uni/TGP-Duos/TGP_Duos/Saved/Autosaves/Game/Maps/Hal_Test_Level_Auto1.umap" SILENT=true AUTOSAVING=true KEEPDIRTY=false
[2018.11.22-09.55.32:286][553]LogSavePackage: Moving 'E:/Repos/Uni/TGP-Duos/TGP_Duos/Saved/Hal_Test_Level_Auto147E561204D6AE3342DCA43B36B07F8B6.tmp' to 'E:/Repos/Uni/TGP-Duos/TGP_Duos/Saved/Autosaves/Game/Maps/Hal_Test_Level_Auto1.umap'
[2018.11.22-09.55.32:291][553]LogFileHelpers: Editor autosave (incl. sublevels) for '/Game/Maps/Hal_Test_Level' took 0.087
[2018.11.22-09.55.32:291][553]LogFileHelpers: Editor autosave (incl. sublevels) for all levels took 0.087
[2018.11.22-09.57.06:396][201]Candidate modules for hot reload:
[2018.11.22-09.57.06:396][201]  TGP_Duos
[2018.11.22-09.57.06:396][201]Launching UnrealBuildTool... [C:/Epic/UE4/UE_4.20/Engine/Binaries/DotNET/UnrealBuildTool.exe  -ModuleWithSuffix=TGP_Duos,5868 Win64 Development -TargetType=Editor -Project="E:/Repos/Uni/TGP-Duos/TGP_Duos/TGP_Duos.uproject" -canskiplink "E:/Repos/Uni/TGP-Duos/TGP_Duos/TGP_Duos.uproject" ]
[2018.11.22-09.57.06:402][201]Warning: Starting HotReload took  0.0s.
[2018.11.22-09.57.12:553][371]CompilerResultsLog: New page: Compilation - 22 Nov 2018 09:57:12
[2018.11.22-09.57.12:553][371]CompilerResultsLog: Using 'git status' to determine working set for adaptive non-unity build.
[2018.11.22-09.57.12:553][371]CompilerResultsLog: Compiling game modules for hot reload
[2018.11.22-09.57.12:553][371]CompilerResultsLog: Building 3 actions with 8 processes...
[2018.11.22-09.57.12:553][371]CompilerResultsLog:   [1/3] TGP_DuosCharacter.cpp
[2018.11.22-09.57.12:553][371]CompilerResultsLog:    E:\Repos\Uni\TGP-Duos\TGP_Duos\Source\TGP_Duos\TGP_DuosCharacter.cpp(50) : error C2039: 'GetWeaponMesh': is not a member of 'UObject'
[2018.11.22-09.57.12:553][371]CompilerResultsLog:   C:\Epic\UE4\UE_4.20\Engine\Intermediate\Build\Win64\UE4Editor\Inc\Engine\GameplayStatics.generated.h(14): note: see declaration of 'UObject'
[2018.11.22-09.57.12:553][371]CompilerResultsLog:    E:\Repos\Uni\TGP-Duos\TGP_Duos\Source\TGP_Duos\TGP_DuosCharacter.cpp(70) : error C2039: 'GetWeaponMesh': is not a member of 'UClass'
[2018.11.22-09.57.12:553][371]CompilerResultsLog:   C:\Epic\UE4\UE_4.20\Engine\Source\Runtime\CoreUObject\Public\Templates/Casts.h(348): note: see declaration of 'UClass'
[2018.11.22-09.57.12:553][371]CompilerResultsLog:    E:\Repos\Uni\TGP-Duos\TGP_Duos\Source\TGP_Duos\TGP_DuosCharacter.cpp(70) : error C2227: left of '->AttachToComponent' must point to class/struct/union/generic type
[2018.11.22-09.57.12:554][371]CompilerResultsLog:    E:\Repos\Uni\TGP-Duos\TGP_Duos\Source\TGP_Duos\TGP_DuosCharacter.cpp(140) : error C2039: 'Shoot': is not a member of 'UClass'
[2018.11.22-09.57.12:554][371]CompilerResultsLog:   C:\Epic\UE4\UE_4.20\Engine\Source\Runtime\CoreUObject\Public\Templates/Casts.h(348): note: see declaration of 'UClass'
[2018.11.22-09.57.12:554][371]CompilerResultsLog: ERROR: UBT ERROR: Failed to produce item: E:\Repos\Uni\TGP-Duos\TGP_Duos\Binaries\Win64\UE4Editor-TGP_Duos-5868.dll
[2018.11.22-09.57.12:554][371]CompilerResultsLog:        (see ../Programs/UnrealBuildTool/Log.txt for full exception trace)
[2018.11.22-09.57.12:554][371]CompilerResultsLog: Total build time: 5.66 seconds (Parallel executor: 0.00 seconds)
[2018.11.22-09.57.12:554][371]LogMainFrame: MainFrame: Module compiling took 6.166 seconds
[2018.11.22-09.57.12:554][371]Warning: HotReload failed, recompile failed
[2018.11.22-09.59.02:192][945]Candidate modules for hot reload:
[2018.11.22-09.59.02:192][945]  TGP_Duos
[2018.11.22-09.59.02:192][945]Launching UnrealBuildTool... [C:/Epic/UE4/UE_4.20/Engine/Binaries/DotNET/UnrealBuildTool.exe  -ModuleWithSuffix=TGP_Duos,4476 Win64 Development -TargetType=Editor -Project="E:/Repos/Uni/TGP-Duos/TGP_Duos/TGP_Duos.uproject" -canskiplink "E:/Repos/Uni/TGP-Duos/TGP_Duos/TGP_Duos.uproject" ]
[2018.11.22-09.59.02:198][945]Warning: Starting HotReload took  0.0s.
[2018.11.22-09.59.07:726][551]CompilerResultsLog: New page: Compilation - 22 Nov 2018 09:59:07
[2018.11.22-09.59.07:726][551]CompilerResultsLog: Using 'git status' to determine working set for adaptive non-unity build.
[2018.11.22-09.59.07:726][551]CompilerResultsLog: Compiling game modules for hot reload
[2018.11.22-09.59.07:726][551]CompilerResultsLog: Building 3 actions with 8 processes...
[2018.11.22-09.59.07:726][551]CompilerResultsLog:   [1/3] TGP_DuosCharacter.cpp
[2018.11.22-09.59.07:726][551]CompilerResultsLog:    E:\Repos\Uni\TGP-Duos\TGP_Duos\Source\TGP_Duos\TGP_DuosCharacter.cpp(70) : error C2039: 'GetWeaponMesh': is not a member of 'UClass'
[2018.11.22-09.59.07:726][551]CompilerResultsLog:   C:\Epic\UE4\UE_4.20\Engine\Source\Runtime\CoreUObject\Public\Templates/Casts.h(348): note: see declaration of 'UClass'
[2018.11.22-09.59.07:726][551]CompilerResultsLog:    E:\Repos\Uni\TGP-Duos\TGP_Duos\Source\TGP_Duos\TGP_DuosCharacter.cpp(70) : error C2227: left of '->AttachToComponent' must point to class/struct/union/generic type
[2018.11.22-09.59.07:726][551]CompilerResultsLog:    E:\Repos\Uni\TGP-Duos\TGP_Duos\Source\TGP_Duos\TGP_DuosCharacter.cpp(140) : error C2039: 'Shoot': is not a member of 'UClass'
[2018.11.22-09.59.07:726][551]CompilerResultsLog:   C:\Epic\UE4\UE_4.20\Engine\Source\Runtime\CoreUObject\Public\Templates/Casts.h(348): note: see declaration of 'UClass'
[2018.11.22-09.59.07:726][551]CompilerResultsLog: ERROR: UBT ERROR: Failed to produce item: E:\Repos\Uni\TGP-Duos\TGP_Duos\Binaries\Win64\UE4Editor-TGP_Duos-4476.dll
[2018.11.22-09.59.07:726][551]CompilerResultsLog:        (see ../Programs/UnrealBuildTool/Log.txt for full exception trace)
[2018.11.22-09.59.07:726][551]CompilerResultsLog: Total build time: 5.22 seconds (Parallel executor: 0.00 seconds)
[2018.11.22-09.59.07:726][551]LogMainFrame: MainFrame: Module compiling took 5.541 seconds
[2018.11.22-09.59.07:726][551]Warning: HotReload failed, recompile failed
[2018.11.22-10.00.11:096][815]LogSlate: Window 'Message Log' being destroyed
[2018.11.22-10.00.11:099][815]LogSlate: Window 'Message Log' being destroyed
[2018.11.22-10.00.37:023][990]Candidate modules for hot reload:
[2018.11.22-10.00.37:023][990]  TGP_Duos
[2018.11.22-10.00.37:023][990]Launching UnrealBuildTool... [C:/Epic/UE4/UE_4.20/Engine/Binaries/DotNET/UnrealBuildTool.exe  -ModuleWithSuffix=TGP_Duos,6294 Win64 Development -TargetType=Editor -Project="E:/Repos/Uni/TGP-Duos/TGP_Duos/TGP_Duos.uproject" -canskiplink "E:/Repos/Uni/TGP-Duos/TGP_Duos/TGP_Duos.uproject" ]
[2018.11.22-10.00.37:031][990]Warning: Starting HotReload took  0.1s.
[2018.11.22-10.00.43:849][ 22]CompilerResultsLog: New page: Compilation - 22 Nov 2018 10:00:43
[2018.11.22-10.00.43:849][ 22]CompilerResultsLog: Using 'git status' to determine working set for adaptive non-unity build.
[2018.11.22-10.00.43:849][ 22]CompilerResultsLog: Compiling game modules for hot reload
[2018.11.22-10.00.43:849][ 22]CompilerResultsLog: Building 3 actions with 8 processes...
[2018.11.22-10.00.43:849][ 22]CompilerResultsLog:   [1/3] TGP_DuosCharacter.cpp
[2018.11.22-10.00.43:849][ 22]CompilerResultsLog:    E:\Repos\Uni\TGP-Duos\TGP_Duos\Source\TGP_Duos\TGP_DuosCharacter.cpp(141) : error C2039: 'Shoot': is not a member of 'UClass'
[2018.11.22-10.00.43:849][ 22]CompilerResultsLog:   C:\Epic\UE4\UE_4.20\Engine\Source\Runtime\CoreUObject\Public\Templates/Casts.h(348): note: see declaration of 'UClass'
[2018.11.22-10.00.43:849][ 22]CompilerResultsLog: ERROR: UBT ERROR: Failed to produce item: E:\Repos\Uni\TGP-Duos\TGP_Duos\Binaries\Win64\UE4Editor-TGP_Duos-6294.dll
[2018.11.22-10.00.43:849][ 22]CompilerResultsLog:        (see ../Programs/UnrealBuildTool/Log.txt for full exception trace)
[2018.11.22-10.00.43:849][ 22]CompilerResultsLog: Total build time: 6.38 seconds (Parallel executor: 0.00 seconds)
[2018.11.22-10.00.43:849][ 22]LogMainFrame: MainFrame: Module compiling took 6.843 seconds
[2018.11.22-10.00.43:850][ 22]Warning: HotReload failed, recompile failed
[2018.11.22-10.01.05:227][ 90]LogSlate: Window 'Message Log' being destroyed
[2018.11.22-10.01.05:230][ 90]LogSlate: Window 'Message Log' being destroyed
[2018.11.22-10.03.47:336][601]Candidate modules for hot reload:
[2018.11.22-10.03.47:336][601]  TGP_Duos
[2018.11.22-10.03.47:336][601]Launching UnrealBuildTool... [C:/Epic/UE4/UE_4.20/Engine/Binaries/DotNET/UnrealBuildTool.exe  -ModuleWithSuffix=TGP_Duos,2232 Win64 Development -TargetType=Editor -Project="E:/Repos/Uni/TGP-Duos/TGP_Duos/TGP_Duos.uproject" -canskiplink "E:/Repos/Uni/TGP-Duos/TGP_Duos/TGP_Duos.uproject" ]
[2018.11.22-10.03.47:341][601]Warning: Starting HotReload took  0.0s.
[2018.11.22-10.03.52:748][214]CompilerResultsLog: New page: Compilation - 22 Nov 2018 10:03:52
[2018.11.22-10.03.52:748][214]CompilerResultsLog: Using 'git status' to determine working set for adaptive non-unity build.
[2018.11.22-10.03.52:748][214]CompilerResultsLog: Compiling game modules for hot reload
[2018.11.22-10.03.52:748][214]CompilerResultsLog: Building 3 actions with 8 processes...
[2018.11.22-10.03.52:748][214]CompilerResultsLog:   [1/3] TGP_DuosCharacter.cpp
[2018.11.22-10.03.52:748][214]CompilerResultsLog:    E:\Repos\Uni\TGP-Duos\TGP_Duos\Source\TGP_Duos\TGP_DuosCharacter.cpp(71) : error C2039: 'GetWeaponMesh': is not a member of 'UClass'
[2018.11.22-10.03.52:748][214]CompilerResultsLog:   C:\Epic\UE4\UE_4.20\Engine\Source\Runtime\CoreUObject\Public\Templates/Casts.h(348): note: see declaration of 'UClass'
[2018.11.22-10.03.52:748][214]CompilerResultsLog:    E:\Repos\Uni\TGP-Duos\TGP_Duos\Source\TGP_Duos\TGP_DuosCharacter.cpp(71) : error C2227: left of '->AttachToComponent' must point to class/struct/union/generic type
[2018.11.22-10.03.52:748][214]CompilerResultsLog:    E:\Repos\Uni\TGP-Duos\TGP_Duos\Source\TGP_Duos\TGP_DuosCharacter.cpp(141) : error C2039: 'Shoot': is not a member of 'UClass'
[2018.11.22-10.03.52:748][214]CompilerResultsLog:   C:\Epic\UE4\UE_4.20\Engine\Source\Runtime\CoreUObject\Public\Templates/Casts.h(348): note: see declaration of 'UClass'
[2018.11.22-10.03.52:748][214]CompilerResultsLog: ERROR: UBT ERROR: Failed to produce item: E:\Repos\Uni\TGP-Duos\TGP_Duos\Binaries\Win64\UE4Editor-TGP_Duos-2232.dll
[2018.11.22-10.03.52:748][214]CompilerResultsLog:        (see ../Programs/UnrealBuildTool/Log.txt for full exception trace)
[2018.11.22-10.03.52:748][214]CompilerResultsLog: Total build time: 5.11 seconds (Parallel executor: 0.00 seconds)
[2018.11.22-10.03.52:748][214]LogMainFrame: MainFrame: Module compiling took 5.419 seconds
[2018.11.22-10.03.52:748][214]Warning: HotReload failed, recompile failed
[2018.11.22-10.04.56:235][901]Candidate modules for hot reload:
[2018.11.22-10.04.56:236][901]  TGP_Duos
[2018.11.22-10.04.56:236][901]Launching UnrealBuildTool... [C:/Epic/UE4/UE_4.20/Engine/Binaries/DotNET/UnrealBuildTool.exe  -ModuleWithSuffix=TGP_Duos,6612 Win64 Development -TargetType=Editor -Project="E:/Repos/Uni/TGP-Duos/TGP_Duos/TGP_Duos.uproject" -canskiplink "E:/Repos/Uni/TGP-Duos/TGP_Duos/TGP_Duos.uproject" ]
[2018.11.22-10.04.56:241][901]Warning: Starting HotReload took  0.0s.
[2018.11.22-10.05.03:450][703]CompilerResultsLog: New page: Compilation - 22 Nov 2018 10:05:03
[2018.11.22-10.05.03:450][703]CompilerResultsLog: Using 'git status' to determine working set for adaptive non-unity build.
[2018.11.22-10.05.03:450][703]CompilerResultsLog: Compiling game modules for hot reload
[2018.11.22-10.05.03:450][703]CompilerResultsLog: Building 3 actions with 8 processes...
[2018.11.22-10.05.03:450][703]CompilerResultsLog:   [1/3] TGP_DuosCharacter.cpp
[2018.11.22-10.05.03:450][703]CompilerResultsLog:   [2/3] UE4Editor-TGP_Duos-6612.lib
[2018.11.22-10.05.03:450][703]CompilerResultsLog:      Creating library E:\Repos\Uni\TGP-Duos\TGP_Duos\Intermediate\Build\Win64\UE4Editor\Development\TGP_Duos\UE4Editor-TGP_Duos-6612.lib and object E:\Repos\Uni\TGP-Duos\TGP_Duos\Intermediate\Build\Win64\UE4Editor\Development\TGP_Duos\UE4Editor-TGP_Duos-6612.exp
[2018.11.22-10.05.03:450][703]CompilerResultsLog:   [3/3] UE4Editor-TGP_Duos-6612.dll
[2018.11.22-10.05.03:450][703]CompilerResultsLog:      Creating library E:\Repos\Uni\TGP-Duos\TGP_Duos\Intermediate\Build\Win64\UE4Editor\Development\TGP_Duos\UE4Editor-TGP_Duos-6612.suppressed.lib and object E:\Repos\Uni\TGP-Duos\TGP_Duos\Intermediate\Build\Win64\UE4Editor\Development\TGP_Duos\UE4Editor-TGP_Duos-6612.suppressed.exp
[2018.11.22-10.05.03:450][703]CompilerResultsLog: Total build time: 6.91 seconds (Parallel executor: 3.53 seconds)
[2018.11.22-10.05.03:450][703]LogMainFrame: MainFrame: Module compiling took 7.221 seconds
[2018.11.22-10.05.03:491][703]LogClass: Could not find existing class TGP_DuosCharacter in package /Script/TGP_Duos for HotReload, assuming new class
[2018.11.22-10.05.03:499][703]LogHotReload: Re-instancing TGP_DuosCharacter after hot-reload.
[2018.11.22-10.05.03:606][703]LogContentBrowser: Native class hierarchy updated for 'TGP_Duos' in 0.0005 seconds. Added 6 classes and 3 folders.
[2018.11.22-10.05.03:608][703]Display: HotReload successful (1 functions remapped  0 scriptstructs remapped)
[2018.11.22-10.05.03:774][703]LogContentBrowser: Native class hierarchy populated in 0.0093 seconds. Added 2579 classes and 608 folders.
[2018.11.22-10.05.03:775][703]Display: HotReload took  7.6s.
[2018.11.22-10.05.14:995][ 23]LogTemp: Repeating last play command: Selected Viewport
[2018.11.22-10.05.15:014][ 23]LogPlayLevel: PlayLevel: No blueprints needed recompiling
[2018.11.22-10.05.15:026][ 23]PIE: New page: PIE session: Hal_Test_Level (22 Nov 2018 10:05:15)
[2018.11.22-10.05.15:026][ 23]LogPlayLevel: Creating play world package: /Game/Maps/UEDPIE_0_Hal_Test_Level
[2018.11.22-10.05.15:027][ 23]LogPlayLevel: PIE: StaticDuplicateObject took: (0.001051s)
[2018.11.22-10.05.15:028][ 23]LogAIModule: Creating AISystem for world Hal_Test_Level
[2018.11.22-10.05.15:028][ 23]LogPlayLevel: PIE: World Init took: (0.000738s)
[2018.11.22-10.05.15:028][ 23]LogPlayLevel: PIE: Created PIE world by copying editor world from /Game/Maps/Hal_Test_Level.Hal_Test_Level to /Game/Maps/UEDPIE_0_Hal_Test_Level.Hal_Test_Level (0.001906s)
[2018.11.22-10.05.15:057][ 23]LogInit: XAudio2 using 'Speakers (Realtek High Definition Audio)' : 2 channels at 48 kHz using 32 bits per sample (channel mask 0x3)
[2018.11.22-10.05.15:072][ 23]LogInit: FAudioDevice initialized.
[2018.11.22-10.05.15:114][ 23]LogLoad: Game class is 'TGP_DuosGameMode'
[2018.11.22-10.05.15:115][ 23]LogWorld: Bringing World /Game/Maps/UEDPIE_0_Hal_Test_Level.Hal_Test_Level up for play (max tick rate 0) at 2018.11.22-10.05.15
[2018.11.22-10.05.15:116][ 23]LogWorld: Bringing up level for play took: 0.000728
[2018.11.22-10.05.15:260][ 23]LogContentBrowser: Native class hierarchy updated for 'MovieSceneCapture' in 0.0016 seconds. Added 10 classes and 0 folders.
[2018.11.22-10.05.18:015][ 23]LogWindows: Error: === Critical error: ===
[2018.11.22-10.05.18:015][ 23]LogWindows: Error: 
[2018.11.22-10.05.18:015][ 23]LogWindows: Error: Fatal error!
[2018.11.22-10.05.18:015][ 23]LogWindows: Error: 
[2018.11.22-10.05.18:015][ 23]LogWindows: Error: Unhandled Exception: EXCEPTION_ACCESS_VIOLATION reading address 0x00000100
[2018.11.22-10.05.18:015][ 23]LogWindows: Error: 
[2018.11.22-10.05.18:015][ 23]LogWindows: Error: [Callstack] 0x00007ff8b04ae696 UE4Editor-CoreUObject.dll!UnknownFunction []
[2018.11.22-10.05.18:015][ 23]LogWindows: Error: [Callstack] 0x00007ff8e168239e UE4Editor-TGP_Duos-6612.dll!UClass::GetDefaultObject<ABase_Weapon>() [c:\epic\ue4\ue_4.20\engine\source\runtime\coreuobject\public\uobject\class.h:2420]
[2018.11.22-10.05.18:015][ 23]LogWindows: Error: [Callstack] 0x00007ff8e1682f2d UE4Editor-TGP_Duos-6612.dll!ATGP_DuosCharacter::BeginPlay() [e:\repos\uni\tgp-duos\tgp_duos\source\tgp_duos\tgp_duoscharacter.cpp:68]
[2018.11.22-10.05.18:015][ 23]LogWindows: Error: [Callstack] 0x00007ff89b7aa752 UE4Editor-Engine.dll!UnknownFunction []
[2018.11.22-10.05.18:015][ 23]LogWindows: Error: [Callstack] 0x00007ff89cb05119 UE4Editor-Engine.dll!UnknownFunction []
[2018.11.22-10.05.18:015][ 23]LogWindows: Error: [Callstack] 0x00007ff89bec3d51 UE4Editor-Engine.dll!UnknownFunction []
[2018.11.22-10.05.18:015][ 23]LogWindows: Error: [Callstack] 0x00007ff89cae93be UE4Editor-Engine.dll!UnknownFunction []
[2018.11.22-10.05.18:015][ 23]LogWindows: Error: [Callstack] 0x00007ff89bee1fed UE4Editor-Engine.dll!UnknownFunction []
[2018.11.22-10.05.18:016][ 23]LogWindows: Error: [Callstack] 0x00007ff8aaa4f989 UE4Editor-UnrealEd.dll!UnknownFunction []
[2018.11.22-10.05.18:016][ 23]LogWindows: Error: [Callstack] 0x00007ff8aaa701ac UE4Editor-UnrealEd.dll!UnknownFunction []
[2018.11.22-10.05.18:016][ 23]LogWindows: Error: [Callstack] 0x00007ff8aaa8e536 UE4Editor-UnrealEd.dll!UnknownFunction []
[2018.11.22-10.05.18:016][ 23]LogWindows: Error: [Callstack] 0x00007ff8aa4a6b41 UE4Editor-UnrealEd.dll!UnknownFunction []
[2018.11.22-10.05.18:016][ 23]LogWindows: Error: [Callstack] 0x00007ff8aad9f666 UE4Editor-UnrealEd.dll!UnknownFunction []
[2018.11.22-10.05.18:016][ 23]LogWindows: Error: [Callstack] 0x00007ff706cf5cbd UE4Editor.exe!UnknownFunction []
[2018.11.22-10.05.18:016][ 23]LogWindows: Error: [Callstack] 0x00007ff706d05b3c UE4Editor.exe!UnknownFunction []
[2018.11.22-10.05.18:016][ 23]LogWindows: Error: [Callstack] 0x00007ff706d05bba UE4Editor.exe!UnknownFunction []
[2018.11.22-10.05.18:016][ 23]LogWindows: Error: [Callstack] 0x00007ff706d13dac UE4Editor.exe!UnknownFunction []
[2018.11.22-10.05.18:016][ 23]LogWindows: Error: [Callstack] 0x00007ff706d15aaa UE4Editor.exe!UnknownFunction []
[2018.11.22-10.05.18:016][ 23]LogWindows: Error: [Callstack] 0x00007ff8ecbd3034 KERNEL32.DLL!UnknownFunction []
[2018.11.22-10.05.18:016][ 23]LogWindows: Error: [Callstack] 0x00007ff8ef021471 ntdll.dll!UnknownFunction []
[2018.11.22-10.05.18:016][ 23]LogWindows: Error: 
[2018.11.22-10.05.18:053][ 23]LogExit: Executing StaticShutdownAfterError
[2018.11.22-10.05.18:058][ 23]LogWindows: FPlatformMisc::RequestExit(1)
[2018.11.22-10.05.18:060][ 23]Log file closed, 11/22/18 10:05:18
