Log file open, 01/05/19 02:54:07
LogWindows: Failed to load 'aqProf.dll' (GetLastError=126)
LogWindows: File 'aqProf.dll' does not exist
LogWindows: Failed to load 'VSPerf140.dll' (GetLastError=126)
LogWindows: File 'VSPerf140.dll' does not exist
LogWindows: Failed to load 'VtuneApi.dll' (GetLastError=126)
LogWindows: File 'VtuneApi.dll' does not exist
LogWindows: Failed to load 'VtuneApi32e.dll' (GetLastError=126)
LogWindows: File 'VtuneApi32e.dll' does not exist
LogInit: Display: Running engine for game: TGP_Duos
LogPlatformFile: Not using cached read wrapper
LogTaskGraph: Started task graph with 5 named threads and 14 total threads with 3 sets of task threads.
LogStats: Stats thread started at 0.321040
LogD3D11RHI: Loaded GFSDK_Aftermath_Lib.x64.dll
LogICUInternationalization: Display: ICU TimeZone Detection - Raw Offset: +0:00, Platform Override: ''
LogPluginManager: Mounting plugin Paper2D
LogPluginManager: Mounting plugin AISupport
LogPluginManager: Mounting plugin LightPropagationVolume
LogPluginManager: Mounting plugin CLionSourceCodeAccess
LogPluginManager: Mounting plugin CodeLiteSourceCodeAccess
LogPluginManager: Mounting plugin GitSourceControl
LogPluginManager: Mounting plugin KDevelopSourceCodeAccess
LogPluginManager: Mounting plugin NullSourceCodeAccess
LogPluginManager: Mounting plugin PerforceSourceControl
LogPluginManager: Mounting plugin SubversionSourceControl
LogPluginManager: Mounting plugin UObjectPlugin
LogPluginManager: Mounting plugin VisualStudioCodeSourceCodeAccess
LogPluginManager: Mounting plugin VisualStudioSourceCodeAccess
LogPluginManager: Mounting plugin XCodeSourceCodeAccess
LogPluginManager: Mounting plugin AssetManagerEditor
LogPluginManager: Mounting plugin CryptoKeys
LogPluginManager: Mounting plugin DataValidation
LogPluginManager: Mounting plugin FacialAnimation
LogPluginManager: Mounting plugin GameplayTagsEditor
LogPluginManager: Mounting plugin MacGraphicsSwitching
LogPluginManager: Mounting plugin MeshEditor
LogPluginManager: Mounting plugin MobileLauncherProfileWizard
LogPluginManager: Mounting plugin PluginBrowser
LogPluginManager: Mounting plugin SpeedTreeImporter
LogPluginManager: Mounting plugin DatasmithContent
LogPluginManager: Mounting plugin AlembicImporter
LogPluginManager: Mounting plugin AppleImageUtils
LogPluginManager: Mounting plugin AppleVision
LogPluginManager: Mounting plugin BackChannel
LogPluginManager: Mounting plugin CharacterAI
LogPluginManager: Mounting plugin GeometryCache
LogPluginManager: Mounting plugin HTML5Networking
LogPluginManager: Mounting plugin ProxyLODPlugin
LogPluginManager: Mounting plugin MagicLeap
LogPluginManager: Mounting plugin MagicLeapEmulator
LogPluginManager: Mounting plugin MagicLeapMedia
LogPluginManager: Mounting plugin AndroidMedia
LogPluginManager: Mounting plugin AvfMedia
LogPluginManager: Mounting plugin ImgMedia
LogPluginManager: Mounting plugin LinearTimecode
LogPluginManager: Mounting plugin MediaCompositing
LogPluginManager: Mounting plugin MediaPlayerEditor
LogPluginManager: Mounting plugin WmfMedia
LogPluginManager: Mounting plugin TcpMessaging
LogPluginManager: Mounting plugin UdpMessaging
LogPluginManager: Mounting plugin ActorSequence
LogPluginManager: Mounting plugin LevelSequenceEditor
LogPluginManager: Mounting plugin MatineeToLevelSequence
LogPluginManager: Mounting plugin NetcodeUnitTest
LogPluginManager: Mounting plugin NUTUnrealEngine4
LogPluginManager: Mounting plugin OnlineSubsystemGooglePlay
LogPluginManager: Mounting plugin OnlineSubsystemIOS
LogPluginManager: Mounting plugin OnlineSubsystem
LogPluginManager: Mounting plugin OnlineSubsystemNull
LogPluginManager: Mounting plugin OnlineSubsystemUtils
LogPluginManager: Mounting plugin LauncherChunkInstaller
LogPluginManager: Mounting plugin AndroidDeviceProfileSelector
LogPluginManager: Mounting plugin AndroidMoviePlayer
LogPluginManager: Mounting plugin AndroidPermission
LogPluginManager: Mounting plugin AppleMoviePlayer
LogPluginManager: Mounting plugin ArchVisCharacter
LogPluginManager: Mounting plugin AudioCapture
LogPluginManager: Mounting plugin CableComponent
LogPluginManager: Mounting plugin CustomMeshComponent
LogPluginManager: Mounting plugin EditableMesh
LogPluginManager: Mounting plugin ExampleDeviceProfileSelector
LogPluginManager: Mounting plugin GoogleCloudMessaging
LogPluginManager: Mounting plugin ImmediatePhysics
LogPluginManager: Mounting plugin IOSDeviceProfileSelector
LogPluginManager: Mounting plugin LinuxDeviceProfileSelector
LogPluginManager: Mounting plugin LocationServicesBPLibrary
LogPluginManager: Mounting plugin MobilePatchingUtils
LogPluginManager: Mounting plugin OculusVR
LogPluginManager: Plugin shader directory ../../../Engine/Plugins/Runtime/Oculus/OculusVR/Shaders found
LogPluginManager: Mapping shader source directory ../../../Engine/Plugins/Runtime/Oculus/OculusVR/Shaders to virtual directory /Plugin/OculusVR
LogPluginManager: Mounting plugin PhysXVehicles
LogPluginManager: Mounting plugin ProceduralMeshComponent
LogPluginManager: Mounting plugin RuntimePhysXCooking
LogPluginManager: Mounting plugin SteamVR
LogPluginManager: Mounting plugin WindowsMoviePlayer
LogStreaming: Display: Took  0.185s to configure plugins.
LogInit: Using libcurl 7.55.1-DEV
LogInit:  - built for x86_64-pc-win32
LogInit:  - supports SSL with OpenSSL/1.0.2h
LogInit:  - supports HTTP deflate (compression) using libz 1.2.8
LogInit:  - other features:
LogInit:      CURL_VERSION_SSL
LogInit:      CURL_VERSION_LIBZ
LogInit:      CURL_VERSION_IPV6
LogInit:      CURL_VERSION_ASYNCHDNS
LogInit:      CURL_VERSION_LARGEFILE
LogInit:      CURL_VERSION_IDN
LogInit:  CurlRequestOptions (configurable via config and command line):
LogInit:  - bVerifyPeer = false  - Libcurl will NOT verify peer certificate
LogInit:  - bUseHttpProxy = false  - Libcurl will NOT use HTTP proxy
LogInit:  - bDontReuseConnections = false  - Libcurl will reuse connections
LogInit:  - CertBundlePath = nullptr  - Libcurl will use whatever was configured at build time.
LogInit:  - MaxHostConnections = 16  - Libcurl will limit the number of connections to a host
LogInit:  - LocalHostAddr = Default
LogInit:  - BufferSize = 65536
LogInit: WinSock: version 1.1 (2.2), MaxSocks=32767, MaxUdp=65467
LogInit: Build: ++UE4+Release-4.20-CL-4369336
LogInit: Engine Version: 4.20.3-4369336+++UE4+Release-4.20
LogInit: Compatible Engine Version: 4.20.0-4212847+++UE4+Release-4.20
LogInit: Net CL: 4212847
LogInit: OS: Windows 10 (), CPU: Intel(R) Core(TM) i5-4460  CPU @ 3.20GHz, GPU: NVIDIA GeForce GTX 1060 6GB
LogInit: Compiled (64-bit): Sep 17 2018 12:26:19
LogInit: Compiled with Visual C++: 19.13.26129.00
LogInit: Build Configuration: Development
LogInit: Branch Name: ++UE4+Release-4.20
LogInit: Command Line:  -skipcompile
LogInit: Base Directory: C:/Program Files/Epic Games/UE_4.20/Engine/Binaries/Win64/
LogInit: Installed Engine Build: 1
LogDevObjectVersion: Number of dev versions registered: 20
LogDevObjectVersion:   Dev-Blueprints (B0D832E4-1F89-4F0D-ACCF-7EB736FD4AA2): 10
LogDevObjectVersion:   Dev-Build (E1C64328-A22C-4D53-A36C-8E866417BD8C): 0
LogDevObjectVersion:   Dev-Core (375EC13C-06E4-48FB-B500-84F0262A717E): 2
LogDevObjectVersion:   Dev-Editor (E4B068ED-F494-42E9-A231-DA0B2E46BB41): 24
LogDevObjectVersion:   Dev-Framework (CFFC743F-43B0-4480-9391-14DF171D2073): 34
LogDevObjectVersion:   Dev-Mobile (B02B49B5-BB20-44E9-A304-32B752E40360): 2
LogDevObjectVersion:   Dev-Networking (A4E4105C-59A1-49B5-A7C5-40C4547EDFEE): 0
LogDevObjectVersion:   Dev-Online (39C831C9-5AE6-47DC-9A44-9C173E1C8E7C): 0
LogDevObjectVersion:   Dev-Physics (78F01B33-EBEA-4F98-B9B4-84EACCB95AA2): 0
LogDevObjectVersion:   Dev-Platform (6631380F-2D4D-43E0-8009-CF276956A95A): 0
LogDevObjectVersion:   Dev-Rendering (12F88B9F-8875-4AFC-A67C-D90C383ABD29): 26
LogDevObjectVersion:   Dev-Sequencer (7B5AE74C-D270-4C10-A958-57980B212A5A): 9
LogDevObjectVersion:   Dev-VR (D7296918-1DD6-4BDD-9DE2-64A83CC13884): 2
LogDevObjectVersion:   Dev-LoadTimes (C2A15278-BFE7-4AFE-6C17-90FF531DF755): 1
LogDevObjectVersion:   Private-Geometry (6EACA3D4-40EC-4CC1-B786-8BED09428FC5): 3
LogDevObjectVersion:   Dev-AnimPhys (29E575DD-E0A3-4627-9D10-D276232CDCEA): 17
LogDevObjectVersion:   Dev-ReflectionCapture (6B266CEC-1EC7-4B8F-A30B-E4D90942FC07): 1
LogDevObjectVersion:   Dev-Automation (0DF73D61-A23F-47EA-B727-89E90C41499A): 1
LogDevObjectVersion:   FortniteMain (601D1886-AC64-4F84-AA16-D3DE0DEAC7D6): 12
LogDevObjectVersion:   Dev-Enterprise (9DFFBCD6-494F-0158-E221-12823C92A888): 1
LogStreaming: Display: Took  0.006s to delete old logs.
LogInit: Presizing for max 8388607 objects, including 0 objects not considered by GC, pre-allocating 0 bytes for permanent pool.
LogInit: Object subsystem initialized
[2019.01.05-02.54.07:746][  0]LogInit: Selected Device Profile: [Windows]
[2019.01.05-02.54.07:746][  0]LogInit: Applying CVar settings loaded from the selected device profile: [Windows]
[2019.01.05-02.54.07:767][  0]LogHAL: Display: Platform has ~ 12 GB [12738658304 / 17179869184 / 12], which maps to Larger [LargestMinGB=32, LargerMinGB=12, DefaultMinGB=8, SmallerMinGB=6, SmallestMinGB=0)
[2019.01.05-02.54.07:767][  0]LogInit: Setting Device Profile CVar: [[r.Vulkan.UseRealUBs:1]]
[2019.01.05-02.54.07:767][  0]LogInit: Going up to parent DeviceProfile []
[2019.01.05-02.54.07:773][  0]LogInit: Computer: DESKTOP-HAL-02
[2019.01.05-02.54.07:773][  0]LogInit: User: ryem
[2019.01.05-02.54.07:773][  0]LogInit: CPU Page size=4096, Cores=4
[2019.01.05-02.54.07:773][  0]LogInit: High frequency timer resolution =3.124998 MHz
[2019.01.05-02.54.07:774][  0]LogMemory: Memory total: Physical=11.9GB (12GB approx)
[2019.01.05-02.54.07:774][  0]LogMemory: Platform Memory Stats for Windows
[2019.01.05-02.54.07:774][  0]LogMemory: Process Physical Memory: 102.10 MB used, 102.10 MB peak
[2019.01.05-02.54.07:774][  0]LogMemory: Process Virtual Memory: 96.16 MB used, 96.16 MB peak
[2019.01.05-02.54.07:774][  0]LogMemory: Physical Memory: 7017.23 MB used,  5131.30 MB free, 12148.53 MB total
[2019.01.05-02.54.07:774][  0]LogMemory: Virtual Memory: 4632.54 MB used,  5131.30 MB free, 134217728.00 MB total
[2019.01.05-02.54.07:979][  0]LogInit: Using OS detected language (en-GB).
[2019.01.05-02.54.07:979][  0]LogInit: Using OS detected locale (en-GB).
[2019.01.05-02.54.07:981][  0]LogTextLocalizationManager: No specific localization for 'en-GB' exists, so the 'en' localization will be used.
[2019.01.05-02.54.08:481][  0]LogStreaming: Display: Took  0.502s to InitEngineTextLocalization.
[2019.01.05-02.54.08:481][  0]LogInit: Setting process to per monitor DPI aware
[2019.01.05-02.54.08:568][  0]LogSlate: New Slate User Created.  User Index 0, Is Virtual User: 0
[2019.01.05-02.54.08:568][  0]LogSlate: Slate User Registered.  User Index 0, Is Virtual User: 0
[2019.01.05-02.54.11:392][  0]LogHMD: Failed to initialize OpenVR with code 110
[2019.01.05-02.54.11:392][  0]LogD3D11RHI: D3D11 adapters:
[2019.01.05-02.54.11:496][  0]LogD3D11RHI:    0. 'NVIDIA GeForce GTX 1060 6GB' (Feature Level 11_0)
[2019.01.05-02.54.11:496][  0]LogD3D11RHI:       6052/0/6074 MB DedicatedVideo/DedicatedSystem/SharedSystem, Outputs:1, VendorId:0x10de
[2019.01.05-02.54.11:559][  0]LogD3D11RHI:    1. 'Intel(R) HD Graphics 4600' (Feature Level 11_0)
[2019.01.05-02.54.11:559][  0]LogD3D11RHI:       112/0/2048 MB DedicatedVideo/DedicatedSystem/SharedSystem, Outputs:0, VendorId:0x8086
[2019.01.05-02.54.11:565][  0]LogD3D11RHI:    2. 'Microsoft Basic Render Driver' (Feature Level 11_0)
[2019.01.05-02.54.11:565][  0]LogD3D11RHI:       0/0/6074 MB DedicatedVideo/DedicatedSystem/SharedSystem, Outputs:0, VendorId:0x1414
[2019.01.05-02.54.11:565][  0]LogD3D11RHI: Chosen D3D11 Adapter: 0
[2019.01.05-02.54.11:576][  0]LogD3D11RHI: Creating new Direct3DDevice
[2019.01.05-02.54.11:576][  0]LogD3D11RHI:     GPU DeviceId: 0x1c03 (for the marketing name, search the web for "GPU Device Id")
[2019.01.05-02.54.11:577][  0]LogWindows: EnumDisplayDevices:
[2019.01.05-02.54.11:577][  0]LogWindows:    0. 'NVIDIA GeForce GTX 1060 6GB' (P:1 D:1)
[2019.01.05-02.54.11:577][  0]LogWindows:    1. 'NVIDIA GeForce GTX 1060 6GB' (P:0 D:0)
[2019.01.05-02.54.11:578][  0]LogWindows:    2. 'NVIDIA GeForce GTX 1060 6GB' (P:0 D:0)
[2019.01.05-02.54.11:578][  0]LogWindows:    3. 'NVIDIA GeForce GTX 1060 6GB' (P:0 D:0)
[2019.01.05-02.54.11:579][  0]LogWindows:    4. 'Intel(R) HD Graphics 4600' (P:0 D:0)
[2019.01.05-02.54.11:579][  0]LogWindows:    5. 'Intel(R) HD Graphics 4600' (P:0 D:0)
[2019.01.05-02.54.11:579][  0]LogWindows:    6. 'Intel(R) HD Graphics 4600' (P:0 D:0)
[2019.01.05-02.54.11:580][  0]LogWindows: DebugString: PrimaryIsNotTheChoosenAdapter PrimaryIsNotTheChoosenAdapter PrimaryIsNotTheChoosenAdapter FoundDriverCount:4 
[2019.01.05-02.54.11:580][  0]LogD3D11RHI:     Adapter Name: NVIDIA GeForce GTX 1060 6GB
[2019.01.05-02.54.11:580][  0]LogD3D11RHI:   Driver Version: 417.35 (internal:25.21.14.1735, unified:417.35)
[2019.01.05-02.54.11:580][  0]LogD3D11RHI:      Driver Date: 12-11-2018
[2019.01.05-02.54.11:580][  0]LogRHI: Texture pool is 4236 MB (70% of 6052 MB)
[2019.01.05-02.54.11:643][  0]LogD3D11RHI: Async texture creation enabled
[2019.01.05-02.54.11:698][  0]LogD3D11RHI: GPU Timing Frequency: 1000.000000 (Debug: 2 2)
[2019.01.05-02.54.11:749][  0]LogShaderCompilers: Guid format shader working directory is -15 characters bigger than the processId version (../../../../../../Users/ryem_/source/repos/TGP-Duos/TGP_Duos/Intermediate/Shaders/WorkingDirectory/15248/).
[2019.01.05-02.54.11:749][  0]LogShaderCompilers: Cleaned the shader compiler working directory 'C:/Users/ryem_/AppData/Local/Temp/UnrealShaderWorkingDir/C9F8F71C4AFE6F5187E863A287347EB5/'.
[2019.01.05-02.54.12:110][  0]LogTemp: Display: Loaded TP AllDesktopTargetPlatform
[2019.01.05-02.54.12:129][  0]LogTemp: Display: Loaded TP MacClientTargetPlatform
[2019.01.05-02.54.12:150][  0]LogTemp: Display: Loaded TP MacNoEditorTargetPlatform
[2019.01.05-02.54.12:169][  0]LogTemp: Display: Loaded TP MacServerTargetPlatform
[2019.01.05-02.54.12:194][  0]LogTemp: Display: Loaded TP MacTargetPlatform
[2019.01.05-02.54.12:214][  0]LogTemp: Display: Loaded TP WindowsClientTargetPlatform
[2019.01.05-02.54.12:234][  0]LogTemp: Display: Loaded TP WindowsNoEditorTargetPlatform
[2019.01.05-02.54.12:255][  0]LogTemp: Display: Loaded TP WindowsServerTargetPlatform
[2019.01.05-02.54.12:267][  0]LogTemp: Display: Loaded TP WindowsTargetPlatform
[2019.01.05-02.54.12:372][  0]LogTemp: Display: Loaded TP AndroidTargetPlatform
[2019.01.05-02.54.12:372][  0]LogTemp: Display: Loaded TP AndroidTargetPlatform
[2019.01.05-02.54.12:372][  0]LogTemp: Display: Loaded TP AndroidTargetPlatform
[2019.01.05-02.54.12:372][  0]LogTemp: Display: Loaded TP AndroidTargetPlatform
[2019.01.05-02.54.12:372][  0]LogTemp: Display: Loaded TP AndroidTargetPlatform
[2019.01.05-02.54.12:372][  0]LogTemp: Display: Loaded TP AndroidTargetPlatform
[2019.01.05-02.54.12:372][  0]LogTemp: Display: Loaded TP AndroidTargetPlatform
[2019.01.05-02.54.12:372][  0]LogTemp: Display: Loaded TP AndroidTargetPlatform
[2019.01.05-02.54.12:372][  0]LogTemp: Display: Loaded TP AndroidTargetPlatform
[2019.01.05-02.54.12:372][  0]LogTemp: Display: Loaded TP AndroidTargetPlatform
[2019.01.05-02.54.12:372][  0]LogTemp: Display: Loaded TP AndroidTargetPlatform
[2019.01.05-02.54.12:372][  0]LogTemp: Display: Loaded TP AndroidTargetPlatform
[2019.01.05-02.54.12:372][  0]LogTemp: Display: Loaded TP AndroidTargetPlatform
[2019.01.05-02.54.12:373][  0]LogTemp: Display: Loaded TP AndroidTargetPlatform
[2019.01.05-02.54.12:373][  0]LogTemp: Display: Loaded TP AndroidTargetPlatform
[2019.01.05-02.54.12:373][  0]LogTemp: Display: Loaded TP AndroidTargetPlatform
[2019.01.05-02.54.12:373][  0]LogTemp: Display: Loaded TP AndroidTargetPlatform
[2019.01.05-02.54.12:373][  0]LogTemp: Display: Loaded TP AndroidTargetPlatform
[2019.01.05-02.54.12:378][  0]LogTemp: Display: Loaded TP HTML5TargetPlatform
[2019.01.05-02.54.12:461][  0]LogTemp: Display: Loaded TP IOSTargetPlatform
[2019.01.05-02.54.12:461][  0]LogTemp: Display: Loaded TP IOSTargetPlatform
[2019.01.05-02.54.12:491][  0]LogTemp: Display: Loaded TP TVOSTargetPlatform
[2019.01.05-02.54.12:491][  0]LogTemp: Display: Loaded TP TVOSTargetPlatform
[2019.01.05-02.54.12:508][  0]LogTemp: Display: Loaded TP LinuxClientTargetPlatform
[2019.01.05-02.54.12:526][  0]LogTemp: Display: Loaded TP LinuxNoEditorTargetPlatform
[2019.01.05-02.54.12:549][  0]LogTemp: Display: Loaded TP LinuxServerTargetPlatform
[2019.01.05-02.54.12:576][  0]LogTemp: Display: Loaded TP LinuxTargetPlatform
[2019.01.05-02.54.12:589][  0]LogTemp: Display: Loaded TP LuminTargetPlatform
[2019.01.05-02.54.12:589][  0]LogTargetPlatformManager: Display: Building Assets For Windows
[2019.01.05-02.54.12:750][  0]LogXGEController: Cleaning working directory: C:/Users/ryem_/AppData/Local/Temp/UnrealXGEWorkingDir/
[2019.01.05-02.54.12:751][  0]LogXGEController: Cannot use XGE Controller as Incredibuild is not installed on this machine.
[2019.01.05-02.54.12:751][  0]LogShaderCompilers: Cannot use XGE Shader Compiler as Incredibuild is not installed on this machine.
[2019.01.05-02.54.12:751][  0]LogShaderCompilers: Display: Using Local Shader Compiler.
[2019.01.05-02.54.15:043][  0]LogDerivedDataCache: Display: Max Cache Size: 512 MB
[2019.01.05-02.54.15:351][  0]LogDerivedDataCache: Loaded boot cache 0.31s 75MB C:/Users/ryem_/AppData/Local/UnrealEngine/4.20/DerivedDataCache/Boot.ddc.
[2019.01.05-02.54.15:352][  0]LogDerivedDataCache: Display: Loaded Boot cache: C:/Users/ryem_/AppData/Local/UnrealEngine/4.20/DerivedDataCache/Boot.ddc
[2019.01.05-02.54.15:352][  0]LogDerivedDataCache: FDerivedDataBackendGraph:  Pak pak cache file ../../../../../../Users/ryem_/source/repos/TGP-Duos/TGP_Duos/DerivedDataCache/DDC.ddp not found, will not use a pak cache.
[2019.01.05-02.54.15:353][  0]LogDerivedDataCache: Unable to find inner node Pak for hierarchical cache Hierarchy.
[2019.01.05-02.54.15:353][  0]LogDerivedDataCache: FDerivedDataBackendGraph:  CompressedPak pak cache file ../../../../../../Users/ryem_/source/repos/TGP-Duos/TGP_Duos/DerivedDataCache/Compressed.ddp not found, will not use a pak cache.
[2019.01.05-02.54.15:353][  0]LogDerivedDataCache: Unable to find inner node CompressedPak for hierarchical cache Hierarchy.
[2019.01.05-02.54.15:369][  0]LogDerivedDataCache: Display: Pak cache opened for reading ../../../Engine/DerivedDataCache/Compressed.ddp.
[2019.01.05-02.54.15:384][  0]LogDerivedDataCache: Using Local data cache path C:/Users/ryem_/AppData/Local/UnrealEngine/Common/DerivedDataCache: Writable
[2019.01.05-02.54.15:384][  0]LogDerivedDataCache: Shared data cache path not found in *engine.ini, will not use an Shared cache.
[2019.01.05-02.54.15:384][  0]LogDerivedDataCache: Unable to find inner node Shared for hierarchical cache Hierarchy.
[2019.01.05-02.54.15:407][  0]LogMaterial: Verifying Global Shaders for PCD3D_SM5
[2019.01.05-02.54.15:408][  0]LogSlate: Using FreeType 2.6.0
[2019.01.05-02.54.15:425][  0]LogSlate: SlateFontServices - WITH_FREETYPE: 1, WITH_HARFBUZZ: 1
[2019.01.05-02.54.15:721][  0]LogAssetRegistry: FAssetRegistry took 0.0292 seconds to start up
[2019.01.05-02.54.16:097][  0]LogInit: Selected Device Profile: [Windows]
[2019.01.05-02.54.16:284][  0]LogSimplygon: Simplygon DLL not present - disabling.
[2019.01.05-02.54.16:297][  0]LogMeshReduction: Using SimplygonSwarm for distributed automatic mesh merging
[2019.01.05-02.54.16:297][  0]LogMeshReduction: Using ProxyLODMeshReduction for automatic mesh merging
[2019.01.05-02.54.16:298][  0]LogMeshReduction: Using QuadricMeshReduction for automatic static mesh reduction
[2019.01.05-02.54.16:298][  0]LogMeshReduction: No automatic skeletal mesh reduction module available
[2019.01.05-02.54.16:322][  0]LogNetVersion: TGP_Duos 1.0.0, NetCL: 4212847, EngineNetVer: 5, GameNetVer: 0 (Checksum: 2163957344)
[2019.01.05-02.54.17:159][  0]LogPackageLocalizationCache: Processed 11 localized package path(s) for 2 prioritized culture(s) in 0.145979 seconds
[2019.01.05-02.54.17:166][  0]LogUObjectArray: 38425 objects as part of root set at end of initial load.
[2019.01.05-02.54.17:166][  0]LogUObjectAllocator: 6690864 out of 0 bytes used by permanent object pool.
[2019.01.05-02.54.17:166][  0]LogUObjectArray: CloseDisregardForGC: 0/0 objects in disregard for GC pool
[2019.01.05-02.54.20:936][  0]LogTcpMessaging: Initializing TcpMessaging bridge
[2019.01.05-02.54.20:953][  0]LogUdpMessaging: Initializing bridge on interface 0.0.0.0:0 to multicast group 230.0.0.1:6666.
[2019.01.05-02.54.21:203][  0]LogLinker: Warning: Can't find file '/Game/Weapons/Assets/FN_F2000/FN-F2000_2__Mat'
[2019.01.05-02.54.21:204][  0]LogLinker: Warning: Can't find file for asset '/Game/Weapons/Assets/FN_F2000/FN-F2000_2__Mat' while loading ../../../../../../Users/ryem_/source/repos/TGP-Duos/TGP_Duos/Content/Weapons/Alt_Base_Gun_BP.uasset.
[2019.01.05-02.54.21:204][  0]LoadErrors: Error: /Game/Weapons/Alt_Base_Gun_BP : Can't find file for asset. /Game/Weapons/Assets/FN_F2000/FN-F2000_2__Mat
[2019.01.05-02.54.21:205][  0]LogLinker: Warning: Can't find file '/Game/Weapons/Assets/FN_F2000/FN-F2000_2__Mat'
[2019.01.05-02.54.21:205][  0]LogLinker: Warning: Can't find file for asset '/Game/Weapons/Assets/FN_F2000/FN-F2000_2__Mat' while loading ../../../../../../Users/ryem_/source/repos/TGP-Duos/TGP_Duos/Content/Weapons/Alt_Base_Gun_BP.uasset.
[2019.01.05-02.54.21:205][  0]LoadErrors: Error: /Game/Weapons/Alt_Base_Gun_BP : Can't find file for asset. /Game/Weapons/Assets/FN_F2000/FN-F2000_2__Mat
[2019.01.05-02.54.21:207][  0]LogLinker: Warning: Can't find file '/Game/Weapons/Assets/FN_F2000/FN-F2000_2__Mat'
[2019.01.05-02.54.21:208][  0]LogLinker: Warning: Can't find file for asset '/Game/Weapons/Assets/FN_F2000/FN-F2000_2__Mat' while loading ../../../../../../Users/ryem_/source/repos/TGP-Duos/TGP_Duos/Content/FirstPersonCPP/Blueprints/FirstPersonCharacter.uasset.
[2019.01.05-02.54.21:208][  0]LoadErrors: Error: /Game/FirstPersonCPP/Blueprints/FirstPersonCharacter : Can't find file for asset. /Game/Weapons/Assets/FN_F2000/FN-F2000_2__Mat
[2019.01.05-02.54.21:208][  0]LogLinker: Warning: Can't find file '/Game/Weapons/Assets/FN_F2000/FN-F2000_2__Mat'
[2019.01.05-02.54.21:208][  0]LogLinker: Warning: Can't find file for asset '/Game/Weapons/Assets/FN_F2000/FN-F2000_2__Mat' while loading ../../../../../../Users/ryem_/source/repos/TGP-Duos/TGP_Duos/Content/FirstPersonCPP/Blueprints/FirstPersonCharacter.uasset.
[2019.01.05-02.54.21:209][  0]LoadErrors: Error: /Game/FirstPersonCPP/Blueprints/FirstPersonCharacter : Can't find file for asset. /Game/Weapons/Assets/FN_F2000/FN-F2000_2__Mat
[2019.01.05-02.54.21:210][  0]LogLinker: Warning: Can't find file '/Game/Weapons/Assets/FN_F2000/FN-F2000_2__Mat'
[2019.01.05-02.54.21:210][  0]LoadErrors: Failed to load /Game/Weapons/Assets/FN_F2000/FN-F2000_2__Mat.FN-F2000_2__Mat Referenced by Weapon Body
[2019.01.05-02.54.21:210][  0]LogLinker: Warning: Can't find file for asset '/Game/Weapons/Assets/FN_F2000/FN-F2000_2__Mat' while loading ../../../../../../Users/ryem_/source/repos/TGP-Duos/TGP_Duos/Content/FirstPersonCPP/Blueprints/FirstPersonCharacter.uasset.
[2019.01.05-02.54.21:210][  0]LoadErrors: Failed to load /Game/Weapons/Assets/FN_F2000/FN-F2000_2__Mat.FN-F2000_2__Mat Referenced by Weapon Body
[2019.01.05-02.54.21:210][  0]LoadErrors: Error: /Game/FirstPersonCPP/Blueprints/FirstPersonCharacter : Can't find file for asset. /Game/Weapons/Assets/FN_F2000/FN-F2000_2__Mat
[2019.01.05-02.54.21:528][  0]SourceControl: Source control is disabled
[2019.01.05-02.54.21:528][  0]SourceControl: Source control is disabled
[2019.01.05-02.54.21:535][  0]SourceControl: Source control is disabled
[2019.01.05-02.54.21:541][  0]SourceControl: Source control is disabled
[2019.01.05-02.54.21:869][  0]LogAndroidPermission: UAndroidPermissionCallbackProxy::GetInstance
[2019.01.05-02.54.22:241][  0]LogOcInput: OculusInput pre-init called
[2019.01.05-02.54.22:356][  0]LogEngine: Initializing Engine...
[2019.01.05-02.54.22:357][  0]LogHMD: Failed to initialize OpenVR with code 110
[2019.01.05-02.54.22:359][  0]LogStats: UGameplayTagsManager::ConstructGameplayTagTree: ImportINI prefixes -  0.000 s
[2019.01.05-02.54.22:359][  0]LogStats: UGameplayTagsManager::ConstructGameplayTagTree: Construct from data asset -  0.000 s
[2019.01.05-02.54.22:359][  0]LogStats: UGameplayTagsManager::ConstructGameplayTagTree: ImportINI -  0.000 s
[2019.01.05-02.54.22:360][  0]LogStats: UGameplayTagsManager::ConstructGameplayTagTree: GameplayTagTreeChangedEvent.Broadcast -  0.000 s
[2019.01.05-02.54.22:620][  0]LogInit: Initializing FReadOnlyCVARCache
[2019.01.05-02.54.22:671][  0]LogAIModule: Creating AISystem for world Untitled
[2019.01.05-02.54.23:006][  0]LogInit: XAudio2 using 'Speakers (3- Logitech G430 Gaming Headset)' : 6 channels at 48 kHz using 16 bits per sample (channel mask 0x3f)
[2019.01.05-02.54.23:054][  0]LogInit: FAudioDevice initialized.
[2019.01.05-02.54.23:055][  0]LogNetVersion: Set ProjectVersion to 1.0.0.0. Version Checksum will be recalculated on next use.
[2019.01.05-02.54.23:144][  0]LogDerivedDataCache: Saved boot cache 0.09s 75MB C:/Users/ryem_/AppData/Local/UnrealEngine/4.20/DerivedDataCache/Boot.ddc.
[2019.01.05-02.54.23:150][  0]LogInit: Texture streaming: Enabled
[2019.01.05-02.54.23:195][  0]LogEngineSessionManager: EngineSessionManager initialized
[2019.01.05-02.54.23:195][  0]LogEngineSessionManager: EngineSessionManager sent abnormal shutdown report. Type=Debugger, SessionId={D5E9CB55-46D6-74ED-7E82-BBB7DA860C0D}
[2019.01.05-02.54.23:218][  0]LogInit: Transaction tracking system initialized
[2019.01.05-02.54.23:282][  0]BlueprintLog: New page: Editor Load
[2019.01.05-02.54.23:564][  0]LocalizationService: Localization service is disabled
[2019.01.05-02.54.23:941][  0]LogCook: Display: Max memory allowance for cook 16384mb min free memory 0mb
[2019.01.05-02.54.23:941][  0]LogCook: Display: Mobile HDR setting 1
[2019.01.05-02.54.23:942][  0]LogGameplayTags: Display: UGameplayTagsManager::DoneAddingNativeTags. DelegateIsBound: 0
[2019.01.05-02.54.23:942][  0]LogStats: UGameplayTagsManager::ConstructGameplayTagTree: ImportINI prefixes -  0.000 s
[2019.01.05-02.54.23:942][  0]LogStats: UGameplayTagsManager::ConstructGameplayTagTree: Construct from data asset -  0.000 s
[2019.01.05-02.54.23:942][  0]LogStats: UGameplayTagsManager::ConstructGameplayTagTree: ImportINI -  0.000 s
[2019.01.05-02.54.23:942][  0]LogStats: UGameplayTagsManager::ConstructGameplayTagTree: GameplayTagTreeChangedEvent.Broadcast -  0.000 s
[2019.01.05-02.54.24:257][  0]LogFileCache: Scanning file cache for directory 'C:/Users/ryem_/source/repos/TGP-Duos/TGP_Duos/Content/' took 0.03s
[2019.01.05-02.54.24:257][  0]SourceControl: Source control is disabled
[2019.01.05-02.54.24:258][  0]Cmd: MAP LOAD FILE="../../../../../../Users/ryem_/source/repos/TGP-Duos/TGP_Duos/Content/FirstPersonCPP/Maps/FirstPersonExampleMap.umap" TEMPLATE=0 SHOWPROGRESS=1 FEATURELEVEL=3
[2019.01.05-02.54.24:259][  0]LightingResults: New page: Lighting Build
[2019.01.05-02.54.24:267][  0]MapCheck: New page: Map Check
[2019.01.05-02.54.24:267][  0]LightingResults: New page: Lighting Build
[2019.01.05-02.54.24:597][  0]LogAIModule: Creating AISystem for world FirstPersonExampleMap
[2019.01.05-02.54.24:609][  0]LogEditorServer: Finished looking for orphan Actors (0.000 secs)
[2019.01.05-02.54.24:645][  0]Cmd: MAP CHECKDEP NOCLEARLOG
[2019.01.05-02.54.24:774][  0]MapCheck: Map check complete: 0 Error(s), 0 Warning(s), took 128.899ms to complete.
[2019.01.05-02.54.24:774][  0]LogFileHelpers: Loading map 'FirstPersonExampleMap' took 0.516
[2019.01.05-02.54.24:926][  0]LogSlate: Updating window title bar state: overlay mode, drag disabled, window buttons hidden, title bar hidden
[2019.01.05-02.54.24:934][  0]LogSlate: Updating window title bar state: overlay mode, drag disabled, window buttons hidden, title bar hidden
[2019.01.05-02.54.24:943][  0]LogSlate: Updating window title bar state: overlay mode, drag disabled, window buttons hidden, title bar hidden
[2019.01.05-02.54.24:951][  0]LogSlate: Updating window title bar state: overlay mode, drag disabled, window buttons hidden, title bar hidden
[2019.01.05-02.54.24:969][  0]LogCollectionManager: Loaded 0 collections in 0.003532 seconds
[2019.01.05-02.54.25:023][  0]LogFileCache: Scanning file cache for directory 'C:/Users/ryem_/source/repos/TGP-Duos/TGP_Duos/Saved/Collections/' took 0.01s
[2019.01.05-02.54.25:023][  0]LogFileCache: Scanning file cache for directory 'C:/Users/ryem_/source/repos/TGP-Duos/TGP_Duos/Content/Developers/ryem/Collections/' took 0.01s
[2019.01.05-02.54.25:023][  0]LogFileCache: Scanning file cache for directory 'C:/Users/ryem_/source/repos/TGP-Duos/TGP_Duos/Content/Collections/' took 0.01s
[2019.01.05-02.54.25:023][  0]LogCollectionManager: Rebuilt the GUID cache for 0 collections in 0.000000 seconds
[2019.01.05-02.54.25:034][  0]LogContentBrowser: Native class hierarchy populated in 0.0102 seconds. Added 2578 classes and 606 folders.
[2019.01.05-02.54.25:046][  0]LogContentBrowser: Native class hierarchy updated for 'WidgetCarousel' in 0.0005 seconds. Added 0 classes and 0 folders.
[2019.01.05-02.54.25:561][  0]LogContentBrowser: Native class hierarchy updated for 'AddContentDialog' in 0.0006 seconds. Added 0 classes and 0 folders.
[2019.01.05-02.54.25:571][  0]LogContentBrowser: Native class hierarchy updated for 'SceneOutliner' in 0.0006 seconds. Added 1 classes and 2 folders.
[2019.01.05-02.54.25:596][  0]LogSlate: Took 0.006280 seconds to synchronously load lazily loaded font '../../../Engine/Content/Slate/Fonts/Roboto-Regular.ttf' (155K)
[2019.01.05-02.54.25:605][  0]LogSlate: Took 0.006597 seconds to synchronously load lazily loaded font '../../../Engine/Content/Slate/Fonts/Roboto-Bold.ttf' (160K)
[2019.01.05-02.54.25:616][  0]LogSlate: Took 0.005655 seconds to synchronously load lazily loaded font '../../../Engine/Content/Editor/Slate/Fonts/FontAwesome.ttf' (139K)
[2019.01.05-02.54.25:735][  0]LogRenderer: Reallocating scene render targets to support 1616x580 Format 10 NumSamples 1 (Frame:1).
[2019.01.05-02.54.26:070][  0]LogContentBrowser: Native class hierarchy updated for 'HierarchicalLODOutliner' in 0.0008 seconds. Added 0 classes and 0 folders.
[2019.01.05-02.54.26:071][  0]LogLoad: (Engine Initialization) Total time: 22.26 seconds
[2019.01.05-02.54.26:071][  0]LogLoad: (Engine Initialization) Total Blueprint compile time: 0.00 seconds
[2019.01.05-02.54.26:107][  0]LogContentStreaming: Texture pool size now 1000 MB
[2019.01.05-02.54.26:115][  0]LogSlate: FSceneViewport::OnFocusLost() reason 2
[2019.01.05-02.54.26:179][  0]LogSlate: Took 0.006348 seconds to synchronously load lazily loaded font '../../../Engine/Content/Slate/Fonts/Roboto-Light.ttf' (167K)
[2019.01.05-02.54.26:357][  2]LogAssetRegistry: Asset discovery search completed in 10.6605 seconds
[2019.01.05-02.54.26:360][  2]LogCollectionManager: Rebuilt the object cache for 0 collections in 0.000000 seconds (found 0 objects)
[2019.01.05-02.54.26:361][  2]LogCollectionManager: Fixed up redirectors for 0 collections in 0.000617 seconds (updated 0 objects)
[2019.01.05-02.54.31:250][230]LogSlate: Window 'Message Log' being destroyed
[2019.01.05-02.54.31:258][230]LogSlate: Window 'Message Log' being destroyed
[2019.01.05-02.54.32:091][330]LogSlate: FSceneViewport::OnFocusLost() reason 0
[2019.01.05-02.54.35:522][726]LogMaterial: Display: Missing cached shader map for material FN-F2000_2__Mat, compiling. 
[2019.01.05-02.54.35:578][726]LogShaderCompilers: Display: Shaders left to compile 22
[2019.01.05-02.54.35:578][726]LogShaderCompilers: Display: Shaders left to compile 12
[2019.01.05-02.54.35:578][726]LogShaderCompilers: Display: Shaders left to compile 2
[2019.01.05-02.54.35:582][726]LogMaterial: Warning: Material /Game/Weapons/Assets/FN_F2000/FN-F2000_2__Mat.FN-F2000_2__Mat needed to have new flag set bUsedWithStaticLighting !
[2019.01.05-02.54.35:586][726]LogMaterial: Display: Missing cached shader map for material FN-F2000_2__Mat, compiling. 
[2019.01.05-02.54.37:230][833]LogShaderCompilers: Display: Shaders left to compile 31
[2019.01.05-02.54.39:756][914]LogShaderCompilers: Display: Shaders left to compile 21
[2019.01.05-02.54.40:311][924]LogShaderCompilers: Display: Shaders left to compile 11
[2019.01.05-02.54.42:901][  0]LogShaderCompilers: Display: Shaders left to compile 1
[2019.01.05-02.54.57:563][ 97]LogSlate: FSceneViewport::OnFocusLost() reason 0
[2019.01.05-02.54.59:397][298]Cmd: TRANSACTION UNDO
[2019.01.05-02.54.59:397][298]LogEditorTransaction: Undo Create Actors
[2019.01.05-02.54.59:412][298]LogSlate: Took 0.000246 seconds to synchronously load lazily loaded font '../../../Engine/Content/Slate/Fonts/Roboto-Light.ttf' (167K)
[2019.01.05-02.55.05:594][526]LogEditorViewport: Clicking on Actor (LMB): StaticMeshActor (Floor)
[2019.01.05-02.55.06:821][658]LogSlate: FSceneViewport::OnFocusLost() reason 2
[2019.01.05-02.55.52:720][234]LogSlate: FSceneViewport::OnFocusLost() reason 2
[2019.01.05-02.55.54:768][423]LogSavePackage: Moving '../../../../../../Users/ryem_/source/repos/TGP-Duos/TGP_Duos/Saved/FirstPersonExampleMapE8EFDC0B4840E2CB2F72E59D3215480A.tmp' to '../../../../../../Users/ryem_/source/repos/TGP-Duos/TGP_Duos/Content/FirstPersonCPP/Maps/FirstPersonExampleMap.umap'
[2019.01.05-02.55.54:826][423]LogFileHelpers: Saving map 'FirstPersonExampleMap' took 0.387
[2019.01.05-02.55.54:874][423]LogSavePackage: Moving '../../../../../../Users/ryem_/source/repos/TGP-Duos/TGP_Duos/Saved/FN-F2000_2__Mat45A8387743E9F3BA1EAFE885390E7857.tmp' to '../../../../../../Users/ryem_/source/repos/TGP-Duos/TGP_Duos/Content/Weapons/Assets/FN_F2000/FN-F2000_2__Mat.uasset'
[2019.01.05-02.56.27:449][345]LogSlate: FSceneViewport::OnFocusLost() reason 0
[2019.01.05-02.56.30:109][641]LogAssetEditorManager: Opening Asset editor for Blueprint /Game/FirstPersonCPP/Blueprints/FirstPersonCharacter.FirstPersonCharacter
[2019.01.05-02.56.30:617][641]LogContentBrowser: Native class hierarchy updated for 'BlueprintGraph' in 0.0011 seconds. Added 116 classes and 0 folders.
[2019.01.05-02.56.52:934][462]LogSavePackage: Moving '../../../../../../Users/ryem_/source/repos/TGP-Duos/TGP_Duos/Saved/FirstPersonCharacterD2F0ADAB4DA7E5A2BA74CCA75244DC20.tmp' to '../../../../../../Users/ryem_/source/repos/TGP-Duos/TGP_Duos/Content/FirstPersonCPP/Blueprints/FirstPersonCharacter.uasset'
[2019.01.05-02.57.04:292][521]BlueprintLog: New page: Compile FirstPersonCharacter
[2019.01.05-02.57.04:661][521]LogSavePackage: Moving '../../../../../../Users/ryem_/source/repos/TGP-Duos/TGP_Duos/Saved/FirstPersonCharacterE5E8F3FD4A1E9880912B8AA82E486C3C.tmp' to '../../../../../../Users/ryem_/source/repos/TGP-Duos/TGP_Duos/Content/FirstPersonCPP/Blueprints/FirstPersonCharacter.uasset'
[2019.01.05-02.57.05:140][542]LogSavePackage: Moving '../../../../../../Users/ryem_/source/repos/TGP-Duos/TGP_Duos/Saved/FirstPersonCharacterE093F13A459DED352935FD818A73CF62.tmp' to '../../../../../../Users/ryem_/source/repos/TGP-Duos/TGP_Duos/Content/FirstPersonCPP/Blueprints/FirstPersonCharacter.uasset'
[2019.01.05-02.57.20:278][729]LogTemp: Repeating last play command: Selected Viewport
[2019.01.05-02.57.20:308][729]LogBlueprintUserMessages: Early PlayInEditor Detection: Level '/Game/FirstPersonCPP/Maps/FirstPersonExampleMap.FirstPersonExampleMap:PersistentLevel' has LevelScriptBlueprint '/Game/FirstPersonCPP/Maps/FirstPersonExampleMap.FirstPersonExampleMap:PersistentLevel.FirstPersonExampleMap' with GeneratedClass '/Game/FirstPersonCPP/Maps/FirstPersonExampleMap.FirstPersonExampleMap_C' with ClassGeneratedBy '/Game/FirstPersonCPP/Maps/FirstPersonExampleMap.FirstPersonExampleMap:PersistentLevel.FirstPersonExampleMap'
[2019.01.05-02.57.20:308][729]LogPlayLevel: PlayLevel: No blueprints needed recompiling
[2019.01.05-02.57.20:323][729]PIE: New page: PIE session: FirstPersonExampleMap (5 Jan 2019 02:57:20)
[2019.01.05-02.57.20:323][729]LogPlayLevel: Creating play world package: /Game/FirstPersonCPP/Maps/UEDPIE_0_FirstPersonExampleMap
[2019.01.05-02.57.20:338][729]LogPlayLevel: PIE: StaticDuplicateObject took: (0.015294s)
[2019.01.05-02.57.20:339][729]LogAIModule: Creating AISystem for world FirstPersonExampleMap
[2019.01.05-02.57.20:339][729]LogPlayLevel: PIE: World Init took: (0.001088s)
[2019.01.05-02.57.20:340][729]LogPlayLevel: PIE: Created PIE world by copying editor world from /Game/FirstPersonCPP/Maps/FirstPersonExampleMap.FirstPersonExampleMap to /Game/FirstPersonCPP/Maps/UEDPIE_0_FirstPersonExampleMap.FirstPersonExampleMap (0.017019s)
[2019.01.05-02.57.20:443][729]LogInit: XAudio2 using 'Speakers (3- Logitech G430 Gaming Headset)' : 6 channels at 48 kHz using 16 bits per sample (channel mask 0x3f)
[2019.01.05-02.57.20:473][729]LogInit: FAudioDevice initialized.
[2019.01.05-02.57.20:522][729]LogLoad: Game class is 'TGP_DuosGameMode'
[2019.01.05-02.57.20:525][729]LogWorld: Bringing World /Game/FirstPersonCPP/Maps/UEDPIE_0_FirstPersonExampleMap.FirstPersonExampleMap up for play (max tick rate 0) at 2019.01.05-02.57.20
[2019.01.05-02.57.20:526][729]LogWorld: Bringing up level for play took: 0.002204
[2019.01.05-02.57.20:548][729]LogContentBrowser: Native class hierarchy updated for 'MovieSceneCapture' in 0.0007 seconds. Added 10 classes and 0 folders.
[2019.01.05-02.57.20:549][729]PIE: Play in editor start time for /Game/FirstPersonCPP/Maps/UEDPIE_0_FirstPersonExampleMap 0.202
[2019.01.05-02.57.20:549][729]LogBlueprintUserMessages: Late PlayInEditor Detection: Level '/Game/FirstPersonCPP/Maps/FirstPersonExampleMap.FirstPersonExampleMap:PersistentLevel' has LevelScriptBlueprint '/Game/FirstPersonCPP/Maps/FirstPersonExampleMap.FirstPersonExampleMap:PersistentLevel.FirstPersonExampleMap' with GeneratedClass '/Game/FirstPersonCPP/Maps/FirstPersonExampleMap.FirstPersonExampleMap_C' with ClassGeneratedBy '/Game/FirstPersonCPP/Maps/FirstPersonExampleMap.FirstPersonExampleMap:PersistentLevel.FirstPersonExampleMap'
[2019.01.05-02.58.08:398][189]LogSlate: FSceneViewport::OnFocusLost() reason 2
[2019.01.05-02.58.14:330][403]LogSlate: FSceneViewport::OnFocusLost() reason 2
[2019.01.05-02.58.21:341][238]LogBlueprintUserMessages: Early EndPlayMap Detection: Level '/Game/FirstPersonCPP/Maps/FirstPersonExampleMap.FirstPersonExampleMap:PersistentLevel' has LevelScriptBlueprint '/Game/FirstPersonCPP/Maps/FirstPersonExampleMap.FirstPersonExampleMap:PersistentLevel.FirstPersonExampleMap' with GeneratedClass '/Game/FirstPersonCPP/Maps/FirstPersonExampleMap.FirstPersonExampleMap_C' with ClassGeneratedBy '/Game/FirstPersonCPP/Maps/FirstPersonExampleMap.FirstPersonExampleMap:PersistentLevel.FirstPersonExampleMap'
[2019.01.05-02.58.21:342][238]LogSlate: Updating window title bar state: overlay mode, drag disabled, window buttons hidden, title bar hidden
[2019.01.05-02.58.21:387][238]LogPlayLevel: Display: Shutting down PIE online subsystems
[2019.01.05-02.58.21:388][238]LogBlueprintUserMessages: Late EndPlayMap Detection: Level '/Game/FirstPersonCPP/Maps/FirstPersonExampleMap.FirstPersonExampleMap:PersistentLevel' has LevelScriptBlueprint '/Game/FirstPersonCPP/Maps/FirstPersonExampleMap.FirstPersonExampleMap:PersistentLevel.FirstPersonExampleMap' with GeneratedClass '/Game/FirstPersonCPP/Maps/FirstPersonExampleMap.FirstPersonExampleMap_C' with ClassGeneratedBy '/Game/FirstPersonCPP/Maps/FirstPersonExampleMap.FirstPersonExampleMap:PersistentLevel.FirstPersonExampleMap'
[2019.01.05-02.58.21:420][238]LogSlate: Updating window title bar state: overlay mode, drag disabled, window buttons hidden, title bar hidden
[2019.01.05-02.58.21:449][239]LogPlayLevel: Display: Destroying online subsystem :Context_6
