Log file open, 01/05/19 00:08:00
LogWindows: Failed to load 'aqProf.dll' (GetLastError=126)
LogWindows: File 'aqProf.dll' does not exist
LogWindows: Failed to load 'VSPerf140.dll' (GetLastError=126)
LogWindows: File 'VSPerf140.dll' does not exist
LogWindows: Failed to load 'VtuneApi.dll' (GetLastError=126)
LogWindows: File 'VtuneApi.dll' does not exist
LogWindows: Failed to load 'VtuneApi32e.dll' (GetLastError=126)
LogWindows: File 'VtuneApi32e.dll' does not exist
LogInit: Display: Running engine for game: TGP_Duos
LogPlatformFile: Not using cached read wrapper
LogTaskGraph: Started task graph with 5 named threads and 14 total threads with 3 sets of task threads.
LogStats: Stats thread started at 0.432737
LogD3D11RHI: Loaded GFSDK_Aftermath_Lib.x64.dll
LogICUInternationalization: Display: ICU TimeZone Detection - Raw Offset: +0:00, Platform Override: ''
LogPluginManager: Mounting plugin Paper2D
LogPluginManager: Mounting plugin AISupport
LogPluginManager: Mounting plugin LightPropagationVolume
LogPluginManager: Mounting plugin CLionSourceCodeAccess
LogPluginManager: Mounting plugin CodeLiteSourceCodeAccess
LogPluginManager: Mounting plugin GitSourceControl
LogPluginManager: Mounting plugin KDevelopSourceCodeAccess
LogPluginManager: Mounting plugin NullSourceCodeAccess
LogPluginManager: Mounting plugin PerforceSourceControl
LogPluginManager: Mounting plugin SubversionSourceControl
LogPluginManager: Mounting plugin UObjectPlugin
LogPluginManager: Mounting plugin VisualStudioCodeSourceCodeAccess
LogPluginManager: Mounting plugin VisualStudioSourceCodeAccess
LogPluginManager: Mounting plugin XCodeSourceCodeAccess
LogPluginManager: Mounting plugin AssetManagerEditor
LogPluginManager: Mounting plugin CryptoKeys
LogPluginManager: Mounting plugin DataValidation
LogPluginManager: Mounting plugin FacialAnimation
LogPluginManager: Mounting plugin GameplayTagsEditor
LogPluginManager: Mounting plugin MacGraphicsSwitching
LogPluginManager: Mounting plugin MeshEditor
LogPluginManager: Mounting plugin MobileLauncherProfileWizard
LogPluginManager: Mounting plugin PluginBrowser
LogPluginManager: Mounting plugin SpeedTreeImporter
LogPluginManager: Mounting plugin DatasmithContent
LogPluginManager: Mounting plugin AlembicImporter
LogPluginManager: Mounting plugin AppleImageUtils
LogPluginManager: Mounting plugin AppleVision
LogPluginManager: Mounting plugin BackChannel
LogPluginManager: Mounting plugin CharacterAI
LogPluginManager: Mounting plugin GeometryCache
LogPluginManager: Mounting plugin HTML5Networking
LogPluginManager: Mounting plugin ProxyLODPlugin
LogPluginManager: Mounting plugin MagicLeap
LogPluginManager: Mounting plugin MagicLeapEmulator
LogPluginManager: Mounting plugin MagicLeapMedia
LogPluginManager: Mounting plugin AndroidMedia
LogPluginManager: Mounting plugin AvfMedia
LogPluginManager: Mounting plugin ImgMedia
LogPluginManager: Mounting plugin LinearTimecode
LogPluginManager: Mounting plugin MediaCompositing
LogPluginManager: Mounting plugin MediaPlayerEditor
LogPluginManager: Mounting plugin WmfMedia
LogPluginManager: Mounting plugin TcpMessaging
LogPluginManager: Mounting plugin UdpMessaging
LogPluginManager: Mounting plugin ActorSequence
LogPluginManager: Mounting plugin LevelSequenceEditor
LogPluginManager: Mounting plugin MatineeToLevelSequence
LogPluginManager: Mounting plugin NetcodeUnitTest
LogPluginManager: Mounting plugin NUTUnrealEngine4
LogPluginManager: Mounting plugin OnlineSubsystemGooglePlay
LogPluginManager: Mounting plugin OnlineSubsystemIOS
LogPluginManager: Mounting plugin OnlineSubsystem
LogPluginManager: Mounting plugin OnlineSubsystemNull
LogPluginManager: Mounting plugin OnlineSubsystemUtils
LogPluginManager: Mounting plugin LauncherChunkInstaller
LogPluginManager: Mounting plugin AndroidDeviceProfileSelector
LogPluginManager: Mounting plugin AndroidMoviePlayer
LogPluginManager: Mounting plugin AndroidPermission
LogPluginManager: Mounting plugin AppleMoviePlayer
LogPluginManager: Mounting plugin ArchVisCharacter
LogPluginManager: Mounting plugin AudioCapture
LogPluginManager: Mounting plugin CableComponent
LogPluginManager: Mounting plugin CustomMeshComponent
LogPluginManager: Mounting plugin EditableMesh
LogPluginManager: Mounting plugin ExampleDeviceProfileSelector
LogPluginManager: Mounting plugin GoogleCloudMessaging
LogPluginManager: Mounting plugin ImmediatePhysics
LogPluginManager: Mounting plugin IOSDeviceProfileSelector
LogPluginManager: Mounting plugin LinuxDeviceProfileSelector
LogPluginManager: Mounting plugin LocationServicesBPLibrary
LogPluginManager: Mounting plugin MobilePatchingUtils
LogPluginManager: Mounting plugin OculusVR
LogPluginManager: Plugin shader directory ../../../Engine/Plugins/Runtime/Oculus/OculusVR/Shaders found
LogPluginManager: Mapping shader source directory ../../../Engine/Plugins/Runtime/Oculus/OculusVR/Shaders to virtual directory /Plugin/OculusVR
LogPluginManager: Mounting plugin PhysXVehicles
LogPluginManager: Mounting plugin ProceduralMeshComponent
LogPluginManager: Mounting plugin RuntimePhysXCooking
LogPluginManager: Mounting plugin SteamVR
LogPluginManager: Mounting plugin WindowsMoviePlayer
LogStreaming: Display: Took  0.211s to configure plugins.
LogInit: Using libcurl 7.55.1-DEV
LogInit:  - built for x86_64-pc-win32
LogInit:  - supports SSL with OpenSSL/1.0.2h
LogInit:  - supports HTTP deflate (compression) using libz 1.2.8
LogInit:  - other features:
LogInit:      CURL_VERSION_SSL
LogInit:      CURL_VERSION_LIBZ
LogInit:      CURL_VERSION_IPV6
LogInit:      CURL_VERSION_ASYNCHDNS
LogInit:      CURL_VERSION_LARGEFILE
LogInit:      CURL_VERSION_IDN
LogInit:  CurlRequestOptions (configurable via config and command line):
LogInit:  - bVerifyPeer = false  - Libcurl will NOT verify peer certificate
LogInit:  - bUseHttpProxy = false  - Libcurl will NOT use HTTP proxy
LogInit:  - bDontReuseConnections = false  - Libcurl will reuse connections
LogInit:  - CertBundlePath = nullptr  - Libcurl will use whatever was configured at build time.
LogInit:  - MaxHostConnections = 16  - Libcurl will limit the number of connections to a host
LogInit:  - LocalHostAddr = Default
LogInit:  - BufferSize = 65536
LogInit: WinSock: version 1.1 (2.2), MaxSocks=32767, MaxUdp=65467
LogInit: Build: ++UE4+Release-4.20-CL-4369336
LogInit: Engine Version: 4.20.3-4369336+++UE4+Release-4.20
LogInit: Compatible Engine Version: 4.20.0-4212847+++UE4+Release-4.20
LogInit: Net CL: 4212847
LogInit: OS: Windows 10 (), CPU: Intel(R) Core(TM) i5-4460  CPU @ 3.20GHz, GPU: NVIDIA GeForce GTX 1060 6GB
LogInit: Compiled (64-bit): Sep 17 2018 12:26:19
LogInit: Compiled with Visual C++: 19.13.26129.00
LogInit: Build Configuration: Development
LogInit: Branch Name: ++UE4+Release-4.20
LogInit: Command Line:  -skipcompile
LogInit: Base Directory: C:/Program Files/Epic Games/UE_4.20/Engine/Binaries/Win64/
LogInit: Installed Engine Build: 1
LogDevObjectVersion: Number of dev versions registered: 20
LogDevObjectVersion:   Dev-Blueprints (B0D832E4-1F89-4F0D-ACCF-7EB736FD4AA2): 10
LogDevObjectVersion:   Dev-Build (E1C64328-A22C-4D53-A36C-8E866417BD8C): 0
LogDevObjectVersion:   Dev-Core (375EC13C-06E4-48FB-B500-84F0262A717E): 2
LogDevObjectVersion:   Dev-Editor (E4B068ED-F494-42E9-A231-DA0B2E46BB41): 24
LogDevObjectVersion:   Dev-Framework (CFFC743F-43B0-4480-9391-14DF171D2073): 34
LogDevObjectVersion:   Dev-Mobile (B02B49B5-BB20-44E9-A304-32B752E40360): 2
LogDevObjectVersion:   Dev-Networking (A4E4105C-59A1-49B5-A7C5-40C4547EDFEE): 0
LogDevObjectVersion:   Dev-Online (39C831C9-5AE6-47DC-9A44-9C173E1C8E7C): 0
LogDevObjectVersion:   Dev-Physics (78F01B33-EBEA-4F98-B9B4-84EACCB95AA2): 0
LogDevObjectVersion:   Dev-Platform (6631380F-2D4D-43E0-8009-CF276956A95A): 0
LogDevObjectVersion:   Dev-Rendering (12F88B9F-8875-4AFC-A67C-D90C383ABD29): 26
LogDevObjectVersion:   Dev-Sequencer (7B5AE74C-D270-4C10-A958-57980B212A5A): 9
LogDevObjectVersion:   Dev-VR (D7296918-1DD6-4BDD-9DE2-64A83CC13884): 2
LogDevObjectVersion:   Dev-LoadTimes (C2A15278-BFE7-4AFE-6C17-90FF531DF755): 1
LogDevObjectVersion:   Private-Geometry (6EACA3D4-40EC-4CC1-B786-8BED09428FC5): 3
LogDevObjectVersion:   Dev-AnimPhys (29E575DD-E0A3-4627-9D10-D276232CDCEA): 17
LogDevObjectVersion:   Dev-ReflectionCapture (6B266CEC-1EC7-4B8F-A30B-E4D90942FC07): 1
LogDevObjectVersion:   Dev-Automation (0DF73D61-A23F-47EA-B727-89E90C41499A): 1
LogDevObjectVersion:   FortniteMain (601D1886-AC64-4F84-AA16-D3DE0DEAC7D6): 12
LogDevObjectVersion:   Dev-Enterprise (9DFFBCD6-494F-0158-E221-12823C92A888): 1
LogStreaming: Display: Took  0.007s to delete old logs.
LogInit: Presizing for max 8388607 objects, including 0 objects not considered by GC, pre-allocating 0 bytes for permanent pool.
LogInit: Object subsystem initialized
[2019.01.05-00.08.01:514][  0]LogInit: Selected Device Profile: [Windows]
[2019.01.05-00.08.01:515][  0]LogInit: Applying CVar settings loaded from the selected device profile: [Windows]
[2019.01.05-00.08.01:536][  0]LogHAL: Display: Platform has ~ 12 GB [12738658304 / 17179869184 / 12], which maps to Larger [LargestMinGB=32, LargerMinGB=12, DefaultMinGB=8, SmallerMinGB=6, SmallestMinGB=0)
[2019.01.05-00.08.01:538][  0]LogInit: Setting Device Profile CVar: [[r.Vulkan.UseRealUBs:1]]
[2019.01.05-00.08.01:538][  0]LogInit: Going up to parent DeviceProfile []
[2019.01.05-00.08.01:545][  0]LogInit: Computer: DESKTOP-HAL-02
[2019.01.05-00.08.01:546][  0]LogInit: User: ryem
[2019.01.05-00.08.01:546][  0]LogInit: CPU Page size=4096, Cores=4
[2019.01.05-00.08.01:546][  0]LogInit: High frequency timer resolution =3.124998 MHz
[2019.01.05-00.08.01:546][  0]LogMemory: Memory total: Physical=11.9GB (12GB approx)
[2019.01.05-00.08.01:546][  0]LogMemory: Platform Memory Stats for Windows
[2019.01.05-00.08.01:546][  0]LogMemory: Process Physical Memory: 101.45 MB used, 101.45 MB peak
[2019.01.05-00.08.01:546][  0]LogMemory: Process Virtual Memory: 84.30 MB used, 84.30 MB peak
[2019.01.05-00.08.01:546][  0]LogMemory: Physical Memory: 7511.80 MB used,  4636.73 MB free, 12148.53 MB total
[2019.01.05-00.08.01:546][  0]LogMemory: Virtual Memory: 4620.54 MB used,  4636.73 MB free, 134217728.00 MB total
[2019.01.05-00.08.01:984][  0]LogInit: Using OS detected language (en-GB).
[2019.01.05-00.08.01:984][  0]LogInit: Using OS detected locale (en-GB).
[2019.01.05-00.08.01:989][  0]LogTextLocalizationManager: No specific localization for 'en-GB' exists, so the 'en' localization will be used.
[2019.01.05-00.08.02:559][  0]LogStreaming: Display: Took  0.576s to InitEngineTextLocalization.
[2019.01.05-00.08.02:560][  0]LogInit: Setting process to per monitor DPI aware
[2019.01.05-00.08.02:738][  0]LogSlate: New Slate User Created.  User Index 0, Is Virtual User: 0
[2019.01.05-00.08.02:752][  0]LogSlate: Slate User Registered.  User Index 0, Is Virtual User: 0
[2019.01.05-00.08.05:826][  0]LogHMD: Failed to initialize OpenVR with code 110
[2019.01.05-00.08.05:826][  0]LogD3D11RHI: D3D11 adapters:
[2019.01.05-00.08.05:967][  0]LogD3D11RHI:    0. 'NVIDIA GeForce GTX 1060 6GB' (Feature Level 11_0)
[2019.01.05-00.08.05:967][  0]LogD3D11RHI:       6052/0/6074 MB DedicatedVideo/DedicatedSystem/SharedSystem, Outputs:1, VendorId:0x10de
[2019.01.05-00.08.06:041][  0]LogD3D11RHI:    1. 'Intel(R) HD Graphics 4600' (Feature Level 11_0)
[2019.01.05-00.08.06:041][  0]LogD3D11RHI:       112/0/2048 MB DedicatedVideo/DedicatedSystem/SharedSystem, Outputs:0, VendorId:0x8086
[2019.01.05-00.08.06:050][  0]LogD3D11RHI:    2. 'Microsoft Basic Render Driver' (Feature Level 11_0)
[2019.01.05-00.08.06:050][  0]LogD3D11RHI:       0/0/6074 MB DedicatedVideo/DedicatedSystem/SharedSystem, Outputs:0, VendorId:0x1414
[2019.01.05-00.08.06:050][  0]LogD3D11RHI: Chosen D3D11 Adapter: 0
[2019.01.05-00.08.06:062][  0]LogD3D11RHI: Creating new Direct3DDevice
[2019.01.05-00.08.06:062][  0]LogD3D11RHI:     GPU DeviceId: 0x1c03 (for the marketing name, search the web for "GPU Device Id")
[2019.01.05-00.08.06:063][  0]LogWindows: EnumDisplayDevices:
[2019.01.05-00.08.06:063][  0]LogWindows:    0. 'NVIDIA GeForce GTX 1060 6GB' (P:1 D:1)
[2019.01.05-00.08.06:064][  0]LogWindows:    1. 'NVIDIA GeForce GTX 1060 6GB' (P:0 D:0)
[2019.01.05-00.08.06:064][  0]LogWindows:    2. 'NVIDIA GeForce GTX 1060 6GB' (P:0 D:0)
[2019.01.05-00.08.06:064][  0]LogWindows:    3. 'NVIDIA GeForce GTX 1060 6GB' (P:0 D:0)
[2019.01.05-00.08.06:065][  0]LogWindows:    4. 'Intel(R) HD Graphics 4600' (P:0 D:0)
[2019.01.05-00.08.06:065][  0]LogWindows:    5. 'Intel(R) HD Graphics 4600' (P:0 D:0)
[2019.01.05-00.08.06:066][  0]LogWindows:    6. 'Intel(R) HD Graphics 4600' (P:0 D:0)
[2019.01.05-00.08.06:066][  0]LogWindows: DebugString: PrimaryIsNotTheChoosenAdapter PrimaryIsNotTheChoosenAdapter PrimaryIsNotTheChoosenAdapter FoundDriverCount:4 
[2019.01.05-00.08.06:066][  0]LogD3D11RHI:     Adapter Name: NVIDIA GeForce GTX 1060 6GB
[2019.01.05-00.08.06:066][  0]LogD3D11RHI:   Driver Version: 417.35 (internal:25.21.14.1735, unified:417.35)
[2019.01.05-00.08.06:066][  0]LogD3D11RHI:      Driver Date: 12-11-2018
[2019.01.05-00.08.06:067][  0]LogRHI: Texture pool is 4236 MB (70% of 6052 MB)
[2019.01.05-00.08.06:136][  0]LogD3D11RHI: Async texture creation enabled
[2019.01.05-00.08.06:226][  0]LogD3D11RHI: GPU Timing Frequency: 1000.000000 (Debug: 2 2)
[2019.01.05-00.08.06:287][  0]LogShaderCompilers: Guid format shader working directory is -15 characters bigger than the processId version (../../../../../../Users/ryem_/source/repos/TGP-Duos/TGP_Duos/Intermediate/Shaders/WorkingDirectory/16940/).
[2019.01.05-00.08.06:288][  0]LogShaderCompilers: Cleaned the shader compiler working directory 'C:/Users/ryem_/AppData/Local/Temp/UnrealShaderWorkingDir/D40A9E5742DE346E20BF9ABCE583D38C/'.
[2019.01.05-00.08.06:796][  0]LogTemp: Display: Loaded TP AllDesktopTargetPlatform
[2019.01.05-00.08.06:816][  0]LogTemp: Display: Loaded TP MacClientTargetPlatform
[2019.01.05-00.08.06:836][  0]LogTemp: Display: Loaded TP MacNoEditorTargetPlatform
[2019.01.05-00.08.06:857][  0]LogTemp: Display: Loaded TP MacServerTargetPlatform
[2019.01.05-00.08.06:884][  0]LogTemp: Display: Loaded TP MacTargetPlatform
[2019.01.05-00.08.06:908][  0]LogTemp: Display: Loaded TP WindowsClientTargetPlatform
[2019.01.05-00.08.06:931][  0]LogTemp: Display: Loaded TP WindowsNoEditorTargetPlatform
[2019.01.05-00.08.06:965][  0]LogTemp: Display: Loaded TP WindowsServerTargetPlatform
[2019.01.05-00.08.06:979][  0]LogTemp: Display: Loaded TP WindowsTargetPlatform
[2019.01.05-00.08.07:097][  0]LogTemp: Display: Loaded TP AndroidTargetPlatform
[2019.01.05-00.08.07:099][  0]LogTemp: Display: Loaded TP AndroidTargetPlatform
[2019.01.05-00.08.07:099][  0]LogTemp: Display: Loaded TP AndroidTargetPlatform
[2019.01.05-00.08.07:099][  0]LogTemp: Display: Loaded TP AndroidTargetPlatform
[2019.01.05-00.08.07:099][  0]LogTemp: Display: Loaded TP AndroidTargetPlatform
[2019.01.05-00.08.07:099][  0]LogTemp: Display: Loaded TP AndroidTargetPlatform
[2019.01.05-00.08.07:099][  0]LogTemp: Display: Loaded TP AndroidTargetPlatform
[2019.01.05-00.08.07:099][  0]LogTemp: Display: Loaded TP AndroidTargetPlatform
[2019.01.05-00.08.07:099][  0]LogTemp: Display: Loaded TP AndroidTargetPlatform
[2019.01.05-00.08.07:099][  0]LogTemp: Display: Loaded TP AndroidTargetPlatform
[2019.01.05-00.08.07:099][  0]LogTemp: Display: Loaded TP AndroidTargetPlatform
[2019.01.05-00.08.07:099][  0]LogTemp: Display: Loaded TP AndroidTargetPlatform
[2019.01.05-00.08.07:099][  0]LogTemp: Display: Loaded TP AndroidTargetPlatform
[2019.01.05-00.08.07:099][  0]LogTemp: Display: Loaded TP AndroidTargetPlatform
[2019.01.05-00.08.07:099][  0]LogTemp: Display: Loaded TP AndroidTargetPlatform
[2019.01.05-00.08.07:099][  0]LogTemp: Display: Loaded TP AndroidTargetPlatform
[2019.01.05-00.08.07:102][  0]LogTemp: Display: Loaded TP AndroidTargetPlatform
[2019.01.05-00.08.07:105][  0]LogTemp: Display: Loaded TP AndroidTargetPlatform
[2019.01.05-00.08.07:114][  0]LogTemp: Display: Loaded TP HTML5TargetPlatform
[2019.01.05-00.08.07:242][  0]LogTemp: Display: Loaded TP IOSTargetPlatform
[2019.01.05-00.08.07:242][  0]LogTemp: Display: Loaded TP IOSTargetPlatform
[2019.01.05-00.08.07:277][  0]LogTemp: Display: Loaded TP TVOSTargetPlatform
[2019.01.05-00.08.07:279][  0]LogTemp: Display: Loaded TP TVOSTargetPlatform
[2019.01.05-00.08.07:305][  0]LogTemp: Display: Loaded TP LinuxClientTargetPlatform
[2019.01.05-00.08.07:329][  0]LogTemp: Display: Loaded TP LinuxNoEditorTargetPlatform
[2019.01.05-00.08.07:353][  0]LogTemp: Display: Loaded TP LinuxServerTargetPlatform
[2019.01.05-00.08.07:390][  0]LogTemp: Display: Loaded TP LinuxTargetPlatform
[2019.01.05-00.08.07:413][  0]LogTemp: Display: Loaded TP LuminTargetPlatform
[2019.01.05-00.08.07:413][  0]LogTargetPlatformManager: Display: Building Assets For Windows
[2019.01.05-00.08.07:738][  0]LogXGEController: Cleaning working directory: C:/Users/ryem_/AppData/Local/Temp/UnrealXGEWorkingDir/
[2019.01.05-00.08.07:738][  0]LogXGEController: Cannot use XGE Controller as Incredibuild is not installed on this machine.
[2019.01.05-00.08.07:738][  0]LogShaderCompilers: Cannot use XGE Shader Compiler as Incredibuild is not installed on this machine.
[2019.01.05-00.08.07:738][  0]LogShaderCompilers: Display: Using Local Shader Compiler.
[2019.01.05-00.08.10:536][  0]LogDerivedDataCache: Display: Max Cache Size: 512 MB
[2019.01.05-00.08.10:880][  0]LogDerivedDataCache: Loaded boot cache 0.34s 75MB C:/Users/ryem_/AppData/Local/UnrealEngine/4.20/DerivedDataCache/Boot.ddc.
[2019.01.05-00.08.10:882][  0]LogDerivedDataCache: Display: Loaded Boot cache: C:/Users/ryem_/AppData/Local/UnrealEngine/4.20/DerivedDataCache/Boot.ddc
[2019.01.05-00.08.10:883][  0]LogDerivedDataCache: FDerivedDataBackendGraph:  Pak pak cache file ../../../../../../Users/ryem_/source/repos/TGP-Duos/TGP_Duos/DerivedDataCache/DDC.ddp not found, will not use a pak cache.
[2019.01.05-00.08.10:883][  0]LogDerivedDataCache: Unable to find inner node Pak for hierarchical cache Hierarchy.
[2019.01.05-00.08.10:883][  0]LogDerivedDataCache: FDerivedDataBackendGraph:  CompressedPak pak cache file ../../../../../../Users/ryem_/source/repos/TGP-Duos/TGP_Duos/DerivedDataCache/Compressed.ddp not found, will not use a pak cache.
[2019.01.05-00.08.10:883][  0]LogDerivedDataCache: Unable to find inner node CompressedPak for hierarchical cache Hierarchy.
[2019.01.05-00.08.10:912][  0]LogDerivedDataCache: Display: Pak cache opened for reading ../../../Engine/DerivedDataCache/Compressed.ddp.
[2019.01.05-00.08.10:941][  0]LogDerivedDataCache: Using Local data cache path C:/Users/ryem_/AppData/Local/UnrealEngine/Common/DerivedDataCache: Writable
[2019.01.05-00.08.10:944][  0]LogDerivedDataCache: Shared data cache path not found in *engine.ini, will not use an Shared cache.
[2019.01.05-00.08.10:950][  0]LogDerivedDataCache: Unable to find inner node Shared for hierarchical cache Hierarchy.
[2019.01.05-00.08.10:985][  0]LogMaterial: Verifying Global Shaders for PCD3D_SM5
[2019.01.05-00.08.10:993][  0]LogSlate: Using FreeType 2.6.0
[2019.01.05-00.08.11:013][  0]LogSlate: SlateFontServices - WITH_FREETYPE: 1, WITH_HARFBUZZ: 1
[2019.01.05-00.08.11:416][  0]LogAssetRegistry: FAssetRegistry took 0.0481 seconds to start up
[2019.01.05-00.08.12:028][  0]LogInit: Selected Device Profile: [Windows]
[2019.01.05-00.08.12:582][  0]LogSimplygon: Simplygon DLL not present - disabling.
[2019.01.05-00.08.12:653][  0]LogMeshReduction: Using SimplygonSwarm for distributed automatic mesh merging
[2019.01.05-00.08.12:653][  0]LogMeshReduction: Using ProxyLODMeshReduction for automatic mesh merging
[2019.01.05-00.08.12:654][  0]LogMeshReduction: Using QuadricMeshReduction for automatic static mesh reduction
[2019.01.05-00.08.12:654][  0]LogMeshReduction: No automatic skeletal mesh reduction module available
[2019.01.05-00.08.12:871][  0]LogNetVersion: TGP_Duos 1.0.0, NetCL: 4212847, EngineNetVer: 5, GameNetVer: 0 (Checksum: 2163957344)
[2019.01.05-00.08.14:969][  0]LogPackageLocalizationCache: Processed 11 localized package path(s) for 2 prioritized culture(s) in 0.161601 seconds
[2019.01.05-00.08.14:979][  0]LogUObjectArray: 38425 objects as part of root set at end of initial load.
[2019.01.05-00.08.14:979][  0]LogUObjectAllocator: 6690872 out of 0 bytes used by permanent object pool.
[2019.01.05-00.08.14:979][  0]LogUObjectArray: CloseDisregardForGC: 0/0 objects in disregard for GC pool
[2019.01.05-00.08.18:873][  0]LogTcpMessaging: Initializing TcpMessaging bridge
[2019.01.05-00.08.18:893][  0]LogUdpMessaging: Initializing bridge on interface 0.0.0.0:0 to multicast group 230.0.0.1:6666.
[2019.01.05-00.08.19:799][  0]SourceControl: Source control is disabled
[2019.01.05-00.08.19:799][  0]SourceControl: Source control is disabled
[2019.01.05-00.08.19:812][  0]SourceControl: Source control is disabled
[2019.01.05-00.08.19:820][  0]SourceControl: Source control is disabled
[2019.01.05-00.08.20:284][  0]LogAndroidPermission: UAndroidPermissionCallbackProxy::GetInstance
[2019.01.05-00.08.20:627][  0]LogOcInput: OculusInput pre-init called
[2019.01.05-00.08.20:791][  0]LogEngine: Initializing Engine...
[2019.01.05-00.08.20:795][  0]LogHMD: Failed to initialize OpenVR with code 110
[2019.01.05-00.08.20:802][  0]LogStats: UGameplayTagsManager::ConstructGameplayTagTree: ImportINI prefixes -  0.000 s
[2019.01.05-00.08.20:802][  0]LogStats: UGameplayTagsManager::ConstructGameplayTagTree: Construct from data asset -  0.000 s
[2019.01.05-00.08.20:802][  0]LogStats: UGameplayTagsManager::ConstructGameplayTagTree: ImportINI -  0.000 s
[2019.01.05-00.08.20:802][  0]LogStats: UGameplayTagsManager::ConstructGameplayTagTree: GameplayTagTreeChangedEvent.Broadcast -  0.000 s
[2019.01.05-00.08.21:268][  0]LogInit: Initializing FReadOnlyCVARCache
[2019.01.05-00.08.21:340][  0]LogAIModule: Creating AISystem for world Untitled
[2019.01.05-00.08.21:445][  0]LogInit: XAudio2 using 'Speakers (3- Logitech G430 Gaming Headset)' : 6 channels at 48 kHz using 16 bits per sample (channel mask 0x3f)
[2019.01.05-00.08.21:487][  0]LogInit: FAudioDevice initialized.
[2019.01.05-00.08.21:488][  0]LogNetVersion: Set ProjectVersion to 1.0.0.0. Version Checksum will be recalculated on next use.
[2019.01.05-00.08.21:576][  0]LogDerivedDataCache: Saved boot cache 0.09s 75MB C:/Users/ryem_/AppData/Local/UnrealEngine/4.20/DerivedDataCache/Boot.ddc.
[2019.01.05-00.08.21:590][  0]LogInit: Texture streaming: Enabled
[2019.01.05-00.08.21:642][  0]LogEngineSessionManager: EngineSessionManager initialized
[2019.01.05-00.08.21:642][  0]LogEngineSessionManager: EngineSessionManager sent abnormal shutdown report. Type=Debugger, SessionId={00BDF907-4DC5-22FC-783D-5D84E825680B}
[2019.01.05-00.08.21:668][  0]LogInit: Transaction tracking system initialized
[2019.01.05-00.08.21:765][  0]BlueprintLog: New page: Editor Load
[2019.01.05-00.08.22:142][  0]LocalizationService: Localization service is disabled
[2019.01.05-00.08.22:999][  0]LogCook: Display: Max memory allowance for cook 16384mb min free memory 0mb
[2019.01.05-00.08.22:999][  0]LogCook: Display: Mobile HDR setting 1
[2019.01.05-00.08.23:000][  0]LogGameplayTags: Display: UGameplayTagsManager::DoneAddingNativeTags. DelegateIsBound: 0
[2019.01.05-00.08.23:001][  0]LogStats: UGameplayTagsManager::ConstructGameplayTagTree: ImportINI prefixes -  0.000 s
[2019.01.05-00.08.23:001][  0]LogStats: UGameplayTagsManager::ConstructGameplayTagTree: Construct from data asset -  0.000 s
[2019.01.05-00.08.23:001][  0]LogStats: UGameplayTagsManager::ConstructGameplayTagTree: ImportINI -  0.000 s
[2019.01.05-00.08.23:001][  0]LogStats: UGameplayTagsManager::ConstructGameplayTagTree: GameplayTagTreeChangedEvent.Broadcast -  0.000 s
[2019.01.05-00.08.23:139][  0]LogFileCache: Scanning file cache for directory 'C:/Users/ryem_/source/repos/TGP-Duos/TGP_Duos/Content/' took 0.04s
[2019.01.05-00.08.23:632][  0]SourceControl: Source control is disabled
[2019.01.05-00.08.23:635][  0]Cmd: MAP LOAD FILE="../../../../../../Users/ryem_/source/repos/TGP-Duos/TGP_Duos/Content/FirstPersonCPP/Maps/FirstPersonExampleMap.umap" TEMPLATE=0 SHOWPROGRESS=1 FEATURELEVEL=3
[2019.01.05-00.08.23:648][  0]LightingResults: New page: Lighting Build
[2019.01.05-00.08.23:664][  0]MapCheck: New page: Map Check
[2019.01.05-00.08.23:667][  0]LightingResults: New page: Lighting Build
[2019.01.05-00.08.24:252][  0]LogAIModule: Creating AISystem for world FirstPersonExampleMap
[2019.01.05-00.08.24:329][  0]LogEditorServer: Finished looking for orphan Actors (0.000 secs)
[2019.01.05-00.08.24:373][  0]Cmd: MAP CHECKDEP NOCLEARLOG
[2019.01.05-00.08.24:506][  0]MapCheck: Map check complete: 0 Error(s), 0 Warning(s), took 132.809ms to complete.
[2019.01.05-00.08.24:507][  0]LogFileHelpers: Loading map 'FirstPersonExampleMap' took 0.872
[2019.01.05-00.08.24:763][  0]LogSlate: Updating window title bar state: overlay mode, drag disabled, window buttons hidden, title bar hidden
[2019.01.05-00.08.24:773][  0]LogSlate: Updating window title bar state: overlay mode, drag disabled, window buttons hidden, title bar hidden
[2019.01.05-00.08.24:781][  0]LogSlate: Updating window title bar state: overlay mode, drag disabled, window buttons hidden, title bar hidden
[2019.01.05-00.08.24:790][  0]LogSlate: Updating window title bar state: overlay mode, drag disabled, window buttons hidden, title bar hidden
[2019.01.05-00.08.24:818][  0]LogCollectionManager: Loaded 0 collections in 0.003668 seconds
[2019.01.05-00.08.24:888][  0]LogFileCache: Scanning file cache for directory 'C:/Users/ryem_/source/repos/TGP-Duos/TGP_Duos/Saved/Collections/' took 0.01s
[2019.01.05-00.08.24:889][  0]LogFileCache: Scanning file cache for directory 'C:/Users/ryem_/source/repos/TGP-Duos/TGP_Duos/Content/Developers/ryem/Collections/' took 0.01s
[2019.01.05-00.08.24:889][  0]LogFileCache: Scanning file cache for directory 'C:/Users/ryem_/source/repos/TGP-Duos/TGP_Duos/Content/Collections/' took 0.01s
[2019.01.05-00.08.24:889][  0]LogCollectionManager: Rebuilt the GUID cache for 0 collections in 0.000000 seconds
[2019.01.05-00.08.24:906][  0]LogContentBrowser: Native class hierarchy populated in 0.0153 seconds. Added 2578 classes and 606 folders.
[2019.01.05-00.08.24:926][  0]LogContentBrowser: Native class hierarchy updated for 'WidgetCarousel' in 0.0007 seconds. Added 0 classes and 0 folders.
[2019.01.05-00.08.25:437][  0]LogContentBrowser: Native class hierarchy updated for 'AddContentDialog' in 0.0006 seconds. Added 0 classes and 0 folders.
[2019.01.05-00.08.25:455][  0]LogContentBrowser: Native class hierarchy updated for 'SceneOutliner' in 0.0006 seconds. Added 1 classes and 2 folders.
[2019.01.05-00.08.25:541][  0]LogSlate: Took 0.006245 seconds to synchronously load lazily loaded font '../../../Engine/Content/Slate/Fonts/Roboto-Regular.ttf' (155K)
[2019.01.05-00.08.25:550][  0]LogSlate: Took 0.005999 seconds to synchronously load lazily loaded font '../../../Engine/Content/Slate/Fonts/Roboto-Bold.ttf' (160K)
[2019.01.05-00.08.25:565][  0]LogSlate: Took 0.006109 seconds to synchronously load lazily loaded font '../../../Engine/Content/Editor/Slate/Fonts/FontAwesome.ttf' (139K)
[2019.01.05-00.08.25:750][  0]LogRenderer: Reallocating scene render targets to support 1616x580 Format 10 NumSamples 1 (Frame:1).
[2019.01.05-00.08.26:028][  0]LogContentBrowser: Native class hierarchy updated for 'HierarchicalLODOutliner' in 0.0007 seconds. Added 0 classes and 0 folders.
[2019.01.05-00.08.26:028][  0]LogLoad: (Engine Initialization) Total time: 30.67 seconds
[2019.01.05-00.08.26:028][  0]LogLoad: (Engine Initialization) Total Blueprint compile time: 0.00 seconds
[2019.01.05-00.08.26:076][  0]LogContentStreaming: Texture pool size now 1000 MB
[2019.01.05-00.08.26:130][  0]LogSlate: Took 0.006054 seconds to synchronously load lazily loaded font '../../../Engine/Content/Slate/Fonts/Roboto-Light.ttf' (167K)
[2019.01.05-00.08.26:167][  1]LogAssetRegistry: Asset discovery search completed in 14.7918 seconds
[2019.01.05-00.08.26:171][  1]LogCollectionManager: Rebuilt the object cache for 0 collections in 0.000000 seconds (found 0 objects)
[2019.01.05-00.08.26:172][  1]LogCollectionManager: Fixed up redirectors for 0 collections in 0.000689 seconds (updated 0 objects)
[2019.01.05-00.11.35:220][897]LogSlate: FSceneViewport::OnFocusLost() reason 0
[2019.01.05-00.11.35:360][914]LogTemp: Repeating last play command: Selected Viewport
[2019.01.05-00.11.35:394][914]LogBlueprintUserMessages: Early PlayInEditor Detection: Level '/Game/FirstPersonCPP/Maps/FirstPersonExampleMap.FirstPersonExampleMap:PersistentLevel' has LevelScriptBlueprint '/Game/FirstPersonCPP/Maps/FirstPersonExampleMap.FirstPersonExampleMap:PersistentLevel.FirstPersonExampleMap' with GeneratedClass '/Game/FirstPersonCPP/Maps/FirstPersonExampleMap.FirstPersonExampleMap_C' with ClassGeneratedBy '/Game/FirstPersonCPP/Maps/FirstPersonExampleMap.FirstPersonExampleMap:PersistentLevel.FirstPersonExampleMap'
[2019.01.05-00.11.35:396][914]LogPlayLevel: PlayLevel: No blueprints needed recompiling
[2019.01.05-00.11.35:422][914]PIE: New page: PIE session: FirstPersonExampleMap (5 Jan 2019 00:11:35)
[2019.01.05-00.11.35:422][914]LogPlayLevel: Creating play world package: /Game/FirstPersonCPP/Maps/UEDPIE_0_FirstPersonExampleMap
[2019.01.05-00.11.35:453][914]LogPlayLevel: PIE: StaticDuplicateObject took: (0.031196s)
[2019.01.05-00.11.35:454][914]LogAIModule: Creating AISystem for world FirstPersonExampleMap
[2019.01.05-00.11.35:455][914]LogPlayLevel: PIE: World Init took: (0.001391s)
[2019.01.05-00.11.35:456][914]LogPlayLevel: PIE: Created PIE world by copying editor world from /Game/FirstPersonCPP/Maps/FirstPersonExampleMap.FirstPersonExampleMap to /Game/FirstPersonCPP/Maps/UEDPIE_0_FirstPersonExampleMap.FirstPersonExampleMap (0.033552s)
[2019.01.05-00.11.35:551][914]LogInit: XAudio2 using 'Speakers (3- Logitech G430 Gaming Headset)' : 6 channels at 48 kHz using 16 bits per sample (channel mask 0x3f)
[2019.01.05-00.11.35:582][914]LogInit: FAudioDevice initialized.
[2019.01.05-00.11.35:634][914]LogLoad: Game class is 'TGP_DuosGameMode'
[2019.01.05-00.11.35:644][914]LogWorld: Bringing World /Game/FirstPersonCPP/Maps/UEDPIE_0_FirstPersonExampleMap.FirstPersonExampleMap up for play (max tick rate 0) at 2019.01.05-00.11.35
[2019.01.05-00.11.35:648][914]LogWorld: Bringing up level for play took: 0.006439
[2019.01.05-00.11.35:688][914]LogContentBrowser: Native class hierarchy updated for 'MovieSceneCapture' in 0.0010 seconds. Added 10 classes and 0 folders.
[2019.01.05-00.11.35:692][914]PIE: Play in editor start time for /Game/FirstPersonCPP/Maps/UEDPIE_0_FirstPersonExampleMap -0.656
[2019.01.05-00.11.35:692][914]LogBlueprintUserMessages: Late PlayInEditor Detection: Level '/Game/FirstPersonCPP/Maps/FirstPersonExampleMap.FirstPersonExampleMap:PersistentLevel' has LevelScriptBlueprint '/Game/FirstPersonCPP/Maps/FirstPersonExampleMap.FirstPersonExampleMap:PersistentLevel.FirstPersonExampleMap' with GeneratedClass '/Game/FirstPersonCPP/Maps/FirstPersonExampleMap.FirstPersonExampleMap_C' with ClassGeneratedBy '/Game/FirstPersonCPP/Maps/FirstPersonExampleMap.FirstPersonExampleMap:PersistentLevel.FirstPersonExampleMap'
