Log file open, 12/19/18 12:59:44
LogWindows: Failed to load 'aqProf.dll' (GetLastError=126)
LogWindows: File 'aqProf.dll' does not exist
LogWindows: Failed to load 'VSPerf140.dll' (GetLastError=126)
LogWindows: File 'VSPerf140.dll' does not exist
LogWindows: Failed to load 'VtuneApi.dll' (GetLastError=126)
LogWindows: File 'VtuneApi.dll' does not exist
LogWindows: Failed to load 'VtuneApi32e.dll' (GetLastError=126)
LogWindows: File 'VtuneApi32e.dll' does not exist
LogInit: Display: Running engine for game: TGP_Duos
LogPlatformFile: Not using cached read wrapper
LogTaskGraph: Started task graph with 5 named threads and 14 total threads with 3 sets of task threads.
LogStats: Stats thread started at 0.198208
LogD3D11RHI: Loaded GFSDK_Aftermath_Lib.x64.dll
LogICUInternationalization: Display: ICU TimeZone Detection - Raw Offset: +2:00, Platform Override: ''
LogPluginManager: Mounting plugin Paper2D
LogPluginManager: Mounting plugin AISupport
LogPluginManager: Mounting plugin LightPropagationVolume
LogPluginManager: Mounting plugin CLionSourceCodeAccess
LogPluginManager: Mounting plugin CodeLiteSourceCodeAccess
LogPluginManager: Mounting plugin GitSourceControl
LogPluginManager: Mounting plugin KDevelopSourceCodeAccess
LogPluginManager: Mounting plugin NullSourceCodeAccess
LogPluginManager: Mounting plugin PerforceSourceControl
LogPluginManager: Mounting plugin SubversionSourceControl
LogPluginManager: Mounting plugin UObjectPlugin
LogPluginManager: Mounting plugin VisualStudioCodeSourceCodeAccess
LogPluginManager: Mounting plugin VisualStudioSourceCodeAccess
LogPluginManager: Mounting plugin XCodeSourceCodeAccess
LogPluginManager: Mounting plugin AssetManagerEditor
LogPluginManager: Mounting plugin CryptoKeys
LogPluginManager: Mounting plugin DataValidation
LogPluginManager: Mounting plugin FacialAnimation
LogPluginManager: Mounting plugin GameplayTagsEditor
LogPluginManager: Mounting plugin MacGraphicsSwitching
LogPluginManager: Mounting plugin MeshEditor
LogPluginManager: Mounting plugin MobileLauncherProfileWizard
LogPluginManager: Mounting plugin PluginBrowser
LogPluginManager: Mounting plugin SpeedTreeImporter
LogPluginManager: Mounting plugin DatasmithContent
LogPluginManager: Mounting plugin AlembicImporter
LogPluginManager: Mounting plugin AppleImageUtils
LogPluginManager: Mounting plugin AppleVision
LogPluginManager: Mounting plugin BackChannel
LogPluginManager: Mounting plugin CharacterAI
LogPluginManager: Mounting plugin GeometryCache
LogPluginManager: Mounting plugin HTML5Networking
LogPluginManager: Mounting plugin ProxyLODPlugin
LogPluginManager: Mounting plugin MagicLeap
LogPluginManager: Mounting plugin MagicLeapEmulator
LogPluginManager: Mounting plugin MagicLeapMedia
LogPluginManager: Mounting plugin AndroidMedia
LogPluginManager: Mounting plugin AvfMedia
LogPluginManager: Mounting plugin ImgMedia
LogPluginManager: Mounting plugin LinearTimecode
LogPluginManager: Mounting plugin MediaCompositing
LogPluginManager: Mounting plugin MediaPlayerEditor
LogPluginManager: Mounting plugin WmfMedia
LogPluginManager: Mounting plugin TcpMessaging
LogPluginManager: Mounting plugin UdpMessaging
LogPluginManager: Mounting plugin ActorSequence
LogPluginManager: Mounting plugin LevelSequenceEditor
LogPluginManager: Mounting plugin MatineeToLevelSequence
LogPluginManager: Mounting plugin NetcodeUnitTest
LogPluginManager: Mounting plugin NUTUnrealEngine4
LogPluginManager: Mounting plugin OnlineSubsystemGooglePlay
LogPluginManager: Mounting plugin OnlineSubsystemIOS
LogPluginManager: Mounting plugin OnlineSubsystem
LogPluginManager: Mounting plugin OnlineSubsystemNull
LogPluginManager: Mounting plugin OnlineSubsystemUtils
LogPluginManager: Mounting plugin LauncherChunkInstaller
LogPluginManager: Mounting plugin AndroidDeviceProfileSelector
LogPluginManager: Mounting plugin AndroidMoviePlayer
LogPluginManager: Mounting plugin AndroidPermission
LogPluginManager: Mounting plugin AppleMoviePlayer
LogPluginManager: Mounting plugin ArchVisCharacter
LogPluginManager: Mounting plugin AudioCapture
LogPluginManager: Mounting plugin CableComponent
LogPluginManager: Mounting plugin CustomMeshComponent
LogPluginManager: Mounting plugin EditableMesh
LogPluginManager: Mounting plugin ExampleDeviceProfileSelector
LogPluginManager: Mounting plugin GoogleCloudMessaging
LogPluginManager: Mounting plugin ImmediatePhysics
LogPluginManager: Mounting plugin IOSDeviceProfileSelector
LogPluginManager: Mounting plugin LinuxDeviceProfileSelector
LogPluginManager: Mounting plugin LocationServicesBPLibrary
LogPluginManager: Mounting plugin MobilePatchingUtils
LogPluginManager: Mounting plugin OculusVR
LogPluginManager: Plugin shader directory ../../../Engine/Plugins/Runtime/Oculus/OculusVR/Shaders found
LogPluginManager: Mapping shader source directory ../../../Engine/Plugins/Runtime/Oculus/OculusVR/Shaders to virtual directory /Plugin/OculusVR
LogPluginManager: Mounting plugin PhysXVehicles
LogPluginManager: Mounting plugin ProceduralMeshComponent
LogPluginManager: Mounting plugin RuntimePhysXCooking
LogPluginManager: Mounting plugin SteamVR
LogPluginManager: Mounting plugin WindowsMoviePlayer
LogStreaming: Display: Took  0.244s to configure plugins.
LogInit: Using libcurl 7.55.1-DEV
LogInit:  - built for x86_64-pc-win32
LogInit:  - supports SSL with OpenSSL/1.0.2h
LogInit:  - supports HTTP deflate (compression) using libz 1.2.8
LogInit:  - other features:
LogInit:      CURL_VERSION_SSL
LogInit:      CURL_VERSION_LIBZ
LogInit:      CURL_VERSION_IPV6
LogInit:      CURL_VERSION_ASYNCHDNS
LogInit:      CURL_VERSION_LARGEFILE
LogInit:      CURL_VERSION_IDN
LogInit:  CurlRequestOptions (configurable via config and command line):
LogInit:  - bVerifyPeer = false  - Libcurl will NOT verify peer certificate
LogInit:  - bUseHttpProxy = false  - Libcurl will NOT use HTTP proxy
LogInit:  - bDontReuseConnections = false  - Libcurl will reuse connections
LogInit:  - CertBundlePath = nullptr  - Libcurl will use whatever was configured at build time.
LogInit:  - MaxHostConnections = 16  - Libcurl will limit the number of connections to a host
LogInit:  - LocalHostAddr = Default
LogInit:  - BufferSize = 65536
LogInit: WinSock: version 1.1 (2.2), MaxSocks=32767, MaxUdp=65467
LogInit: Build: ++UE4+Release-4.20-CL-4369336
LogInit: Engine Version: 4.20.3-4369336+++UE4+Release-4.20
LogInit: Compatible Engine Version: 4.20.0-4212847+++UE4+Release-4.20
LogInit: Net CL: 4212847
LogInit: OS: Windows 10 (), CPU: Intel(R) Xeon(R) CPU E3-1226 v3 @ 3.30GHz, GPU: NVIDIA Quadro K420
LogInit: Compiled (64-bit): Sep 17 2018 12:26:19
LogInit: Compiled with Visual C++: 19.13.26129.00
LogInit: Build Configuration: Development
LogInit: Branch Name: ++UE4+Release-4.20
LogInit: Command Line:  
LogInit: Base Directory: C:/Program Files/Epic Games/UE_4.20/Engine/Binaries/Win64/
LogInit: Installed Engine Build: 1
LogDevObjectVersion: Number of dev versions registered: 20
LogDevObjectVersion:   Dev-Blueprints (B0D832E4-1F89-4F0D-ACCF-7EB736FD4AA2): 10
LogDevObjectVersion:   Dev-Build (E1C64328-A22C-4D53-A36C-8E866417BD8C): 0
LogDevObjectVersion:   Dev-Core (375EC13C-06E4-48FB-B500-84F0262A717E): 2
LogDevObjectVersion:   Dev-Editor (E4B068ED-F494-42E9-A231-DA0B2E46BB41): 24
LogDevObjectVersion:   Dev-Framework (CFFC743F-43B0-4480-9391-14DF171D2073): 34
LogDevObjectVersion:   Dev-Mobile (B02B49B5-BB20-44E9-A304-32B752E40360): 2
LogDevObjectVersion:   Dev-Networking (A4E4105C-59A1-49B5-A7C5-40C4547EDFEE): 0
LogDevObjectVersion:   Dev-Online (39C831C9-5AE6-47DC-9A44-9C173E1C8E7C): 0
LogDevObjectVersion:   Dev-Physics (78F01B33-EBEA-4F98-B9B4-84EACCB95AA2): 0
LogDevObjectVersion:   Dev-Platform (6631380F-2D4D-43E0-8009-CF276956A95A): 0
LogDevObjectVersion:   Dev-Rendering (12F88B9F-8875-4AFC-A67C-D90C383ABD29): 26
LogDevObjectVersion:   Dev-Sequencer (7B5AE74C-D270-4C10-A958-57980B212A5A): 9
LogDevObjectVersion:   Dev-VR (D7296918-1DD6-4BDD-9DE2-64A83CC13884): 2
LogDevObjectVersion:   Dev-LoadTimes (C2A15278-BFE7-4AFE-6C17-90FF531DF755): 1
LogDevObjectVersion:   Private-Geometry (6EACA3D4-40EC-4CC1-B786-8BED09428FC5): 3
LogDevObjectVersion:   Dev-AnimPhys (29E575DD-E0A3-4627-9D10-D276232CDCEA): 17
LogDevObjectVersion:   Dev-ReflectionCapture (6B266CEC-1EC7-4B8F-A30B-E4D90942FC07): 1
LogDevObjectVersion:   Dev-Automation (0DF73D61-A23F-47EA-B727-89E90C41499A): 1
LogDevObjectVersion:   FortniteMain (601D1886-AC64-4F84-AA16-D3DE0DEAC7D6): 12
LogDevObjectVersion:   Dev-Enterprise (9DFFBCD6-494F-0158-E221-12823C92A888): 1
LogStreaming: Display: Took  0.020s to delete old logs.
LogInit: Presizing for max 8388607 objects, including 0 objects not considered by GC, pre-allocating 0 bytes for permanent pool.
LogInit: Object subsystem initialized
[2018.12.19-10.59.45:469][  0]LogInit: Selected Device Profile: [Windows]
[2018.12.19-10.59.45:469][  0]LogInit: Applying CVar settings loaded from the selected device profile: [Windows]
[2018.12.19-10.59.45:512][  0]LogHAL: Display: Platform has ~ 8 GB [8529268736 / 8589934592 / 8], which maps to Default [LargestMinGB=32, LargerMinGB=12, DefaultMinGB=8, SmallerMinGB=6, SmallestMinGB=0)
[2018.12.19-10.59.45:512][  0]LogInit: Setting Device Profile CVar: [[r.Vulkan.UseRealUBs:1]]
[2018.12.19-10.59.45:512][  0]LogInit: Going up to parent DeviceProfile []
[2018.12.19-10.59.45:513][  0]LogInit: Computer: XEON2
[2018.12.19-10.59.45:513][  0]LogInit: User: gmloukie
[2018.12.19-10.59.45:513][  0]LogInit: CPU Page size=4096, Cores=4
[2018.12.19-10.59.45:513][  0]LogInit: High frequency timer resolution =3.215211 MHz
[2018.12.19-10.59.45:514][  0]LogMemory: Memory total: Physical=7.9GB (8GB approx)
[2018.12.19-10.59.45:514][  0]LogMemory: Platform Memory Stats for Windows
[2018.12.19-10.59.45:514][  0]LogMemory: Process Physical Memory: 99.73 MB used, 99.73 MB peak
[2018.12.19-10.59.45:514][  0]LogMemory: Process Virtual Memory: 90.24 MB used, 90.24 MB peak
[2018.12.19-10.59.45:514][  0]LogMemory: Physical Memory: 6605.41 MB used,  1528.73 MB free, 8134.14 MB total
[2018.12.19-10.59.45:514][  0]LogMemory: Virtual Memory: 514.32 MB used,  1528.73 MB free, 134217728.00 MB total
[2018.12.19-10.59.45:813][  0]LogInit: Using OS detected language (en-US).
[2018.12.19-10.59.45:813][  0]LogInit: Using OS detected locale (el-GR).
[2018.12.19-10.59.45:814][  0]LogTextLocalizationManager: No specific localization for 'en-US' exists, so the 'en' localization will be used.
[2018.12.19-10.59.46:475][  0]LogStreaming: Display: Took  0.662s to InitEngineTextLocalization.
[2018.12.19-10.59.46:475][  0]LogInit: Setting process to per monitor DPI aware
[2018.12.19-10.59.46:699][  0]LogSlate: New Slate User Created.  User Index 0, Is Virtual User: 0
[2018.12.19-10.59.46:699][  0]LogSlate: Slate User Registered.  User Index 0, Is Virtual User: 0
[2018.12.19-10.59.47:472][  0]LogHMD: Failed to initialize OpenVR with code 110
[2018.12.19-10.59.47:472][  0]LogD3D11RHI: D3D11 adapters:
[2018.12.19-10.59.47:534][  0]LogD3D11RHI:    0. 'NVIDIA Quadro K420' (Feature Level 11_0)
[2018.12.19-10.59.47:534][  0]LogD3D11RHI:       972/0/4067 MB DedicatedVideo/DedicatedSystem/SharedSystem, Outputs:1, VendorId:0x10de
[2018.12.19-10.59.47:537][  0]LogD3D11RHI:    1. 'Microsoft Basic Render Driver' (Feature Level 11_0)
[2018.12.19-10.59.47:537][  0]LogD3D11RHI:       0/0/4067 MB DedicatedVideo/DedicatedSystem/SharedSystem, Outputs:0, VendorId:0x1414
[2018.12.19-10.59.47:537][  0]LogD3D11RHI: Chosen D3D11 Adapter: 0
[2018.12.19-10.59.47:546][  0]LogD3D11RHI: Creating new Direct3DDevice
[2018.12.19-10.59.47:547][  0]LogD3D11RHI:     GPU DeviceId: 0xff3 (for the marketing name, search the web for "GPU Device Id")
[2018.12.19-10.59.47:547][  0]LogWindows: EnumDisplayDevices:
[2018.12.19-10.59.47:547][  0]LogWindows:    0. 'NVIDIA Quadro K420' (P:1 D:1)
[2018.12.19-10.59.47:547][  0]LogWindows:    1. 'NVIDIA Quadro K420' (P:0 D:0)
[2018.12.19-10.59.47:547][  0]LogWindows:    2. 'NVIDIA Quadro K420' (P:0 D:0)
[2018.12.19-10.59.47:547][  0]LogWindows:    3. 'NVIDIA Quadro K420' (P:0 D:0)
[2018.12.19-10.59.47:547][  0]LogWindows: DebugString: FoundDriverCount:4 
[2018.12.19-10.59.47:547][  0]LogD3D11RHI:     Adapter Name: NVIDIA Quadro K420
[2018.12.19-10.59.47:548][  0]LogD3D11RHI:   Driver Version: 353.62 (internal:10.18.13.5362, unified:353.62)
[2018.12.19-10.59.47:548][  0]LogD3D11RHI:      Driver Date: 7-22-2015
[2018.12.19-10.59.47:548][  0]LogRHI: Texture pool is 680 MB (70% of 972 MB)
[2018.12.19-10.59.47:612][  0]LogD3D11RHI: NvAPI_D3D_GetCurrentSLIState failed: 0xfffffff7
[2018.12.19-10.59.47:612][  0]LogD3D11RHI: Async texture creation enabled
[2018.12.19-10.59.47:645][  0]LogD3D11RHI: GPU Timing Frequency: 1000.000000 (Debug: 2 1)
[2018.12.19-10.59.47:650][  0]LogShaderCompilers: Guid format shader working directory is -19 characters bigger than the processId version (../../../../../../Users/gmloukie/Documents/GitHub/TGP-Duos/TGP_Duos/Intermediate/Shaders/WorkingDirectory/60924/).
[2018.12.19-10.59.47:650][  0]LogShaderCompilers: Cleaned the shader compiler working directory 'C:/Users/gmloukie/AppData/Local/Temp/UnrealShaderWorkingDir/5496B801438F6A9EE8CD2A946802BA6F/'.
[2018.12.19-10.59.49:212][  0]LogTemp: Display: Loaded TP AllDesktopTargetPlatform
[2018.12.19-10.59.49:256][  0]LogTemp: Display: Loaded TP MacClientTargetPlatform
[2018.12.19-10.59.49:309][  0]LogTemp: Display: Loaded TP MacNoEditorTargetPlatform
[2018.12.19-10.59.49:337][  0]LogTemp: Display: Loaded TP MacServerTargetPlatform
[2018.12.19-10.59.49:579][  0]LogTemp: Display: Loaded TP MacTargetPlatform
[2018.12.19-10.59.49:638][  0]LogTemp: Display: Loaded TP WindowsClientTargetPlatform
[2018.12.19-10.59.49:690][  0]LogTemp: Display: Loaded TP WindowsNoEditorTargetPlatform
[2018.12.19-10.59.49:722][  0]LogTemp: Display: Loaded TP WindowsServerTargetPlatform
[2018.12.19-10.59.49:730][  0]LogTemp: Display: Loaded TP WindowsTargetPlatform
[2018.12.19-10.59.49:859][  0]LogTemp: Display: Loaded TP AndroidTargetPlatform
[2018.12.19-10.59.49:859][  0]LogTemp: Display: Loaded TP AndroidTargetPlatform
[2018.12.19-10.59.49:859][  0]LogTemp: Display: Loaded TP AndroidTargetPlatform
[2018.12.19-10.59.49:859][  0]LogTemp: Display: Loaded TP AndroidTargetPlatform
[2018.12.19-10.59.49:859][  0]LogTemp: Display: Loaded TP AndroidTargetPlatform
[2018.12.19-10.59.49:859][  0]LogTemp: Display: Loaded TP AndroidTargetPlatform
[2018.12.19-10.59.49:859][  0]LogTemp: Display: Loaded TP AndroidTargetPlatform
[2018.12.19-10.59.49:859][  0]LogTemp: Display: Loaded TP AndroidTargetPlatform
[2018.12.19-10.59.49:859][  0]LogTemp: Display: Loaded TP AndroidTargetPlatform
[2018.12.19-10.59.49:859][  0]LogTemp: Display: Loaded TP AndroidTargetPlatform
[2018.12.19-10.59.49:859][  0]LogTemp: Display: Loaded TP AndroidTargetPlatform
[2018.12.19-10.59.49:859][  0]LogTemp: Display: Loaded TP AndroidTargetPlatform
[2018.12.19-10.59.49:859][  0]LogTemp: Display: Loaded TP AndroidTargetPlatform
[2018.12.19-10.59.49:859][  0]LogTemp: Display: Loaded TP AndroidTargetPlatform
[2018.12.19-10.59.49:859][  0]LogTemp: Display: Loaded TP AndroidTargetPlatform
[2018.12.19-10.59.49:859][  0]LogTemp: Display: Loaded TP AndroidTargetPlatform
[2018.12.19-10.59.49:859][  0]LogTemp: Display: Loaded TP AndroidTargetPlatform
[2018.12.19-10.59.49:859][  0]LogTemp: Display: Loaded TP AndroidTargetPlatform
[2018.12.19-10.59.49:904][  0]LogTemp: Display: Loaded TP HTML5TargetPlatform
[2018.12.19-10.59.50:081][  0]LogTemp: Display: Loaded TP IOSTargetPlatform
[2018.12.19-10.59.50:081][  0]LogTemp: Display: Loaded TP IOSTargetPlatform
[2018.12.19-10.59.50:139][  0]LogTemp: Display: Loaded TP TVOSTargetPlatform
[2018.12.19-10.59.50:139][  0]LogTemp: Display: Loaded TP TVOSTargetPlatform
[2018.12.19-10.59.50:164][  0]LogTemp: Display: Loaded TP LinuxClientTargetPlatform
[2018.12.19-10.59.50:177][  0]LogTemp: Display: Loaded TP LinuxNoEditorTargetPlatform
[2018.12.19-10.59.50:211][  0]LogTemp: Display: Loaded TP LinuxServerTargetPlatform
[2018.12.19-10.59.50:238][  0]LogTemp: Display: Loaded TP LinuxTargetPlatform
[2018.12.19-10.59.50:254][  0]LogTemp: Display: Loaded TP LuminTargetPlatform
[2018.12.19-10.59.50:254][  0]LogTargetPlatformManager: Display: Building Assets For Windows
[2018.12.19-10.59.50:654][  0]LogXGEController: Cannot use XGE Controller as Incredibuild is not installed on this machine.
[2018.12.19-10.59.50:654][  0]LogShaderCompilers: Cannot use XGE Shader Compiler as Incredibuild is not installed on this machine.
[2018.12.19-10.59.50:654][  0]LogShaderCompilers: Display: Using Local Shader Compiler.
[2018.12.19-10.59.51:690][  0]LogDerivedDataCache: Display: Max Cache Size: 512 MB
[2018.12.19-10.59.57:564][  0]LogDerivedDataCache: Loaded boot cache 5.87s 100MB C:/Users/gmloukie/AppData/Local/UnrealEngine/4.20/DerivedDataCache/Boot.ddc.
[2018.12.19-10.59.57:564][  0]LogDerivedDataCache: Display: Loaded Boot cache: C:/Users/gmloukie/AppData/Local/UnrealEngine/4.20/DerivedDataCache/Boot.ddc
[2018.12.19-10.59.57:564][  0]LogDerivedDataCache: FDerivedDataBackendGraph:  Pak pak cache file ../../../../../../Users/gmloukie/Documents/GitHub/TGP-Duos/TGP_Duos/DerivedDataCache/DDC.ddp not found, will not use a pak cache.
[2018.12.19-10.59.57:564][  0]LogDerivedDataCache: Unable to find inner node Pak for hierarchical cache Hierarchy.
[2018.12.19-10.59.57:564][  0]LogDerivedDataCache: FDerivedDataBackendGraph:  CompressedPak pak cache file ../../../../../../Users/gmloukie/Documents/GitHub/TGP-Duos/TGP_Duos/DerivedDataCache/Compressed.ddp not found, will not use a pak cache.
[2018.12.19-10.59.57:564][  0]LogDerivedDataCache: Unable to find inner node CompressedPak for hierarchical cache Hierarchy.
[2018.12.19-10.59.57:610][  0]LogDerivedDataCache: Display: Pak cache opened for reading ../../../Engine/DerivedDataCache/Compressed.ddp.
[2018.12.19-10.59.57:622][  0]LogDerivedDataCache: Using Local data cache path C:/Users/gmloukie/AppData/Local/UnrealEngine/Common/DerivedDataCache: Writable
[2018.12.19-10.59.57:622][  0]LogDerivedDataCache: Shared data cache path not found in *engine.ini, will not use an Shared cache.
[2018.12.19-10.59.57:622][  0]LogDerivedDataCache: Unable to find inner node Shared for hierarchical cache Hierarchy.
[2018.12.19-10.59.57:640][  0]LogMaterial: Verifying Global Shaders for PCD3D_SM5
[2018.12.19-10.59.57:642][  0]LogSlate: Using FreeType 2.6.0
[2018.12.19-10.59.57:671][  0]LogSlate: SlateFontServices - WITH_FREETYPE: 1, WITH_HARFBUZZ: 1
[2018.12.19-10.59.58:092][  0]LogAssetRegistry: FAssetRegistry took 0.0262 seconds to start up
[2018.12.19-10.59.58:471][  0]LogInit: Selected Device Profile: [Windows]
[2018.12.19-10.59.58:900][  0]LogSimplygon: Simplygon DLL not present - disabling.
[2018.12.19-10.59.58:952][  0]LogMeshReduction: Using SimplygonSwarm for distributed automatic mesh merging
[2018.12.19-10.59.58:952][  0]LogMeshReduction: Using ProxyLODMeshReduction for automatic mesh merging
[2018.12.19-10.59.58:952][  0]LogMeshReduction: Using QuadricMeshReduction for automatic static mesh reduction
[2018.12.19-10.59.58:952][  0]LogMeshReduction: No automatic skeletal mesh reduction module available
[2018.12.19-10.59.58:983][  0]LogNetVersion: TGP_Duos 1.0.0, NetCL: 4212847, EngineNetVer: 5, GameNetVer: 0 (Checksum: 2163957344)
[2018.12.19-10.59.59:562][  0]LogPackageLocalizationCache: Processed 11 localized package path(s) for 2 prioritized culture(s) in 0.145393 seconds
[2018.12.19-10.59.59:568][  0]LogUObjectArray: 38425 objects as part of root set at end of initial load.
[2018.12.19-10.59.59:568][  0]LogUObjectAllocator: 6690864 out of 0 bytes used by permanent object pool.
[2018.12.19-10.59.59:568][  0]LogUObjectArray: CloseDisregardForGC: 0/0 objects in disregard for GC pool
[2018.12.19-11.00.12:913][  0]LogTcpMessaging: Initializing TcpMessaging bridge
[2018.12.19-11.00.12:952][  0]LogUdpMessaging: Initializing bridge on interface 0.0.0.0:0 to multicast group 230.0.0.1:6666.
[2018.12.19-11.00.13:517][  0]SourceControl: Source control is disabled
[2018.12.19-11.00.13:518][  0]LogWindows: Warning: CreateProc failed: The system cannot find the file specified. (0x00000002)
[2018.12.19-11.00.13:518][  0]LogWindows: Warning: URL: C:/Users/Carbo/AppData/Local/GitHubDesktop/app-1.5.0/resources/app/git/cmd/git.exe version
[2018.12.19-11.00.13:560][  0]LogWindows: Warning: CreateProc failed: The system cannot find the file specified. (0x00000002)
[2018.12.19-11.00.13:560][  0]LogWindows: Warning: URL: C:/Users/Carbo/AppData/Local/GitHubDesktop/app-1.5.0/resources/app/git/cmd/git.exe version
[2018.12.19-11.00.13:574][  0]LogWindows: Warning: CreateProc failed: The system cannot find the file specified. (0x00000002)
[2018.12.19-11.00.13:574][  0]LogWindows: Warning: URL: C:/Users/Carbo/AppData/Local/GitHubDesktop/app-1.5.0/resources/app/git/cmd/git.exe version
[2018.12.19-11.00.14:453][  0]LogAndroidPermission: UAndroidPermissionCallbackProxy::GetInstance
[2018.12.19-11.00.14:646][  0]LogOcInput: OculusInput pre-init called
[2018.12.19-11.00.14:765][  0]LogEngine: Initializing Engine...
[2018.12.19-11.00.14:766][  0]LogHMD: Failed to initialize OpenVR with code 110
[2018.12.19-11.00.14:767][  0]LogStats: UGameplayTagsManager::ConstructGameplayTagTree: ImportINI prefixes -  0.000 s
[2018.12.19-11.00.14:768][  0]LogStats: UGameplayTagsManager::ConstructGameplayTagTree: Construct from data asset -  0.000 s
[2018.12.19-11.00.14:768][  0]LogStats: UGameplayTagsManager::ConstructGameplayTagTree: ImportINI -  0.000 s
[2018.12.19-11.00.14:768][  0]LogStats: UGameplayTagsManager::ConstructGameplayTagTree: GameplayTagTreeChangedEvent.Broadcast -  0.000 s
[2018.12.19-11.00.14:959][  0]LogInit: Initializing FReadOnlyCVARCache
[2018.12.19-11.00.15:054][  0]LogAIModule: Creating AISystem for world Untitled
[2018.12.19-11.00.15:066][  0]LogInit: XAudio2 using 'Ηχεία / Ακουστικά (Realtek High Definition Audio)' : 2 channels at 48 kHz using 32 bits per sample (channel mask 0x3)
[2018.12.19-11.00.15:164][  0]LogInit: FAudioDevice initialized.
[2018.12.19-11.00.15:164][  0]LogNetVersion: Set ProjectVersion to 1.0.0.0. Version Checksum will be recalculated on next use.
[2018.12.19-11.00.15:362][  0]LogDerivedDataCache: Saved boot cache 0.20s 100MB C:/Users/gmloukie/AppData/Local/UnrealEngine/4.20/DerivedDataCache/Boot.ddc.
[2018.12.19-11.00.15:372][  0]LogInit: Texture streaming: Enabled
[2018.12.19-11.00.15:460][  0]LogEngineSessionManager: EngineSessionManager initialized
[2018.12.19-11.00.15:505][  0]LogInit: Transaction tracking system initialized
[2018.12.19-11.00.15:795][  0]BlueprintLog: New page: Editor Load
[2018.12.19-11.00.16:567][  0]LocalizationService: Localization service is disabled
[2018.12.19-11.00.17:509][  0]LogCook: Display: Max memory allowance for cook 16384mb min free memory 0mb
[2018.12.19-11.00.17:509][  0]LogCook: Display: Mobile HDR setting 1
[2018.12.19-11.00.17:509][  0]LogGameplayTags: Display: UGameplayTagsManager::DoneAddingNativeTags. DelegateIsBound: 0
[2018.12.19-11.00.17:509][  0]LogStats: UGameplayTagsManager::ConstructGameplayTagTree: ImportINI prefixes -  0.000 s
[2018.12.19-11.00.17:509][  0]LogStats: UGameplayTagsManager::ConstructGameplayTagTree: Construct from data asset -  0.000 s
[2018.12.19-11.00.17:509][  0]LogStats: UGameplayTagsManager::ConstructGameplayTagTree: ImportINI -  0.000 s
[2018.12.19-11.00.17:509][  0]LogStats: UGameplayTagsManager::ConstructGameplayTagTree: GameplayTagTreeChangedEvent.Broadcast -  0.000 s
[2018.12.19-11.00.17:953][  0]LogFileCache: Scanning file cache for directory 'C:/Users/gmloukie/Documents/GitHub/TGP-Duos/TGP_Duos/Content/' took 0.02s
[2018.12.19-11.00.19:302][  0]LogWindows: Warning: CreateProc failed: The system cannot find the file specified. (0x00000002)
[2018.12.19-11.00.19:302][  0]LogWindows: Warning: URL: C:/Users/Carbo/AppData/Local/GitHubDesktop/app-1.5.0/resources/app/git/cmd/git.exe version
[2018.12.19-11.00.19:302][  0]Cmd: MAP LOAD FILE="../../../../../../Users/gmloukie/Documents/GitHub/TGP-Duos/TGP_Duos/Content/FirstPersonCPP/Maps/FirstPersonExampleMap.umap" TEMPLATE=0 SHOWPROGRESS=1 FEATURELEVEL=3
[2018.12.19-11.00.19:303][  0]LightingResults: New page: Lighting Build
[2018.12.19-11.00.19:321][  0]MapCheck: New page: Map Check
[2018.12.19-11.00.19:321][  0]LightingResults: New page: Lighting Build
[2018.12.19-11.00.20:215][  0]LogAIModule: Creating AISystem for world FirstPersonExampleMap
[2018.12.19-11.00.20:224][  0]LogEditorServer: Finished looking for orphan Actors (0.000 secs)
[2018.12.19-11.00.20:248][  0]Cmd: MAP CHECKDEP NOCLEARLOG
[2018.12.19-11.00.20:351][  0]MapCheck: Map check complete: 0 Error(s), 0 Warning(s), took 102,776ms to complete.
[2018.12.19-11.00.20:351][  0]LogFileHelpers: Loading map 'FirstPersonExampleMap' took 1.049
[2018.12.19-11.00.20:450][  0]LogWindowsTextInputMethodSystem: Display: IME system now deactivated.
[2018.12.19-11.00.20:563][  0]LogSlate: Updating window title bar state: overlay mode, drag disabled, window buttons hidden, title bar hidden
[2018.12.19-11.00.20:572][  0]LogSlate: Updating window title bar state: overlay mode, drag disabled, window buttons hidden, title bar hidden
[2018.12.19-11.00.20:580][  0]LogSlate: Updating window title bar state: overlay mode, drag disabled, window buttons hidden, title bar hidden
[2018.12.19-11.00.20:587][  0]LogSlate: Updating window title bar state: overlay mode, drag disabled, window buttons hidden, title bar hidden
[2018.12.19-11.00.20:612][  0]LogCollectionManager: Loaded 0 collections in 0.002184 seconds
[2018.12.19-11.00.20:683][  0]LogFileCache: Scanning file cache for directory 'C:/Users/gmloukie/Documents/GitHub/TGP-Duos/TGP_Duos/Saved/Collections/' took 0.01s
[2018.12.19-11.00.20:683][  0]LogFileCache: Scanning file cache for directory 'C:/Users/gmloukie/Documents/GitHub/TGP-Duos/TGP_Duos/Content/Developers/gmloukie/Collections/' took 0.01s
[2018.12.19-11.00.20:683][  0]LogFileCache: Scanning file cache for directory 'C:/Users/gmloukie/Documents/GitHub/TGP-Duos/TGP_Duos/Content/Collections/' took 0.01s
[2018.12.19-11.00.20:683][  0]LogCollectionManager: Rebuilt the GUID cache for 0 collections in 0.000001 seconds
[2018.12.19-11.00.20:717][  0]LogContentBrowser: Native class hierarchy populated in 0.0342 seconds. Added 2578 classes and 605 folders.
[2018.12.19-11.00.20:746][  0]LogContentBrowser: Native class hierarchy updated for 'WidgetCarousel' in 0.0006 seconds. Added 0 classes and 0 folders.
[2018.12.19-11.00.21:424][  0]LogContentBrowser: Native class hierarchy updated for 'AddContentDialog' in 0.0017 seconds. Added 0 classes and 0 folders.
[2018.12.19-11.00.21:471][  0]LogContentBrowser: Native class hierarchy updated for 'SceneOutliner' in 0.0017 seconds. Added 1 classes and 2 folders.
[2018.12.19-11.00.21:529][  0]LogSlate: Took 0.021693 seconds to synchronously load lazily loaded font '../../../Engine/Content/Slate/Fonts/Roboto-Regular.ttf' (155K)
[2018.12.19-11.00.21:559][  0]LogSlate: Took 0.028145 seconds to synchronously load lazily loaded font '../../../Engine/Content/Slate/Fonts/Roboto-Bold.ttf' (160K)
[2018.12.19-11.00.21:605][  0]LogSlate: Took 0.027157 seconds to synchronously load lazily loaded font '../../../Engine/Content/Editor/Slate/Fonts/FontAwesome.ttf' (139K)
[2018.12.19-11.00.21:722][  0]LogRenderer: Reallocating scene render targets to support 1004x456 Format 10 NumSamples 1 (Frame:1).
[2018.12.19-11.00.21:845][  0]LogContentBrowser: Native class hierarchy updated for 'HierarchicalLODOutliner' in 0.0006 seconds. Added 0 classes and 0 folders.
[2018.12.19-11.00.21:845][  0]LogLoad: (Engine Initialization) Total time: 49.23 seconds
[2018.12.19-11.00.21:845][  0]LogLoad: (Engine Initialization) Total Blueprint compile time: 0.00 seconds
[2018.12.19-11.00.21:896][  0]LogContentStreaming: Texture pool size now 1000 MB
[2018.12.19-11.00.21:919][  0]LogSlate: Took 0.000248 seconds to synchronously load lazily loaded font '../../../Engine/Content/Slate/Fonts/Roboto-Light.ttf' (167K)
[2018.12.19-11.00.22:174][  1]LogAssetRegistry: Asset discovery search completed in 24.1042 seconds
[2018.12.19-11.00.22:176][  1]LogCollectionManager: Rebuilt the object cache for 0 collections in 0.000000 seconds (found 0 objects)
[2018.12.19-11.00.22:176][  1]LogCollectionManager: Fixed up redirectors for 0 collections in 0.000057 seconds (updated 0 objects)
[2018.12.19-11.00.27:700][192]LogSlate: FSceneViewport::OnFocusLost() reason 0
[2018.12.19-11.00.49:941][  9]LogEditorViewport: Clicking on Actor (LMB): StaticMeshActor (Floor)
[2018.12.19-11.00.51:211][ 34]LogEditorViewport: Clicking on Actor (LMB): AI_Character_C (ThirdPersonCharacter)
[2018.12.19-11.00.55:757][184]LogSlate: FSceneViewport::OnFocusLost() reason 2
[2018.12.19-11.00.57:629][406]LogSlate: Took 0.000214 seconds to synchronously load lazily loaded font '../../../Engine/Content/Slate/Fonts/Roboto-Light.ttf' (167K)
[2018.12.19-11.00.57:630][406]LogSlate: FSceneViewport::OnFocusLost() reason 2
[2018.12.19-11.00.57:634][406]LogAssetEditorManager: Opening Asset editor for Blueprint /Game/AI_Character/Blueprints/AI_Character.AI_Character
[2018.12.19-11.00.58:167][406]LogContentBrowser: Native class hierarchy updated for 'BlueprintGraph' in 0.0009 seconds. Added 116 classes and 0 folders.
[2018.12.19-11.00.59:172][406]LogSlate: Took 0.008077 seconds to synchronously load lazily loaded font '../../../Engine/Content/Slate/Fonts/Roboto-BoldCondensed.ttf' (158K)
[2018.12.19-11.01.02:294][485]LogSlate: Window 'AI_Character' being destroyed
[2018.12.19-11.01.02:342][485]LogSlate: Window 'AI_Character' being destroyed
[2018.12.19-11.01.04:345][554]LogSlate: FSceneViewport::OnFocusLost() reason 0
[2018.12.19-11.01.14:627][986]LogSlate: Prevented a slow task dialog from being summoned while a context menu was open
[2018.12.19-11.01.14:808][986]LogLinker: Warning: Can't find file '/Game/Animations/TTP_Animations/AimOffsetDown'
[2018.12.19-11.01.14:808][986]LogLinker: Warning: Can't find file for asset '/Game/Animations/TTP_Animations/AimOffsetDown' while loading ../../../../../../Users/gmloukie/Documents/GitHub/TGP-Duos/TGP_Duos/Content/Characters/HeroTPP/HeroTPP_AimOffsets.uasset.
[2018.12.19-11.01.14:809][986]LoadErrors: Error: /Game/Characters/HeroTPP/HeroTPP_AimOffsets : Can't find file for asset. /Game/Animations/TTP_Animations/AimOffsetDown
[2018.12.19-11.01.14:809][986]LogLinker: Warning: Can't find file '/Game/Animations/TTP_Animations/AimOffsetFwd'
[2018.12.19-11.01.14:809][986]LogLinker: Warning: Can't find file for asset '/Game/Animations/TTP_Animations/AimOffsetFwd' while loading ../../../../../../Users/gmloukie/Documents/GitHub/TGP-Duos/TGP_Duos/Content/Characters/HeroTPP/HeroTPP_AimOffsets.uasset.
[2018.12.19-11.01.14:809][986]LoadErrors: Error: /Game/Characters/HeroTPP/HeroTPP_AimOffsets : Can't find file for asset. /Game/Animations/TTP_Animations/AimOffsetFwd
[2018.12.19-11.01.14:809][986]LogLinker: Warning: Can't find file '/Game/Animations/TTP_Animations/AimOffsetLeft'
[2018.12.19-11.01.14:809][986]LogLinker: Warning: Can't find file for asset '/Game/Animations/TTP_Animations/AimOffsetLeft' while loading ../../../../../../Users/gmloukie/Documents/GitHub/TGP-Duos/TGP_Duos/Content/Characters/HeroTPP/HeroTPP_AimOffsets.uasset.
[2018.12.19-11.01.14:809][986]LoadErrors: Error: /Game/Characters/HeroTPP/HeroTPP_AimOffsets : Can't find file for asset. /Game/Animations/TTP_Animations/AimOffsetLeft
[2018.12.19-11.01.14:809][986]LogLinker: Warning: Can't find file '/Game/Animations/TTP_Animations/AimOffsetLeftDown'
[2018.12.19-11.01.14:809][986]LogLinker: Warning: Can't find file for asset '/Game/Animations/TTP_Animations/AimOffsetLeftDown' while loading ../../../../../../Users/gmloukie/Documents/GitHub/TGP-Duos/TGP_Duos/Content/Characters/HeroTPP/HeroTPP_AimOffsets.uasset.
[2018.12.19-11.01.14:810][986]LoadErrors: Error: /Game/Characters/HeroTPP/HeroTPP_AimOffsets : Can't find file for asset. /Game/Animations/TTP_Animations/AimOffsetLeftDown
[2018.12.19-11.01.14:810][986]LogLinker: Warning: Can't find file '/Game/Animations/TTP_Animations/AimOffsetLeftUp'
[2018.12.19-11.01.14:810][986]LogLinker: Warning: Can't find file for asset '/Game/Animations/TTP_Animations/AimOffsetLeftUp' while loading ../../../../../../Users/gmloukie/Documents/GitHub/TGP-Duos/TGP_Duos/Content/Characters/HeroTPP/HeroTPP_AimOffsets.uasset.
[2018.12.19-11.01.14:810][986]LoadErrors: Error: /Game/Characters/HeroTPP/HeroTPP_AimOffsets : Can't find file for asset. /Game/Animations/TTP_Animations/AimOffsetLeftUp
[2018.12.19-11.01.14:810][986]LogLinker: Warning: Can't find file '/Game/Animations/TTP_Animations/AimOffsetRight'
[2018.12.19-11.01.14:810][986]LogLinker: Warning: Can't find file for asset '/Game/Animations/TTP_Animations/AimOffsetRight' while loading ../../../../../../Users/gmloukie/Documents/GitHub/TGP-Duos/TGP_Duos/Content/Characters/HeroTPP/HeroTPP_AimOffsets.uasset.
[2018.12.19-11.01.14:810][986]LoadErrors: Error: /Game/Characters/HeroTPP/HeroTPP_AimOffsets : Can't find file for asset. /Game/Animations/TTP_Animations/AimOffsetRight
[2018.12.19-11.01.14:810][986]LogLinker: Warning: Can't find file '/Game/Animations/TTP_Animations/AimOffsetRightDown'
[2018.12.19-11.01.14:810][986]LogLinker: Warning: Can't find file for asset '/Game/Animations/TTP_Animations/AimOffsetRightDown' while loading ../../../../../../Users/gmloukie/Documents/GitHub/TGP-Duos/TGP_Duos/Content/Characters/HeroTPP/HeroTPP_AimOffsets.uasset.
[2018.12.19-11.01.14:810][986]LoadErrors: Error: /Game/Characters/HeroTPP/HeroTPP_AimOffsets : Can't find file for asset. /Game/Animations/TTP_Animations/AimOffsetRightDown
[2018.12.19-11.01.14:811][986]LogLinker: Warning: Can't find file '/Game/Animations/TTP_Animations/AimOffsetRightUp'
[2018.12.19-11.01.14:811][986]LogLinker: Warning: Can't find file for asset '/Game/Animations/TTP_Animations/AimOffsetRightUp' while loading ../../../../../../Users/gmloukie/Documents/GitHub/TGP-Duos/TGP_Duos/Content/Characters/HeroTPP/HeroTPP_AimOffsets.uasset.
[2018.12.19-11.01.14:811][986]LoadErrors: Error: /Game/Characters/HeroTPP/HeroTPP_AimOffsets : Can't find file for asset. /Game/Animations/TTP_Animations/AimOffsetRightUp
[2018.12.19-11.01.14:811][986]LogLinker: Warning: Can't find file '/Game/Animations/TTP_Animations/AimOffsetUp'
[2018.12.19-11.01.14:811][986]LogLinker: Warning: Can't find file for asset '/Game/Animations/TTP_Animations/AimOffsetUp' while loading ../../../../../../Users/gmloukie/Documents/GitHub/TGP-Duos/TGP_Duos/Content/Characters/HeroTPP/HeroTPP_AimOffsets.uasset.
[2018.12.19-11.01.14:811][986]LoadErrors: Error: /Game/Characters/HeroTPP/HeroTPP_AimOffsets : Can't find file for asset. /Game/Animations/TTP_Animations/AimOffsetUp
[2018.12.19-11.01.14:811][986]LogLinker: Warning: Can't find file '/Game/Animations/TTP_Animations/Idle'
[2018.12.19-11.01.14:811][986]LogLinker: Warning: Can't find file for asset '/Game/Animations/TTP_Animations/Idle' while loading ../../../../../../Users/gmloukie/Documents/GitHub/TGP-Duos/TGP_Duos/Content/Characters/HeroTPP/HeroTPP_AimOffsets.uasset.
[2018.12.19-11.01.14:811][986]LoadErrors: Error: /Game/Characters/HeroTPP/HeroTPP_AimOffsets : Can't find file for asset. /Game/Animations/TTP_Animations/Idle
[2018.12.19-11.01.14:812][986]LogLinker: Warning: Can't find file '/Game/Animations/TTP_Animations/AimOffsetDown'
[2018.12.19-11.01.14:812][986]LogLinker: Warning: Can't find file for asset '/Game/Animations/TTP_Animations/AimOffsetDown' while loading ../../../../../../Users/gmloukie/Documents/GitHub/TGP-Duos/TGP_Duos/Content/Characters/HeroTPP/HeroTPP_AimOffsets.uasset.
[2018.12.19-11.01.14:812][986]LogLinker: Warning: Can't find file '/Game/Animations/TTP_Animations/AimOffsetFwd'
[2018.12.19-11.01.14:812][986]LogLinker: Warning: Can't find file for asset '/Game/Animations/TTP_Animations/AimOffsetFwd' while loading ../../../../../../Users/gmloukie/Documents/GitHub/TGP-Duos/TGP_Duos/Content/Characters/HeroTPP/HeroTPP_AimOffsets.uasset.
[2018.12.19-11.01.14:812][986]LogLinker: Warning: Can't find file '/Game/Animations/TTP_Animations/AimOffsetLeft'
[2018.12.19-11.01.14:812][986]LogLinker: Warning: Can't find file for asset '/Game/Animations/TTP_Animations/AimOffsetLeft' while loading ../../../../../../Users/gmloukie/Documents/GitHub/TGP-Duos/TGP_Duos/Content/Characters/HeroTPP/HeroTPP_AimOffsets.uasset.
[2018.12.19-11.01.14:812][986]LogLinker: Warning: Can't find file '/Game/Animations/TTP_Animations/AimOffsetLeftDown'
[2018.12.19-11.01.14:812][986]LogLinker: Warning: Can't find file for asset '/Game/Animations/TTP_Animations/AimOffsetLeftDown' while loading ../../../../../../Users/gmloukie/Documents/GitHub/TGP-Duos/TGP_Duos/Content/Characters/HeroTPP/HeroTPP_AimOffsets.uasset.
[2018.12.19-11.01.14:813][986]LogLinker: Warning: Can't find file '/Game/Animations/TTP_Animations/AimOffsetLeftUp'
[2018.12.19-11.01.14:813][986]LogLinker: Warning: Can't find file for asset '/Game/Animations/TTP_Animations/AimOffsetLeftUp' while loading ../../../../../../Users/gmloukie/Documents/GitHub/TGP-Duos/TGP_Duos/Content/Characters/HeroTPP/HeroTPP_AimOffsets.uasset.
[2018.12.19-11.01.14:813][986]LogLinker: Warning: Can't find file '/Game/Animations/TTP_Animations/AimOffsetRight'
[2018.12.19-11.01.14:813][986]LogLinker: Warning: Can't find file for asset '/Game/Animations/TTP_Animations/AimOffsetRight' while loading ../../../../../../Users/gmloukie/Documents/GitHub/TGP-Duos/TGP_Duos/Content/Characters/HeroTPP/HeroTPP_AimOffsets.uasset.
[2018.12.19-11.01.14:813][986]LogLinker: Warning: Can't find file '/Game/Animations/TTP_Animations/AimOffsetRightDown'
[2018.12.19-11.01.14:813][986]LogLinker: Warning: Can't find file for asset '/Game/Animations/TTP_Animations/AimOffsetRightDown' while loading ../../../../../../Users/gmloukie/Documents/GitHub/TGP-Duos/TGP_Duos/Content/Characters/HeroTPP/HeroTPP_AimOffsets.uasset.
[2018.12.19-11.01.14:813][986]LogLinker: Warning: Can't find file '/Game/Animations/TTP_Animations/AimOffsetRightUp'
[2018.12.19-11.01.14:814][986]LogLinker: Warning: Can't find file for asset '/Game/Animations/TTP_Animations/AimOffsetRightUp' while loading ../../../../../../Users/gmloukie/Documents/GitHub/TGP-Duos/TGP_Duos/Content/Characters/HeroTPP/HeroTPP_AimOffsets.uasset.
[2018.12.19-11.01.14:814][986]LogLinker: Warning: Can't find file '/Game/Animations/TTP_Animations/AimOffsetUp'
[2018.12.19-11.01.14:814][986]LogLinker: Warning: Can't find file for asset '/Game/Animations/TTP_Animations/AimOffsetUp' while loading ../../../../../../Users/gmloukie/Documents/GitHub/TGP-Duos/TGP_Duos/Content/Characters/HeroTPP/HeroTPP_AimOffsets.uasset.
[2018.12.19-11.01.14:814][986]LogLinker: Warning: Can't find file '/Game/Animations/TTP_Animations/Idle'
[2018.12.19-11.01.14:814][986]LogLinker: Warning: Can't find file for asset '/Game/Animations/TTP_Animations/Idle' while loading ../../../../../../Users/gmloukie/Documents/GitHub/TGP-Duos/TGP_Duos/Content/Characters/HeroTPP/HeroTPP_AimOffsets.uasset.
[2018.12.19-11.01.14:815][986]LogLinker: Warning: Can't find file '/Game/Animations/TTP_Animations/Idle'
[2018.12.19-11.01.14:815][986]LoadErrors: Failed to load /Game/Animations/TTP_Animations/Idle.Idle Referenced by HeroTPP_AimOffsets
[2018.12.19-11.01.14:815][986]LogLinker: Warning: Can't find file for asset '/Game/Animations/TTP_Animations/Idle' while loading NULL.
[2018.12.19-11.01.14:815][986]LogLinker: Warning: Can't find file '/Game/Animations/TTP_Animations/AimOffsetRightUp'
[2018.12.19-11.01.14:815][986]LoadErrors: Failed to load /Game/Animations/TTP_Animations/AimOffsetRightUp.AimOffsetRightUp Referenced by HeroTPP_AimOffsets
[2018.12.19-11.01.14:816][986]LogLinker: Warning: Can't find file for asset '/Game/Animations/TTP_Animations/AimOffsetRightUp' while loading NULL.
[2018.12.19-11.01.14:816][986]LogLinker: Warning: Can't find file '/Game/Animations/TTP_Animations/AimOffsetLeftUp'
[2018.12.19-11.01.14:816][986]LoadErrors: Failed to load /Game/Animations/TTP_Animations/AimOffsetLeftUp.AimOffsetLeftUp Referenced by HeroTPP_AimOffsets
[2018.12.19-11.01.14:816][986]LogLinker: Warning: Can't find file for asset '/Game/Animations/TTP_Animations/AimOffsetLeftUp' while loading NULL.
[2018.12.19-11.01.14:816][986]LogLinker: Warning: Can't find file '/Game/Animations/TTP_Animations/AimOffsetUp'
[2018.12.19-11.01.14:816][986]LoadErrors: Failed to load /Game/Animations/TTP_Animations/AimOffsetUp.AimOffsetUp Referenced by HeroTPP_AimOffsets
[2018.12.19-11.01.14:816][986]LogLinker: Warning: Can't find file for asset '/Game/Animations/TTP_Animations/AimOffsetUp' while loading NULL.
[2018.12.19-11.01.14:816][986]LogLinker: Warning: Can't find file '/Game/Animations/TTP_Animations/AimOffsetRight'
[2018.12.19-11.01.14:816][986]LoadErrors: Failed to load /Game/Animations/TTP_Animations/AimOffsetRight.AimOffsetRight Referenced by HeroTPP_AimOffsets
[2018.12.19-11.01.14:817][986]LogLinker: Warning: Can't find file for asset '/Game/Animations/TTP_Animations/AimOffsetRight' while loading NULL.
[2018.12.19-11.01.14:817][986]LogLinker: Warning: Can't find file '/Game/Animations/TTP_Animations/AimOffsetFwd'
[2018.12.19-11.01.14:817][986]LoadErrors: Failed to load /Game/Animations/TTP_Animations/AimOffsetFwd.AimOffsetFwd Referenced by HeroTPP_AimOffsets
[2018.12.19-11.01.14:817][986]LogLinker: Warning: Can't find file for asset '/Game/Animations/TTP_Animations/AimOffsetFwd' while loading NULL.
[2018.12.19-11.01.14:817][986]LogLinker: Warning: Can't find file '/Game/Animations/TTP_Animations/AimOffsetRightDown'
[2018.12.19-11.01.14:817][986]LoadErrors: Failed to load /Game/Animations/TTP_Animations/AimOffsetRightDown.AimOffsetRightDown Referenced by HeroTPP_AimOffsets
[2018.12.19-11.01.14:817][986]LogLinker: Warning: Can't find file for asset '/Game/Animations/TTP_Animations/AimOffsetRightDown' while loading NULL.
[2018.12.19-11.01.14:817][986]LogLinker: Warning: Can't find file '/Game/Animations/TTP_Animations/AimOffsetDown'
[2018.12.19-11.01.14:817][986]LoadErrors: Failed to load /Game/Animations/TTP_Animations/AimOffsetDown.AimOffsetDown Referenced by HeroTPP_AimOffsets
[2018.12.19-11.01.14:818][986]LogLinker: Warning: Can't find file for asset '/Game/Animations/TTP_Animations/AimOffsetDown' while loading NULL.
[2018.12.19-11.01.14:818][986]LogLinker: Warning: Can't find file '/Game/Animations/TTP_Animations/AimOffsetLeft'
[2018.12.19-11.01.14:818][986]LoadErrors: Failed to load /Game/Animations/TTP_Animations/AimOffsetLeft.AimOffsetLeft Referenced by HeroTPP_AimOffsets
[2018.12.19-11.01.14:818][986]LogLinker: Warning: Can't find file for asset '/Game/Animations/TTP_Animations/AimOffsetLeft' while loading NULL.
[2018.12.19-11.01.14:818][986]LogLinker: Warning: Can't find file '/Game/Animations/TTP_Animations/AimOffsetLeftDown'
[2018.12.19-11.01.14:818][986]LoadErrors: Failed to load /Game/Animations/TTP_Animations/AimOffsetLeftDown.AimOffsetLeftDown Referenced by HeroTPP_AimOffsets
[2018.12.19-11.01.14:818][986]LogLinker: Warning: Can't find file for asset '/Game/Animations/TTP_Animations/AimOffsetLeftDown' while loading NULL.
[2018.12.19-11.01.14:821][986]LogLinker: Warning: Can't find file '/Game/Animations/TTP_Animations/Equip'
[2018.12.19-11.01.14:821][986]LogLinker: Warning: Can't find file for asset '/Game/Animations/TTP_Animations/Equip' while loading ../../../../../../Users/gmloukie/Documents/GitHub/TGP-Duos/TGP_Duos/Content/Characters/HeroTPP/HeroTPP_AnimBlueprint.uasset.
[2018.12.19-11.01.14:822][986]LoadErrors: Error: /Game/Characters/HeroTPP/HeroTPP_AnimBlueprint : Can't find file for asset. /Game/Animations/TTP_Animations/Equip
[2018.12.19-11.01.14:822][986]LogLinker: Warning: Can't find file '/Game/Animations/TTP_Animations/JumpEnd'
[2018.12.19-11.01.14:822][986]LogLinker: Warning: Can't find file for asset '/Game/Animations/TTP_Animations/JumpEnd' while loading ../../../../../../Users/gmloukie/Documents/GitHub/TGP-Duos/TGP_Duos/Content/Characters/HeroTPP/HeroTPP_AnimBlueprint.uasset.
[2018.12.19-11.01.14:822][986]LoadErrors: Error: /Game/Characters/HeroTPP/HeroTPP_AnimBlueprint : Can't find file for asset. /Game/Animations/TTP_Animations/JumpEnd
[2018.12.19-11.01.14:822][986]LogLinker: Warning: Can't find file '/Game/Animations/TTP_Animations/JumpLoop'
[2018.12.19-11.01.14:822][986]LogLinker: Warning: Can't find file for asset '/Game/Animations/TTP_Animations/JumpLoop' while loading ../../../../../../Users/gmloukie/Documents/GitHub/TGP-Duos/TGP_Duos/Content/Characters/HeroTPP/HeroTPP_AnimBlueprint.uasset.
[2018.12.19-11.01.14:822][986]LoadErrors: Error: /Game/Characters/HeroTPP/HeroTPP_AnimBlueprint : Can't find file for asset. /Game/Animations/TTP_Animations/JumpLoop
[2018.12.19-11.01.14:822][986]LogLinker: Warning: Can't find file '/Game/Animations/TTP_Animations/JumpStart'
[2018.12.19-11.01.14:822][986]LogLinker: Warning: Can't find file for asset '/Game/Animations/TTP_Animations/JumpStart' while loading ../../../../../../Users/gmloukie/Documents/GitHub/TGP-Duos/TGP_Duos/Content/Characters/HeroTPP/HeroTPP_AnimBlueprint.uasset.
[2018.12.19-11.01.14:822][986]LoadErrors: Error: /Game/Characters/HeroTPP/HeroTPP_AnimBlueprint : Can't find file for asset. /Game/Animations/TTP_Animations/JumpStart
[2018.12.19-11.01.14:823][986]LogLinker: Warning: Can't find file '/Game/Animations/TTP_Animations/RoadieRun_Fwd'
[2018.12.19-11.01.14:823][986]LogLinker: Warning: Can't find file for asset '/Game/Animations/TTP_Animations/RoadieRun_Fwd' while loading ../../../../../../Users/gmloukie/Documents/GitHub/TGP-Duos/TGP_Duos/Content/Characters/HeroTPP/HeroTPP_AnimBlueprint.uasset.
[2018.12.19-11.01.14:823][986]LoadErrors: Error: /Game/Characters/HeroTPP/HeroTPP_AnimBlueprint : Can't find file for asset. /Game/Animations/TTP_Animations/RoadieRun_Fwd
[2018.12.19-11.01.14:824][986]LogLinker: Warning: Can't find file '/Game/Animations/TTP_Animations/Idle'
[2018.12.19-11.01.14:824][986]LogLinker: Warning: Can't find file for asset '/Game/Animations/TTP_Animations/Idle' while loading ../../../../../../Users/gmloukie/Documents/GitHub/TGP-Duos/TGP_Duos/Content/Characters/HeroTPP/RunTPP.uasset.
[2018.12.19-11.01.14:824][986]LoadErrors: Error: /Game/Characters/HeroTPP/RunTPP : Can't find file for asset. /Game/Animations/TTP_Animations/Idle
[2018.12.19-11.01.14:824][986]LogLinker: Warning: Can't find file '/Game/Animations/TTP_Animations/Run_Bwd'
[2018.12.19-11.01.14:824][986]LogLinker: Warning: Can't find file for asset '/Game/Animations/TTP_Animations/Run_Bwd' while loading ../../../../../../Users/gmloukie/Documents/GitHub/TGP-Duos/TGP_Duos/Content/Characters/HeroTPP/RunTPP.uasset.
[2018.12.19-11.01.14:824][986]LoadErrors: Error: /Game/Characters/HeroTPP/RunTPP : Can't find file for asset. /Game/Animations/TTP_Animations/Run_Bwd
[2018.12.19-11.01.14:824][986]LogLinker: Warning: Can't find file '/Game/Animations/TTP_Animations/Run_Fwd'
[2018.12.19-11.01.14:825][986]LogLinker: Warning: Can't find file for asset '/Game/Animations/TTP_Animations/Run_Fwd' while loading ../../../../../../Users/gmloukie/Documents/GitHub/TGP-Duos/TGP_Duos/Content/Characters/HeroTPP/RunTPP.uasset.
[2018.12.19-11.01.14:825][986]LoadErrors: Error: /Game/Characters/HeroTPP/RunTPP : Can't find file for asset. /Game/Animations/TTP_Animations/Run_Fwd
[2018.12.19-11.01.14:825][986]LogLinker: Warning: Can't find file '/Game/Animations/TTP_Animations/Run_Lt'
[2018.12.19-11.01.14:825][986]LogLinker: Warning: Can't find file for asset '/Game/Animations/TTP_Animations/Run_Lt' while loading ../../../../../../Users/gmloukie/Documents/GitHub/TGP-Duos/TGP_Duos/Content/Characters/HeroTPP/RunTPP.uasset.
[2018.12.19-11.01.14:825][986]LoadErrors: Error: /Game/Characters/HeroTPP/RunTPP : Can't find file for asset. /Game/Animations/TTP_Animations/Run_Lt
[2018.12.19-11.01.14:825][986]LogLinker: Warning: Can't find file '/Game/Animations/TTP_Animations/Run_Rt'
[2018.12.19-11.01.14:825][986]LogLinker: Warning: Can't find file for asset '/Game/Animations/TTP_Animations/Run_Rt' while loading ../../../../../../Users/gmloukie/Documents/GitHub/TGP-Duos/TGP_Duos/Content/Characters/HeroTPP/RunTPP.uasset.
[2018.12.19-11.01.14:825][986]LoadErrors: Error: /Game/Characters/HeroTPP/RunTPP : Can't find file for asset. /Game/Animations/TTP_Animations/Run_Rt
[2018.12.19-11.01.14:825][986]LogLinker: Warning: Can't find file '/Game/Animations/TTP_Animations/Idle'
[2018.12.19-11.01.14:825][986]LogLinker: Warning: Can't find file for asset '/Game/Animations/TTP_Animations/Idle' while loading ../../../../../../Users/gmloukie/Documents/GitHub/TGP-Duos/TGP_Duos/Content/Characters/HeroTPP/RunTPP.uasset.
[2018.12.19-11.01.14:826][986]LogLinker: Warning: Can't find file '/Game/Animations/TTP_Animations/Run_Bwd'
[2018.12.19-11.01.14:826][986]LogLinker: Warning: Can't find file for asset '/Game/Animations/TTP_Animations/Run_Bwd' while loading ../../../../../../Users/gmloukie/Documents/GitHub/TGP-Duos/TGP_Duos/Content/Characters/HeroTPP/RunTPP.uasset.
[2018.12.19-11.01.14:826][986]LogLinker: Warning: Can't find file '/Game/Animations/TTP_Animations/Run_Fwd'
[2018.12.19-11.01.14:826][986]LogLinker: Warning: Can't find file for asset '/Game/Animations/TTP_Animations/Run_Fwd' while loading ../../../../../../Users/gmloukie/Documents/GitHub/TGP-Duos/TGP_Duos/Content/Characters/HeroTPP/RunTPP.uasset.
[2018.12.19-11.01.14:826][986]LogLinker: Warning: Can't find file '/Game/Animations/TTP_Animations/Run_Lt'
[2018.12.19-11.01.14:826][986]LogLinker: Warning: Can't find file for asset '/Game/Animations/TTP_Animations/Run_Lt' while loading ../../../../../../Users/gmloukie/Documents/GitHub/TGP-Duos/TGP_Duos/Content/Characters/HeroTPP/RunTPP.uasset.
[2018.12.19-11.01.14:826][986]LogLinker: Warning: Can't find file '/Game/Animations/TTP_Animations/Run_Rt'
[2018.12.19-11.01.14:827][986]LogLinker: Warning: Can't find file for asset '/Game/Animations/TTP_Animations/Run_Rt' while loading ../../../../../../Users/gmloukie/Documents/GitHub/TGP-Duos/TGP_Duos/Content/Characters/HeroTPP/RunTPP.uasset.
[2018.12.19-11.01.14:828][986]LogLinker: Warning: Can't find file '/Script/ShooterGame'
[2018.12.19-11.01.14:828][986]LogLinker: Warning: Can't find file for asset '/Script/ShooterGame' while loading ../../../../../../Users/gmloukie/Documents/GitHub/TGP-Duos/TGP_Duos/Content/Characters/HeroTPP/HeroTPP_AnimBlueprint.uasset.
[2018.12.19-11.01.14:828][986]LoadErrors: Error: /Game/Characters/HeroTPP/HeroTPP_AnimBlueprint : Can't find file for asset. /Script/ShooterGame
[2018.12.19-11.01.14:829][986]LogLinker: Warning: Can't find file '/Script/ShooterGame'
[2018.12.19-11.01.14:829][986]LogLinker: Warning: Can't find file for asset '/Script/ShooterGame' while loading ../../../../../../Users/gmloukie/Documents/GitHub/TGP-Duos/TGP_Duos/Content/Characters/HeroTPP/HeroTPP_AnimBlueprint.uasset.
[2018.12.19-11.01.14:829][986]LogLinker: Warning: Can't find file '/Script/ShooterGame'
[2018.12.19-11.01.14:829][986]LogLinker: Warning: Can't find file for asset '/Script/ShooterGame' while loading ../../../../../../Users/gmloukie/Documents/GitHub/TGP-Duos/TGP_Duos/Content/Characters/HeroTPP/HeroTPP_AnimBlueprint.uasset.
[2018.12.19-11.01.14:829][986]LogLinker: Warning: Can't find file '/Game/Animations/TTP_Animations/Equip'
[2018.12.19-11.01.14:830][986]LogLinker: Warning: Can't find file for asset '/Game/Animations/TTP_Animations/Equip' while loading ../../../../../../Users/gmloukie/Documents/GitHub/TGP-Duos/TGP_Duos/Content/Characters/HeroTPP/HeroTPP_AnimBlueprint.uasset.
[2018.12.19-11.01.14:830][986]LogLinker: Warning: Can't find file '/Game/Animations/TTP_Animations/JumpEnd'
[2018.12.19-11.01.14:830][986]LogLinker: Warning: Can't find file for asset '/Game/Animations/TTP_Animations/JumpEnd' while loading ../../../../../../Users/gmloukie/Documents/GitHub/TGP-Duos/TGP_Duos/Content/Characters/HeroTPP/HeroTPP_AnimBlueprint.uasset.
[2018.12.19-11.01.14:830][986]LogLinker: Warning: Can't find file '/Game/Animations/TTP_Animations/JumpLoop'
[2018.12.19-11.01.14:830][986]LogLinker: Warning: Can't find file for asset '/Game/Animations/TTP_Animations/JumpLoop' while loading ../../../../../../Users/gmloukie/Documents/GitHub/TGP-Duos/TGP_Duos/Content/Characters/HeroTPP/HeroTPP_AnimBlueprint.uasset.
[2018.12.19-11.01.14:830][986]LogLinker: Warning: Can't find file '/Game/Animations/TTP_Animations/JumpStart'
[2018.12.19-11.01.14:830][986]LogLinker: Warning: Can't find file for asset '/Game/Animations/TTP_Animations/JumpStart' while loading ../../../../../../Users/gmloukie/Documents/GitHub/TGP-Duos/TGP_Duos/Content/Characters/HeroTPP/HeroTPP_AnimBlueprint.uasset.
[2018.12.19-11.01.14:831][986]LogLinker: Warning: Can't find file '/Game/Animations/TTP_Animations/RoadieRun_Fwd'
[2018.12.19-11.01.14:831][986]LogLinker: Warning: Can't find file for asset '/Game/Animations/TTP_Animations/RoadieRun_Fwd' while loading ../../../../../../Users/gmloukie/Documents/GitHub/TGP-Duos/TGP_Duos/Content/Characters/HeroTPP/HeroTPP_AnimBlueprint.uasset.
[2018.12.19-11.01.14:831][986]LogLinker: Warning: Can't find file '/Script/ShooterGame'
[2018.12.19-11.01.14:831][986]LogLinker: Warning: Can't find file for asset '/Script/ShooterGame' while loading ../../../../../../Users/gmloukie/Documents/GitHub/TGP-Duos/TGP_Duos/Content/Characters/HeroTPP/HeroTPP_AnimBlueprint.uasset.
[2018.12.19-11.01.14:839][986]LogLinker: Warning: Can't find file '/Script/ShooterGame'
[2018.12.19-11.01.14:839][986]LogLinker: Warning: Can't find file for asset '/Script/ShooterGame' while loading NULL.
[2018.12.19-11.01.14:839][986]LogLinker: Warning: Can't find file '/Game/Animations/TTP_Animations/Equip'
[2018.12.19-11.01.14:839][986]LogLinker: Warning: Can't find file for asset '/Game/Animations/TTP_Animations/Equip' while loading NULL.
[2018.12.19-11.01.14:839][986]LogLinker: Warning: Can't find file '/Game/Animations/TTP_Animations/JumpEnd'
[2018.12.19-11.01.14:840][986]LogLinker: Warning: Can't find file for asset '/Game/Animations/TTP_Animations/JumpEnd' while loading NULL.
[2018.12.19-11.01.14:840][986]LogLinker: Warning: Can't find file '/Game/Animations/TTP_Animations/JumpLoop'
[2018.12.19-11.01.14:840][986]LogLinker: Warning: Can't find file for asset '/Game/Animations/TTP_Animations/JumpLoop' while loading NULL.
[2018.12.19-11.01.14:840][986]LogLinker: Warning: Can't find file '/Game/Animations/TTP_Animations/JumpStart'
[2018.12.19-11.01.14:840][986]LogLinker: Warning: Can't find file for asset '/Game/Animations/TTP_Animations/JumpStart' while loading NULL.
[2018.12.19-11.01.14:840][986]LogLinker: Warning: Can't find file '/Game/Animations/TTP_Animations/RoadieRun_Fwd'
[2018.12.19-11.01.14:840][986]LogLinker: Warning: Can't find file for asset '/Game/Animations/TTP_Animations/RoadieRun_Fwd' while loading NULL.
[2018.12.19-11.01.14:840][986]LogLinker: Warning: Can't find file '/Script/ShooterGame'
[2018.12.19-11.01.14:840][986]LogLinker: Warning: Can't find file for asset '/Script/ShooterGame' while loading NULL.
[2018.12.19-11.01.14:840][986]LogLinker: Warning: Can't find file '/Script/ShooterGame'
[2018.12.19-11.01.14:840][986]LogLinker: Warning: Can't find file for asset '/Script/ShooterGame' while loading NULL.
[2018.12.19-11.01.14:840][986]LogLinker: Warning: Can't find file '/Script/ShooterGame'
[2018.12.19-11.01.14:841][986]LogLinker: Warning: Can't find file for asset '/Script/ShooterGame' while loading NULL.
[2018.12.19-11.01.14:841][986]LogLinker: Warning: Can't find file '/Game/Animations/TTP_Animations/Equip'
[2018.12.19-11.01.14:841][986]LogLinker: Warning: Can't find file for asset '/Game/Animations/TTP_Animations/Equip' while loading NULL.
[2018.12.19-11.01.14:841][986]LogLinker: Warning: Can't find file '/Game/Animations/TTP_Animations/JumpEnd'
[2018.12.19-11.01.14:841][986]LogLinker: Warning: Can't find file for asset '/Game/Animations/TTP_Animations/JumpEnd' while loading NULL.
[2018.12.19-11.01.14:841][986]LogLinker: Warning: Can't find file '/Game/Animations/TTP_Animations/JumpLoop'
[2018.12.19-11.01.14:841][986]LogLinker: Warning: Can't find file for asset '/Game/Animations/TTP_Animations/JumpLoop' while loading NULL.
[2018.12.19-11.01.14:841][986]LogLinker: Warning: Can't find file '/Game/Animations/TTP_Animations/JumpStart'
[2018.12.19-11.01.14:841][986]LogLinker: Warning: Can't find file for asset '/Game/Animations/TTP_Animations/JumpStart' while loading NULL.
[2018.12.19-11.01.14:842][986]LogLinker: Warning: Can't find file '/Game/Animations/TTP_Animations/RoadieRun_Fwd'
[2018.12.19-11.01.14:842][986]LogLinker: Warning: Can't find file for asset '/Game/Animations/TTP_Animations/RoadieRun_Fwd' while loading NULL.
[2018.12.19-11.01.14:842][986]LogLinker: Warning: Can't find file '/Script/ShooterGame'
[2018.12.19-11.01.14:842][986]LogLinker: Warning: Can't find file for asset '/Script/ShooterGame' while loading NULL.
[2018.12.19-11.01.14:842][986]LogLinker: Warning: Can't find file '/Game/Animations/TTP_Animations/RoadieRun_Fwd'
[2018.12.19-11.01.14:842][986]LoadErrors: Failed to load /Game/Animations/TTP_Animations/RoadieRun_Fwd.RoadieRun_Fwd Referenced by Default__HeroTPP_AnimBlueprint_C
[2018.12.19-11.01.14:842][986]LogLinker: Warning: Can't find file for asset '/Game/Animations/TTP_Animations/RoadieRun_Fwd' while loading NULL.
[2018.12.19-11.01.14:843][986]LogLinker: Warning: Can't find file '/Game/Animations/TTP_Animations/JumpEnd'
[2018.12.19-11.01.14:843][986]LoadErrors: Failed to load /Game/Animations/TTP_Animations/JumpEnd.JumpEnd Referenced by Default__HeroTPP_AnimBlueprint_C
[2018.12.19-11.01.14:843][986]LogLinker: Warning: Can't find file for asset '/Game/Animations/TTP_Animations/JumpEnd' while loading NULL.
[2018.12.19-11.01.14:843][986]LogLinker: Warning: Can't find file '/Game/Animations/TTP_Animations/JumpLoop'
[2018.12.19-11.01.14:843][986]LoadErrors: Failed to load /Game/Animations/TTP_Animations/JumpLoop.JumpLoop Referenced by Default__HeroTPP_AnimBlueprint_C
[2018.12.19-11.01.14:843][986]LogLinker: Warning: Can't find file for asset '/Game/Animations/TTP_Animations/JumpLoop' while loading NULL.
[2018.12.19-11.01.14:843][986]LogLinker: Warning: Can't find file '/Game/Animations/TTP_Animations/JumpStart'
[2018.12.19-11.01.14:843][986]LoadErrors: Failed to load /Game/Animations/TTP_Animations/JumpStart.JumpStart Referenced by Default__HeroTPP_AnimBlueprint_C
[2018.12.19-11.01.14:844][986]LogLinker: Warning: Can't find file for asset '/Game/Animations/TTP_Animations/JumpStart' while loading NULL.
[2018.12.19-11.01.14:846][986]LogLinker: Warning: Can't find file '/Script/ShooterGame'
[2018.12.19-11.01.14:846][986]LoadErrors: Failed to load /Script/ShooterGame.ShooterCharacter Referenced by K2Node_DynamicCast_5
[2018.12.19-11.01.14:846][986]LogLinker: Warning: Can't find file for asset '/Script/ShooterGame' while loading NULL.
[2018.12.19-11.01.14:846][986]LogLinker: Warning: Can't find file '/Script/ShooterGame'
[2018.12.19-11.01.14:846][986]LogLinker: Warning: Can't find file for asset '/Script/ShooterGame' while loading NULL.
[2018.12.19-11.01.14:846][986]LogLinker: Warning: Can't find file '/Script/ShooterGame'
[2018.12.19-11.01.14:846][986]LoadErrors: Failed to load /Script/ShooterGame.ShooterCharacter Referenced by K2Node_CallFunction_1496
[2018.12.19-11.01.14:846][986]LogLinker: Warning: Can't find file for asset '/Script/ShooterGame' while loading NULL.
[2018.12.19-11.01.14:846][986]LogLinker: Warning: Can't find file '/Script/ShooterGame'
[2018.12.19-11.01.14:846][986]LogLinker: Warning: Can't find file for asset '/Script/ShooterGame' while loading NULL.
[2018.12.19-11.01.14:847][986]LogLinker: Warning: Can't find file '/Script/ShooterGame'
[2018.12.19-11.01.14:848][986]LoadErrors: Failed to load /Script/ShooterGame.ShooterCharacter Referenced by K2Node_CallFunction_3526
[2018.12.19-11.01.14:848][986]LogLinker: Warning: Can't find file for asset '/Script/ShooterGame' while loading NULL.
[2018.12.19-11.01.14:848][986]LogLinker: Warning: Can't find file '/Script/ShooterGame'
[2018.12.19-11.01.14:848][986]LogLinker: Warning: Can't find file for asset '/Script/ShooterGame' while loading NULL.
[2018.12.19-11.01.14:850][986]LogLinker: Warning: Can't find file '/Game/Animations/TTP_Animations/Equip'
[2018.12.19-11.01.14:850][986]LoadErrors: Failed to load /Game/Animations/TTP_Animations/Equip.Equip Referenced by AnimGraphNode_SequencePlayer_308
[2018.12.19-11.01.14:850][986]LogLinker: Warning: Can't find file for asset '/Game/Animations/TTP_Animations/Equip' while loading NULL.
[2018.12.19-11.01.14:851][986]LogLinker: Warning: Can't find file '/Game/Animations/TTP_Animations/JumpStart'
[2018.12.19-11.01.14:851][986]LoadErrors: Failed to load /Game/Animations/TTP_Animations/JumpStart.JumpStart Referenced by AnimGraphNode_SequencePlayer_121
[2018.12.19-11.01.14:851][986]LogLinker: Warning: Can't find file for asset '/Game/Animations/TTP_Animations/JumpStart' while loading NULL.
[2018.12.19-11.01.14:852][986]LogLinker: Warning: Can't find file '/Game/Animations/TTP_Animations/JumpLoop'
[2018.12.19-11.01.14:852][986]LoadErrors: Failed to load /Game/Animations/TTP_Animations/JumpLoop.JumpLoop Referenced by AnimGraphNode_SequencePlayer_129
[2018.12.19-11.01.14:852][986]LogLinker: Warning: Can't find file for asset '/Game/Animations/TTP_Animations/JumpLoop' while loading NULL.
[2018.12.19-11.01.14:852][986]LogLinker: Warning: Can't find file '/Game/Animations/TTP_Animations/JumpEnd'
[2018.12.19-11.01.14:852][986]LoadErrors: Failed to load /Game/Animations/TTP_Animations/JumpEnd.JumpEnd Referenced by AnimGraphNode_SequencePlayer_137
[2018.12.19-11.01.14:852][986]LogLinker: Warning: Can't find file for asset '/Game/Animations/TTP_Animations/JumpEnd' while loading NULL.
[2018.12.19-11.01.14:855][986]LogLinker: Warning: Can't find file '/Game/Animations/TTP_Animations/RoadieRun_Fwd'
[2018.12.19-11.01.14:855][986]LoadErrors: Failed to load /Game/Animations/TTP_Animations/RoadieRun_Fwd.RoadieRun_Fwd Referenced by AnimGraphNode_SequencePlayer_128
[2018.12.19-11.01.14:855][986]LogLinker: Warning: Can't find file for asset '/Game/Animations/TTP_Animations/RoadieRun_Fwd' while loading NULL.
[2018.12.19-11.01.14:857][986]LogLinker: Warning: Can't find file '/Game/Animations/TTP_Animations/Idle'
[2018.12.19-11.01.14:857][986]LoadErrors: Failed to load /Game/Animations/TTP_Animations/Idle.Idle Referenced by RunTPP
[2018.12.19-11.01.14:857][986]LogLinker: Warning: Can't find file for asset '/Game/Animations/TTP_Animations/Idle' while loading NULL.
[2018.12.19-11.01.14:857][986]LogLinker: Warning: Can't find file '/Game/Animations/TTP_Animations/Idle'
[2018.12.19-11.01.14:857][986]LogLinker: Warning: Can't find file for asset '/Game/Animations/TTP_Animations/Idle' while loading NULL.
[2018.12.19-11.01.14:858][986]LogLinker: Warning: Can't find file '/Game/Animations/TTP_Animations/Idle'
[2018.12.19-11.01.14:858][986]LogLinker: Warning: Can't find file for asset '/Game/Animations/TTP_Animations/Idle' while loading NULL.
[2018.12.19-11.01.14:858][986]LogLinker: Warning: Can't find file '/Game/Animations/TTP_Animations/Run_Bwd'
[2018.12.19-11.01.14:858][986]LoadErrors: Failed to load /Game/Animations/TTP_Animations/Run_Bwd.Run_Bwd Referenced by RunTPP
[2018.12.19-11.01.14:858][986]LogLinker: Warning: Can't find file for asset '/Game/Animations/TTP_Animations/Run_Bwd' while loading NULL.
[2018.12.19-11.01.14:858][986]LogLinker: Warning: Can't find file '/Game/Animations/TTP_Animations/Run_Fwd'
[2018.12.19-11.01.14:858][986]LoadErrors: Failed to load /Game/Animations/TTP_Animations/Run_Fwd.Run_Fwd Referenced by RunTPP
[2018.12.19-11.01.14:859][986]LogLinker: Warning: Can't find file for asset '/Game/Animations/TTP_Animations/Run_Fwd' while loading NULL.
[2018.12.19-11.01.14:859][986]LogLinker: Warning: Can't find file '/Game/Animations/TTP_Animations/Run_Rt'
[2018.12.19-11.01.14:859][986]LoadErrors: Failed to load /Game/Animations/TTP_Animations/Run_Rt.Run_Rt Referenced by RunTPP
[2018.12.19-11.01.14:859][986]LogLinker: Warning: Can't find file for asset '/Game/Animations/TTP_Animations/Run_Rt' while loading NULL.
[2018.12.19-11.01.14:859][986]LogLinker: Warning: Can't find file '/Game/Animations/TTP_Animations/Run_Lt'
[2018.12.19-11.01.14:859][986]LoadErrors: Failed to load /Game/Animations/TTP_Animations/Run_Lt.Run_Lt Referenced by RunTPP
[2018.12.19-11.01.14:859][986]LogLinker: Warning: Can't find file for asset '/Game/Animations/TTP_Animations/Run_Lt' while loading NULL.
[2018.12.19-11.01.14:860][986]LogLinker: Warning: Can't find file '/Game/Animations/TTP_Animations/Run_Bwd'
[2018.12.19-11.01.14:860][986]LogLinker: Warning: Can't find file for asset '/Game/Animations/TTP_Animations/Run_Bwd' while loading NULL.
[2018.12.19-11.01.14:871][986]LogBlueprint: Error: [Compiler HeroTPP_AnimBlueprint] In use pin  Target  no longer exists on node  Is Running . Please refresh node or break links to remove pin.
[2018.12.19-11.01.14:871][986]LogBlueprint: Error: [Compiler HeroTPP_AnimBlueprint] In use pin  Return Value  no longer exists on node  Is Running . Please refresh node or break links to remove pin.
[2018.12.19-11.01.14:871][986]LogBlueprint: Error: [Compiler HeroTPP_AnimBlueprint] Could not find a function named "IsRunning" in 'HeroTPP_AnimBlueprint'.
Make sure 'HeroTPP_AnimBlueprint' has been compiled for  Is Running
[2018.12.19-11.01.14:872][986]LogBlueprint: Error: [Compiler HeroTPP_AnimBlueprint] In use pin  Target  no longer exists on node  Get Aim Offsets . Please refresh node or break links to remove pin.
[2018.12.19-11.01.14:872][986]LogBlueprint: Error: [Compiler HeroTPP_AnimBlueprint] In use pin  Return Value  no longer exists on node  Get Aim Offsets . Please refresh node or break links to remove pin.
[2018.12.19-11.01.14:872][986]LogBlueprint: Error: [Compiler HeroTPP_AnimBlueprint] Could not find a function named "GetAimOffsets" in 'HeroTPP_AnimBlueprint'.
Make sure 'HeroTPP_AnimBlueprint' has been compiled for  Get Aim Offsets
[2018.12.19-11.01.14:872][986]LogBlueprint: Error: [Compiler HeroTPP_AnimBlueprint] Can't connect pins  Object  and  Return Value : This cast has an invalid target type (was the class deleted without a redirect?).
[2018.12.19-11.01.14:872][986]LogBlueprint: Error: [Compiler HeroTPP_AnimBlueprint] In use pin  As Shooter Character  no longer exists on node  Bad cast node . Please refresh node or break links to remove pin.
[2018.12.19-11.01.14:872][986]LogBlueprint: Error: [Compiler HeroTPP_AnimBlueprint] Can't connect pins  Return Value  and  Object : This cast has an invalid target type (was the class deleted without a redirect?).
[2018.12.19-11.01.14:889][986]LogBlueprint: Error: [Compiler HeroTPP_AnimBlueprint] Play (None)  references an unknown sequence
[2018.12.19-11.01.14:889][986]LogBlueprint: Error: [Compiler HeroTPP_AnimBlueprint] Play (None)  references an unknown sequence
[2018.12.19-11.01.14:889][986]LogBlueprint: Error: [Compiler HeroTPP_AnimBlueprint] Play (None)  references an unknown sequence
[2018.12.19-11.01.14:890][986]LogBlueprint: Error: [Compiler HeroTPP_AnimBlueprint] Play (None)  references an unknown sequence
[2018.12.19-11.01.14:898][986]LogBlueprint: Error: [Compiler HeroTPP_AnimBlueprint] ICE: Player node  Play (None)  was not processed prior to handling a transition getter  Animation Asset  that used it
[2018.12.19-11.01.14:899][986]LogBlueprint: Error: [Compiler HeroTPP_AnimBlueprint] ICE: Player node  Play (None)  was not processed prior to handling a transition getter  Animation Asset  that used it
[2018.12.19-11.01.14:900][986]LogBlueprint: Error: [Compiler HeroTPP_AnimBlueprint] ICE: Player node  Play (None)  was not processed prior to handling a transition getter  Animation Asset  that used it
[2018.12.19-11.01.14:900][986]LogBlueprint: Error: [Compiler HeroTPP_AnimBlueprint] Play (None)  references an unknown sequence
[2018.12.19-11.01.14:901][986]LogBlueprint: Error: [Compiler HeroTPP_AnimBlueprint] Missing allocated node for AnimGraphNode_SequencePlayer_121 while searching for node links - likely due to the node having outstanding errors.
[2018.12.19-11.01.14:901][986]LogBlueprint: Error: [Compiler HeroTPP_AnimBlueprint] Missing allocated node for AnimGraphNode_SequencePlayer_129 while searching for node links - likely due to the node having outstanding errors.
[2018.12.19-11.01.14:901][986]LogBlueprint: Error: [Compiler HeroTPP_AnimBlueprint] Missing allocated node for AnimGraphNode_SequencePlayer_137 while searching for node links - likely due to the node having outstanding errors.
[2018.12.19-11.01.14:901][986]LogBlueprint: Error: [Compiler HeroTPP_AnimBlueprint] Missing allocated node for AnimGraphNode_SequencePlayer_128 while searching for node links - likely due to the node having outstanding errors.
[2018.12.19-11.01.14:902][986]LogBlueprint: Error: [Compiler HeroTPP_AnimBlueprint] In use pin  Target  no longer exists on node  Is Running . Please refresh node or break links to remove pin.
[2018.12.19-11.01.14:902][986]LogBlueprint: Error: [Compiler HeroTPP_AnimBlueprint] In use pin  Return Value  no longer exists on node  Is Running . Please refresh node or break links to remove pin.
[2018.12.19-11.01.14:902][986]LogBlueprint: Error: [Compiler HeroTPP_AnimBlueprint] Could not find a function named "IsRunning" in 'HeroTPP_AnimBlueprint'.
Make sure 'HeroTPP_AnimBlueprint' has been compiled for  Is Running
[2018.12.19-11.01.14:903][986]LogBlueprint: Error: [Compiler HeroTPP_AnimBlueprint] In use pin  Target  no longer exists on node  Get Aim Offsets . Please refresh node or break links to remove pin.
[2018.12.19-11.01.14:903][986]LogBlueprint: Error: [Compiler HeroTPP_AnimBlueprint] In use pin  Return Value  no longer exists on node  Get Aim Offsets . Please refresh node or break links to remove pin.
[2018.12.19-11.01.14:903][986]LogBlueprint: Error: [Compiler HeroTPP_AnimBlueprint] Could not find a function named "GetAimOffsets" in 'HeroTPP_AnimBlueprint'.
Make sure 'HeroTPP_AnimBlueprint' has been compiled for  Get Aim Offsets
[2018.12.19-11.01.14:903][986]LogBlueprint: Error: [Compiler HeroTPP_AnimBlueprint] Can't connect pins  Object  and  Return Value : This cast has an invalid target type (was the class deleted without a redirect?).
[2018.12.19-11.01.14:903][986]LogBlueprint: Error: [Compiler HeroTPP_AnimBlueprint] In use pin  As Shooter Character  no longer exists on node  Bad cast node . Please refresh node or break links to remove pin.
[2018.12.19-11.01.14:903][986]LogBlueprint: Error: [Compiler HeroTPP_AnimBlueprint] Can't connect pins  Return Value  and  Object : This cast has an invalid target type (was the class deleted without a redirect?).
[2018.12.19-11.01.14:904][986]LogBlueprint: Error: [Compiler HeroTPP_AnimBlueprint] Unexpected node type K2Node_TransitionRuleGetter encountered at  Animation Asset
[2018.12.19-11.01.14:904][986]LogBlueprint: Error: [Compiler HeroTPP_AnimBlueprint] Unexpected node type K2Node_TransitionRuleGetter encountered at  Animation Asset
[2018.12.19-11.01.14:904][986]LogBlueprint: Error: [Compiler HeroTPP_AnimBlueprint] Unexpected node type K2Node_TransitionRuleGetter encountered at  Animation Asset
[2018.12.19-11.01.14:905][986]LogBlueprint: Error: [Compiler HeroTPP_AnimBlueprint] Unexpected node type K2Node_TransitionRuleGetter encountered at  Animation Asset
[2018.12.19-11.01.14:905][986]LogBlueprint: Error: [Compiler HeroTPP_AnimBlueprint] Unexpected node type K2Node_TransitionRuleGetter encountered at  Animation Asset
[2018.12.19-11.01.14:905][986]LogBlueprint: Error: [Compiler HeroTPP_AnimBlueprint] Unexpected node type K2Node_TransitionRuleGetter encountered at  Animation Asset
[2018.12.19-11.01.14:908][986]LogBlueprint: Warning: [Compiler HeroTPP_AnimBlueprint] [0102,30] Compile of HeroTPP_AnimBlueprint failed. 36 Fatal Issue(s) 0 Warning(s) [in 47 ms] (/Game/Characters/HeroTPP/HeroTPP_AnimBlueprint.HeroTPP_AnimBlueprint)
[2018.12.19-11.01.20:289][986]LogSlate: Window 'Delete Assets' being destroyed
[2018.12.19-11.01.31:355][447]LogSlate: Prevented a slow task dialog from being summoned while a context menu was open
[2018.12.19-11.01.37:744][447]LogSlate: Window 'Delete Assets' being destroyed
[2018.12.19-13.30.36:985][594]LogTemp: Repeating last play command: Selected Viewport
[2018.12.19-13.30.37:162][594]LogBlueprintUserMessages: Early PlayInEditor Detection: Level '/Game/FirstPersonCPP/Maps/FirstPersonExampleMap.FirstPersonExampleMap:PersistentLevel' has LevelScriptBlueprint '/Game/FirstPersonCPP/Maps/FirstPersonExampleMap.FirstPersonExampleMap:PersistentLevel.FirstPersonExampleMap' with GeneratedClass '/Game/FirstPersonCPP/Maps/FirstPersonExampleMap.FirstPersonExampleMap_C' with ClassGeneratedBy '/Game/FirstPersonCPP/Maps/FirstPersonExampleMap.FirstPersonExampleMap:PersistentLevel.FirstPersonExampleMap'
[2018.12.19-13.30.37:223][594]LogPlayLevel: PlayLevel: No blueprints needed recompiling
[2018.12.19-13.30.37:594][594]PIE: New page: PIE session: FirstPersonExampleMap (19 Δεκ 2018 - 5:30:37 μ.μ.)
[2018.12.19-13.30.37:602][594]LogPlayLevel: Creating play world package: /Game/FirstPersonCPP/Maps/UEDPIE_0_FirstPersonExampleMap
[2018.12.19-13.30.37:809][594]LogPlayLevel: PIE: StaticDuplicateObject took: (0.206393s)
[2018.12.19-13.30.37:813][594]LogAIModule: Creating AISystem for world FirstPersonExampleMap
[2018.12.19-13.30.37:825][594]LogPlayLevel: PIE: World Init took: (0.016391s)
[2018.12.19-13.30.37:837][594]LogPlayLevel: PIE: Created PIE world by copying editor world from /Game/FirstPersonCPP/Maps/FirstPersonExampleMap.FirstPersonExampleMap to /Game/FirstPersonCPP/Maps/UEDPIE_0_FirstPersonExampleMap.FirstPersonExampleMap (0.235172s)
[2018.12.19-13.30.37:987][594]LogInit: XAudio2 using 'Ηχεία / Ακουστικά (Realtek High Definition Audio)' : 2 channels at 48 kHz using 32 bits per sample (channel mask 0x3)
[2018.12.19-13.30.38:015][594]LogInit: FAudioDevice initialized.
[2018.12.19-13.30.38:123][594]LogLoad: Game class is 'TGP_DuosGameMode'
[2018.12.19-13.30.38:223][594]LogWorld: Bringing World /Game/FirstPersonCPP/Maps/UEDPIE_0_FirstPersonExampleMap.FirstPersonExampleMap up for play (max tick rate 0) at 2018.12.19-15.30.38
[2018.12.19-13.30.38:624][594]LogWorld: Bringing up level for play took: 0.424233
[2018.12.19-13.30.39:130][594]LogContentBrowser: Native class hierarchy updated for 'MovieSceneCapture' in 0.0042 seconds. Added 10 classes and 0 folders.
[2018.12.19-13.30.39:235][594]PIE: Play in editor start time for /Game/FirstPersonCPP/Maps/UEDPIE_0_FirstPersonExampleMap 2,63
[2018.12.19-13.30.39:235][594]LogBlueprintUserMessages: Late PlayInEditor Detection: Level '/Game/FirstPersonCPP/Maps/FirstPersonExampleMap.FirstPersonExampleMap:PersistentLevel' has LevelScriptBlueprint '/Game/FirstPersonCPP/Maps/FirstPersonExampleMap.FirstPersonExampleMap:PersistentLevel.FirstPersonExampleMap' with GeneratedClass '/Game/FirstPersonCPP/Maps/FirstPersonExampleMap.FirstPersonExampleMap_C' with ClassGeneratedBy '/Game/FirstPersonCPP/Maps/FirstPersonExampleMap.FirstPersonExampleMap:PersistentLevel.FirstPersonExampleMap'
[2018.12.19-13.30.45:381][785]LogBlueprintUserMessages: [BTS_SightCheck_C_0] true
[2018.12.19-13.30.45:813][800]LogBlueprintUserMessages: [BTS_SightCheck_C_0] true
[2018.12.19-13.30.46:321][819]LogBlueprintUserMessages: [BTS_SightCheck_C_0] true
[2018.12.19-13.30.46:835][838]LogBlueprintUserMessages: [BTS_SightCheck_C_0] true
[2018.12.19-13.30.47:302][855]LogBlueprintUserMessages: [BTS_SightCheck_C_0] true
[2018.12.19-13.30.47:870][876]LogBlueprintUserMessages: [BTS_SightCheck_C_0] true
[2018.12.19-13.30.48:298][892]LogBlueprintUserMessages: [BTS_SightCheck_C_0] true
[2018.12.19-13.30.48:875][914]LogBlueprintUserMessages: [BTS_SightCheck_C_0] true
[2018.12.19-13.30.49:457][935]LogBlueprintUserMessages: [BTS_SightCheck_C_0] true
[2018.12.19-13.30.49:899][951]LogBlueprintUserMessages: [BTS_SightCheck_C_0] false
[2018.12.19-13.30.51:639][ 16]LogBlueprintUserMessages: [BTS_SightCheck_C_0] false
[2018.12.19-13.30.55:740][167]LogSpawn: Warning: SpawnActor failed because of collision at the spawn location [X=1106.423 Y=48.094 Z=315.234] for [FirstPersonProjectile_C]
[2018.12.19-13.30.56:368][192]LogSpawn: Warning: SpawnActor failed because of collision at the spawn location [X=1103.889 Y=52.560 Z=317.065] for [FirstPersonProjectile_C]
[2018.12.19-13.31.02:967][444]LogBlueprintUserMessages: [BTS_SightCheck_C_0] true
[2018.12.19-13.31.03:499][464]LogBlueprintUserMessages: [BTS_SightCheck_C_0] true
[2018.12.19-13.31.04:104][487]LogBlueprintUserMessages: [BTS_SightCheck_C_0] true
[2018.12.19-13.31.04:721][510]LogBlueprintUserMessages: [BTS_SightCheck_C_0] true
[2018.12.19-13.31.05:205][528]LogBlueprintUserMessages: [BTS_SightCheck_C_0] true
[2018.12.19-13.31.05:738][548]LogBlueprintUserMessages: [BTS_SightCheck_C_0] true
[2018.12.19-13.31.06:343][571]LogBlueprintUserMessages: [BTS_SightCheck_C_0] true
[2018.12.19-13.31.06:956][594]LogBlueprintUserMessages: [BTS_SightCheck_C_0] true
[2018.12.19-13.31.07:524][616]LogBlueprintUserMessages: [BTS_SightCheck_C_0] true
[2018.12.19-13.31.08:135][640]LogBlueprintUserMessages: [BTS_SightCheck_C_0] true
[2018.12.19-13.31.08:635][660]LogBlueprintUserMessages: [BTS_SightCheck_C_0] true
[2018.12.19-13.31.09:248][684]LogBlueprintUserMessages: [BTS_SightCheck_C_0] false
[2018.12.19-13.31.17:048][982]LogBlueprintUserMessages: [BTS_SightCheck_C_0] true
[2018.12.19-13.31.17:469][998]LogBlueprintUserMessages: [BTS_SightCheck_C_0] true
[2018.12.19-13.31.17:989][ 18]LogBlueprintUserMessages: [BTS_SightCheck_C_0] true
[2018.12.19-13.31.18:539][ 39]LogBlueprintUserMessages: [BTS_SightCheck_C_0] true
[2018.12.19-13.31.19:077][ 59]LogBlueprintUserMessages: [BTS_SightCheck_C_0] true
[2018.12.19-13.31.19:534][ 76]LogBlueprintUserMessages: [BTS_SightCheck_C_0] true
[2018.12.19-13.31.20:025][ 94]LogBlueprintUserMessages: [BTS_SightCheck_C_0] true
[2018.12.19-13.31.20:620][115]LogBlueprintUserMessages: [BTS_SightCheck_C_0] false
[2018.12.19-13.31.32:943][572]LogSpawn: Warning: SpawnActor failed because of collision at the spawn location [X=1290.463 Y=869.878 Z=315.243] for [FirstPersonProjectile_C]
[2018.12.19-13.31.33:103][578]LogSpawn: Warning: SpawnActor failed because of collision at the spawn location [X=1284.509 Y=881.482 Z=315.243] for [FirstPersonProjectile_C]
[2018.12.19-13.31.33:239][583]LogSpawn: Warning: SpawnActor failed because of collision at the spawn location [X=1281.107 Y=890.232 Z=315.243] for [FirstPersonProjectile_C]
[2018.12.19-13.31.33:425][590]LogSpawn: Warning: SpawnActor failed because of collision at the spawn location [X=1278.827 Y=890.937 Z=315.243] for [FirstPersonProjectile_C]
[2018.12.19-13.31.33:584][596]LogSpawn: Warning: SpawnActor failed because of collision at the spawn location [X=1280.724 Y=889.205 Z=315.243] for [FirstPersonProjectile_C]
[2018.12.19-13.31.34:017][612]LogSpawn: Warning: SpawnActor failed because of collision at the spawn location [X=1283.377 Y=889.554 Z=315.243] for [FirstPersonProjectile_C]
[2018.12.19-13.31.34:228][620]LogSpawn: Warning: SpawnActor failed because of collision at the spawn location [X=1283.316 Y=888.707 Z=315.243] for [FirstPersonProjectile_C]
[2018.12.19-13.31.42:603][942]LogBlueprintUserMessages: [BTS_SightCheck_C_0] true
[2018.12.19-13.31.43:142][963]LogBlueprintUserMessages: [BTS_SightCheck_C_0] true
[2018.12.19-13.31.43:608][981]LogBlueprintUserMessages: [BTS_SightCheck_C_0] false
[2018.12.19-13.31.58:951][571]LogBlueprintUserMessages: [BTS_SightCheck_C_0] false
[2018.12.19-13.31.59:440][590]LogBlueprintUserMessages: [BTS_SightCheck_C_0] false
[2018.12.19-13.31.59:893][607]LogBlueprintUserMessages: [BTS_SightCheck_C_0] true
[2018.12.19-13.32.00:483][629]LogBlueprintUserMessages: [BTS_SightCheck_C_0] true
[2018.12.19-13.32.00:940][646]LogBlueprintUserMessages: [BTS_SightCheck_C_0] false
[2018.12.19-13.32.01:513][668]LogBlueprintUserMessages: [BTS_SightCheck_C_0] false
[2018.12.19-13.32.02:098][691]LogBlueprintUserMessages: [BTS_SightCheck_C_0] false
[2018.12.19-13.32.02:621][712]LogBlueprintUserMessages: [BTS_SightCheck_C_0] false
[2018.12.19-13.32.03:125][732]LogBlueprintUserMessages: [BTS_SightCheck_C_0] false
[2018.12.19-13.32.03:640][752]LogBlueprintUserMessages: [BTS_SightCheck_C_0] false
[2018.12.19-13.32.04:224][774]LogBlueprintUserMessages: [BTS_SightCheck_C_0] false
[2018.12.19-13.32.04:780][795]LogBlueprintUserMessages: [BTS_SightCheck_C_0] false
[2018.12.19-13.32.05:264][813]LogBlueprintUserMessages: [BTS_SightCheck_C_0] false
[2018.12.19-13.32.05:851][835]LogBlueprintUserMessages: [BTS_SightCheck_C_0] false
[2018.12.19-13.32.06:393][855]LogBlueprintUserMessages: [BTS_SightCheck_C_0] false
[2018.12.19-13.32.06:853][872]LogBlueprintUserMessages: [BTS_SightCheck_C_0] false
[2018.12.19-13.32.07:401][893]LogBlueprintUserMessages: [BTS_SightCheck_C_0] false
[2018.12.19-13.32.07:933][913]LogBlueprintUserMessages: [BTS_SightCheck_C_0] false
[2018.12.19-13.32.08:517][935]LogBlueprintUserMessages: [BTS_SightCheck_C_0] false
[2018.12.19-13.32.09:110][957]LogBlueprintUserMessages: [BTS_SightCheck_C_0] true
[2018.12.19-13.32.09:685][979]LogBlueprintUserMessages: [BTS_SightCheck_C_0] true
[2018.12.19-13.32.10:231][  0]LogBlueprintUserMessages: [BTS_SightCheck_C_0] true
[2018.12.19-13.32.10:841][ 23]LogBlueprintUserMessages: [BTS_SightCheck_C_0] true
[2018.12.19-13.32.10:947][ 26]LogCharacterMovement: ThirdPersonCharacter_2 is stuck and failed to move! Velocity: X=-51.90 Y=-16.97 Z=0.00 Location: X=466.55 Y=712.47 Z=268.38 Normal: X=0.28 Y=0.96 Z=0.00 PenetrationDepth:0.049 Actor:EditorCube8 Component:StaticMeshComponent0 BoneName:None (0 other events since notify)
[2018.12.19-13.32.11:462][ 46]LogBlueprintUserMessages: [BTS_SightCheck_C_0] false
[2018.12.19-13.32.18:661][315]LogBlueprintUserMessages: Early EndPlayMap Detection: Level '/Game/FirstPersonCPP/Maps/FirstPersonExampleMap.FirstPersonExampleMap:PersistentLevel' has LevelScriptBlueprint '/Game/FirstPersonCPP/Maps/FirstPersonExampleMap.FirstPersonExampleMap:PersistentLevel.FirstPersonExampleMap' with GeneratedClass '/Game/FirstPersonCPP/Maps/FirstPersonExampleMap.FirstPersonExampleMap_C' with ClassGeneratedBy '/Game/FirstPersonCPP/Maps/FirstPersonExampleMap.FirstPersonExampleMap:PersistentLevel.FirstPersonExampleMap'
[2018.12.19-13.32.18:690][315]LogSlate: Updating window title bar state: overlay mode, drag disabled, window buttons hidden, title bar hidden
[2018.12.19-13.32.18:867][315]LogPlayLevel: Display: Shutting down PIE online subsystems
[2018.12.19-13.32.18:868][315]LogBlueprintUserMessages: Late EndPlayMap Detection: Level '/Game/FirstPersonCPP/Maps/FirstPersonExampleMap.FirstPersonExampleMap:PersistentLevel' has LevelScriptBlueprint '/Game/FirstPersonCPP/Maps/FirstPersonExampleMap.FirstPersonExampleMap:PersistentLevel.FirstPersonExampleMap' with GeneratedClass '/Game/FirstPersonCPP/Maps/FirstPersonExampleMap.FirstPersonExampleMap_C' with ClassGeneratedBy '/Game/FirstPersonCPP/Maps/FirstPersonExampleMap.FirstPersonExampleMap:PersistentLevel.FirstPersonExampleMap'
[2018.12.19-13.32.19:000][315]LogSlate: Updating window title bar state: overlay mode, drag disabled, window buttons hidden, title bar hidden
[2018.12.19-13.32.19:094][316]LogPlayLevel: Display: Destroying online subsystem :Context_6
[2018.12.19-13.32.23:457][470]LogEditorViewport: Clicking on Actor (LMB): StaticMeshActor (EditorCube8)
[2018.12.19-13.34.01:498][910]LogSlate: FSceneViewport::OnFocusLost() reason 2
[2018.12.19-13.51.24:197][ 71]LogSlate: FSceneViewport::OnFocusLost() reason 2
[2018.12.19-13.54.49:949][961]LogSlate: FSceneViewport::OnFocusLost() reason 2
[2018.12.19-16.16.51:099][903]LogD3D11RHI: Timed out while waiting for GPU to catch up. (0.5 s)
[2018.12.20-08.00.06:430][ 68]LogD3D11RHI: Timed out while waiting for GPU to catch up. (0.5 s)
[2018.12.20-08.00.07:226][ 69]LogD3D11RHI: Timed out while waiting for GPU to catch up. (0.5 s)
[2018.12.20-08.01.06:972][149]LogSlate: Window 'Delete Assets' being destroyed
[2018.12.20-08.01.25:964][149]LogAnimationCompression: Building Anim DDC data for AnimSequence /Game/Animations/TTP_Animations/AimOffsetUp.AimOffsetUp
[2018.12.20-08.01.25:973][149]LogAnimationCompression: Recompressing (AnimSequence /Engine/Transient.AimOffsetUp) using current/default (AnimationCompressionAlgorithm_RemoveLinearKeys_8) bFirstRecompressUsingCurrentOrDefault(1) bTryAlternateCompressor(0) IsCompressedDataValid(0)
[2018.12.20-08.01.26:439][149]LogAnimationCompression: Building Anim DDC data for AnimSequence /Game/Animations/TTP_Animations/AimOffsetRightUp.AimOffsetRightUp
[2018.12.20-08.01.26:441][149]LogAnimationCompression: Recompressing (AnimSequence /Engine/Transient.AimOffsetRightUp) using current/default (AnimationCompressionAlgorithm_RemoveLinearKeys_7) bFirstRecompressUsingCurrentOrDefault(1) bTryAlternateCompressor(0) IsCompressedDataValid(0)
[2018.12.20-08.01.26:453][149]LogAnimationCompression: Building Anim DDC data for AnimSequence /Game/Animations/TTP_Animations/AimOffsetRightDown.AimOffsetRightDown
[2018.12.20-08.01.26:454][149]LogAnimationCompression: Recompressing (AnimSequence /Engine/Transient.AimOffsetRightDown) using current/default (AnimationCompressionAlgorithm_RemoveLinearKeys_6) bFirstRecompressUsingCurrentOrDefault(1) bTryAlternateCompressor(0) IsCompressedDataValid(0)
[2018.12.20-08.01.26:466][149]LogAnimationCompression: Building Anim DDC data for AnimSequence /Game/Animations/TTP_Animations/AimOffsetRight.AimOffsetRight
[2018.12.20-08.01.26:467][149]LogAnimationCompression: Recompressing (AnimSequence /Engine/Transient.AimOffsetRight) using current/default (AnimationCompressionAlgorithm_RemoveLinearKeys_5) bFirstRecompressUsingCurrentOrDefault(1) bTryAlternateCompressor(0) IsCompressedDataValid(0)
[2018.12.20-08.01.26:581][149]LogAnimationCompression: Building Anim DDC data for AnimSequence /Game/Animations/TTP_Animations/AimOffsetLeftUp.AimOffsetLeftUp
[2018.12.20-08.01.26:582][149]LogAnimationCompression: Recompressing (AnimSequence /Engine/Transient.AimOffsetLeftUp) using current/default (AnimationCompressionAlgorithm_RemoveLinearKeys_4) bFirstRecompressUsingCurrentOrDefault(1) bTryAlternateCompressor(0) IsCompressedDataValid(0)
[2018.12.20-08.01.26:630][149]LogAnimationCompression: Building Anim DDC data for AnimSequence /Game/Animations/TTP_Animations/AimOffsetLeftDown.AimOffsetLeftDown
[2018.12.20-08.01.26:631][149]LogAnimationCompression: Recompressing (AnimSequence /Engine/Transient.AimOffsetLeftDown) using current/default (AnimationCompressionAlgorithm_RemoveLinearKeys_3) bFirstRecompressUsingCurrentOrDefault(1) bTryAlternateCompressor(0) IsCompressedDataValid(0)
[2018.12.20-08.01.26:643][149]LogAnimationCompression: Building Anim DDC data for AnimSequence /Game/Animations/TTP_Animations/AimOffsetLeft.AimOffsetLeft
[2018.12.20-08.01.26:645][149]LogAnimationCompression: Recompressing (AnimSequence /Engine/Transient.AimOffsetLeft) using current/default (AnimationCompressionAlgorithm_RemoveLinearKeys_2) bFirstRecompressUsingCurrentOrDefault(1) bTryAlternateCompressor(0) IsCompressedDataValid(0)
[2018.12.20-08.01.26:657][149]LogAnimationCompression: Building Anim DDC data for AnimSequence /Game/Animations/TTP_Animations/AimOffsetFwd.AimOffsetFwd
[2018.12.20-08.01.26:658][149]LogAnimationCompression: Recompressing (AnimSequence /Engine/Transient.AimOffsetFwd) using current/default (AnimationCompressionAlgorithm_RemoveLinearKeys_1) bFirstRecompressUsingCurrentOrDefault(1) bTryAlternateCompressor(0) IsCompressedDataValid(0)
[2018.12.20-08.01.26:687][149]LogAnimationCompression: Building Anim DDC data for AnimSequence /Game/Animations/TTP_Animations/AimOffsetDown.AimOffsetDown
[2018.12.20-08.01.26:688][149]LogAnimationCompression: Recompressing (AnimSequence /Engine/Transient.AimOffsetDown) using current/default (AnimationCompressionAlgorithm_RemoveLinearKeys_0) bFirstRecompressUsingCurrentOrDefault(1) bTryAlternateCompressor(0) IsCompressedDataValid(0)
[2018.12.20-08.01.47:962][506]LogSlate: Window 'Delete Assets' being destroyed
[2018.12.20-08.02.05:249][ 33]LogSlate: Window 'Delete Assets' being destroyed
[2018.12.20-08.02.23:084][405]LogSlate: Window 'Delete Assets' being destroyed
[2018.12.20-08.02.47:565][998]LogSlate: Took 0.048789 seconds to synchronously load lazily loaded font '../../../Engine/Content/Slate/Fonts/Roboto-Italic.ttf' (157K)
[2018.12.20-08.03.01:423][253]LogSlate: Window 'TGP_Duos - Unreal Editor' being destroyed
[2018.12.20-08.03.01:454][253]LogWindowsTextInputMethodSystem: Display: IME system now deactivated.
[2018.12.20-08.03.04:334][254]Cmd: QUIT_EDITOR
[2018.12.20-08.03.06:558][254]LogExit: Preparing to exit.
