Log file open, 01/05/19 02:15:01
LogWindows: Failed to load 'aqProf.dll' (GetLastError=126)
LogWindows: File 'aqProf.dll' does not exist
LogWindows: Failed to load 'VSPerf140.dll' (GetLastError=126)
LogWindows: File 'VSPerf140.dll' does not exist
LogWindows: Failed to load 'VtuneApi.dll' (GetLastError=126)
LogWindows: File 'VtuneApi.dll' does not exist
LogWindows: Failed to load 'VtuneApi32e.dll' (GetLastError=126)
LogWindows: File 'VtuneApi32e.dll' does not exist
LogInit: Display: Running engine for game: TGP_Duos
LogPlatformFile: Not using cached read wrapper
LogTaskGraph: Started task graph with 5 named threads and 14 total threads with 3 sets of task threads.
LogStats: Stats thread started at 0.369022
LogD3D11RHI: Loaded GFSDK_Aftermath_Lib.x64.dll
LogICUInternationalization: Display: ICU TimeZone Detection - Raw Offset: +0:00, Platform Override: ''
LogPluginManager: Mounting plugin Paper2D
LogPluginManager: Mounting plugin AISupport
LogPluginManager: Mounting plugin LightPropagationVolume
LogPluginManager: Mounting plugin CLionSourceCodeAccess
LogPluginManager: Mounting plugin CodeLiteSourceCodeAccess
LogPluginManager: Mounting plugin GitSourceControl
LogPluginManager: Mounting plugin KDevelopSourceCodeAccess
LogPluginManager: Mounting plugin NullSourceCodeAccess
LogPluginManager: Mounting plugin PerforceSourceControl
LogPluginManager: Mounting plugin SubversionSourceControl
LogPluginManager: Mounting plugin UObjectPlugin
LogPluginManager: Mounting plugin VisualStudioCodeSourceCodeAccess
LogPluginManager: Mounting plugin VisualStudioSourceCodeAccess
LogPluginManager: Mounting plugin XCodeSourceCodeAccess
LogPluginManager: Mounting plugin AssetManagerEditor
LogPluginManager: Mounting plugin CryptoKeys
LogPluginManager: Mounting plugin DataValidation
LogPluginManager: Mounting plugin FacialAnimation
LogPluginManager: Mounting plugin GameplayTagsEditor
LogPluginManager: Mounting plugin MacGraphicsSwitching
LogPluginManager: Mounting plugin MeshEditor
LogPluginManager: Mounting plugin MobileLauncherProfileWizard
LogPluginManager: Mounting plugin PluginBrowser
LogPluginManager: Mounting plugin SpeedTreeImporter
LogPluginManager: Mounting plugin DatasmithContent
LogPluginManager: Mounting plugin AlembicImporter
LogPluginManager: Mounting plugin AppleImageUtils
LogPluginManager: Mounting plugin AppleVision
LogPluginManager: Mounting plugin BackChannel
LogPluginManager: Mounting plugin CharacterAI
LogPluginManager: Mounting plugin GeometryCache
LogPluginManager: Mounting plugin HTML5Networking
LogPluginManager: Mounting plugin ProxyLODPlugin
LogPluginManager: Mounting plugin MagicLeap
LogPluginManager: Mounting plugin MagicLeapEmulator
LogPluginManager: Mounting plugin MagicLeapMedia
LogPluginManager: Mounting plugin AndroidMedia
LogPluginManager: Mounting plugin AvfMedia
LogPluginManager: Mounting plugin ImgMedia
LogPluginManager: Mounting plugin LinearTimecode
LogPluginManager: Mounting plugin MediaCompositing
LogPluginManager: Mounting plugin MediaPlayerEditor
LogPluginManager: Mounting plugin WmfMedia
LogPluginManager: Mounting plugin TcpMessaging
LogPluginManager: Mounting plugin UdpMessaging
LogPluginManager: Mounting plugin ActorSequence
LogPluginManager: Mounting plugin LevelSequenceEditor
LogPluginManager: Mounting plugin MatineeToLevelSequence
LogPluginManager: Mounting plugin NetcodeUnitTest
LogPluginManager: Mounting plugin NUTUnrealEngine4
LogPluginManager: Mounting plugin OnlineSubsystemGooglePlay
LogPluginManager: Mounting plugin OnlineSubsystemIOS
LogPluginManager: Mounting plugin OnlineSubsystem
LogPluginManager: Mounting plugin OnlineSubsystemNull
LogPluginManager: Mounting plugin OnlineSubsystemUtils
LogPluginManager: Mounting plugin LauncherChunkInstaller
LogPluginManager: Mounting plugin AndroidDeviceProfileSelector
LogPluginManager: Mounting plugin AndroidMoviePlayer
LogPluginManager: Mounting plugin AndroidPermission
LogPluginManager: Mounting plugin AppleMoviePlayer
LogPluginManager: Mounting plugin ArchVisCharacter
LogPluginManager: Mounting plugin AudioCapture
LogPluginManager: Mounting plugin CableComponent
LogPluginManager: Mounting plugin CustomMeshComponent
LogPluginManager: Mounting plugin EditableMesh
LogPluginManager: Mounting plugin ExampleDeviceProfileSelector
LogPluginManager: Mounting plugin GoogleCloudMessaging
LogPluginManager: Mounting plugin ImmediatePhysics
LogPluginManager: Mounting plugin IOSDeviceProfileSelector
LogPluginManager: Mounting plugin LinuxDeviceProfileSelector
LogPluginManager: Mounting plugin LocationServicesBPLibrary
LogPluginManager: Mounting plugin MobilePatchingUtils
LogPluginManager: Mounting plugin OculusVR
LogPluginManager: Plugin shader directory ../../../Engine/Plugins/Runtime/Oculus/OculusVR/Shaders found
LogPluginManager: Mapping shader source directory ../../../Engine/Plugins/Runtime/Oculus/OculusVR/Shaders to virtual directory /Plugin/OculusVR
LogPluginManager: Mounting plugin PhysXVehicles
LogPluginManager: Mounting plugin ProceduralMeshComponent
LogPluginManager: Mounting plugin RuntimePhysXCooking
LogPluginManager: Mounting plugin SteamVR
LogPluginManager: Mounting plugin WindowsMoviePlayer
LogStreaming: Display: Took  0.193s to configure plugins.
LogInit: Using libcurl 7.55.1-DEV
LogInit:  - built for x86_64-pc-win32
LogInit:  - supports SSL with OpenSSL/1.0.2h
LogInit:  - supports HTTP deflate (compression) using libz 1.2.8
LogInit:  - other features:
LogInit:      CURL_VERSION_SSL
LogInit:      CURL_VERSION_LIBZ
LogInit:      CURL_VERSION_IPV6
LogInit:      CURL_VERSION_ASYNCHDNS
LogInit:      CURL_VERSION_LARGEFILE
LogInit:      CURL_VERSION_IDN
LogInit:  CurlRequestOptions (configurable via config and command line):
LogInit:  - bVerifyPeer = false  - Libcurl will NOT verify peer certificate
LogInit:  - bUseHttpProxy = false  - Libcurl will NOT use HTTP proxy
LogInit:  - bDontReuseConnections = false  - Libcurl will reuse connections
LogInit:  - CertBundlePath = nullptr  - Libcurl will use whatever was configured at build time.
LogInit:  - MaxHostConnections = 16  - Libcurl will limit the number of connections to a host
LogInit:  - LocalHostAddr = Default
LogInit:  - BufferSize = 65536
LogInit: WinSock: version 1.1 (2.2), MaxSocks=32767, MaxUdp=65467
LogInit: Build: ++UE4+Release-4.20-CL-4369336
LogInit: Engine Version: 4.20.3-4369336+++UE4+Release-4.20
LogInit: Compatible Engine Version: 4.20.0-4212847+++UE4+Release-4.20
LogInit: Net CL: 4212847
LogInit: OS: Windows 10 (), CPU: Intel(R) Core(TM) i5-4460  CPU @ 3.20GHz, GPU: NVIDIA GeForce GTX 1060 6GB
LogInit: Compiled (64-bit): Sep 17 2018 12:26:19
LogInit: Compiled with Visual C++: 19.13.26129.00
LogInit: Build Configuration: Development
LogInit: Branch Name: ++UE4+Release-4.20
LogInit: Command Line:  -skipcompile
LogInit: Base Directory: C:/Program Files/Epic Games/UE_4.20/Engine/Binaries/Win64/
LogInit: Installed Engine Build: 1
LogDevObjectVersion: Number of dev versions registered: 20
LogDevObjectVersion:   Dev-Blueprints (B0D832E4-1F89-4F0D-ACCF-7EB736FD4AA2): 10
LogDevObjectVersion:   Dev-Build (E1C64328-A22C-4D53-A36C-8E866417BD8C): 0
LogDevObjectVersion:   Dev-Core (375EC13C-06E4-48FB-B500-84F0262A717E): 2
LogDevObjectVersion:   Dev-Editor (E4B068ED-F494-42E9-A231-DA0B2E46BB41): 24
LogDevObjectVersion:   Dev-Framework (CFFC743F-43B0-4480-9391-14DF171D2073): 34
LogDevObjectVersion:   Dev-Mobile (B02B49B5-BB20-44E9-A304-32B752E40360): 2
LogDevObjectVersion:   Dev-Networking (A4E4105C-59A1-49B5-A7C5-40C4547EDFEE): 0
LogDevObjectVersion:   Dev-Online (39C831C9-5AE6-47DC-9A44-9C173E1C8E7C): 0
LogDevObjectVersion:   Dev-Physics (78F01B33-EBEA-4F98-B9B4-84EACCB95AA2): 0
LogDevObjectVersion:   Dev-Platform (6631380F-2D4D-43E0-8009-CF276956A95A): 0
LogDevObjectVersion:   Dev-Rendering (12F88B9F-8875-4AFC-A67C-D90C383ABD29): 26
LogDevObjectVersion:   Dev-Sequencer (7B5AE74C-D270-4C10-A958-57980B212A5A): 9
LogDevObjectVersion:   Dev-VR (D7296918-1DD6-4BDD-9DE2-64A83CC13884): 2
LogDevObjectVersion:   Dev-LoadTimes (C2A15278-BFE7-4AFE-6C17-90FF531DF755): 1
LogDevObjectVersion:   Private-Geometry (6EACA3D4-40EC-4CC1-B786-8BED09428FC5): 3
LogDevObjectVersion:   Dev-AnimPhys (29E575DD-E0A3-4627-9D10-D276232CDCEA): 17
LogDevObjectVersion:   Dev-ReflectionCapture (6B266CEC-1EC7-4B8F-A30B-E4D90942FC07): 1
LogDevObjectVersion:   Dev-Automation (0DF73D61-A23F-47EA-B727-89E90C41499A): 1
LogDevObjectVersion:   FortniteMain (601D1886-AC64-4F84-AA16-D3DE0DEAC7D6): 12
LogDevObjectVersion:   Dev-Enterprise (9DFFBCD6-494F-0158-E221-12823C92A888): 1
LogStreaming: Display: Took  0.005s to delete old logs.
LogInit: Presizing for max 8388607 objects, including 0 objects not considered by GC, pre-allocating 0 bytes for permanent pool.
LogInit: Object subsystem initialized
[2019.01.05-02.15.02:144][  0]LogInit: Selected Device Profile: [Windows]
[2019.01.05-02.15.02:144][  0]LogInit: Applying CVar settings loaded from the selected device profile: [Windows]
[2019.01.05-02.15.02:165][  0]LogHAL: Display: Platform has ~ 12 GB [12738658304 / 17179869184 / 12], which maps to Larger [LargestMinGB=32, LargerMinGB=12, DefaultMinGB=8, SmallerMinGB=6, SmallestMinGB=0)
[2019.01.05-02.15.02:166][  0]LogInit: Setting Device Profile CVar: [[r.Vulkan.UseRealUBs:1]]
[2019.01.05-02.15.02:166][  0]LogInit: Going up to parent DeviceProfile []
[2019.01.05-02.15.02:166][  0]LogInit: Computer: DESKTOP-HAL-02
[2019.01.05-02.15.02:166][  0]LogInit: User: ryem
[2019.01.05-02.15.02:166][  0]LogInit: CPU Page size=4096, Cores=4
[2019.01.05-02.15.02:166][  0]LogInit: High frequency timer resolution =3.124998 MHz
[2019.01.05-02.15.02:167][  0]LogMemory: Memory total: Physical=11.9GB (12GB approx)
[2019.01.05-02.15.02:167][  0]LogMemory: Platform Memory Stats for Windows
[2019.01.05-02.15.02:167][  0]LogMemory: Process Physical Memory: 101.95 MB used, 101.95 MB peak
[2019.01.05-02.15.02:167][  0]LogMemory: Process Virtual Memory: 96.45 MB used, 96.45 MB peak
[2019.01.05-02.15.02:167][  0]LogMemory: Physical Memory: 7501.88 MB used,  4646.65 MB free, 12148.53 MB total
[2019.01.05-02.15.02:168][  0]LogMemory: Virtual Memory: 4632.54 MB used,  4646.65 MB free, 134217728.00 MB total
[2019.01.05-02.15.02:349][  0]LogInit: Using OS detected language (en-GB).
[2019.01.05-02.15.02:349][  0]LogInit: Using OS detected locale (en-GB).
[2019.01.05-02.15.02:351][  0]LogTextLocalizationManager: No specific localization for 'en-GB' exists, so the 'en' localization will be used.
[2019.01.05-02.15.02:854][  0]LogStreaming: Display: Took  0.506s to InitEngineTextLocalization.
[2019.01.05-02.15.02:855][  0]LogInit: Setting process to per monitor DPI aware
[2019.01.05-02.15.02:980][  0]LogSlate: New Slate User Created.  User Index 0, Is Virtual User: 0
[2019.01.05-02.15.02:980][  0]LogSlate: Slate User Registered.  User Index 0, Is Virtual User: 0
[2019.01.05-02.15.05:753][  0]LogHMD: Failed to initialize OpenVR with code 110
[2019.01.05-02.15.05:753][  0]LogD3D11RHI: D3D11 adapters:
[2019.01.05-02.15.05:859][  0]LogD3D11RHI:    0. 'NVIDIA GeForce GTX 1060 6GB' (Feature Level 11_0)
[2019.01.05-02.15.05:859][  0]LogD3D11RHI:       6052/0/6074 MB DedicatedVideo/DedicatedSystem/SharedSystem, Outputs:1, VendorId:0x10de
[2019.01.05-02.15.05:913][  0]LogD3D11RHI:    1. 'Intel(R) HD Graphics 4600' (Feature Level 11_0)
[2019.01.05-02.15.05:913][  0]LogD3D11RHI:       112/0/2048 MB DedicatedVideo/DedicatedSystem/SharedSystem, Outputs:0, VendorId:0x8086
[2019.01.05-02.15.05:922][  0]LogD3D11RHI:    2. 'Microsoft Basic Render Driver' (Feature Level 11_0)
[2019.01.05-02.15.05:922][  0]LogD3D11RHI:       0/0/6074 MB DedicatedVideo/DedicatedSystem/SharedSystem, Outputs:0, VendorId:0x1414
[2019.01.05-02.15.05:922][  0]LogD3D11RHI: Chosen D3D11 Adapter: 0
[2019.01.05-02.15.05:934][  0]LogD3D11RHI: Creating new Direct3DDevice
[2019.01.05-02.15.05:934][  0]LogD3D11RHI:     GPU DeviceId: 0x1c03 (for the marketing name, search the web for "GPU Device Id")
[2019.01.05-02.15.05:934][  0]LogWindows: EnumDisplayDevices:
[2019.01.05-02.15.05:934][  0]LogWindows:    0. 'NVIDIA GeForce GTX 1060 6GB' (P:1 D:1)
[2019.01.05-02.15.05:935][  0]LogWindows:    1. 'NVIDIA GeForce GTX 1060 6GB' (P:0 D:0)
[2019.01.05-02.15.05:935][  0]LogWindows:    2. 'NVIDIA GeForce GTX 1060 6GB' (P:0 D:0)
[2019.01.05-02.15.05:936][  0]LogWindows:    3. 'NVIDIA GeForce GTX 1060 6GB' (P:0 D:0)
[2019.01.05-02.15.05:936][  0]LogWindows:    4. 'Intel(R) HD Graphics 4600' (P:0 D:0)
[2019.01.05-02.15.05:937][  0]LogWindows:    5. 'Intel(R) HD Graphics 4600' (P:0 D:0)
[2019.01.05-02.15.05:937][  0]LogWindows:    6. 'Intel(R) HD Graphics 4600' (P:0 D:0)
[2019.01.05-02.15.05:937][  0]LogWindows: DebugString: PrimaryIsNotTheChoosenAdapter PrimaryIsNotTheChoosenAdapter PrimaryIsNotTheChoosenAdapter FoundDriverCount:4 
[2019.01.05-02.15.05:937][  0]LogD3D11RHI:     Adapter Name: NVIDIA GeForce GTX 1060 6GB
[2019.01.05-02.15.05:937][  0]LogD3D11RHI:   Driver Version: 417.35 (internal:25.21.14.1735, unified:417.35)
[2019.01.05-02.15.05:937][  0]LogD3D11RHI:      Driver Date: 12-11-2018
[2019.01.05-02.15.05:938][  0]LogRHI: Texture pool is 4236 MB (70% of 6052 MB)
[2019.01.05-02.15.05:998][  0]LogD3D11RHI: Async texture creation enabled
[2019.01.05-02.15.06:046][  0]LogD3D11RHI: GPU Timing Frequency: 1000.000000 (Debug: 2 2)
[2019.01.05-02.15.06:096][  0]LogShaderCompilers: Guid format shader working directory is -15 characters bigger than the processId version (../../../../../../Users/ryem_/source/repos/TGP-Duos/TGP_Duos/Intermediate/Shaders/WorkingDirectory/11236/).
[2019.01.05-02.15.06:096][  0]LogShaderCompilers: Cleaned the shader compiler working directory 'C:/Users/ryem_/AppData/Local/Temp/UnrealShaderWorkingDir/EDEBC61144BA84CB8F09CE8B5F65E57C/'.
[2019.01.05-02.15.06:458][  0]LogTemp: Display: Loaded TP AllDesktopTargetPlatform
[2019.01.05-02.15.06:478][  0]LogTemp: Display: Loaded TP MacClientTargetPlatform
[2019.01.05-02.15.06:497][  0]LogTemp: Display: Loaded TP MacNoEditorTargetPlatform
[2019.01.05-02.15.06:517][  0]LogTemp: Display: Loaded TP MacServerTargetPlatform
[2019.01.05-02.15.06:541][  0]LogTemp: Display: Loaded TP MacTargetPlatform
[2019.01.05-02.15.06:561][  0]LogTemp: Display: Loaded TP WindowsClientTargetPlatform
[2019.01.05-02.15.06:581][  0]LogTemp: Display: Loaded TP WindowsNoEditorTargetPlatform
[2019.01.05-02.15.06:600][  0]LogTemp: Display: Loaded TP WindowsServerTargetPlatform
[2019.01.05-02.15.06:612][  0]LogTemp: Display: Loaded TP WindowsTargetPlatform
[2019.01.05-02.15.06:719][  0]LogTemp: Display: Loaded TP AndroidTargetPlatform
[2019.01.05-02.15.06:719][  0]LogTemp: Display: Loaded TP AndroidTargetPlatform
[2019.01.05-02.15.06:719][  0]LogTemp: Display: Loaded TP AndroidTargetPlatform
[2019.01.05-02.15.06:719][  0]LogTemp: Display: Loaded TP AndroidTargetPlatform
[2019.01.05-02.15.06:720][  0]LogTemp: Display: Loaded TP AndroidTargetPlatform
[2019.01.05-02.15.06:720][  0]LogTemp: Display: Loaded TP AndroidTargetPlatform
[2019.01.05-02.15.06:720][  0]LogTemp: Display: Loaded TP AndroidTargetPlatform
[2019.01.05-02.15.06:720][  0]LogTemp: Display: Loaded TP AndroidTargetPlatform
[2019.01.05-02.15.06:720][  0]LogTemp: Display: Loaded TP AndroidTargetPlatform
[2019.01.05-02.15.06:720][  0]LogTemp: Display: Loaded TP AndroidTargetPlatform
[2019.01.05-02.15.06:720][  0]LogTemp: Display: Loaded TP AndroidTargetPlatform
[2019.01.05-02.15.06:720][  0]LogTemp: Display: Loaded TP AndroidTargetPlatform
[2019.01.05-02.15.06:720][  0]LogTemp: Display: Loaded TP AndroidTargetPlatform
[2019.01.05-02.15.06:720][  0]LogTemp: Display: Loaded TP AndroidTargetPlatform
[2019.01.05-02.15.06:721][  0]LogTemp: Display: Loaded TP AndroidTargetPlatform
[2019.01.05-02.15.06:721][  0]LogTemp: Display: Loaded TP AndroidTargetPlatform
[2019.01.05-02.15.06:721][  0]LogTemp: Display: Loaded TP AndroidTargetPlatform
[2019.01.05-02.15.06:721][  0]LogTemp: Display: Loaded TP AndroidTargetPlatform
[2019.01.05-02.15.06:725][  0]LogTemp: Display: Loaded TP HTML5TargetPlatform
[2019.01.05-02.15.06:810][  0]LogTemp: Display: Loaded TP IOSTargetPlatform
[2019.01.05-02.15.06:810][  0]LogTemp: Display: Loaded TP IOSTargetPlatform
[2019.01.05-02.15.06:841][  0]LogTemp: Display: Loaded TP TVOSTargetPlatform
[2019.01.05-02.15.06:841][  0]LogTemp: Display: Loaded TP TVOSTargetPlatform
[2019.01.05-02.15.06:859][  0]LogTemp: Display: Loaded TP LinuxClientTargetPlatform
[2019.01.05-02.15.06:876][  0]LogTemp: Display: Loaded TP LinuxNoEditorTargetPlatform
[2019.01.05-02.15.06:894][  0]LogTemp: Display: Loaded TP LinuxServerTargetPlatform
[2019.01.05-02.15.06:920][  0]LogTemp: Display: Loaded TP LinuxTargetPlatform
[2019.01.05-02.15.06:933][  0]LogTemp: Display: Loaded TP LuminTargetPlatform
[2019.01.05-02.15.06:934][  0]LogTargetPlatformManager: Display: Building Assets For Windows
[2019.01.05-02.15.07:094][  0]LogXGEController: Cleaning working directory: C:/Users/ryem_/AppData/Local/Temp/UnrealXGEWorkingDir/
[2019.01.05-02.15.07:095][  0]LogXGEController: Cannot use XGE Controller as Incredibuild is not installed on this machine.
[2019.01.05-02.15.07:095][  0]LogShaderCompilers: Cannot use XGE Shader Compiler as Incredibuild is not installed on this machine.
[2019.01.05-02.15.07:095][  0]LogShaderCompilers: Display: Using Local Shader Compiler.
[2019.01.05-02.15.09:259][  0]LogDerivedDataCache: Display: Max Cache Size: 512 MB
[2019.01.05-02.15.09:559][  0]LogDerivedDataCache: Loaded boot cache 0.30s 76MB C:/Users/ryem_/AppData/Local/UnrealEngine/4.20/DerivedDataCache/Boot.ddc.
[2019.01.05-02.15.09:560][  0]LogDerivedDataCache: Display: Loaded Boot cache: C:/Users/ryem_/AppData/Local/UnrealEngine/4.20/DerivedDataCache/Boot.ddc
[2019.01.05-02.15.09:560][  0]LogDerivedDataCache: FDerivedDataBackendGraph:  Pak pak cache file ../../../../../../Users/ryem_/source/repos/TGP-Duos/TGP_Duos/DerivedDataCache/DDC.ddp not found, will not use a pak cache.
[2019.01.05-02.15.09:560][  0]LogDerivedDataCache: Unable to find inner node Pak for hierarchical cache Hierarchy.
[2019.01.05-02.15.09:560][  0]LogDerivedDataCache: FDerivedDataBackendGraph:  CompressedPak pak cache file ../../../../../../Users/ryem_/source/repos/TGP-Duos/TGP_Duos/DerivedDataCache/Compressed.ddp not found, will not use a pak cache.
[2019.01.05-02.15.09:560][  0]LogDerivedDataCache: Unable to find inner node CompressedPak for hierarchical cache Hierarchy.
[2019.01.05-02.15.09:575][  0]LogDerivedDataCache: Display: Pak cache opened for reading ../../../Engine/DerivedDataCache/Compressed.ddp.
[2019.01.05-02.15.09:588][  0]LogDerivedDataCache: Using Local data cache path C:/Users/ryem_/AppData/Local/UnrealEngine/Common/DerivedDataCache: Writable
[2019.01.05-02.15.09:588][  0]LogDerivedDataCache: Shared data cache path not found in *engine.ini, will not use an Shared cache.
[2019.01.05-02.15.09:589][  0]LogDerivedDataCache: Unable to find inner node Shared for hierarchical cache Hierarchy.
[2019.01.05-02.15.09:610][  0]LogMaterial: Verifying Global Shaders for PCD3D_SM5
[2019.01.05-02.15.09:612][  0]LogSlate: Using FreeType 2.6.0
[2019.01.05-02.15.09:626][  0]LogSlate: SlateFontServices - WITH_FREETYPE: 1, WITH_HARFBUZZ: 1
[2019.01.05-02.15.09:950][  0]LogAssetRegistry: FAssetRegistry took 0.0356 seconds to start up
[2019.01.05-02.15.10:329][  0]LogInit: Selected Device Profile: [Windows]
[2019.01.05-02.15.10:517][  0]LogSimplygon: Simplygon DLL not present - disabling.
[2019.01.05-02.15.10:529][  0]LogMeshReduction: Using SimplygonSwarm for distributed automatic mesh merging
[2019.01.05-02.15.10:529][  0]LogMeshReduction: Using ProxyLODMeshReduction for automatic mesh merging
[2019.01.05-02.15.10:529][  0]LogMeshReduction: Using QuadricMeshReduction for automatic static mesh reduction
[2019.01.05-02.15.10:529][  0]LogMeshReduction: No automatic skeletal mesh reduction module available
[2019.01.05-02.15.10:546][  0]LogNetVersion: TGP_Duos 1.0.0, NetCL: 4212847, EngineNetVer: 5, GameNetVer: 0 (Checksum: 2163957344)
[2019.01.05-02.15.11:187][  0]LogPackageLocalizationCache: Processed 11 localized package path(s) for 2 prioritized culture(s) in 0.140646 seconds
[2019.01.05-02.15.11:193][  0]LogUObjectArray: 38425 objects as part of root set at end of initial load.
[2019.01.05-02.15.11:194][  0]LogUObjectAllocator: 6690864 out of 0 bytes used by permanent object pool.
[2019.01.05-02.15.11:194][  0]LogUObjectArray: CloseDisregardForGC: 0/0 objects in disregard for GC pool
[2019.01.05-02.15.15:207][  0]LogTcpMessaging: Initializing TcpMessaging bridge
[2019.01.05-02.15.15:223][  0]LogUdpMessaging: Initializing bridge on interface 0.0.0.0:0 to multicast group 230.0.0.1:6666.
[2019.01.05-02.15.15:704][  0]SourceControl: Source control is disabled
[2019.01.05-02.15.15:707][  0]SourceControl: Source control is disabled
[2019.01.05-02.15.15:712][  0]SourceControl: Source control is disabled
[2019.01.05-02.15.15:717][  0]SourceControl: Source control is disabled
[2019.01.05-02.15.16:039][  0]LogAndroidPermission: UAndroidPermissionCallbackProxy::GetInstance
[2019.01.05-02.15.16:365][  0]LogOcInput: OculusInput pre-init called
[2019.01.05-02.15.16:453][  0]LogEngine: Initializing Engine...
[2019.01.05-02.15.16:454][  0]LogHMD: Failed to initialize OpenVR with code 110
[2019.01.05-02.15.16:456][  0]LogStats: UGameplayTagsManager::ConstructGameplayTagTree: ImportINI prefixes -  0.000 s
[2019.01.05-02.15.16:456][  0]LogStats: UGameplayTagsManager::ConstructGameplayTagTree: Construct from data asset -  0.000 s
[2019.01.05-02.15.16:456][  0]LogStats: UGameplayTagsManager::ConstructGameplayTagTree: ImportINI -  0.000 s
[2019.01.05-02.15.16:456][  0]LogStats: UGameplayTagsManager::ConstructGameplayTagTree: GameplayTagTreeChangedEvent.Broadcast -  0.000 s
[2019.01.05-02.15.16:704][  0]LogInit: Initializing FReadOnlyCVARCache
[2019.01.05-02.15.16:739][  0]LogAIModule: Creating AISystem for world Untitled
[2019.01.05-02.15.16:868][  0]LogInit: XAudio2 using 'Speakers (3- Logitech G430 Gaming Headset)' : 6 channels at 48 kHz using 16 bits per sample (channel mask 0x3f)
[2019.01.05-02.15.16:926][  0]LogInit: FAudioDevice initialized.
[2019.01.05-02.15.16:927][  0]LogNetVersion: Set ProjectVersion to 1.0.0.0. Version Checksum will be recalculated on next use.
[2019.01.05-02.15.17:020][  0]LogDerivedDataCache: Saved boot cache 0.09s 75MB C:/Users/ryem_/AppData/Local/UnrealEngine/4.20/DerivedDataCache/Boot.ddc.
[2019.01.05-02.15.17:030][  0]LogInit: Texture streaming: Enabled
[2019.01.05-02.15.17:077][  0]LogEngineSessionManager: EngineSessionManager initialized
[2019.01.05-02.15.17:078][  0]LogEngineSessionManager: EngineSessionManager sent abnormal shutdown report. Type=Debugger, SessionId={1DADD03E-4879-A93F-80C4-A1A0CF4EA2C8}
[2019.01.05-02.15.17:101][  0]LogInit: Transaction tracking system initialized
[2019.01.05-02.15.17:176][  0]BlueprintLog: New page: Editor Load
[2019.01.05-02.15.17:441][  0]LocalizationService: Localization service is disabled
[2019.01.05-02.15.17:832][  0]LogCook: Display: Max memory allowance for cook 16384mb min free memory 0mb
[2019.01.05-02.15.17:832][  0]LogCook: Display: Mobile HDR setting 1
[2019.01.05-02.15.17:833][  0]LogGameplayTags: Display: UGameplayTagsManager::DoneAddingNativeTags. DelegateIsBound: 0
[2019.01.05-02.15.17:833][  0]LogStats: UGameplayTagsManager::ConstructGameplayTagTree: ImportINI prefixes -  0.000 s
[2019.01.05-02.15.17:833][  0]LogStats: UGameplayTagsManager::ConstructGameplayTagTree: Construct from data asset -  0.000 s
[2019.01.05-02.15.17:833][  0]LogStats: UGameplayTagsManager::ConstructGameplayTagTree: ImportINI -  0.000 s
[2019.01.05-02.15.17:833][  0]LogStats: UGameplayTagsManager::ConstructGameplayTagTree: GameplayTagTreeChangedEvent.Broadcast -  0.000 s
[2019.01.05-02.15.18:153][  0]LogFileCache: Scanning file cache for directory 'C:/Users/ryem_/source/repos/TGP-Duos/TGP_Duos/Content/' took 0.02s
[2019.01.05-02.15.18:167][  0]SourceControl: Source control is disabled
[2019.01.05-02.15.18:167][  0]Cmd: MAP LOAD FILE="../../../../../../Users/ryem_/source/repos/TGP-Duos/TGP_Duos/Content/FirstPersonCPP/Maps/FirstPersonExampleMap.umap" TEMPLATE=0 SHOWPROGRESS=1 FEATURELEVEL=3
[2019.01.05-02.15.18:168][  0]LightingResults: New page: Lighting Build
[2019.01.05-02.15.18:174][  0]MapCheck: New page: Map Check
[2019.01.05-02.15.18:174][  0]LightingResults: New page: Lighting Build
[2019.01.05-02.15.18:499][  0]LogAIModule: Creating AISystem for world FirstPersonExampleMap
[2019.01.05-02.15.18:513][  0]LogEditorServer: Finished looking for orphan Actors (0.000 secs)
[2019.01.05-02.15.18:543][  0]Cmd: MAP CHECKDEP NOCLEARLOG
[2019.01.05-02.15.18:671][  0]MapCheck: Map check complete: 0 Error(s), 0 Warning(s), took 128.258ms to complete.
[2019.01.05-02.15.18:671][  0]LogFileHelpers: Loading map 'FirstPersonExampleMap' took 0.504
[2019.01.05-02.15.18:817][  0]LogSlate: Updating window title bar state: overlay mode, drag disabled, window buttons hidden, title bar hidden
[2019.01.05-02.15.18:826][  0]LogSlate: Updating window title bar state: overlay mode, drag disabled, window buttons hidden, title bar hidden
[2019.01.05-02.15.18:834][  0]LogSlate: Updating window title bar state: overlay mode, drag disabled, window buttons hidden, title bar hidden
[2019.01.05-02.15.18:843][  0]LogSlate: Updating window title bar state: overlay mode, drag disabled, window buttons hidden, title bar hidden
[2019.01.05-02.15.18:864][  0]LogCollectionManager: Loaded 0 collections in 0.003710 seconds
[2019.01.05-02.15.18:924][  0]LogFileCache: Scanning file cache for directory 'C:/Users/ryem_/source/repos/TGP-Duos/TGP_Duos/Saved/Collections/' took 0.02s
[2019.01.05-02.15.18:924][  0]LogFileCache: Scanning file cache for directory 'C:/Users/ryem_/source/repos/TGP-Duos/TGP_Duos/Content/Developers/ryem/Collections/' took 0.01s
[2019.01.05-02.15.18:924][  0]LogFileCache: Scanning file cache for directory 'C:/Users/ryem_/source/repos/TGP-Duos/TGP_Duos/Content/Collections/' took 0.01s
[2019.01.05-02.15.18:924][  0]LogCollectionManager: Rebuilt the GUID cache for 0 collections in 0.000000 seconds
[2019.01.05-02.15.18:936][  0]LogContentBrowser: Native class hierarchy populated in 0.0118 seconds. Added 2578 classes and 606 folders.
[2019.01.05-02.15.18:955][  0]LogContentBrowser: Native class hierarchy updated for 'WidgetCarousel' in 0.0006 seconds. Added 0 classes and 0 folders.
[2019.01.05-02.15.19:426][  0]LogContentBrowser: Native class hierarchy updated for 'AddContentDialog' in 0.0006 seconds. Added 0 classes and 0 folders.
[2019.01.05-02.15.19:437][  0]LogContentBrowser: Native class hierarchy updated for 'SceneOutliner' in 0.0006 seconds. Added 1 classes and 2 folders.
[2019.01.05-02.15.19:468][  0]LogSlate: Took 0.012714 seconds to synchronously load lazily loaded font '../../../Engine/Content/Slate/Fonts/Roboto-Regular.ttf' (155K)
[2019.01.05-02.15.19:477][  0]LogSlate: Took 0.006087 seconds to synchronously load lazily loaded font '../../../Engine/Content/Slate/Fonts/Roboto-Bold.ttf' (160K)
[2019.01.05-02.15.19:490][  0]LogSlate: Took 0.005724 seconds to synchronously load lazily loaded font '../../../Engine/Content/Editor/Slate/Fonts/FontAwesome.ttf' (139K)
[2019.01.05-02.15.19:608][  0]LogRenderer: Reallocating scene render targets to support 1616x580 Format 10 NumSamples 1 (Frame:1).
[2019.01.05-02.15.19:775][  0]LogContentBrowser: Native class hierarchy updated for 'HierarchicalLODOutliner' in 0.0006 seconds. Added 0 classes and 0 folders.
[2019.01.05-02.15.19:776][  0]LogLoad: (Engine Initialization) Total time: 21.35 seconds
[2019.01.05-02.15.19:776][  0]LogLoad: (Engine Initialization) Total Blueprint compile time: 0.00 seconds
[2019.01.05-02.15.19:786][  0]LogWindowsTextInputMethodSystem: Display: IME system now deactivated.
[2019.01.05-02.15.19:821][  0]LogContentStreaming: Texture pool size now 1000 MB
[2019.01.05-02.15.19:860][  0]LogSlate: Took 0.006020 seconds to synchronously load lazily loaded font '../../../Engine/Content/Slate/Fonts/Roboto-Light.ttf' (167K)
[2019.01.05-02.15.19:865][  1]LogFileCache: Retrieving MD5 hashes for directory 'C:/Users/ryem_/source/repos/TGP-Duos/TGP_Duos/Content/' took 0.06s
[2019.01.05-02.15.19:960][  1]LogAssetRegistry: Asset discovery search completed in 10.0399 seconds
[2019.01.05-02.15.19:962][  1]LogCollectionManager: Rebuilt the object cache for 0 collections in 0.000000 seconds (found 0 objects)
[2019.01.05-02.15.19:962][  1]LogCollectionManager: Fixed up redirectors for 0 collections in 0.000143 seconds (updated 0 objects)
[2019.01.05-02.15.21:887][216]LogSlate: FSceneViewport::OnFocusLost() reason 0
[2019.01.05-02.15.22:801][308]LogSlate: Took 0.000282 seconds to synchronously load lazily loaded font '../../../Engine/Content/Slate/Fonts/Roboto-Light.ttf' (167K)
[2019.01.05-02.15.24:444][456]LogEditorFactories: Performing atomic reimport of [C:/Users/ryem_/source/repos/TGP-Duos/TGP_Duos/Content/Weapons/Assets/FN_F2000/FN F2000.fbx]
[2019.01.05-02.15.24:486][456]LogFbx: Loading FBX Scene from C:/Users/ryem_/source/repos/TGP-Duos/TGP_Duos/Content/Weapons/Assets/FN_F2000/FN F2000.fbx
[2019.01.05-02.15.24:494][456]LogFbx: FBX Scene Loaded Succesfully
[2019.01.05-02.15.24:522][456]LogStaticMesh: Building static mesh FN_F2000...
[2019.01.05-02.15.24:530][456]LogStaticMesh: Built static mesh [0.01s] /Game/Weapons/Assets/FN_F2000/FN_F2000.FN_F2000
[2019.01.05-02.15.24:533][456]LogStaticMesh: Warning: FN_F2000 has degenerate tangent bases which will result in incorrect shading.  MikkTSpace relies on tangent bases and may result in mesh corruption, consider disabling this option.
[2019.01.05-02.15.24:535][456]LogStaticMesh: Warning: FN_F2000 has some nearly zero bi-normals which can create some issues. (Tolerance of 1E-4)
[2019.01.05-02.15.24:549][456]LogEditorFactories: -- imported successfully
[2019.01.05-02.15.24:557][456]FBXImport: Warning: No smoothing group information was found in this FBX scene.  Please make sure to enable the 'Export Smoothing Groups' option in the FBX Exporter plug-in before exporting the file.  Even for tools that don't support smoothing groups, the FBX Exporter will generate appropriate smoothing data at export-time so that correct vertex normals can be inferred while importing. 
[2019.01.05-02.15.24:558][456]FBXImport: Warning: FN_F2000 has degenerate tangent bases which will result in incorrect shading.  MikkTSpace relies on tangent bases and may result in mesh corruption, consider disabling this option. 
[2019.01.05-02.15.24:558][456]FBXImport: Warning: FN_F2000 has some nearly zero bi-normals which can create some issues. (Tolerance of 1E-4) 
[2019.01.05-02.15.26:666][694]AssetReimport: New page: Outstanding source content changes 02:15:26
[2019.01.05-02.15.26:671][694]LoadErrors: Failed to load /Game/Weapons/Assets/AK47/AK47_1__Mat.AK47_1__Mat Referenced by AK47
[2019.01.05-02.15.26:671][694]LoadErrors: Failed to load /Game/Weapons/Assets/AK47/AK47_2__Mat.AK47_2__Mat Referenced by AK47
[2019.01.05-02.15.26:674][694]LogEditorFactories: Performing atomic reimport of [C:/Users/ryem_/source/repos/TGP-Duos/TGP_Duos/Content/Weapons/Assets/AK47/AK47.fbx]
[2019.01.05-02.15.26:684][694]LogFbx: Loading FBX Scene from C:/Users/ryem_/source/repos/TGP-Duos/TGP_Duos/Content/Weapons/Assets/AK47/AK47.fbx
[2019.01.05-02.15.26:692][694]LogFbx: FBX Scene Loaded Succesfully
[2019.01.05-02.15.26:705][694]LogStaticMesh: Building static mesh AK47...
[2019.01.05-02.15.26:708][694]LogStaticMesh: Built static mesh [0.00s] /Game/Weapons/Assets/AK47/AK47.AK47
[2019.01.05-02.15.26:714][694]LogEditorFactories: -- imported successfully
[2019.01.05-02.15.26:738][695]LogEditorFactories: Performing atomic reimport of [C:/Users/ryem_/source/repos/TGP-Duos/TGP_Duos/Content/Weapons/Assets/FN_F2000/FN F2000.fbx]
[2019.01.05-02.15.26:750][695]LogFbx: Loading FBX Scene from C:/Users/ryem_/source/repos/TGP-Duos/TGP_Duos/Content/Weapons/Assets/FN_F2000/FN F2000.fbx
[2019.01.05-02.15.26:756][695]LogFbx: FBX Scene Loaded Succesfully
[2019.01.05-02.15.26:765][695]LogStaticMesh: Building static mesh FN_F2000...
[2019.01.05-02.15.26:769][695]LogStaticMesh: Built static mesh [0.00s] /Game/Weapons/Assets/FN_F2000/FN_F2000.FN_F2000
[2019.01.05-02.15.26:774][695]LogEditorFactories: -- imported successfully
[2019.01.05-02.15.26:842][696]Cmd: OBJ SAVEPACKAGE PACKAGE="/Game/Weapons/Assets/AK47/AK47" FILE="../../../../../../Users/ryem_/source/repos/TGP-Duos/TGP_Duos/Content/Weapons/Assets/AK47/AK47.uasset" SILENT=true
[2019.01.05-02.15.26:884][696]LogSavePackage: Moving '../../../../../../Users/ryem_/source/repos/TGP-Duos/TGP_Duos/Saved/AK476767419A458C0FFDBF58B5A22660F69C.tmp' to '../../../../../../Users/ryem_/source/repos/TGP-Duos/TGP_Duos/Content/Weapons/Assets/AK47/AK47.uasset'
[2019.01.05-02.15.29:909][ 50]AssetReimport: Reimported asset AK47 from C:/Users/ryem_/source/repos/TGP-Duos/TGP_Duos/Content/Weapons/Assets/AK47/AK47.fbx.
[2019.01.05-02.15.29:910][ 50]AssetReimport: Reimported asset FN_F2000 from C:/Users/ryem_/source/repos/TGP-Duos/TGP_Duos/Content/Weapons/Assets/FN_F2000/FN F2000.fbx.
[2019.01.05-02.25.20:044][988]LogFileHelpers: Editor autosave (incl. sublevels) for '/Game/FirstPersonCPP/Maps/FirstPersonExampleMap' took 0.029
[2019.01.05-02.25.20:046][988]OBJ SavePackage: Generating thumbnails for [1] asset(s) in package [/Game/Weapons/Alt_Base_Gun_BP] ([1] browsable assets)...
[2019.01.05-02.25.20:076][988]OBJ SavePackage:     Rendered thumbnail for [Blueprint /Game/Weapons/Alt_Base_Gun_BP.Alt_Base_Gun_BP]
[2019.01.05-02.25.20:076][988]OBJ SavePackage: Finished generating thumbnails for package [/Game/Weapons/Alt_Base_Gun_BP]
[2019.01.05-02.25.20:128][988]LogSavePackage: Moving '../../../../../../Users/ryem_/source/repos/TGP-Duos/TGP_Duos/Saved/Alt_Base_Gun_BP_Auto10D89DC9D49470AC71C986FACDF97B007.tmp' to '../../../../../../Users/ryem_/source/repos/TGP-Duos/TGP_Duos/Saved/Autosaves/Game/Weapons/Alt_Base_Gun_BP_Auto1.uasset'
[2019.01.05-02.25.20:133][988]OBJ SavePackage: Generating thumbnails for [1] asset(s) in package [/Game/Weapons/Assets/FN_F2000/FN_F2000] ([1] browsable assets)...
[2019.01.05-02.25.20:149][988]OBJ SavePackage:     Rendered thumbnail for [StaticMesh /Game/Weapons/Assets/FN_F2000/FN_F2000.FN_F2000]
[2019.01.05-02.25.20:149][988]OBJ SavePackage: Finished generating thumbnails for package [/Game/Weapons/Assets/FN_F2000/FN_F2000]
[2019.01.05-02.25.20:193][988]LogSavePackage: Moving '../../../../../../Users/ryem_/source/repos/TGP-Duos/TGP_Duos/Saved/FN_F2000_Auto15BE3BC0247F5CD12268632871E88DF3E.tmp' to '../../../../../../Users/ryem_/source/repos/TGP-Duos/TGP_Duos/Saved/Autosaves/Game/Weapons/Assets/FN_F2000/FN_F2000_Auto1.uasset'
[2019.01.05-02.25.20:196][988]LogFileHelpers: Auto-saving content packages took 0.151
[2019.01.05-02.27.56:630][494]LogAssetEditorManager: Opening Asset editor for Blueprint /Game/Weapons/Alt_Base_Gun_BP.Alt_Base_Gun_BP
[2019.01.05-02.27.57:142][494]LogContentBrowser: Native class hierarchy updated for 'BlueprintGraph' in 0.0010 seconds. Added 116 classes and 0 folders.
[2019.01.05-02.28.01:152][745]LogSlate: Window 'Alt_Base_Gun_BP*' being destroyed
[2019.01.05-02.28.01:221][745]LogAssetEditorManager: Opening Asset editor for Blueprint /Game/Weapons/Alt_Base_Gun_BP.Alt_Base_Gun_BP
[2019.01.05-02.28.01:564][745]LogSlate: Took 0.006376 seconds to synchronously load lazily loaded font '../../../Engine/Content/Slate/Fonts/Roboto-BoldCondensed.ttf' (158K)
[2019.01.05-02.28.10:200][683]LogRenderer: Reallocating scene render targets to support 1616x704 Format 10 NumSamples 1 (Frame:1).
[2019.01.05-02.28.10:891][753]LogSlate: Took 0.005201 seconds to synchronously load lazily loaded font '../../../Engine/Content/Slate/Fonts/Roboto-Italic.ttf' (157K)
[2019.01.05-02.28.38:906][936]LogSlate: FSceneViewport::OnFocusLost() reason 2
[2019.01.05-02.29.30:633][371]LogMaterial: Display: Missing cached shader map for material FN-F2000_1__Mat, compiling. 
[2019.01.05-02.29.30:693][371]LogShaderCompilers: Display: Shaders left to compile 22
[2019.01.05-02.29.30:693][371]LogShaderCompilers: Display: Shaders left to compile 12
[2019.01.05-02.29.30:693][371]LogShaderCompilers: Display: Shaders left to compile 2
[2019.01.05-02.29.30:693][371]LogMaterial: Warning: Material /Game/Weapons/Assets/FN_F2000/FN-F2000_1__Mat.FN-F2000_1__Mat needed to have new flag set bUsedWithStaticLighting !
[2019.01.05-02.29.30:695][371]LogMaterial: Display: Missing cached shader map for material FN-F2000_1__Mat, compiling. 
[2019.01.05-02.29.32:642][579]LogShaderCompilers: Display: Shaders left to compile 31
[2019.01.05-02.29.37:689][147]LogSlate: FSceneViewport::OnFocusLost() reason 0
[2019.01.05-02.29.38:067][175]LogMaterial: Display: Missing cached shader map for material FN-F2000_2__Mat, compiling. 
[2019.01.05-02.29.38:090][175]LogMaterial: Warning: Material /Game/Weapons/Assets/FN_F2000/FN-F2000_2__Mat.FN-F2000_2__Mat needed to have new flag set bUsedWithStaticLighting !
[2019.01.05-02.29.38:094][175]LogMaterial: Display: Missing cached shader map for material FN-F2000_2__Mat, compiling. 
[2019.01.05-02.29.38:752][247]LogShaderCompilers: Display: Shaders left to compile 74
[2019.01.05-02.29.38:944][268]LogShaderCompilers: Display: Shaders left to compile 64
[2019.01.05-02.29.42:541][666]LogShaderCompilers: Display: Shaders left to compile 54
[2019.01.05-02.29.47:478][218]LogShaderCompilers: Display: Shaders left to compile 44
[2019.01.05-02.29.48:985][383]LogShaderCompilers: Display: Shaders left to compile 34
[2019.01.05-02.29.49:474][437]LogShaderCompilers: Display: Shaders left to compile 24
[2019.01.05-02.29.50:694][568]LogSlate: FSceneViewport::OnFocusLost() reason 0
[2019.01.05-02.29.53:496][832]LogSavePackage: Moving '../../../../../../Users/ryem_/source/repos/TGP-Duos/TGP_Duos/Saved/FN-F2000_1__MatFD1394154DC0FA5ABBFE35ADAD4104EC.tmp' to '../../../../../../Users/ryem_/source/repos/TGP-Duos/TGP_Duos/Content/Weapons/Assets/FN_F2000/FN-F2000_1__Mat.uasset'
[2019.01.05-02.29.58:247][352]LogShaderCompilers: Display: Shaders left to compile 14
[2019.01.05-02.30.00:518][610]LogShaderCompilers: Display: Shaders left to compile 4
[2019.01.05-02.30.16:279][483]LogSlate: FSceneViewport::OnFocusLost() reason 0
[2019.01.05-02.30.17:891][658]LogEditorViewport: Clicking on Actor (LMB): StaticMeshActor (Floor)
[2019.01.05-02.30.19:189][796]LogSlate: FSceneViewport::OnFocusLost() reason 2
[2019.01.05-02.30.21:665][ 64]LogSlate: FSceneViewport::OnFocusLost() reason 2
[2019.01.05-02.30.25:896][544]LogEditorViewport: Clicking on Actor (LMB): StaticMeshActor (Floor)
[2019.01.05-02.30.26:902][657]LogSlate: FSceneViewport::OnFocusLost() reason 0
[2019.01.05-02.30.50:743][851]LogSlate: FSceneViewport::OnFocusLost() reason 0
[2019.01.05-02.30.50:834][860]BlueprintLog: New page: Compile Alt_Base_Gun_BP
[2019.01.05-02.30.51:052][860]Cmd: OBJ SAVEPACKAGE PACKAGE="/Game/Weapons/Alt_Base_Gun_BP" FILE="../../../../../../Users/ryem_/source/repos/TGP-Duos/TGP_Duos/Content/Weapons/Alt_Base_Gun_BP.uasset" SILENT=true
[2019.01.05-02.30.51:098][860]LogSavePackage: Moving '../../../../../../Users/ryem_/source/repos/TGP-Duos/TGP_Duos/Saved/Alt_Base_Gun_BP48C091E947A0E08AAE3D7880370159B4.tmp' to '../../../../../../Users/ryem_/source/repos/TGP-Duos/TGP_Duos/Content/Weapons/Alt_Base_Gun_BP.uasset'
[2019.01.05-02.31.43:169][939]LogSlate: Window 'Alt_Base_Gun_BP' being destroyed
[2019.01.05-02.31.43:177][939]LogSlate: Window 'Alt_Base_Gun_BP' being destroyed
[2019.01.05-02.31.48:413][513]LogEditorViewport: Clicking on Actor (LMB): StaticMeshActor (Floor)
[2019.01.05-02.31.49:411][625]LogEditorViewport: Clicking on Actor (LMB): StaticMeshActor (Floor)
[2019.01.05-02.31.49:852][675]LogEditorViewport: Clicking on Actor (LMB): Alt_Base_Gun_BP_C (Alt_Base_Gun_BP)
[2019.01.05-02.31.52:601][981]LogSlate: FSceneViewport::OnFocusLost() reason 0
[2019.01.05-02.31.53:667][ 86]LogAssetEditorManager: Opening Asset editor for Blueprint /Game/Weapons/Alt_Base_Gun_BP.Alt_Base_Gun_BP
[2019.01.05-02.32.04:700][ 97]BlueprintLog: New page: Compile Alt_Base_Gun_BP
[2019.01.05-02.32.04:948][ 97]Cmd: OBJ SAVEPACKAGE PACKAGE="/Game/Weapons/Alt_Base_Gun_BP" FILE="../../../../../../Users/ryem_/source/repos/TGP-Duos/TGP_Duos/Content/Weapons/Alt_Base_Gun_BP.uasset" SILENT=true
[2019.01.05-02.32.04:988][ 97]LogSavePackage: Moving '../../../../../../Users/ryem_/source/repos/TGP-Duos/TGP_Duos/Saved/Alt_Base_Gun_BPDAF9996E402970853C30519A393E9745.tmp' to '../../../../../../Users/ryem_/source/repos/TGP-Duos/TGP_Duos/Content/Weapons/Alt_Base_Gun_BP.uasset'
[2019.01.05-02.32.05:792][161]Cmd: OBJ SAVEPACKAGE PACKAGE="/Game/Weapons/Alt_Base_Gun_BP" FILE="../../../../../../Users/ryem_/source/repos/TGP-Duos/TGP_Duos/Content/Weapons/Alt_Base_Gun_BP.uasset" SILENT=true
[2019.01.05-02.32.05:822][161]LogSavePackage: Moving '../../../../../../Users/ryem_/source/repos/TGP-Duos/TGP_Duos/Saved/Alt_Base_Gun_BP8F4B99AF48A30A4AB139BB9E84794572.tmp' to '../../../../../../Users/ryem_/source/repos/TGP-Duos/TGP_Duos/Content/Weapons/Alt_Base_Gun_BP.uasset'
[2019.01.05-02.32.06:986][271]LogSlate: Window 'Alt_Base_Gun_BP' being destroyed
[2019.01.05-02.32.06:992][271]LogSlate: Window 'Alt_Base_Gun_BP' being destroyed
[2019.01.05-02.32.11:531][780]Cmd: DELETE
[2019.01.05-02.32.11:531][780]Cmd: ACTOR DELETE
[2019.01.05-02.32.11:542][780]LogEditorActor: Deleted Actor: Alt_Base_Gun_BP_C
[2019.01.05-02.32.11:571][780]LogEditorActor: Deleted 1 Actors (0.034 secs)
[2019.01.05-02.32.12:160][848]LogSlate: FSceneViewport::OnFocusLost() reason 0
[2019.01.05-02.32.24:371][259]LogSlate: FSceneViewport::OnFocusLost() reason 0
[2019.01.05-02.32.38:134][176]LogAssetEditorManager: Opening Asset editor for Blueprint /Game/Weapons/Alt_Base_Gun_BP.Alt_Base_Gun_BP
[2019.01.05-02.32.42:409][380]LogSlate: FSceneViewport::OnFocusLost() reason 0
[2019.01.05-02.32.50:738][898]BlueprintLog: New page: Compile Alt_Base_Gun_BP
[2019.01.05-02.32.50:984][898]Cmd: OBJ SAVEPACKAGE PACKAGE="/Game/Weapons/Alt_Base_Gun_BP" FILE="../../../../../../Users/ryem_/source/repos/TGP-Duos/TGP_Duos/Content/Weapons/Alt_Base_Gun_BP.uasset" SILENT=true
[2019.01.05-02.32.51:025][898]LogSavePackage: Moving '../../../../../../Users/ryem_/source/repos/TGP-Duos/TGP_Duos/Saved/Alt_Base_Gun_BP6F3C660C4BFA584CCF1DC393135198C9.tmp' to '../../../../../../Users/ryem_/source/repos/TGP-Duos/TGP_Duos/Content/Weapons/Alt_Base_Gun_BP.uasset'
[2019.01.05-02.32.51:730][939]Cmd: OBJ SAVEPACKAGE PACKAGE="/Game/Weapons/Alt_Base_Gun_BP" FILE="../../../../../../Users/ryem_/source/repos/TGP-Duos/TGP_Duos/Content/Weapons/Alt_Base_Gun_BP.uasset" SILENT=true
[2019.01.05-02.32.51:763][939]LogSavePackage: Moving '../../../../../../Users/ryem_/source/repos/TGP-Duos/TGP_Duos/Saved/Alt_Base_Gun_BP24BBF546458DD855B79D6B98933CEC70.tmp' to '../../../../../../Users/ryem_/source/repos/TGP-Duos/TGP_Duos/Content/Weapons/Alt_Base_Gun_BP.uasset'
[2019.01.05-02.33.00:655][535]LogEditorViewport: Clicking on Actor (LMB): Alt_Base_Gun_BP_C (Alt_Base_Gun_BP)
[2019.01.05-02.33.01:152][568]Cmd: DELETE
[2019.01.05-02.33.01:152][568]Cmd: ACTOR DELETE
[2019.01.05-02.33.01:155][568]LogEditorActor: Deleted Actor: Alt_Base_Gun_BP_C
[2019.01.05-02.33.01:187][568]LogEditorActor: Deleted 1 Actors (0.035 secs)
[2019.01.05-02.33.02:153][673]LogSlate: FSceneViewport::OnFocusLost() reason 0
[2019.01.05-02.33.03:944][862]Cmd: OBJ SAVEPACKAGE PACKAGE="/Game/Weapons/Alt_Base_Gun_BP" FILE="../../../../../../Users/ryem_/source/repos/TGP-Duos/TGP_Duos/Content/Weapons/Alt_Base_Gun_BP.uasset" SILENT=true
[2019.01.05-02.33.03:974][862]LogSavePackage: Moving '../../../../../../Users/ryem_/source/repos/TGP-Duos/TGP_Duos/Saved/Alt_Base_Gun_BPD633254A4E3B0C34EDFA1DA9013AE1A5.tmp' to '../../../../../../Users/ryem_/source/repos/TGP-Duos/TGP_Duos/Content/Weapons/Alt_Base_Gun_BP.uasset'
[2019.01.05-02.33.08:460][349]BlueprintLog: New page: Compile Alt_Base_Gun_BP
[2019.01.05-02.33.09:430][436]LogSlate: Window 'Alt_Base_Gun_BP' being destroyed
[2019.01.05-02.33.10:874][595]LogEditorViewport: Clicking on Actor (LMB): StaticMeshActor (Floor)
[2019.01.05-02.33.11:639][675]LogSlate: FSceneViewport::OnFocusLost() reason 0
[2019.01.05-02.33.11:688][681]LogTemp: Repeating last play command: Selected Viewport
[2019.01.05-02.33.11:717][681]LogBlueprintUserMessages: Early PlayInEditor Detection: Level '/Game/FirstPersonCPP/Maps/FirstPersonExampleMap.FirstPersonExampleMap:PersistentLevel' has LevelScriptBlueprint '/Game/FirstPersonCPP/Maps/FirstPersonExampleMap.FirstPersonExampleMap:PersistentLevel.FirstPersonExampleMap' with GeneratedClass '/Game/FirstPersonCPP/Maps/FirstPersonExampleMap.FirstPersonExampleMap_C' with ClassGeneratedBy '/Game/FirstPersonCPP/Maps/FirstPersonExampleMap.FirstPersonExampleMap:PersistentLevel.FirstPersonExampleMap'
[2019.01.05-02.33.11:718][681]LogPlayLevel: PlayLevel: No blueprints needed recompiling
[2019.01.05-02.33.11:735][681]PIE: New page: PIE session: FirstPersonExampleMap (5 Jan 2019 02:33:11)
[2019.01.05-02.33.11:735][681]LogPlayLevel: Creating play world package: /Game/FirstPersonCPP/Maps/UEDPIE_0_FirstPersonExampleMap
[2019.01.05-02.33.11:754][681]LogPlayLevel: PIE: StaticDuplicateObject took: (0.018265s)
[2019.01.05-02.33.11:755][681]LogAIModule: Creating AISystem for world FirstPersonExampleMap
[2019.01.05-02.33.11:755][681]LogPlayLevel: PIE: World Init took: (0.001239s)
[2019.01.05-02.33.11:755][681]LogPlayLevel: PIE: Created PIE world by copying editor world from /Game/FirstPersonCPP/Maps/FirstPersonExampleMap.FirstPersonExampleMap to /Game/FirstPersonCPP/Maps/UEDPIE_0_FirstPersonExampleMap.FirstPersonExampleMap (0.020070s)
[2019.01.05-02.33.11:857][681]LogInit: XAudio2 using 'Speakers (3- Logitech G430 Gaming Headset)' : 6 channels at 48 kHz using 16 bits per sample (channel mask 0x3f)
[2019.01.05-02.33.11:890][681]LogInit: FAudioDevice initialized.
[2019.01.05-02.33.11:941][681]LogLoad: Game class is 'TGP_DuosGameMode'
[2019.01.05-02.33.11:951][681]LogWorld: Bringing World /Game/FirstPersonCPP/Maps/UEDPIE_0_FirstPersonExampleMap.FirstPersonExampleMap up for play (max tick rate 0) at 2019.01.05-02.33.11
[2019.01.05-02.33.11:954][681]LogWorld: Bringing up level for play took: 0.005673
[2019.01.05-02.33.11:993][681]LogContentBrowser: Native class hierarchy updated for 'MovieSceneCapture' in 0.0006 seconds. Added 10 classes and 0 folders.
[2019.01.05-02.33.11:997][681]PIE: Play in editor start time for /Game/FirstPersonCPP/Maps/UEDPIE_0_FirstPersonExampleMap -0.35
[2019.01.05-02.33.11:997][681]LogBlueprintUserMessages: Late PlayInEditor Detection: Level '/Game/FirstPersonCPP/Maps/FirstPersonExampleMap.FirstPersonExampleMap:PersistentLevel' has LevelScriptBlueprint '/Game/FirstPersonCPP/Maps/FirstPersonExampleMap.FirstPersonExampleMap:PersistentLevel.FirstPersonExampleMap' with GeneratedClass '/Game/FirstPersonCPP/Maps/FirstPersonExampleMap.FirstPersonExampleMap_C' with ClassGeneratedBy '/Game/FirstPersonCPP/Maps/FirstPersonExampleMap.FirstPersonExampleMap:PersistentLevel.FirstPersonExampleMap'
