Log file open, 01/03/19 15:02:30
LogWindows: Failed to load 'aqProf.dll' (GetLastError=126)
LogWindows: File 'aqProf.dll' does not exist
LogWindows: Failed to load 'VSPerf140.dll' (GetLastError=126)
LogWindows: File 'VSPerf140.dll' does not exist
LogWindows: Failed to load 'VtuneApi.dll' (GetLastError=126)
LogWindows: File 'VtuneApi.dll' does not exist
LogWindows: Failed to load 'VtuneApi32e.dll' (GetLastError=126)
LogWindows: File 'VtuneApi32e.dll' does not exist
LogInit: Display: Running engine for game: TGP_Duos
LogPlatformFile: Not using cached read wrapper
LogTaskGraph: Started task graph with 5 named threads and 14 total threads with 3 sets of task threads.
LogStats: Stats thread started at 0.580245
LogD3D11RHI: Loaded GFSDK_Aftermath_Lib.x64.dll
LogICUInternationalization: Display: ICU TimeZone Detection - Raw Offset: +0:00, Platform Override: ''
LogPluginManager: Mounting plugin Paper2D
LogPluginManager: Mounting plugin AISupport
LogPluginManager: Mounting plugin LightPropagationVolume
LogPluginManager: Mounting plugin CLionSourceCodeAccess
LogPluginManager: Mounting plugin CodeLiteSourceCodeAccess
LogPluginManager: Mounting plugin GitSourceControl
LogPluginManager: Mounting plugin KDevelopSourceCodeAccess
LogPluginManager: Mounting plugin NullSourceCodeAccess
LogPluginManager: Mounting plugin PerforceSourceControl
LogPluginManager: Mounting plugin SubversionSourceControl
LogPluginManager: Mounting plugin UObjectPlugin
LogPluginManager: Mounting plugin VisualStudioCodeSourceCodeAccess
LogPluginManager: Mounting plugin VisualStudioSourceCodeAccess
LogPluginManager: Mounting plugin XCodeSourceCodeAccess
LogPluginManager: Mounting plugin AssetManagerEditor
LogPluginManager: Mounting plugin CryptoKeys
LogPluginManager: Mounting plugin DataValidation
LogPluginManager: Mounting plugin FacialAnimation
LogPluginManager: Mounting plugin GameplayTagsEditor
LogPluginManager: Mounting plugin MacGraphicsSwitching
LogPluginManager: Mounting plugin MeshEditor
LogPluginManager: Mounting plugin MobileLauncherProfileWizard
LogPluginManager: Mounting plugin PluginBrowser
LogPluginManager: Mounting plugin SpeedTreeImporter
LogPluginManager: Mounting plugin DatasmithContent
LogPluginManager: Mounting plugin AlembicImporter
LogPluginManager: Mounting plugin AppleImageUtils
LogPluginManager: Mounting plugin AppleVision
LogPluginManager: Mounting plugin BackChannel
LogPluginManager: Mounting plugin CharacterAI
LogPluginManager: Mounting plugin GeometryCache
LogPluginManager: Mounting plugin HTML5Networking
LogPluginManager: Mounting plugin ProxyLODPlugin
LogPluginManager: Mounting plugin MagicLeap
LogPluginManager: Mounting plugin MagicLeapEmulator
LogPluginManager: Mounting plugin MagicLeapMedia
LogPluginManager: Mounting plugin AndroidMedia
LogPluginManager: Mounting plugin AvfMedia
LogPluginManager: Mounting plugin ImgMedia
LogPluginManager: Mounting plugin LinearTimecode
LogPluginManager: Mounting plugin MediaCompositing
LogPluginManager: Mounting plugin MediaPlayerEditor
LogPluginManager: Mounting plugin WmfMedia
LogPluginManager: Mounting plugin TcpMessaging
LogPluginManager: Mounting plugin UdpMessaging
LogPluginManager: Mounting plugin ActorSequence
LogPluginManager: Mounting plugin LevelSequenceEditor
LogPluginManager: Mounting plugin MatineeToLevelSequence
LogPluginManager: Mounting plugin NetcodeUnitTest
LogPluginManager: Mounting plugin NUTUnrealEngine4
LogPluginManager: Mounting plugin OnlineSubsystemGooglePlay
LogPluginManager: Mounting plugin OnlineSubsystemIOS
LogPluginManager: Mounting plugin OnlineSubsystem
LogPluginManager: Mounting plugin OnlineSubsystemNull
LogPluginManager: Mounting plugin OnlineSubsystemUtils
LogPluginManager: Mounting plugin LauncherChunkInstaller
LogPluginManager: Mounting plugin AndroidDeviceProfileSelector
LogPluginManager: Mounting plugin AndroidMoviePlayer
LogPluginManager: Mounting plugin AndroidPermission
LogPluginManager: Mounting plugin AppleMoviePlayer
LogPluginManager: Mounting plugin ArchVisCharacter
LogPluginManager: Mounting plugin AudioCapture
LogPluginManager: Mounting plugin CableComponent
LogPluginManager: Mounting plugin CustomMeshComponent
LogPluginManager: Mounting plugin EditableMesh
LogPluginManager: Mounting plugin ExampleDeviceProfileSelector
LogPluginManager: Mounting plugin GoogleCloudMessaging
LogPluginManager: Mounting plugin ImmediatePhysics
LogPluginManager: Mounting plugin IOSDeviceProfileSelector
LogPluginManager: Mounting plugin LinuxDeviceProfileSelector
LogPluginManager: Mounting plugin LocationServicesBPLibrary
LogPluginManager: Mounting plugin MobilePatchingUtils
LogPluginManager: Mounting plugin OculusVR
LogPluginManager: Plugin shader directory ../../../Engine/Plugins/Runtime/Oculus/OculusVR/Shaders found
LogPluginManager: Mapping shader source directory ../../../Engine/Plugins/Runtime/Oculus/OculusVR/Shaders to virtual directory /Plugin/OculusVR
LogPluginManager: Mounting plugin PhysXVehicles
LogPluginManager: Mounting plugin ProceduralMeshComponent
LogPluginManager: Mounting plugin RuntimePhysXCooking
LogPluginManager: Mounting plugin SteamVR
LogPluginManager: Mounting plugin WindowsMoviePlayer
LogStreaming: Display: Took  0.228s to configure plugins.
LogInit: Using libcurl 7.55.1-DEV
LogInit:  - built for x86_64-pc-win32
LogInit:  - supports SSL with OpenSSL/1.0.2h
LogInit:  - supports HTTP deflate (compression) using libz 1.2.8
LogInit:  - other features:
LogInit:      CURL_VERSION_SSL
LogInit:      CURL_VERSION_LIBZ
LogInit:      CURL_VERSION_IPV6
LogInit:      CURL_VERSION_ASYNCHDNS
LogInit:      CURL_VERSION_LARGEFILE
LogInit:      CURL_VERSION_IDN
LogInit:  CurlRequestOptions (configurable via config and command line):
LogInit:  - bVerifyPeer = false  - Libcurl will NOT verify peer certificate
LogInit:  - bUseHttpProxy = false  - Libcurl will NOT use HTTP proxy
LogInit:  - bDontReuseConnections = false  - Libcurl will reuse connections
LogInit:  - CertBundlePath = nullptr  - Libcurl will use whatever was configured at build time.
LogInit:  - MaxHostConnections = 16  - Libcurl will limit the number of connections to a host
LogInit:  - LocalHostAddr = Default
LogInit:  - BufferSize = 65536
LogInit: WinSock: version 1.1 (2.2), MaxSocks=32767, MaxUdp=65467
LogInit: Build: ++UE4+Release-4.20-CL-4369336
LogInit: Engine Version: 4.20.3-4369336+++UE4+Release-4.20
LogInit: Compatible Engine Version: 4.20.0-4212847+++UE4+Release-4.20
LogInit: Net CL: 4212847
LogInit: OS: Windows 10 (), CPU: Intel(R) Core(TM) i5-4460  CPU @ 3.20GHz, GPU: NVIDIA GeForce GTX 1060 6GB
LogInit: Compiled (64-bit): Sep 17 2018 12:26:19
LogInit: Compiled with Visual C++: 19.13.26129.00
LogInit: Build Configuration: Development
LogInit: Branch Name: ++UE4+Release-4.20
LogInit: Command Line:  -skipcompile
LogInit: Base Directory: C:/Program Files/Epic Games/UE_4.20/Engine/Binaries/Win64/
LogInit: Installed Engine Build: 1
LogDevObjectVersion: Number of dev versions registered: 20
LogDevObjectVersion:   Dev-Blueprints (B0D832E4-1F89-4F0D-ACCF-7EB736FD4AA2): 10
LogDevObjectVersion:   Dev-Build (E1C64328-A22C-4D53-A36C-8E866417BD8C): 0
LogDevObjectVersion:   Dev-Core (375EC13C-06E4-48FB-B500-84F0262A717E): 2
LogDevObjectVersion:   Dev-Editor (E4B068ED-F494-42E9-A231-DA0B2E46BB41): 24
LogDevObjectVersion:   Dev-Framework (CFFC743F-43B0-4480-9391-14DF171D2073): 34
LogDevObjectVersion:   Dev-Mobile (B02B49B5-BB20-44E9-A304-32B752E40360): 2
LogDevObjectVersion:   Dev-Networking (A4E4105C-59A1-49B5-A7C5-40C4547EDFEE): 0
LogDevObjectVersion:   Dev-Online (39C831C9-5AE6-47DC-9A44-9C173E1C8E7C): 0
LogDevObjectVersion:   Dev-Physics (78F01B33-EBEA-4F98-B9B4-84EACCB95AA2): 0
LogDevObjectVersion:   Dev-Platform (6631380F-2D4D-43E0-8009-CF276956A95A): 0
LogDevObjectVersion:   Dev-Rendering (12F88B9F-8875-4AFC-A67C-D90C383ABD29): 26
LogDevObjectVersion:   Dev-Sequencer (7B5AE74C-D270-4C10-A958-57980B212A5A): 9
LogDevObjectVersion:   Dev-VR (D7296918-1DD6-4BDD-9DE2-64A83CC13884): 2
LogDevObjectVersion:   Dev-LoadTimes (C2A15278-BFE7-4AFE-6C17-90FF531DF755): 1
LogDevObjectVersion:   Private-Geometry (6EACA3D4-40EC-4CC1-B786-8BED09428FC5): 3
LogDevObjectVersion:   Dev-AnimPhys (29E575DD-E0A3-4627-9D10-D276232CDCEA): 17
LogDevObjectVersion:   Dev-ReflectionCapture (6B266CEC-1EC7-4B8F-A30B-E4D90942FC07): 1
LogDevObjectVersion:   Dev-Automation (0DF73D61-A23F-47EA-B727-89E90C41499A): 1
LogDevObjectVersion:   FortniteMain (601D1886-AC64-4F84-AA16-D3DE0DEAC7D6): 12
LogDevObjectVersion:   Dev-Enterprise (9DFFBCD6-494F-0158-E221-12823C92A888): 1
LogStreaming: Display: Took  0.007s to delete old logs.
LogInit: Presizing for max 8388607 objects, including 0 objects not considered by GC, pre-allocating 0 bytes for permanent pool.
LogInit: Object subsystem initialized
[2019.01.03-15.02.31:848][  0]LogInit: Selected Device Profile: [Windows]
[2019.01.03-15.02.31:849][  0]LogInit: Applying CVar settings loaded from the selected device profile: [Windows]
[2019.01.03-15.02.31:870][  0]LogHAL: Display: Platform has ~ 12 GB [12738658304 / 17179869184 / 12], which maps to Larger [LargestMinGB=32, LargerMinGB=12, DefaultMinGB=8, SmallerMinGB=6, SmallestMinGB=0)
[2019.01.03-15.02.31:871][  0]LogInit: Setting Device Profile CVar: [[r.Vulkan.UseRealUBs:1]]
[2019.01.03-15.02.31:875][  0]LogInit: Going up to parent DeviceProfile []
[2019.01.03-15.02.31:877][  0]LogInit: Computer: DESKTOP-HAL-02
[2019.01.03-15.02.31:879][  0]LogInit: User: ryem
[2019.01.03-15.02.31:882][  0]LogInit: CPU Page size=4096, Cores=4
[2019.01.03-15.02.31:882][  0]LogInit: High frequency timer resolution =3.124998 MHz
[2019.01.03-15.02.31:883][  0]LogMemory: Memory total: Physical=11.9GB (12GB approx)
[2019.01.03-15.02.31:883][  0]LogMemory: Platform Memory Stats for Windows
[2019.01.03-15.02.31:884][  0]LogMemory: Process Physical Memory: 101.29 MB used, 101.29 MB peak
[2019.01.03-15.02.31:884][  0]LogMemory: Process Virtual Memory: 84.14 MB used, 84.14 MB peak
[2019.01.03-15.02.31:884][  0]LogMemory: Physical Memory: 7955.28 MB used,  4193.25 MB free, 12148.53 MB total
[2019.01.03-15.02.31:884][  0]LogMemory: Virtual Memory: 4620.54 MB used,  4193.25 MB free, 134217728.00 MB total
[2019.01.03-15.02.32:154][  0]LogInit: Using OS detected language (en-GB).
[2019.01.03-15.02.32:154][  0]LogInit: Using OS detected locale (en-GB).
[2019.01.03-15.02.32:156][  0]LogTextLocalizationManager: No specific localization for 'en-GB' exists, so the 'en' localization will be used.
[2019.01.03-15.02.32:733][  0]LogStreaming: Display: Took  0.579s to InitEngineTextLocalization.
[2019.01.03-15.02.32:735][  0]LogInit: Setting process to per monitor DPI aware
[2019.01.03-15.02.32:859][  0]LogSlate: New Slate User Created.  User Index 0, Is Virtual User: 0
[2019.01.03-15.02.32:863][  0]LogSlate: Slate User Registered.  User Index 0, Is Virtual User: 0
[2019.01.03-15.02.35:997][  0]LogHMD: Failed to initialize OpenVR with code 110
[2019.01.03-15.02.35:997][  0]LogD3D11RHI: D3D11 adapters:
[2019.01.03-15.02.36:132][  0]LogD3D11RHI:    0. 'NVIDIA GeForce GTX 1060 6GB' (Feature Level 11_0)
[2019.01.03-15.02.36:134][  0]LogD3D11RHI:       6052/0/6074 MB DedicatedVideo/DedicatedSystem/SharedSystem, Outputs:1, VendorId:0x10de
[2019.01.03-15.02.36:202][  0]LogD3D11RHI:    1. 'Intel(R) HD Graphics 4600' (Feature Level 11_0)
[2019.01.03-15.02.36:202][  0]LogD3D11RHI:       112/0/2048 MB DedicatedVideo/DedicatedSystem/SharedSystem, Outputs:0, VendorId:0x8086
[2019.01.03-15.02.36:219][  0]LogD3D11RHI:    2. 'Microsoft Basic Render Driver' (Feature Level 11_0)
[2019.01.03-15.02.36:226][  0]LogD3D11RHI:       0/0/6074 MB DedicatedVideo/DedicatedSystem/SharedSystem, Outputs:0, VendorId:0x1414
[2019.01.03-15.02.36:226][  0]LogD3D11RHI: Chosen D3D11 Adapter: 0
[2019.01.03-15.02.36:240][  0]LogD3D11RHI: Creating new Direct3DDevice
[2019.01.03-15.02.36:240][  0]LogD3D11RHI:     GPU DeviceId: 0x1c03 (for the marketing name, search the web for "GPU Device Id")
[2019.01.03-15.02.36:240][  0]LogWindows: EnumDisplayDevices:
[2019.01.03-15.02.36:240][  0]LogWindows:    0. 'NVIDIA GeForce GTX 1060 6GB' (P:1 D:1)
[2019.01.03-15.02.36:242][  0]LogWindows:    1. 'NVIDIA GeForce GTX 1060 6GB' (P:0 D:0)
[2019.01.03-15.02.36:248][  0]LogWindows:    2. 'NVIDIA GeForce GTX 1060 6GB' (P:0 D:0)
[2019.01.03-15.02.36:254][  0]LogWindows:    3. 'NVIDIA GeForce GTX 1060 6GB' (P:0 D:0)
[2019.01.03-15.02.36:257][  0]LogWindows:    4. 'Intel(R) HD Graphics 4600' (P:0 D:0)
[2019.01.03-15.02.36:257][  0]LogWindows:    5. 'Intel(R) HD Graphics 4600' (P:0 D:0)
[2019.01.03-15.02.36:258][  0]LogWindows:    6. 'Intel(R) HD Graphics 4600' (P:0 D:0)
[2019.01.03-15.02.36:259][  0]LogWindows: DebugString: PrimaryIsNotTheChoosenAdapter PrimaryIsNotTheChoosenAdapter PrimaryIsNotTheChoosenAdapter FoundDriverCount:4 
[2019.01.03-15.02.36:264][  0]LogD3D11RHI:     Adapter Name: NVIDIA GeForce GTX 1060 6GB
[2019.01.03-15.02.36:264][  0]LogD3D11RHI:   Driver Version: 417.35 (internal:25.21.14.1735, unified:417.35)
[2019.01.03-15.02.36:264][  0]LogD3D11RHI:      Driver Date: 12-11-2018
[2019.01.03-15.02.36:265][  0]LogRHI: Texture pool is 4236 MB (70% of 6052 MB)
[2019.01.03-15.02.36:362][  0]LogD3D11RHI: Async texture creation enabled
[2019.01.03-15.02.36:400][  0]LogD3D11RHI: GPU Timing Frequency: 1000.000000 (Debug: 2 3)
[2019.01.03-15.02.36:453][  0]LogShaderCompilers: Guid format shader working directory is -15 characters bigger than the processId version (../../../../../../Users/ryem_/source/repos/TGP-Duos/TGP_Duos/Intermediate/Shaders/WorkingDirectory/11456/).
[2019.01.03-15.02.36:457][  0]LogShaderCompilers: Cleaned the shader compiler working directory 'C:/Users/ryem_/AppData/Local/Temp/UnrealShaderWorkingDir/958F2A484E0FF14485F2108DB91F3D0A/'.
[2019.01.03-15.02.36:991][  0]LogTemp: Display: Loaded TP AllDesktopTargetPlatform
[2019.01.03-15.02.37:015][  0]LogTemp: Display: Loaded TP MacClientTargetPlatform
[2019.01.03-15.02.37:044][  0]LogTemp: Display: Loaded TP MacNoEditorTargetPlatform
[2019.01.03-15.02.37:066][  0]LogTemp: Display: Loaded TP MacServerTargetPlatform
[2019.01.03-15.02.37:097][  0]LogTemp: Display: Loaded TP MacTargetPlatform
[2019.01.03-15.02.37:119][  0]LogTemp: Display: Loaded TP WindowsClientTargetPlatform
[2019.01.03-15.02.37:142][  0]LogTemp: Display: Loaded TP WindowsNoEditorTargetPlatform
[2019.01.03-15.02.37:164][  0]LogTemp: Display: Loaded TP WindowsServerTargetPlatform
[2019.01.03-15.02.37:181][  0]LogTemp: Display: Loaded TP WindowsTargetPlatform
[2019.01.03-15.02.37:295][  0]LogTemp: Display: Loaded TP AndroidTargetPlatform
[2019.01.03-15.02.37:297][  0]LogTemp: Display: Loaded TP AndroidTargetPlatform
[2019.01.03-15.02.37:297][  0]LogTemp: Display: Loaded TP AndroidTargetPlatform
[2019.01.03-15.02.37:297][  0]LogTemp: Display: Loaded TP AndroidTargetPlatform
[2019.01.03-15.02.37:297][  0]LogTemp: Display: Loaded TP AndroidTargetPlatform
[2019.01.03-15.02.37:297][  0]LogTemp: Display: Loaded TP AndroidTargetPlatform
[2019.01.03-15.02.37:297][  0]LogTemp: Display: Loaded TP AndroidTargetPlatform
[2019.01.03-15.02.37:297][  0]LogTemp: Display: Loaded TP AndroidTargetPlatform
[2019.01.03-15.02.37:297][  0]LogTemp: Display: Loaded TP AndroidTargetPlatform
[2019.01.03-15.02.37:297][  0]LogTemp: Display: Loaded TP AndroidTargetPlatform
[2019.01.03-15.02.37:297][  0]LogTemp: Display: Loaded TP AndroidTargetPlatform
[2019.01.03-15.02.37:297][  0]LogTemp: Display: Loaded TP AndroidTargetPlatform
[2019.01.03-15.02.37:297][  0]LogTemp: Display: Loaded TP AndroidTargetPlatform
[2019.01.03-15.02.37:297][  0]LogTemp: Display: Loaded TP AndroidTargetPlatform
[2019.01.03-15.02.37:297][  0]LogTemp: Display: Loaded TP AndroidTargetPlatform
[2019.01.03-15.02.37:297][  0]LogTemp: Display: Loaded TP AndroidTargetPlatform
[2019.01.03-15.02.37:297][  0]LogTemp: Display: Loaded TP AndroidTargetPlatform
[2019.01.03-15.02.37:298][  0]LogTemp: Display: Loaded TP AndroidTargetPlatform
[2019.01.03-15.02.37:306][  0]LogTemp: Display: Loaded TP HTML5TargetPlatform
[2019.01.03-15.02.37:410][  0]LogTemp: Display: Loaded TP IOSTargetPlatform
[2019.01.03-15.02.37:410][  0]LogTemp: Display: Loaded TP IOSTargetPlatform
[2019.01.03-15.02.37:445][  0]LogTemp: Display: Loaded TP TVOSTargetPlatform
[2019.01.03-15.02.37:446][  0]LogTemp: Display: Loaded TP TVOSTargetPlatform
[2019.01.03-15.02.37:467][  0]LogTemp: Display: Loaded TP LinuxClientTargetPlatform
[2019.01.03-15.02.37:487][  0]LogTemp: Display: Loaded TP LinuxNoEditorTargetPlatform
[2019.01.03-15.02.37:509][  0]LogTemp: Display: Loaded TP LinuxServerTargetPlatform
[2019.01.03-15.02.37:547][  0]LogTemp: Display: Loaded TP LinuxTargetPlatform
[2019.01.03-15.02.37:571][  0]LogTemp: Display: Loaded TP LuminTargetPlatform
[2019.01.03-15.02.37:574][  0]LogTargetPlatformManager: Display: Building Assets For Windows
[2019.01.03-15.02.37:764][  0]LogXGEController: Cannot use XGE Controller as Incredibuild is not installed on this machine.
[2019.01.03-15.02.37:764][  0]LogShaderCompilers: Cannot use XGE Shader Compiler as Incredibuild is not installed on this machine.
[2019.01.03-15.02.37:764][  0]LogShaderCompilers: Display: Using Local Shader Compiler.
[2019.01.03-15.02.40:534][  0]LogDerivedDataCache: Display: Max Cache Size: 512 MB
[2019.01.03-15.02.40:914][  0]LogDerivedDataCache: Loaded boot cache 0.38s 72MB C:/Users/ryem_/AppData/Local/UnrealEngine/4.20/DerivedDataCache/Boot.ddc.
[2019.01.03-15.02.40:916][  0]LogDerivedDataCache: Display: Loaded Boot cache: C:/Users/ryem_/AppData/Local/UnrealEngine/4.20/DerivedDataCache/Boot.ddc
[2019.01.03-15.02.40:916][  0]LogDerivedDataCache: FDerivedDataBackendGraph:  Pak pak cache file ../../../../../../Users/ryem_/source/repos/TGP-Duos/TGP_Duos/DerivedDataCache/DDC.ddp not found, will not use a pak cache.
[2019.01.03-15.02.40:917][  0]LogDerivedDataCache: Unable to find inner node Pak for hierarchical cache Hierarchy.
[2019.01.03-15.02.40:918][  0]LogDerivedDataCache: FDerivedDataBackendGraph:  CompressedPak pak cache file ../../../../../../Users/ryem_/source/repos/TGP-Duos/TGP_Duos/DerivedDataCache/Compressed.ddp not found, will not use a pak cache.
[2019.01.03-15.02.40:919][  0]LogDerivedDataCache: Unable to find inner node CompressedPak for hierarchical cache Hierarchy.
[2019.01.03-15.02.40:937][  0]LogDerivedDataCache: Display: Pak cache opened for reading ../../../Engine/DerivedDataCache/Compressed.ddp.
[2019.01.03-15.02.40:954][  0]LogDerivedDataCache: Using Local data cache path C:/Users/ryem_/AppData/Local/UnrealEngine/Common/DerivedDataCache: Writable
[2019.01.03-15.02.40:954][  0]LogDerivedDataCache: Shared data cache path not found in *engine.ini, will not use an Shared cache.
[2019.01.03-15.02.40:954][  0]LogDerivedDataCache: Unable to find inner node Shared for hierarchical cache Hierarchy.
[2019.01.03-15.02.40:980][  0]LogMaterial: Verifying Global Shaders for PCD3D_SM5
[2019.01.03-15.02.40:982][  0]LogSlate: Using FreeType 2.6.0
[2019.01.03-15.02.41:003][  0]LogSlate: SlateFontServices - WITH_FREETYPE: 1, WITH_HARFBUZZ: 1
[2019.01.03-15.02.41:437][  0]LogAssetRegistry: FAssetRegistry took 0.0378 seconds to start up
[2019.01.03-15.02.41:867][  0]LogInit: Selected Device Profile: [Windows]
[2019.01.03-15.02.41:986][  0]LogSimplygon: Simplygon DLL not present - disabling.
[2019.01.03-15.02.42:010][  0]LogMeshReduction: Using SimplygonSwarm for distributed automatic mesh merging
[2019.01.03-15.02.42:010][  0]LogMeshReduction: Using ProxyLODMeshReduction for automatic mesh merging
[2019.01.03-15.02.42:010][  0]LogMeshReduction: Using QuadricMeshReduction for automatic static mesh reduction
[2019.01.03-15.02.42:010][  0]LogMeshReduction: No automatic skeletal mesh reduction module available
[2019.01.03-15.02.42:145][  0]LogNetVersion: TGP_Duos 1.0.0, NetCL: 4212847, EngineNetVer: 5, GameNetVer: 0 (Checksum: 2163957344)
[2019.01.03-15.02.43:034][  0]LogPackageLocalizationCache: Processed 11 localized package path(s) for 2 prioritized culture(s) in 0.187403 seconds
[2019.01.03-15.02.43:044][  0]LogUObjectArray: 38425 objects as part of root set at end of initial load.
[2019.01.03-15.02.43:045][  0]LogUObjectAllocator: 6690864 out of 0 bytes used by permanent object pool.
[2019.01.03-15.02.43:045][  0]LogUObjectArray: CloseDisregardForGC: 0/0 objects in disregard for GC pool
[2019.01.03-15.02.47:639][  0]LogTcpMessaging: Initializing TcpMessaging bridge
[2019.01.03-15.02.47:656][  0]LogUdpMessaging: Initializing bridge on interface 0.0.0.0:0 to multicast group 230.0.0.1:6666.
[2019.01.03-15.02.48:147][  0]SourceControl: Source control is disabled
[2019.01.03-15.02.48:147][  0]SourceControl: Source control is disabled
[2019.01.03-15.02.48:152][  0]SourceControl: Source control is disabled
[2019.01.03-15.02.48:156][  0]SourceControl: Source control is disabled
[2019.01.03-15.02.48:440][  0]LogAndroidPermission: UAndroidPermissionCallbackProxy::GetInstance
[2019.01.03-15.02.48:748][  0]LogOcInput: OculusInput pre-init called
[2019.01.03-15.02.48:832][  0]LogEngine: Initializing Engine...
[2019.01.03-15.02.48:833][  0]LogHMD: Failed to initialize OpenVR with code 110
[2019.01.03-15.02.48:834][  0]LogStats: UGameplayTagsManager::ConstructGameplayTagTree: ImportINI prefixes -  0.000 s
[2019.01.03-15.02.48:835][  0]LogStats: UGameplayTagsManager::ConstructGameplayTagTree: Construct from data asset -  0.000 s
[2019.01.03-15.02.48:835][  0]LogStats: UGameplayTagsManager::ConstructGameplayTagTree: ImportINI -  0.000 s
[2019.01.03-15.02.48:835][  0]LogStats: UGameplayTagsManager::ConstructGameplayTagTree: GameplayTagTreeChangedEvent.Broadcast -  0.000 s
[2019.01.03-15.02.49:076][  0]LogInit: Initializing FReadOnlyCVARCache
[2019.01.03-15.02.49:102][  0]LogAIModule: Creating AISystem for world Untitled
[2019.01.03-15.02.49:304][  0]LogInit: XAudio2 using 'Speakers (3- Logitech G430 Gaming Headset)' : 6 channels at 48 kHz using 16 bits per sample (channel mask 0x3f)
[2019.01.03-15.02.49:359][  0]LogInit: FAudioDevice initialized.
[2019.01.03-15.02.49:359][  0]LogNetVersion: Set ProjectVersion to 1.0.0.0. Version Checksum will be recalculated on next use.
[2019.01.03-15.02.49:443][  0]LogDerivedDataCache: Saved boot cache 0.08s 72MB C:/Users/ryem_/AppData/Local/UnrealEngine/4.20/DerivedDataCache/Boot.ddc.
[2019.01.03-15.02.49:447][  0]LogInit: Texture streaming: Enabled
[2019.01.03-15.02.49:486][  0]LogEngineSessionManager: EngineSessionManager initialized
[2019.01.03-15.02.49:508][  0]LogInit: Transaction tracking system initialized
[2019.01.03-15.02.49:567][  0]BlueprintLog: New page: Editor Load
[2019.01.03-15.02.49:798][  0]LocalizationService: Localization service is disabled
[2019.01.03-15.02.50:190][  0]LogCook: Display: Max memory allowance for cook 16384mb min free memory 0mb
[2019.01.03-15.02.50:190][  0]LogCook: Display: Mobile HDR setting 1
[2019.01.03-15.02.50:191][  0]LogGameplayTags: Display: UGameplayTagsManager::DoneAddingNativeTags. DelegateIsBound: 0
[2019.01.03-15.02.50:191][  0]LogStats: UGameplayTagsManager::ConstructGameplayTagTree: ImportINI prefixes -  0.000 s
[2019.01.03-15.02.50:191][  0]LogStats: UGameplayTagsManager::ConstructGameplayTagTree: Construct from data asset -  0.000 s
[2019.01.03-15.02.50:191][  0]LogStats: UGameplayTagsManager::ConstructGameplayTagTree: ImportINI -  0.000 s
[2019.01.03-15.02.50:191][  0]LogStats: UGameplayTagsManager::ConstructGameplayTagTree: GameplayTagTreeChangedEvent.Broadcast -  0.000 s
[2019.01.03-15.02.50:496][  0]LogFileCache: Scanning file cache for directory 'C:/Users/ryem_/source/repos/TGP-Duos/TGP_Duos/Content/' took 0.03s
[2019.01.03-15.02.50:496][  0]SourceControl: Source control is disabled
[2019.01.03-15.02.50:496][  0]Cmd: MAP LOAD FILE="../../../../../../Users/ryem_/source/repos/TGP-Duos/TGP_Duos/Content/FirstPersonCPP/Maps/FirstPersonExampleMap.umap" TEMPLATE=0 SHOWPROGRESS=1 FEATURELEVEL=3
[2019.01.03-15.02.50:497][  0]LightingResults: New page: Lighting Build
[2019.01.03-15.02.50:502][  0]MapCheck: New page: Map Check
[2019.01.03-15.02.50:502][  0]LightingResults: New page: Lighting Build
[2019.01.03-15.02.50:795][  0]LogAIModule: Creating AISystem for world FirstPersonExampleMap
[2019.01.03-15.02.50:807][  0]LogEditorServer: Finished looking for orphan Actors (0.000 secs)
[2019.01.03-15.02.50:835][  0]Cmd: MAP CHECKDEP NOCLEARLOG
[2019.01.03-15.02.50:958][  0]MapCheck: Map check complete: 0 Error(s), 0 Warning(s), took 122.889ms to complete.
[2019.01.03-15.02.50:958][  0]LogFileHelpers: Loading map 'FirstPersonExampleMap' took 0.462
[2019.01.03-15.02.51:110][  0]LogSlate: Updating window title bar state: overlay mode, drag disabled, window buttons hidden, title bar hidden
[2019.01.03-15.02.51:118][  0]LogSlate: Updating window title bar state: overlay mode, drag disabled, window buttons hidden, title bar hidden
[2019.01.03-15.02.51:129][  0]LogSlate: Updating window title bar state: overlay mode, drag disabled, window buttons hidden, title bar hidden
[2019.01.03-15.02.51:137][  0]LogSlate: Updating window title bar state: overlay mode, drag disabled, window buttons hidden, title bar hidden
[2019.01.03-15.02.51:155][  0]LogCollectionManager: Loaded 0 collections in 0.003939 seconds
[2019.01.03-15.02.51:203][  0]LogFileCache: Scanning file cache for directory 'C:/Users/ryem_/source/repos/TGP-Duos/TGP_Duos/Saved/Collections/' took 0.01s
[2019.01.03-15.02.51:203][  0]LogFileCache: Scanning file cache for directory 'C:/Users/ryem_/source/repos/TGP-Duos/TGP_Duos/Content/Developers/ryem/Collections/' took 0.01s
[2019.01.03-15.02.51:203][  0]LogFileCache: Scanning file cache for directory 'C:/Users/ryem_/source/repos/TGP-Duos/TGP_Duos/Content/Collections/' took 0.01s
[2019.01.03-15.02.51:203][  0]LogCollectionManager: Rebuilt the GUID cache for 0 collections in 0.000000 seconds
[2019.01.03-15.02.51:214][  0]LogContentBrowser: Native class hierarchy populated in 0.0109 seconds. Added 2578 classes and 606 folders.
[2019.01.03-15.02.51:226][  0]LogContentBrowser: Native class hierarchy updated for 'WidgetCarousel' in 0.0006 seconds. Added 0 classes and 0 folders.
[2019.01.03-15.02.51:697][  0]LogContentBrowser: Native class hierarchy updated for 'AddContentDialog' in 0.0006 seconds. Added 0 classes and 0 folders.
[2019.01.03-15.02.51:709][  0]LogContentBrowser: Native class hierarchy updated for 'SceneOutliner' in 0.0006 seconds. Added 1 classes and 2 folders.
[2019.01.03-15.02.51:742][  0]LogSlate: Took 0.009938 seconds to synchronously load lazily loaded font '../../../Engine/Content/Slate/Fonts/Roboto-Regular.ttf' (155K)
[2019.01.03-15.02.51:749][  0]LogSlate: Took 0.005873 seconds to synchronously load lazily loaded font '../../../Engine/Content/Slate/Fonts/Roboto-Bold.ttf' (160K)
[2019.01.03-15.02.51:762][  0]LogSlate: Took 0.006614 seconds to synchronously load lazily loaded font '../../../Engine/Content/Editor/Slate/Fonts/FontAwesome.ttf' (139K)
[2019.01.03-15.02.51:854][  0]LogRenderer: Reallocating scene render targets to support 1616x580 Format 10 NumSamples 1 (Frame:1).
[2019.01.03-15.02.52:149][  0]LogContentBrowser: Native class hierarchy updated for 'HierarchicalLODOutliner' in 0.0006 seconds. Added 0 classes and 0 folders.
[2019.01.03-15.02.52:149][  0]LogLoad: (Engine Initialization) Total time: 24.05 seconds
[2019.01.03-15.02.52:149][  0]LogLoad: (Engine Initialization) Total Blueprint compile time: 0.00 seconds
[2019.01.03-15.02.52:159][  0]LogWindowsTextInputMethodSystem: Display: IME system now deactivated.
[2019.01.03-15.02.52:180][  0]LogContentStreaming: Texture pool size now 1000 MB
[2019.01.03-15.02.52:218][  0]LogSlate: Took 0.000211 seconds to synchronously load lazily loaded font '../../../Engine/Content/Slate/Fonts/Roboto-Light.ttf' (167K)
[2019.01.03-15.02.52:232][  1]LogAssetRegistry: Asset discovery search completed in 10.8251 seconds
[2019.01.03-15.02.52:235][  1]LogCollectionManager: Rebuilt the object cache for 0 collections in 0.000000 seconds (found 0 objects)
[2019.01.03-15.02.52:235][  1]LogCollectionManager: Fixed up redirectors for 0 collections in 0.000564 seconds (updated 0 objects)
[2019.01.03-15.02.53:188][101]LogSlate: Took 0.000219 seconds to synchronously load lazily loaded font '../../../Engine/Content/Slate/Fonts/Roboto-Light.ttf' (167K)
[2019.01.03-15.04.47:309][321]LogSlate: FSceneViewport::OnFocusLost() reason 0
[2019.01.03-15.04.47:512][332]LogAssetEditorManager: Opening Asset editor for Blueprint /Game/FirstPersonCPP/Blueprints/FirstPersonCharacter.FirstPersonCharacter
[2019.01.03-15.04.48:005][332]LogContentBrowser: Native class hierarchy updated for 'BlueprintGraph' in 0.0009 seconds. Added 116 classes and 0 folders.
[2019.01.03-15.04.54:583][332]LogOutputDevice: Error: Ensure condition failed: false [File:D:\Build\++UE4\Sync\Engine\Source\Runtime\Engine\Private\Components\SceneComponent.cpp] [Line: 1826] 
Template Mismatch during attachment. Attaching template component to instanced component. Parent 'CharacterMesh1P' (Owner 'FirstPersonCharacter_C_0') Self 'Weapon Body' (Owner 'Default__Base_Weapon_BP_C').

[2019.01.03-15.04.54:584][332]LogStats:             FDebug::EnsureFailed -  0.000 s
[2019.01.03-15.05.20:326][872]LogSlate: Window 'FirstPersonCharacter' being destroyed
[2019.01.03-15.05.20:398][872]LogAssetEditorManager: Opening Asset editor for Blueprint /Game/FirstPersonCPP/Blueprints/FirstPersonCharacter.FirstPersonCharacter
[2019.01.03-15.05.23:574][872]LogSlate: Took 0.000314 seconds to synchronously load lazily loaded font '../../../Engine/Content/Slate/Fonts/Roboto-BoldCondensed.ttf' (158K)
[2019.01.03-15.05.30:640][387]BlueprintLog: New page: Compile FirstPersonCharacter
[2019.01.03-15.05.34:033][387]LogSavePackage: Moving '../../../../../../Users/ryem_/source/repos/TGP-Duos/TGP_Duos/Saved/FirstPersonCharacterAF2549644CEEE3AF68A90080CE0ED655.tmp' to '../../../../../../Users/ryem_/source/repos/TGP-Duos/TGP_Duos/Content/FirstPersonCPP/Blueprints/FirstPersonCharacter.uasset'
[2019.01.03-15.05.36:636][554]LogSlate: Window 'FirstPersonCharacter' being destroyed
[2019.01.03-15.05.36:645][554]LogSlate: Window 'FirstPersonCharacter' being destroyed
[2019.01.03-15.05.40:546][975]LogAIModule: Creating AISystem for world Hal_Test_Level
[2019.01.03-15.05.40:555][975]LogAssetEditorManager: Opening Asset editor for World /Game/Maps/Hal_Test_Level.Hal_Test_Level
[2019.01.03-15.05.42:353][975]LogSlate: Window 'Save Content' being destroyed
[2019.01.03-15.05.42:759][975]LogSavePackage: Moving '../../../../../../Users/ryem_/source/repos/TGP-Duos/TGP_Duos/Saved/FirstPersonExampleMap174C07AE46BA5479BA65CFB4390FF073.tmp' to '../../../../../../Users/ryem_/source/repos/TGP-Duos/TGP_Duos/Content/FirstPersonCPP/Maps/FirstPersonExampleMap.umap'
[2019.01.03-15.05.42:806][975]LogFileHelpers: Saving map 'FirstPersonExampleMap' took 0.441
[2019.01.03-15.05.42:808][975]Cmd: MAP LOAD FILE="../../../../../../Users/ryem_/source/repos/TGP-Duos/TGP_Duos/Content/Maps/Hal_Test_Level.umap" TEMPLATE=0 SHOWPROGRESS=1 FEATURELEVEL=3
[2019.01.03-15.05.42:808][975]LightingResults: New page: Lighting Build
[2019.01.03-15.05.42:809][975]LoadErrors: New page: Loading map: Hal_Test_Level.umap
[2019.01.03-15.05.42:810][975]MapCheck: New page: Map Check
[2019.01.03-15.05.42:810][975]LightingResults: New page: Lighting Build
[2019.01.03-15.05.42:844][975]LogEditorServer: Finished looking for orphan Actors (0.000 secs)
[2019.01.03-15.05.42:912][975]Cmd: MAP CHECKDEP NOCLEARLOG
[2019.01.03-15.05.43:068][975]MapCheck: Map check complete: 0 Error(s), 0 Warning(s), took 155.476ms to complete.
[2019.01.03-15.05.43:068][975]LogFileHelpers: Loading map 'Hal_Test_Level' took 0.262
[2019.01.03-15.05.45:267][217]LogTemp: Repeating last play command: Selected Viewport
[2019.01.03-15.05.45:342][217]LogPlayLevel: PlayLevel: No blueprints needed recompiling
[2019.01.03-15.05.45:463][217]PIE: New page: PIE session: Hal_Test_Level (3 Jan 2019 15:05:45)
[2019.01.03-15.05.45:466][217]LogPlayLevel: Creating play world package: /Game/Maps/UEDPIE_0_Hal_Test_Level
[2019.01.03-15.05.45:483][217]LogPlayLevel: PIE: StaticDuplicateObject took: (0.017584s)
[2019.01.03-15.05.45:484][217]LogAIModule: Creating AISystem for world Hal_Test_Level
[2019.01.03-15.05.45:487][217]LogPlayLevel: PIE: World Init took: (0.003512s)
[2019.01.03-15.05.45:487][217]LogPlayLevel: PIE: Created PIE world by copying editor world from /Game/Maps/Hal_Test_Level.Hal_Test_Level to /Game/Maps/UEDPIE_0_Hal_Test_Level.Hal_Test_Level (0.021626s)
[2019.01.03-15.05.45:610][217]LogInit: XAudio2 using 'Speakers (3- Logitech G430 Gaming Headset)' : 6 channels at 48 kHz using 16 bits per sample (channel mask 0x3f)
[2019.01.03-15.05.45:699][217]LogInit: FAudioDevice initialized.
[2019.01.03-15.05.45:823][217]LogLoad: Game class is 'TGP_DuosGameMode'
[2019.01.03-15.05.45:907][217]LogWorld: Bringing World /Game/Maps/UEDPIE_0_Hal_Test_Level.Hal_Test_Level up for play (max tick rate 0) at 2019.01.03-15.05.45
[2019.01.03-15.05.45:924][217]LogWorld: Bringing up level for play took: 0.017203
[2019.01.03-15.05.46:058][217]LogContentBrowser: Native class hierarchy updated for 'MovieSceneCapture' in 0.0008 seconds. Added 10 classes and 0 folders.
[2019.01.03-15.05.48:336][217]PIE: Play in editor start time for /Game/Maps/UEDPIE_0_Hal_Test_Level 2.286
[2019.01.03-15.05.48:380][218]LogCharacterMovement: Warning: GetSimulationTimeStep() - Max iterations 8 hit while remaining time 0.065103 > MaxSimulationTimeStep (0.050) for 'FirstPersonCharacter_C_0', movement 'Walking'
[2019.01.03-15.06.22:455][ 26]LogSlate: Updating window title bar state: overlay mode, drag disabled, window buttons hidden, title bar hidden
[2019.01.03-15.06.22:494][ 26]LogPlayLevel: Display: Shutting down PIE online subsystems
[2019.01.03-15.06.22:526][ 26]LogSlate: Updating window title bar state: overlay mode, drag disabled, window buttons hidden, title bar hidden
[2019.01.03-15.06.22:555][ 28]LogPlayLevel: Display: Destroying online subsystem :Context_6
[2019.01.03-15.08.07:685][541]LogSlate: FSceneViewport::OnFocusLost() reason 0
[2019.01.03-15.08.07:792][549]Candidate modules for hot reload:
[2019.01.03-15.08.07:792][549]  TGP_Duos
[2019.01.03-15.08.07:792][549]Launching UnrealBuildTool... [C:/Program Files/Epic Games/UE_4.20/Engine/Binaries/DotNET/UnrealBuildTool.exe  -ModuleWithSuffix=TGP_Duos,6530 Win64 Development -TargetType=Editor -Project="../../../../../../Users/ryem_/source/repos/TGP-Duos/TGP_Duos/TGP_Duos.uproject" -canskiplink "C:/Users/ryem_/source/repos/TGP-Duos/TGP_Duos/TGP_Duos.uproject" ]
[2019.01.03-15.08.07:795][549]Warning: Starting HotReload took  0.0s.
[2019.01.03-15.09.49:338][525]CompilerResultsLog: New page: Compilation - 3 Jan 2019 15:09:49
[2019.01.03-15.09.49:339][525]CompilerResultsLog: Using 'git status' to determine working set for adaptive non-unity build.
[2019.01.03-15.09.49:339][525]CompilerResultsLog: Creating makefile for hot reloading TGP_DuosEditor (modules to compile have changed)
[2019.01.03-15.09.49:339][525]CompilerResultsLog: Compiling game modules for hot reload
[2019.01.03-15.09.49:339][525]CompilerResultsLog: Using Visual Studio 2017 14.16.27023 toolchain (C:\Program Files (x86)\Microsoft Visual Studio\2017\Community\VC\Tools\MSVC\14.16.27023) and Windows 10.0.17763.0 SDK (C:\Program Files (x86)\Windows Kits\10).
[2019.01.03-15.09.49:339][525]CompilerResultsLog: Building 3 actions with 4 processes...
[2019.01.03-15.09.49:340][525]CompilerResultsLog:   [1/3] Base_Weapon.cpp
[2019.01.03-15.09.49:340][525]CompilerResultsLog:   C:\Users\ryem_\source\repos\TGP-Duos\TGP_Duos\Source\TGP_Duos\Private\Base_Weapon.cpp(43): warning C4996: 'UEngine::GetWorldFromContextObject': GetWorldFromContextObject(Object) and GetWorldFromContextObject(Object, boolean) are replaced by GetWorldFromContextObject(Object, Enum) or GetWorldFromContextObjectChecked(Object) Please update your code to the new API before upgrading to the next release, otherwise your project will no longer compile.
[2019.01.03-15.09.49:341][525]CompilerResultsLog:   C:\Program Files\Epic Games\UE_4.20\Engine\Source\Runtime\Engine\Classes\Engine/Engine.h(2406): note: see declaration of 'UEngine::GetWorldFromContextObject'
[2019.01.03-15.09.49:341][525]CompilerResultsLog:   [2/3] UE4Editor-TGP_Duos-6530.lib
[2019.01.03-15.09.49:341][525]CompilerResultsLog:      Creating library C:\Users\ryem_\source\repos\TGP-Duos\TGP_Duos\Intermediate\Build\Win64\UE4Editor\Development\TGP_Duos\UE4Editor-TGP_Duos-6530.lib and object C:\Users\ryem_\source\repos\TGP-Duos\TGP_Duos\Intermediate\Build\Win64\UE4Editor\Development\TGP_Duos\UE4Editor-TGP_Duos-6530.exp
[2019.01.03-15.09.49:341][525]CompilerResultsLog:   [3/3] UE4Editor-TGP_Duos-6530.dll
[2019.01.03-15.09.49:342][525]CompilerResultsLog:      Creating library C:\Users\ryem_\source\repos\TGP-Duos\TGP_Duos\Intermediate\Build\Win64\UE4Editor\Development\TGP_Duos\UE4Editor-TGP_Duos-6530.suppressed.lib and object C:\Users\ryem_\source\repos\TGP-Duos\TGP_Duos\Intermediate\Build\Win64\UE4Editor\Development\TGP_Duos\UE4Editor-TGP_Duos-6530.suppressed.exp
[2019.01.03-15.09.49:342][525]CompilerResultsLog: Total build time: 100.94 seconds (Parallel executor: 48.38 seconds)
[2019.01.03-15.09.49:342][525]LogMainFrame: MainFrame: Module compiling took 101.557 seconds
[2019.01.03-15.09.49:420][525]LogContentBrowser: Native class hierarchy updated for 'TGP_Duos' in 0.0006 seconds. Added 6 classes and 3 folders.
[2019.01.03-15.09.49:424][525]Display: HotReload successful (1 functions remapped  0 scriptstructs remapped)
[2019.01.03-15.09.49:835][525]LogContentBrowser: Native class hierarchy populated in 0.0105 seconds. Added 2579 classes and 608 folders.
[2019.01.03-15.09.49:839][525]Display: HotReload took 102.1s.
[2019.01.03-15.09.53:272][928]LogTemp: Repeating last play command: Selected Viewport
[2019.01.03-15.09.53:293][928]LogPlayLevel: PlayLevel: No blueprints needed recompiling
[2019.01.03-15.09.53:293][928]PIE: New page: PIE session: Hal_Test_Level (3 Jan 2019 15:09:53)
[2019.01.03-15.09.53:293][928]LogPlayLevel: Creating play world package: /Game/Maps/UEDPIE_0_Hal_Test_Level
[2019.01.03-15.09.53:295][928]LogPlayLevel: PIE: StaticDuplicateObject took: (0.001230s)
[2019.01.03-15.09.53:296][928]LogAIModule: Creating AISystem for world Hal_Test_Level
[2019.01.03-15.09.53:297][928]LogPlayLevel: PIE: World Init took: (0.001859s)
[2019.01.03-15.09.53:297][928]LogPlayLevel: PIE: Created PIE world by copying editor world from /Game/Maps/Hal_Test_Level.Hal_Test_Level to /Game/Maps/UEDPIE_0_Hal_Test_Level.Hal_Test_Level (0.003542s)
[2019.01.03-15.09.53:429][928]LogInit: XAudio2 using 'Speakers (3- Logitech G430 Gaming Headset)' : 6 channels at 48 kHz using 16 bits per sample (channel mask 0x3f)
[2019.01.03-15.09.53:461][928]LogInit: FAudioDevice initialized.
[2019.01.03-15.09.53:499][928]LogLoad: Game class is 'TGP_DuosGameMode'
[2019.01.03-15.09.53:500][928]LogWorld: Bringing World /Game/Maps/UEDPIE_0_Hal_Test_Level.Hal_Test_Level up for play (max tick rate 0) at 2019.01.03-15.09.53
[2019.01.03-15.09.53:501][928]LogWorld: Bringing up level for play took: 0.000861
[2019.01.03-15.10.11:371][928]PIE: Play in editor start time for /Game/Maps/UEDPIE_0_Hal_Test_Level 17.32
[2019.01.03-15.10.11:394][929]LogCharacterMovement: Warning: GetSimulationTimeStep() - Max iterations 8 hit while remaining time 0.065103 > MaxSimulationTimeStep (0.050) for 'FirstPersonCharacter_C_0', movement 'Walking'
[2019.01.03-15.10.13:129][ 20]LogScript: Warning: Script Msg: No world was found for object (/Game/Weapons/Base_Weapon_BP.Default__Base_Weapon_BP_C:Weapon Body) passed in to UEngine::GetWorldFromContextObject().
[2019.01.03-15.10.13:512][ 66]LogScript: Warning: Script Msg: No world was found for object (/Game/Weapons/Base_Weapon_BP.Default__Base_Weapon_BP_C:Weapon Body) passed in to UEngine::GetWorldFromContextObject().
[2019.01.03-15.10.13:706][ 89]LogScript: Warning: Script Msg: No world was found for object (/Game/Weapons/Base_Weapon_BP.Default__Base_Weapon_BP_C:Weapon Body) passed in to UEngine::GetWorldFromContextObject().
[2019.01.03-15.10.13:881][108]LogScript: Warning: Script Msg: No world was found for object (/Game/Weapons/Base_Weapon_BP.Default__Base_Weapon_BP_C:Weapon Body) passed in to UEngine::GetWorldFromContextObject().
[2019.01.03-15.10.14:055][129]LogScript: Warning: Script Msg: No world was found for object (/Game/Weapons/Base_Weapon_BP.Default__Base_Weapon_BP_C:Weapon Body) passed in to UEngine::GetWorldFromContextObject().
[2019.01.03-15.10.14:238][150]LogScript: Warning: Script Msg: No world was found for object (/Game/Weapons/Base_Weapon_BP.Default__Base_Weapon_BP_C:Weapon Body) passed in to UEngine::GetWorldFromContextObject().
[2019.01.03-15.10.15:751][330]LogSlate: Updating window title bar state: overlay mode, drag disabled, window buttons hidden, title bar hidden
[2019.01.03-15.10.15:790][330]LogPlayLevel: Display: Shutting down PIE online subsystems
[2019.01.03-15.10.15:827][330]LogSlate: Updating window title bar state: overlay mode, drag disabled, window buttons hidden, title bar hidden
[2019.01.03-15.10.15:862][331]LogPlayLevel: Display: Destroying online subsystem :Context_7
