Log file open, 01/05/19 02:35:13
LogWindows: Failed to load 'aqProf.dll' (GetLastError=126)
LogWindows: File 'aqProf.dll' does not exist
LogWindows: Failed to load 'VSPerf140.dll' (GetLastError=126)
LogWindows: File 'VSPerf140.dll' does not exist
LogWindows: Failed to load 'VtuneApi.dll' (GetLastError=126)
LogWindows: File 'VtuneApi.dll' does not exist
LogWindows: Failed to load 'VtuneApi32e.dll' (GetLastError=126)
LogWindows: File 'VtuneApi32e.dll' does not exist
LogInit: Display: Running engine for game: TGP_Duos
LogPlatformFile: Not using cached read wrapper
LogTaskGraph: Started task graph with 5 named threads and 14 total threads with 3 sets of task threads.
LogStats: Stats thread started at 0.393168
LogD3D11RHI: Loaded GFSDK_Aftermath_Lib.x64.dll
LogICUInternationalization: Display: ICU TimeZone Detection - Raw Offset: +0:00, Platform Override: ''
LogPluginManager: Mounting plugin Paper2D
LogPluginManager: Mounting plugin AISupport
LogPluginManager: Mounting plugin LightPropagationVolume
LogPluginManager: Mounting plugin CLionSourceCodeAccess
LogPluginManager: Mounting plugin CodeLiteSourceCodeAccess
LogPluginManager: Mounting plugin GitSourceControl
LogPluginManager: Mounting plugin KDevelopSourceCodeAccess
LogPluginManager: Mounting plugin NullSourceCodeAccess
LogPluginManager: Mounting plugin PerforceSourceControl
LogPluginManager: Mounting plugin SubversionSourceControl
LogPluginManager: Mounting plugin UObjectPlugin
LogPluginManager: Mounting plugin VisualStudioCodeSourceCodeAccess
LogPluginManager: Mounting plugin VisualStudioSourceCodeAccess
LogPluginManager: Mounting plugin XCodeSourceCodeAccess
LogPluginManager: Mounting plugin AssetManagerEditor
LogPluginManager: Mounting plugin CryptoKeys
LogPluginManager: Mounting plugin DataValidation
LogPluginManager: Mounting plugin FacialAnimation
LogPluginManager: Mounting plugin GameplayTagsEditor
LogPluginManager: Mounting plugin MacGraphicsSwitching
LogPluginManager: Mounting plugin MeshEditor
LogPluginManager: Mounting plugin MobileLauncherProfileWizard
LogPluginManager: Mounting plugin PluginBrowser
LogPluginManager: Mounting plugin SpeedTreeImporter
LogPluginManager: Mounting plugin DatasmithContent
LogPluginManager: Mounting plugin AlembicImporter
LogPluginManager: Mounting plugin AppleImageUtils
LogPluginManager: Mounting plugin AppleVision
LogPluginManager: Mounting plugin BackChannel
LogPluginManager: Mounting plugin CharacterAI
LogPluginManager: Mounting plugin GeometryCache
LogPluginManager: Mounting plugin HTML5Networking
LogPluginManager: Mounting plugin ProxyLODPlugin
LogPluginManager: Mounting plugin MagicLeap
LogPluginManager: Mounting plugin MagicLeapEmulator
LogPluginManager: Mounting plugin MagicLeapMedia
LogPluginManager: Mounting plugin AndroidMedia
LogPluginManager: Mounting plugin AvfMedia
LogPluginManager: Mounting plugin ImgMedia
LogPluginManager: Mounting plugin LinearTimecode
LogPluginManager: Mounting plugin MediaCompositing
LogPluginManager: Mounting plugin MediaPlayerEditor
LogPluginManager: Mounting plugin WmfMedia
LogPluginManager: Mounting plugin TcpMessaging
LogPluginManager: Mounting plugin UdpMessaging
LogPluginManager: Mounting plugin ActorSequence
LogPluginManager: Mounting plugin LevelSequenceEditor
LogPluginManager: Mounting plugin MatineeToLevelSequence
LogPluginManager: Mounting plugin NetcodeUnitTest
LogPluginManager: Mounting plugin NUTUnrealEngine4
LogPluginManager: Mounting plugin OnlineSubsystemGooglePlay
LogPluginManager: Mounting plugin OnlineSubsystemIOS
LogPluginManager: Mounting plugin OnlineSubsystem
LogPluginManager: Mounting plugin OnlineSubsystemNull
LogPluginManager: Mounting plugin OnlineSubsystemUtils
LogPluginManager: Mounting plugin LauncherChunkInstaller
LogPluginManager: Mounting plugin AndroidDeviceProfileSelector
LogPluginManager: Mounting plugin AndroidMoviePlayer
LogPluginManager: Mounting plugin AndroidPermission
LogPluginManager: Mounting plugin AppleMoviePlayer
LogPluginManager: Mounting plugin ArchVisCharacter
LogPluginManager: Mounting plugin AudioCapture
LogPluginManager: Mounting plugin CableComponent
LogPluginManager: Mounting plugin CustomMeshComponent
LogPluginManager: Mounting plugin EditableMesh
LogPluginManager: Mounting plugin ExampleDeviceProfileSelector
LogPluginManager: Mounting plugin GoogleCloudMessaging
LogPluginManager: Mounting plugin ImmediatePhysics
LogPluginManager: Mounting plugin IOSDeviceProfileSelector
LogPluginManager: Mounting plugin LinuxDeviceProfileSelector
LogPluginManager: Mounting plugin LocationServicesBPLibrary
LogPluginManager: Mounting plugin MobilePatchingUtils
LogPluginManager: Mounting plugin OculusVR
LogPluginManager: Plugin shader directory ../../../Engine/Plugins/Runtime/Oculus/OculusVR/Shaders found
LogPluginManager: Mapping shader source directory ../../../Engine/Plugins/Runtime/Oculus/OculusVR/Shaders to virtual directory /Plugin/OculusVR
LogPluginManager: Mounting plugin PhysXVehicles
LogPluginManager: Mounting plugin ProceduralMeshComponent
LogPluginManager: Mounting plugin RuntimePhysXCooking
LogPluginManager: Mounting plugin SteamVR
LogPluginManager: Mounting plugin WindowsMoviePlayer
LogStreaming: Display: Took  0.166s to configure plugins.
LogInit: Using libcurl 7.55.1-DEV
LogInit:  - built for x86_64-pc-win32
LogInit:  - supports SSL with OpenSSL/1.0.2h
LogInit:  - supports HTTP deflate (compression) using libz 1.2.8
LogInit:  - other features:
LogInit:      CURL_VERSION_SSL
LogInit:      CURL_VERSION_LIBZ
LogInit:      CURL_VERSION_IPV6
LogInit:      CURL_VERSION_ASYNCHDNS
LogInit:      CURL_VERSION_LARGEFILE
LogInit:      CURL_VERSION_IDN
LogInit:  CurlRequestOptions (configurable via config and command line):
LogInit:  - bVerifyPeer = false  - Libcurl will NOT verify peer certificate
LogInit:  - bUseHttpProxy = false  - Libcurl will NOT use HTTP proxy
LogInit:  - bDontReuseConnections = false  - Libcurl will reuse connections
LogInit:  - CertBundlePath = nullptr  - Libcurl will use whatever was configured at build time.
LogInit:  - MaxHostConnections = 16  - Libcurl will limit the number of connections to a host
LogInit:  - LocalHostAddr = Default
LogInit:  - BufferSize = 65536
LogInit: WinSock: version 1.1 (2.2), MaxSocks=32767, MaxUdp=65467
LogInit: Build: ++UE4+Release-4.20-CL-4369336
LogInit: Engine Version: 4.20.3-4369336+++UE4+Release-4.20
LogInit: Compatible Engine Version: 4.20.0-4212847+++UE4+Release-4.20
LogInit: Net CL: 4212847
LogInit: OS: Windows 10 (), CPU: Intel(R) Core(TM) i5-4460  CPU @ 3.20GHz, GPU: NVIDIA GeForce GTX 1060 6GB
LogInit: Compiled (64-bit): Sep 17 2018 12:26:19
LogInit: Compiled with Visual C++: 19.13.26129.00
LogInit: Build Configuration: Development
LogInit: Branch Name: ++UE4+Release-4.20
LogInit: Command Line:  -skipcompile
LogInit: Base Directory: C:/Program Files/Epic Games/UE_4.20/Engine/Binaries/Win64/
LogInit: Installed Engine Build: 1
LogDevObjectVersion: Number of dev versions registered: 20
LogDevObjectVersion:   Dev-Blueprints (B0D832E4-1F89-4F0D-ACCF-7EB736FD4AA2): 10
LogDevObjectVersion:   Dev-Build (E1C64328-A22C-4D53-A36C-8E866417BD8C): 0
LogDevObjectVersion:   Dev-Core (375EC13C-06E4-48FB-B500-84F0262A717E): 2
LogDevObjectVersion:   Dev-Editor (E4B068ED-F494-42E9-A231-DA0B2E46BB41): 24
LogDevObjectVersion:   Dev-Framework (CFFC743F-43B0-4480-9391-14DF171D2073): 34
LogDevObjectVersion:   Dev-Mobile (B02B49B5-BB20-44E9-A304-32B752E40360): 2
LogDevObjectVersion:   Dev-Networking (A4E4105C-59A1-49B5-A7C5-40C4547EDFEE): 0
LogDevObjectVersion:   Dev-Online (39C831C9-5AE6-47DC-9A44-9C173E1C8E7C): 0
LogDevObjectVersion:   Dev-Physics (78F01B33-EBEA-4F98-B9B4-84EACCB95AA2): 0
LogDevObjectVersion:   Dev-Platform (6631380F-2D4D-43E0-8009-CF276956A95A): 0
LogDevObjectVersion:   Dev-Rendering (12F88B9F-8875-4AFC-A67C-D90C383ABD29): 26
LogDevObjectVersion:   Dev-Sequencer (7B5AE74C-D270-4C10-A958-57980B212A5A): 9
LogDevObjectVersion:   Dev-VR (D7296918-1DD6-4BDD-9DE2-64A83CC13884): 2
LogDevObjectVersion:   Dev-LoadTimes (C2A15278-BFE7-4AFE-6C17-90FF531DF755): 1
LogDevObjectVersion:   Private-Geometry (6EACA3D4-40EC-4CC1-B786-8BED09428FC5): 3
LogDevObjectVersion:   Dev-AnimPhys (29E575DD-E0A3-4627-9D10-D276232CDCEA): 17
LogDevObjectVersion:   Dev-ReflectionCapture (6B266CEC-1EC7-4B8F-A30B-E4D90942FC07): 1
LogDevObjectVersion:   Dev-Automation (0DF73D61-A23F-47EA-B727-89E90C41499A): 1
LogDevObjectVersion:   FortniteMain (601D1886-AC64-4F84-AA16-D3DE0DEAC7D6): 12
LogDevObjectVersion:   Dev-Enterprise (9DFFBCD6-494F-0158-E221-12823C92A888): 1
LogStreaming: Display: Took  0.006s to delete old logs.
LogInit: Presizing for max 8388607 objects, including 0 objects not considered by GC, pre-allocating 0 bytes for permanent pool.
LogInit: Object subsystem initialized
[2019.01.05-02.35.14:238][  0]LogInit: Selected Device Profile: [Windows]
[2019.01.05-02.35.14:238][  0]LogInit: Applying CVar settings loaded from the selected device profile: [Windows]
[2019.01.05-02.35.14:254][  0]LogHAL: Display: Platform has ~ 12 GB [12738658304 / 17179869184 / 12], which maps to Larger [LargestMinGB=32, LargerMinGB=12, DefaultMinGB=8, SmallerMinGB=6, SmallestMinGB=0)
[2019.01.05-02.35.14:254][  0]LogInit: Setting Device Profile CVar: [[r.Vulkan.UseRealUBs:1]]
[2019.01.05-02.35.14:254][  0]LogInit: Going up to parent DeviceProfile []
[2019.01.05-02.35.14:254][  0]LogInit: Computer: DESKTOP-HAL-02
[2019.01.05-02.35.14:254][  0]LogInit: User: ryem
[2019.01.05-02.35.14:254][  0]LogInit: CPU Page size=4096, Cores=4
[2019.01.05-02.35.14:254][  0]LogInit: High frequency timer resolution =3.124998 MHz
[2019.01.05-02.35.14:255][  0]LogMemory: Memory total: Physical=11.9GB (12GB approx)
[2019.01.05-02.35.14:255][  0]LogMemory: Platform Memory Stats for Windows
[2019.01.05-02.35.14:255][  0]LogMemory: Process Physical Memory: 102.07 MB used, 102.07 MB peak
[2019.01.05-02.35.14:255][  0]LogMemory: Process Virtual Memory: 96.30 MB used, 96.30 MB peak
[2019.01.05-02.35.14:255][  0]LogMemory: Physical Memory: 7203.09 MB used,  4945.44 MB free, 12148.53 MB total
[2019.01.05-02.35.14:255][  0]LogMemory: Virtual Memory: 4632.54 MB used,  4945.44 MB free, 134217728.00 MB total
[2019.01.05-02.35.14:378][  0]LogInit: Using OS detected language (en-GB).
[2019.01.05-02.35.14:379][  0]LogInit: Using OS detected locale (en-GB).
[2019.01.05-02.35.14:380][  0]LogTextLocalizationManager: No specific localization for 'en-GB' exists, so the 'en' localization will be used.
[2019.01.05-02.35.14:803][  0]LogStreaming: Display: Took  0.424s to InitEngineTextLocalization.
[2019.01.05-02.35.14:803][  0]LogInit: Setting process to per monitor DPI aware
[2019.01.05-02.35.14:859][  0]LogSlate: New Slate User Created.  User Index 0, Is Virtual User: 0
[2019.01.05-02.35.14:859][  0]LogSlate: Slate User Registered.  User Index 0, Is Virtual User: 0
[2019.01.05-02.35.15:095][  0]LogHMD: Failed to initialize OpenVR with code 110
[2019.01.05-02.35.15:095][  0]LogD3D11RHI: D3D11 adapters:
[2019.01.05-02.35.15:193][  0]LogD3D11RHI:    0. 'NVIDIA GeForce GTX 1060 6GB' (Feature Level 11_0)
[2019.01.05-02.35.15:194][  0]LogD3D11RHI:       6052/0/6074 MB DedicatedVideo/DedicatedSystem/SharedSystem, Outputs:1, VendorId:0x10de
[2019.01.05-02.35.15:211][  0]LogD3D11RHI:    1. 'Intel(R) HD Graphics 4600' (Feature Level 11_0)
[2019.01.05-02.35.15:211][  0]LogD3D11RHI:       112/0/2048 MB DedicatedVideo/DedicatedSystem/SharedSystem, Outputs:0, VendorId:0x8086
[2019.01.05-02.35.15:216][  0]LogD3D11RHI:    2. 'Microsoft Basic Render Driver' (Feature Level 11_0)
[2019.01.05-02.35.15:216][  0]LogD3D11RHI:       0/0/6074 MB DedicatedVideo/DedicatedSystem/SharedSystem, Outputs:0, VendorId:0x1414
[2019.01.05-02.35.15:216][  0]LogD3D11RHI: Chosen D3D11 Adapter: 0
[2019.01.05-02.35.15:228][  0]LogD3D11RHI: Creating new Direct3DDevice
[2019.01.05-02.35.15:228][  0]LogD3D11RHI:     GPU DeviceId: 0x1c03 (for the marketing name, search the web for "GPU Device Id")
[2019.01.05-02.35.15:228][  0]LogWindows: EnumDisplayDevices:
[2019.01.05-02.35.15:228][  0]LogWindows:    0. 'NVIDIA GeForce GTX 1060 6GB' (P:1 D:1)
[2019.01.05-02.35.15:228][  0]LogWindows:    1. 'NVIDIA GeForce GTX 1060 6GB' (P:0 D:0)
[2019.01.05-02.35.15:229][  0]LogWindows:    2. 'NVIDIA GeForce GTX 1060 6GB' (P:0 D:0)
[2019.01.05-02.35.15:229][  0]LogWindows:    3. 'NVIDIA GeForce GTX 1060 6GB' (P:0 D:0)
[2019.01.05-02.35.15:230][  0]LogWindows:    4. 'Intel(R) HD Graphics 4600' (P:0 D:0)
[2019.01.05-02.35.15:230][  0]LogWindows:    5. 'Intel(R) HD Graphics 4600' (P:0 D:0)
[2019.01.05-02.35.15:231][  0]LogWindows:    6. 'Intel(R) HD Graphics 4600' (P:0 D:0)
[2019.01.05-02.35.15:231][  0]LogWindows: DebugString: PrimaryIsNotTheChoosenAdapter PrimaryIsNotTheChoosenAdapter PrimaryIsNotTheChoosenAdapter FoundDriverCount:4 
[2019.01.05-02.35.15:231][  0]LogD3D11RHI:     Adapter Name: NVIDIA GeForce GTX 1060 6GB
[2019.01.05-02.35.15:231][  0]LogD3D11RHI:   Driver Version: 417.35 (internal:25.21.14.1735, unified:417.35)
[2019.01.05-02.35.15:231][  0]LogD3D11RHI:      Driver Date: 12-11-2018
[2019.01.05-02.35.15:231][  0]LogRHI: Texture pool is 4236 MB (70% of 6052 MB)
[2019.01.05-02.35.15:290][  0]LogD3D11RHI: Async texture creation enabled
[2019.01.05-02.35.15:332][  0]LogD3D11RHI: GPU Timing Frequency: 1000.000000 (Debug: 2 2)
[2019.01.05-02.35.15:382][  0]LogShaderCompilers: Guid format shader working directory is -15 characters bigger than the processId version (../../../../../../Users/ryem_/source/repos/TGP-Duos/TGP_Duos/Intermediate/Shaders/WorkingDirectory/19164/).
[2019.01.05-02.35.15:382][  0]LogShaderCompilers: Cleaned the shader compiler working directory 'C:/Users/ryem_/AppData/Local/Temp/UnrealShaderWorkingDir/3A717AC048DF2DC6D49796AAA71393E5/'.
[2019.01.05-02.35.15:719][  0]LogTemp: Display: Loaded TP AllDesktopTargetPlatform
[2019.01.05-02.35.15:738][  0]LogTemp: Display: Loaded TP MacClientTargetPlatform
[2019.01.05-02.35.15:757][  0]LogTemp: Display: Loaded TP MacNoEditorTargetPlatform
[2019.01.05-02.35.15:776][  0]LogTemp: Display: Loaded TP MacServerTargetPlatform
[2019.01.05-02.35.15:796][  0]LogTemp: Display: Loaded TP MacTargetPlatform
[2019.01.05-02.35.15:816][  0]LogTemp: Display: Loaded TP WindowsClientTargetPlatform
[2019.01.05-02.35.15:835][  0]LogTemp: Display: Loaded TP WindowsNoEditorTargetPlatform
[2019.01.05-02.35.15:855][  0]LogTemp: Display: Loaded TP WindowsServerTargetPlatform
[2019.01.05-02.35.15:866][  0]LogTemp: Display: Loaded TP WindowsTargetPlatform
[2019.01.05-02.35.15:960][  0]LogTemp: Display: Loaded TP AndroidTargetPlatform
[2019.01.05-02.35.15:960][  0]LogTemp: Display: Loaded TP AndroidTargetPlatform
[2019.01.05-02.35.15:961][  0]LogTemp: Display: Loaded TP AndroidTargetPlatform
[2019.01.05-02.35.15:961][  0]LogTemp: Display: Loaded TP AndroidTargetPlatform
[2019.01.05-02.35.15:961][  0]LogTemp: Display: Loaded TP AndroidTargetPlatform
[2019.01.05-02.35.15:961][  0]LogTemp: Display: Loaded TP AndroidTargetPlatform
[2019.01.05-02.35.15:961][  0]LogTemp: Display: Loaded TP AndroidTargetPlatform
[2019.01.05-02.35.15:961][  0]LogTemp: Display: Loaded TP AndroidTargetPlatform
[2019.01.05-02.35.15:961][  0]LogTemp: Display: Loaded TP AndroidTargetPlatform
[2019.01.05-02.35.15:961][  0]LogTemp: Display: Loaded TP AndroidTargetPlatform
[2019.01.05-02.35.15:961][  0]LogTemp: Display: Loaded TP AndroidTargetPlatform
[2019.01.05-02.35.15:961][  0]LogTemp: Display: Loaded TP AndroidTargetPlatform
[2019.01.05-02.35.15:961][  0]LogTemp: Display: Loaded TP AndroidTargetPlatform
[2019.01.05-02.35.15:961][  0]LogTemp: Display: Loaded TP AndroidTargetPlatform
[2019.01.05-02.35.15:961][  0]LogTemp: Display: Loaded TP AndroidTargetPlatform
[2019.01.05-02.35.15:961][  0]LogTemp: Display: Loaded TP AndroidTargetPlatform
[2019.01.05-02.35.15:961][  0]LogTemp: Display: Loaded TP AndroidTargetPlatform
[2019.01.05-02.35.15:961][  0]LogTemp: Display: Loaded TP AndroidTargetPlatform
[2019.01.05-02.35.15:965][  0]LogTemp: Display: Loaded TP HTML5TargetPlatform
[2019.01.05-02.35.16:044][  0]LogTemp: Display: Loaded TP IOSTargetPlatform
[2019.01.05-02.35.16:044][  0]LogTemp: Display: Loaded TP IOSTargetPlatform
[2019.01.05-02.35.16:074][  0]LogTemp: Display: Loaded TP TVOSTargetPlatform
[2019.01.05-02.35.16:074][  0]LogTemp: Display: Loaded TP TVOSTargetPlatform
[2019.01.05-02.35.16:090][  0]LogTemp: Display: Loaded TP LinuxClientTargetPlatform
[2019.01.05-02.35.16:107][  0]LogTemp: Display: Loaded TP LinuxNoEditorTargetPlatform
[2019.01.05-02.35.16:123][  0]LogTemp: Display: Loaded TP LinuxServerTargetPlatform
[2019.01.05-02.35.16:141][  0]LogTemp: Display: Loaded TP LinuxTargetPlatform
[2019.01.05-02.35.16:153][  0]LogTemp: Display: Loaded TP LuminTargetPlatform
[2019.01.05-02.35.16:153][  0]LogTargetPlatformManager: Display: Building Assets For Windows
[2019.01.05-02.35.16:310][  0]LogXGEController: Cleaning working directory: C:/Users/ryem_/AppData/Local/Temp/UnrealXGEWorkingDir/
[2019.01.05-02.35.16:311][  0]LogXGEController: Cannot use XGE Controller as Incredibuild is not installed on this machine.
[2019.01.05-02.35.16:311][  0]LogShaderCompilers: Cannot use XGE Shader Compiler as Incredibuild is not installed on this machine.
[2019.01.05-02.35.16:311][  0]LogShaderCompilers: Display: Using Local Shader Compiler.
[2019.01.05-02.35.17:221][  0]LogDerivedDataCache: Display: Max Cache Size: 512 MB
[2019.01.05-02.35.17:316][  0]LogDerivedDataCache: Loaded boot cache 0.09s 75MB C:/Users/ryem_/AppData/Local/UnrealEngine/4.20/DerivedDataCache/Boot.ddc.
[2019.01.05-02.35.17:317][  0]LogDerivedDataCache: Display: Loaded Boot cache: C:/Users/ryem_/AppData/Local/UnrealEngine/4.20/DerivedDataCache/Boot.ddc
[2019.01.05-02.35.17:317][  0]LogDerivedDataCache: FDerivedDataBackendGraph:  Pak pak cache file ../../../../../../Users/ryem_/source/repos/TGP-Duos/TGP_Duos/DerivedDataCache/DDC.ddp not found, will not use a pak cache.
[2019.01.05-02.35.17:317][  0]LogDerivedDataCache: Unable to find inner node Pak for hierarchical cache Hierarchy.
[2019.01.05-02.35.17:317][  0]LogDerivedDataCache: FDerivedDataBackendGraph:  CompressedPak pak cache file ../../../../../../Users/ryem_/source/repos/TGP-Duos/TGP_Duos/DerivedDataCache/Compressed.ddp not found, will not use a pak cache.
[2019.01.05-02.35.17:318][  0]LogDerivedDataCache: Unable to find inner node CompressedPak for hierarchical cache Hierarchy.
[2019.01.05-02.35.17:332][  0]LogDerivedDataCache: Display: Pak cache opened for reading ../../../Engine/DerivedDataCache/Compressed.ddp.
[2019.01.05-02.35.17:347][  0]LogDerivedDataCache: Using Local data cache path C:/Users/ryem_/AppData/Local/UnrealEngine/Common/DerivedDataCache: Writable
[2019.01.05-02.35.17:347][  0]LogDerivedDataCache: Shared data cache path not found in *engine.ini, will not use an Shared cache.
[2019.01.05-02.35.17:347][  0]LogDerivedDataCache: Unable to find inner node Shared for hierarchical cache Hierarchy.
[2019.01.05-02.35.17:369][  0]LogMaterial: Verifying Global Shaders for PCD3D_SM5
[2019.01.05-02.35.17:371][  0]LogSlate: Using FreeType 2.6.0
[2019.01.05-02.35.17:372][  0]LogSlate: SlateFontServices - WITH_FREETYPE: 1, WITH_HARFBUZZ: 1
[2019.01.05-02.35.17:466][  0]LogAssetRegistry: FAssetRegistry took 0.0296 seconds to start up
[2019.01.05-02.35.17:831][  0]LogInit: Selected Device Profile: [Windows]
[2019.01.05-02.35.18:014][  0]LogSimplygon: Simplygon DLL not present - disabling.
[2019.01.05-02.35.18:025][  0]LogMeshReduction: Using SimplygonSwarm for distributed automatic mesh merging
[2019.01.05-02.35.18:025][  0]LogMeshReduction: Using ProxyLODMeshReduction for automatic mesh merging
[2019.01.05-02.35.18:025][  0]LogMeshReduction: Using QuadricMeshReduction for automatic static mesh reduction
[2019.01.05-02.35.18:025][  0]LogMeshReduction: No automatic skeletal mesh reduction module available
[2019.01.05-02.35.18:048][  0]LogNetVersion: TGP_Duos 1.0.0, NetCL: 4212847, EngineNetVer: 5, GameNetVer: 0 (Checksum: 2163957344)
[2019.01.05-02.35.18:719][  0]LogPackageLocalizationCache: Processed 11 localized package path(s) for 2 prioritized culture(s) in 0.137309 seconds
[2019.01.05-02.35.18:726][  0]LogUObjectArray: 38425 objects as part of root set at end of initial load.
[2019.01.05-02.35.18:726][  0]LogUObjectAllocator: 6690864 out of 0 bytes used by permanent object pool.
[2019.01.05-02.35.18:726][  0]LogUObjectArray: CloseDisregardForGC: 0/0 objects in disregard for GC pool
[2019.01.05-02.35.19:866][  0]LogTcpMessaging: Initializing TcpMessaging bridge
[2019.01.05-02.35.19:885][  0]LogUdpMessaging: Initializing bridge on interface 0.0.0.0:0 to multicast group 230.0.0.1:6666.
[2019.01.05-02.35.20:131][  0]LogLinker: Warning: Can't find file '/Game/Weapons/Assets/FN_F2000/FN-F2000_2__Mat'
[2019.01.05-02.35.20:131][  0]LogLinker: Warning: Can't find file for asset '/Game/Weapons/Assets/FN_F2000/FN-F2000_2__Mat' while loading ../../../../../../Users/ryem_/source/repos/TGP-Duos/TGP_Duos/Content/Weapons/Alt_Base_Gun_BP.uasset.
[2019.01.05-02.35.20:131][  0]LoadErrors: Error: /Game/Weapons/Alt_Base_Gun_BP : Can't find file for asset. /Game/Weapons/Assets/FN_F2000/FN-F2000_2__Mat
[2019.01.05-02.35.20:132][  0]LogLinker: Warning: Can't find file '/Game/Weapons/Assets/FN_F2000/FN-F2000_2__Mat'
[2019.01.05-02.35.20:132][  0]LogLinker: Warning: Can't find file for asset '/Game/Weapons/Assets/FN_F2000/FN-F2000_2__Mat' while loading ../../../../../../Users/ryem_/source/repos/TGP-Duos/TGP_Duos/Content/Weapons/Alt_Base_Gun_BP.uasset.
[2019.01.05-02.35.20:132][  0]LoadErrors: Error: /Game/Weapons/Alt_Base_Gun_BP : Can't find file for asset. /Game/Weapons/Assets/FN_F2000/FN-F2000_2__Mat
[2019.01.05-02.35.20:135][  0]LogLinker: Warning: Can't find file '/Game/Weapons/Assets/FN_F2000/FN-F2000_2__Mat'
[2019.01.05-02.35.20:137][  0]LogLinker: Warning: Can't find file for asset '/Game/Weapons/Assets/FN_F2000/FN-F2000_2__Mat' while loading ../../../../../../Users/ryem_/source/repos/TGP-Duos/TGP_Duos/Content/FirstPersonCPP/Blueprints/FirstPersonCharacter.uasset.
[2019.01.05-02.35.20:137][  0]LoadErrors: Error: /Game/FirstPersonCPP/Blueprints/FirstPersonCharacter : Can't find file for asset. /Game/Weapons/Assets/FN_F2000/FN-F2000_2__Mat
[2019.01.05-02.35.20:137][  0]LogLinker: Warning: Can't find file '/Game/Weapons/Assets/FN_F2000/FN-F2000_2__Mat'
[2019.01.05-02.35.20:137][  0]LogLinker: Warning: Can't find file for asset '/Game/Weapons/Assets/FN_F2000/FN-F2000_2__Mat' while loading ../../../../../../Users/ryem_/source/repos/TGP-Duos/TGP_Duos/Content/FirstPersonCPP/Blueprints/FirstPersonCharacter.uasset.
[2019.01.05-02.35.20:137][  0]LoadErrors: Error: /Game/FirstPersonCPP/Blueprints/FirstPersonCharacter : Can't find file for asset. /Game/Weapons/Assets/FN_F2000/FN-F2000_2__Mat
[2019.01.05-02.35.20:139][  0]LogLinker: Warning: Can't find file '/Game/Weapons/Assets/FN_F2000/FN-F2000_2__Mat'
[2019.01.05-02.35.20:139][  0]LoadErrors: Failed to load /Game/Weapons/Assets/FN_F2000/FN-F2000_2__Mat.FN-F2000_2__Mat Referenced by Weapon Body
[2019.01.05-02.35.20:140][  0]LogLinker: Warning: Can't find file for asset '/Game/Weapons/Assets/FN_F2000/FN-F2000_2__Mat' while loading ../../../../../../Users/ryem_/source/repos/TGP-Duos/TGP_Duos/Content/FirstPersonCPP/Blueprints/FirstPersonCharacter.uasset.
[2019.01.05-02.35.20:140][  0]LoadErrors: Failed to load /Game/Weapons/Assets/FN_F2000/FN-F2000_2__Mat.FN-F2000_2__Mat Referenced by Weapon Body
[2019.01.05-02.35.20:140][  0]LoadErrors: Error: /Game/FirstPersonCPP/Blueprints/FirstPersonCharacter : Can't find file for asset. /Game/Weapons/Assets/FN_F2000/FN-F2000_2__Mat
[2019.01.05-02.35.20:348][  0]SourceControl: Source control is disabled
[2019.01.05-02.35.20:348][  0]SourceControl: Source control is disabled
[2019.01.05-02.35.20:354][  0]SourceControl: Source control is disabled
[2019.01.05-02.35.20:357][  0]SourceControl: Source control is disabled
[2019.01.05-02.35.20:668][  0]LogAndroidPermission: UAndroidPermissionCallbackProxy::GetInstance
[2019.01.05-02.35.20:989][  0]LogOcInput: OculusInput pre-init called
[2019.01.05-02.35.21:067][  0]LogEngine: Initializing Engine...
[2019.01.05-02.35.21:068][  0]LogHMD: Failed to initialize OpenVR with code 110
[2019.01.05-02.35.21:070][  0]LogStats: UGameplayTagsManager::ConstructGameplayTagTree: ImportINI prefixes -  0.000 s
[2019.01.05-02.35.21:070][  0]LogStats: UGameplayTagsManager::ConstructGameplayTagTree: Construct from data asset -  0.000 s
[2019.01.05-02.35.21:070][  0]LogStats: UGameplayTagsManager::ConstructGameplayTagTree: ImportINI -  0.000 s
[2019.01.05-02.35.21:070][  0]LogStats: UGameplayTagsManager::ConstructGameplayTagTree: GameplayTagTreeChangedEvent.Broadcast -  0.000 s
[2019.01.05-02.35.21:294][  0]LogInit: Initializing FReadOnlyCVARCache
[2019.01.05-02.35.21:316][  0]LogAIModule: Creating AISystem for world Untitled
[2019.01.05-02.35.21:475][  0]LogInit: XAudio2 using 'Speakers (3- Logitech G430 Gaming Headset)' : 6 channels at 48 kHz using 16 bits per sample (channel mask 0x3f)
[2019.01.05-02.35.21:519][  0]LogInit: FAudioDevice initialized.
[2019.01.05-02.35.21:519][  0]LogNetVersion: Set ProjectVersion to 1.0.0.0. Version Checksum will be recalculated on next use.
[2019.01.05-02.35.21:607][  0]LogDerivedDataCache: Saved boot cache 0.09s 75MB C:/Users/ryem_/AppData/Local/UnrealEngine/4.20/DerivedDataCache/Boot.ddc.
[2019.01.05-02.35.21:611][  0]LogInit: Texture streaming: Enabled
[2019.01.05-02.35.21:650][  0]LogEngineSessionManager: EngineSessionManager initialized
[2019.01.05-02.35.21:650][  0]LogEngineSessionManager: EngineSessionManager sent abnormal shutdown report. Type=Debugger, SessionId={DE5A4F6F-4885-1A90-43ED-F1A543A476AF}
[2019.01.05-02.35.21:668][  0]LogInit: Transaction tracking system initialized
[2019.01.05-02.35.21:724][  0]BlueprintLog: New page: Editor Load
[2019.01.05-02.35.21:942][  0]LocalizationService: Localization service is disabled
[2019.01.05-02.35.22:290][  0]LogCook: Display: Max memory allowance for cook 16384mb min free memory 0mb
[2019.01.05-02.35.22:290][  0]LogCook: Display: Mobile HDR setting 1
[2019.01.05-02.35.22:290][  0]LogGameplayTags: Display: UGameplayTagsManager::DoneAddingNativeTags. DelegateIsBound: 0
[2019.01.05-02.35.22:291][  0]LogStats: UGameplayTagsManager::ConstructGameplayTagTree: ImportINI prefixes -  0.000 s
[2019.01.05-02.35.22:291][  0]LogStats: UGameplayTagsManager::ConstructGameplayTagTree: Construct from data asset -  0.000 s
[2019.01.05-02.35.22:291][  0]LogStats: UGameplayTagsManager::ConstructGameplayTagTree: ImportINI -  0.000 s
[2019.01.05-02.35.22:291][  0]LogStats: UGameplayTagsManager::ConstructGameplayTagTree: GameplayTagTreeChangedEvent.Broadcast -  0.000 s
[2019.01.05-02.35.22:513][  0]LogFileCache: Scanning file cache for directory 'C:/Users/ryem_/source/repos/TGP-Duos/TGP_Duos/Content/' took 0.03s
[2019.01.05-02.35.22:513][  0]SourceControl: Source control is disabled
[2019.01.05-02.35.22:513][  0]Cmd: MAP LOAD FILE="../../../../../../Users/ryem_/source/repos/TGP-Duos/TGP_Duos/Content/FirstPersonCPP/Maps/FirstPersonExampleMap.umap" TEMPLATE=0 SHOWPROGRESS=1 FEATURELEVEL=3
[2019.01.05-02.35.22:514][  0]LightingResults: New page: Lighting Build
[2019.01.05-02.35.22:519][  0]MapCheck: New page: Map Check
[2019.01.05-02.35.22:519][  0]LightingResults: New page: Lighting Build
[2019.01.05-02.35.22:774][  0]LogAIModule: Creating AISystem for world FirstPersonExampleMap
[2019.01.05-02.35.22:785][  0]LogEditorServer: Finished looking for orphan Actors (0.000 secs)
[2019.01.05-02.35.22:810][  0]Cmd: MAP CHECKDEP NOCLEARLOG
[2019.01.05-02.35.22:933][  0]MapCheck: Map check complete: 0 Error(s), 0 Warning(s), took 122.778ms to complete.
[2019.01.05-02.35.22:934][  0]LogFileHelpers: Loading map 'FirstPersonExampleMap' took 0.421
[2019.01.05-02.35.23:127][  0]LogSlate: Updating window title bar state: overlay mode, drag disabled, window buttons hidden, title bar hidden
[2019.01.05-02.35.23:137][  0]LogSlate: Updating window title bar state: overlay mode, drag disabled, window buttons hidden, title bar hidden
[2019.01.05-02.35.23:145][  0]LogSlate: Updating window title bar state: overlay mode, drag disabled, window buttons hidden, title bar hidden
[2019.01.05-02.35.23:155][  0]LogSlate: Updating window title bar state: overlay mode, drag disabled, window buttons hidden, title bar hidden
[2019.01.05-02.35.23:168][  0]LogCollectionManager: Loaded 0 collections in 0.004227 seconds
[2019.01.05-02.35.23:218][  0]LogFileCache: Scanning file cache for directory 'C:/Users/ryem_/source/repos/TGP-Duos/TGP_Duos/Saved/Collections/' took 0.01s
[2019.01.05-02.35.23:218][  0]LogFileCache: Scanning file cache for directory 'C:/Users/ryem_/source/repos/TGP-Duos/TGP_Duos/Content/Developers/ryem/Collections/' took 0.01s
[2019.01.05-02.35.23:219][  0]LogFileCache: Scanning file cache for directory 'C:/Users/ryem_/source/repos/TGP-Duos/TGP_Duos/Content/Collections/' took 0.01s
[2019.01.05-02.35.23:219][  0]LogCollectionManager: Rebuilt the GUID cache for 0 collections in 0.000000 seconds
[2019.01.05-02.35.23:230][  0]LogContentBrowser: Native class hierarchy populated in 0.0108 seconds. Added 2578 classes and 606 folders.
[2019.01.05-02.35.23:240][  0]LogContentBrowser: Native class hierarchy updated for 'WidgetCarousel' in 0.0006 seconds. Added 0 classes and 0 folders.
[2019.01.05-02.35.23:315][  0]LogContentBrowser: Native class hierarchy updated for 'AddContentDialog' in 0.0006 seconds. Added 0 classes and 0 folders.
[2019.01.05-02.35.23:326][  0]LogContentBrowser: Native class hierarchy updated for 'SceneOutliner' in 0.0007 seconds. Added 1 classes and 2 folders.
[2019.01.05-02.35.23:345][  0]LogSlate: Took 0.000212 seconds to synchronously load lazily loaded font '../../../Engine/Content/Slate/Fonts/Roboto-Regular.ttf' (155K)
[2019.01.05-02.35.23:347][  0]LogSlate: Took 0.000274 seconds to synchronously load lazily loaded font '../../../Engine/Content/Slate/Fonts/Roboto-Bold.ttf' (160K)
[2019.01.05-02.35.23:353][  0]LogSlate: Took 0.000250 seconds to synchronously load lazily loaded font '../../../Engine/Content/Editor/Slate/Fonts/FontAwesome.ttf' (139K)
[2019.01.05-02.35.23:448][  0]LogRenderer: Reallocating scene render targets to support 1616x580 Format 10 NumSamples 1 (Frame:1).
[2019.01.05-02.35.23:646][  0]LogContentBrowser: Native class hierarchy updated for 'HierarchicalLODOutliner' in 0.0006 seconds. Added 0 classes and 0 folders.
[2019.01.05-02.35.23:646][  0]LogLoad: (Engine Initialization) Total time: 12.33 seconds
[2019.01.05-02.35.23:646][  0]LogLoad: (Engine Initialization) Total Blueprint compile time: 0.00 seconds
[2019.01.05-02.35.23:665][  0]LogWindowsTextInputMethodSystem: Display: IME system now deactivated.
[2019.01.05-02.35.23:686][  0]LogContentStreaming: Texture pool size now 1000 MB
[2019.01.05-02.35.23:691][  0]LogSlate: FSceneViewport::OnFocusLost() reason 2
[2019.01.05-02.35.23:732][  0]LogSlate: Took 0.000260 seconds to synchronously load lazily loaded font '../../../Engine/Content/Slate/Fonts/Roboto-Light.ttf' (167K)
[2019.01.05-02.35.23:805][  1]LogAssetRegistry: Asset discovery search completed in 6.3636 seconds
[2019.01.05-02.35.23:807][  1]LogCollectionManager: Rebuilt the object cache for 0 collections in 0.000000 seconds (found 0 objects)
[2019.01.05-02.35.23:807][  1]LogCollectionManager: Fixed up redirectors for 0 collections in 0.000135 seconds (updated 0 objects)
[2019.01.05-02.35.26:639][331]LogSlate: Window 'Message Log' being destroyed
[2019.01.05-02.35.26:646][331]LogSlate: Window 'Message Log' being destroyed
[2019.01.05-02.35.27:263][405]LogSlate: FSceneViewport::OnFocusLost() reason 0
[2019.01.05-02.35.31:340][859]LogMaterial: Display: Missing cached shader map for material FN-F2000_2__Mat, compiling. 
[2019.01.05-02.35.31:399][859]LogShaderCompilers: Display: Shaders left to compile 22
[2019.01.05-02.35.31:399][859]LogShaderCompilers: Display: Shaders left to compile 12
[2019.01.05-02.35.31:399][859]LogShaderCompilers: Display: Shaders left to compile 2
[2019.01.05-02.35.31:399][859]LogMaterial: Warning: Material /Game/Weapons/Assets/FN_F2000/FN-F2000_2__Mat.FN-F2000_2__Mat needed to have new flag set bUsedWithStaticLighting !
[2019.01.05-02.35.31:406][859]LogMaterial: Display: Missing cached shader map for material FN-F2000_2__Mat, compiling. 
[2019.01.05-02.35.33:079][ 47]LogShaderCompilers: Display: Shaders left to compile 31
[2019.01.05-02.35.38:553][677]LogShaderCompilers: Display: Shaders left to compile 21
[2019.01.05-02.35.38:793][705]LogShaderCompilers: Display: Shaders left to compile 11
[2019.01.05-02.35.40:405][743]LogShaderCompilers: Display: Shaders left to compile 1
[2019.01.05-02.35.59:975][113]LogSlate: FSceneViewport::OnFocusLost() reason 0
[2019.01.05-02.36.01:173][237]LogEditorViewport: Clicking on Actor (LMB): StaticMeshActor (Floor)
[2019.01.05-02.36.01:441][260]Cmd: TRANSACTION UNDO
[2019.01.05-02.36.01:441][260]LogEditorTransaction: Undo Clicking on Actors
[2019.01.05-02.36.01:454][260]LogSlate: Took 0.000344 seconds to synchronously load lazily loaded font '../../../Engine/Content/Slate/Fonts/Roboto-Light.ttf' (167K)
[2019.01.05-02.36.03:481][501]Cmd: TRANSACTION UNDO
[2019.01.05-02.36.03:482][501]LogEditorTransaction: Undo Create Actors
[2019.01.05-02.36.19:151][652]LogSlate: FSceneViewport::OnFocusLost() reason 2
[2019.01.05-02.36.37:629][798]LogEditorViewport: Clicking on Actor (LMB): Test_Damage_Object_C (Test_Damage_Object)
[2019.01.05-02.36.39:016][955]LogSlate: Took 0.000271 seconds to synchronously load lazily loaded font '../../../Engine/Content/Slate/Fonts/Roboto-Italic.ttf' (157K)
[2019.01.05-02.36.39:571][ 18]LogSlate: FSceneViewport::OnFocusLost() reason 0
[2019.01.05-02.36.42:532][333]LogEditorViewport: Clicking on Actor (LMB): Test_Damage_Object_C (Test_Damage_Object2)
[2019.01.05-02.36.44:084][509]LogSlate: FSceneViewport::OnFocusLost() reason 0
[2019.01.05-02.36.48:458][938]LogSavePackage: Moving '../../../../../../Users/ryem_/source/repos/TGP-Duos/TGP_Duos/Saved/FirstPersonExampleMap1FBB18F74E01AC63E6F3059E0A0B9D78.tmp' to '../../../../../../Users/ryem_/source/repos/TGP-Duos/TGP_Duos/Content/FirstPersonCPP/Maps/FirstPersonExampleMap.umap'
[2019.01.05-02.36.48:512][938]LogFileHelpers: Saving map 'FirstPersonExampleMap' took 0.387
[2019.01.05-02.37.07:285][157]LogSlate: FSceneViewport::OnFocusLost() reason 0
[2019.01.05-02.37.08:409][269]LogSavePackage: Moving '../../../../../../Users/ryem_/source/repos/TGP-Duos/TGP_Duos/Saved/FirstPersonExampleMap3517C36C4788B7DA26DBBF8BE75E2D8E.tmp' to '../../../../../../Users/ryem_/source/repos/TGP-Duos/TGP_Duos/Content/FirstPersonCPP/Maps/FirstPersonExampleMap.umap'
[2019.01.05-02.37.09:845][269]LogSavePackage: Moving '../../../../../../Users/ryem_/source/repos/TGP-Duos/TGP_Duos/Saved/FirstPersonExampleMap_BuiltData2B593329433359BD6A107C8327AB54B5.tmp' to '../../../../../../Users/ryem_/source/repos/TGP-Duos/TGP_Duos/Content/FirstPersonCPP/Maps/FirstPersonExampleMap_BuiltData.uasset'
[2019.01.05-02.38.38:911][853]LogSlate: FSceneViewport::OnFocusLost() reason 0
[2019.01.05-02.38.48:049][907]LogMaterial: Display: Missing cached shader map for material AK47_1__Mat, compiling. 
[2019.01.05-02.38.48:065][907]LogShaderCompilers: Display: Shaders left to compile 22
[2019.01.05-02.38.48:065][907]LogShaderCompilers: Display: Shaders left to compile 12
[2019.01.05-02.38.48:066][907]LogShaderCompilers: Display: Shaders left to compile 2
[2019.01.05-02.38.48:072][907]LogMaterial: Warning: Material /Game/Weapons/Assets/AK47/AK47_1__Mat.AK47_1__Mat needed to have new flag set bUsedWithStaticLighting !
[2019.01.05-02.38.48:077][907]LogMaterial: Display: Missing cached shader map for material AK47_1__Mat, compiling. 
[2019.01.05-02.38.49:613][ 67]LogSlate: FSceneViewport::OnFocusLost() reason 0
[2019.01.05-02.38.54:751][633]LogShaderCompilers: Display: Shaders left to compile 31
[2019.01.05-02.38.56:077][782]LogShaderCompilers: Display: Shaders left to compile 21
[2019.01.05-02.38.59:918][215]LogShaderCompilers: Display: Shaders left to compile 11
[2019.01.05-02.39.01:321][350]LogMaterial: Display: Missing cached shader map for material AK47_2__Mat, compiling. 
[2019.01.05-02.39.01:344][350]LogMaterial: Warning: Material /Game/Weapons/Assets/AK47/AK47_2__Mat.AK47_2__Mat needed to have new flag set bUsedWithStaticLighting !
[2019.01.05-02.39.01:346][350]LogMaterial: Display: Missing cached shader map for material AK47_2__Mat, compiling. 
[2019.01.05-02.39.01:777][389]LogShaderCompilers: Display: Shaders left to compile 54
[2019.01.05-02.39.03:984][633]LogSlate: FSceneViewport::OnFocusLost() reason 0
[2019.01.05-02.39.09:949][247]LogShaderCompilers: Display: Shaders left to compile 44
[2019.01.05-02.39.11:367][405]LogShaderCompilers: Display: Shaders left to compile 34
[2019.01.05-02.39.12:844][570]LogShaderCompilers: Display: Shaders left to compile 24
[2019.01.05-02.39.18:003][150]LogShaderCompilers: Display: Shaders left to compile 14
[2019.01.05-02.39.21:521][548]LogShaderCompilers: Display: Shaders left to compile 4
[2019.01.05-02.39.28:125][192]Cmd: TRANSACTION UNDO
[2019.01.05-02.39.28:125][192]LogEditorTransaction: Undo Create Actors
[2019.01.05-02.39.29:811][387]LogEditorViewport: Clicking on Actor (LMB): StaticMeshActor (Floor)
[2019.01.05-02.39.30:943][508]LogSlate: FSceneViewport::OnFocusLost() reason 2
[2019.01.05-02.39.34:586][912]LogSlate: FSceneViewport::OnFocusLost() reason 2
[2019.01.05-02.39.36:023][ 61]LogSlate: FSceneViewport::OnFocusLost() reason 0
[2019.01.05-02.39.39:612][437]LogSavePackage: Moving '../../../../../../Users/ryem_/source/repos/TGP-Duos/TGP_Duos/Saved/FirstPersonExampleMap615B6357407BC3993F76AC89FFD0ED97.tmp' to '../../../../../../Users/ryem_/source/repos/TGP-Duos/TGP_Duos/Content/FirstPersonCPP/Maps/FirstPersonExampleMap.umap'
[2019.01.05-02.39.39:667][437]LogFileHelpers: Saving map 'FirstPersonExampleMap' took 0.353
[2019.01.05-02.39.39:687][437]Cmd: OBJ SAVEPACKAGE PACKAGE="/Game/Weapons/Assets/AK47/AK47_1__Mat" FILE="../../../../../../Users/ryem_/source/repos/TGP-Duos/TGP_Duos/Content/Weapons/Assets/AK47/AK47_1__Mat.uasset" SILENT=true
[2019.01.05-02.39.39:708][437]LogSavePackage: Moving '../../../../../../Users/ryem_/source/repos/TGP-Duos/TGP_Duos/Saved/AK47_1__MatD954DC91403EDA0513C22E8549A3B38B.tmp' to '../../../../../../Users/ryem_/source/repos/TGP-Duos/TGP_Duos/Content/Weapons/Assets/AK47/AK47_1__Mat.uasset'
[2019.01.05-02.39.39:732][437]Cmd: OBJ SAVEPACKAGE PACKAGE="/Game/Weapons/Assets/AK47/AK47_2__Mat" FILE="../../../../../../Users/ryem_/source/repos/TGP-Duos/TGP_Duos/Content/Weapons/Assets/AK47/AK47_2__Mat.uasset" SILENT=true
[2019.01.05-02.39.39:752][437]LogSavePackage: Moving '../../../../../../Users/ryem_/source/repos/TGP-Duos/TGP_Duos/Saved/AK47_2__MatEC18C29D456CACA76D6827AFE7BCE8C2.tmp' to '../../../../../../Users/ryem_/source/repos/TGP-Duos/TGP_Duos/Content/Weapons/Assets/AK47/AK47_2__Mat.uasset'
[2019.01.05-02.39.50:690][699]LogAssetEditorManager: Opening Asset editor for Blueprint /Game/FirstPersonCPP/Blueprints/FirstPersonCharacter.FirstPersonCharacter
[2019.01.05-02.39.51:185][699]LogContentBrowser: Native class hierarchy updated for 'BlueprintGraph' in 0.0010 seconds. Added 116 classes and 0 folders.
[2019.01.05-02.39.53:702][835]LogSlate: Window 'FirstPersonCharacter' being destroyed
[2019.01.05-02.39.53:800][835]LogAssetEditorManager: Opening Asset editor for Blueprint /Game/FirstPersonCPP/Blueprints/FirstPersonCharacter.FirstPersonCharacter
[2019.01.05-02.39.54:156][835]LogSlate: Took 0.000383 seconds to synchronously load lazily loaded font '../../../Engine/Content/Slate/Fonts/Roboto-BoldCondensed.ttf' (158K)
[2019.01.05-02.39.59:703][243]LogRenderer: Reallocating scene render targets to support 1616x704 Format 10 NumSamples 1 (Frame:330).
[2019.01.05-02.40.02:614][491]LogSlate: Prevented a slow task dialog from being summoned while a context menu was open
[2019.01.05-02.40.11:855][344]BlueprintLog: New page: Compile FirstPersonCharacter
[2019.01.05-02.40.12:134][344]LogSavePackage: Moving '../../../../../../Users/ryem_/source/repos/TGP-Duos/TGP_Duos/Saved/FirstPersonCharacter5CE5C9D549A601D9DC014D930F4FD620.tmp' to '../../../../../../Users/ryem_/source/repos/TGP-Duos/TGP_Duos/Content/FirstPersonCPP/Blueprints/FirstPersonCharacter.uasset'
[2019.01.05-02.40.12:689][381]LogSavePackage: Moving '../../../../../../Users/ryem_/source/repos/TGP-Duos/TGP_Duos/Saved/FirstPersonCharacter88605CA243F0A0F2ED5F469AE885323B.tmp' to '../../../../../../Users/ryem_/source/repos/TGP-Duos/TGP_Duos/Content/FirstPersonCPP/Blueprints/FirstPersonCharacter.uasset'
[2019.01.05-02.40.14:101][501]LogSlate: Window 'FirstPersonCharacter' being destroyed
[2019.01.05-02.40.14:110][501]LogSlate: Window 'FirstPersonCharacter' being destroyed
[2019.01.05-02.45.47:051][967]Candidate modules for hot reload:
[2019.01.05-02.45.47:051][967]  TGP_Duos
[2019.01.05-02.45.47:051][967]Launching UnrealBuildTool... [C:/Program Files/Epic Games/UE_4.20/Engine/Binaries/DotNET/UnrealBuildTool.exe  -ModuleWithSuffix=TGP_Duos,9093 Win64 Development -TargetType=Editor -Project="../../../../../../Users/ryem_/source/repos/TGP-Duos/TGP_Duos/TGP_Duos.uproject" -canskiplink "C:/Users/ryem_/source/repos/TGP-Duos/TGP_Duos/TGP_Duos.uproject" ]
[2019.01.05-02.45.47:054][967]Warning: Starting HotReload took  0.0s.
[2019.01.05-02.45.57:853][ 98]LogSlate: Took 0.006977 seconds to synchronously load lazily loaded font '../../../Engine/Content/Slate/Fonts/DroidSansMono.ttf' (77K)
[2019.01.05-02.45.59:664][305]LogSlate: Window 'Message Log' being destroyed
[2019.01.05-02.46.26:879][539]CompilerResultsLog: New page: Compilation - 5 Jan 2019 02:46:26
[2019.01.05-02.46.26:879][539]CompilerResultsLog: Using 'git status' to determine working set for adaptive non-unity build.
[2019.01.05-02.46.26:880][539]CompilerResultsLog: Compiling game modules for hot reload
[2019.01.05-02.46.26:881][539]CompilerResultsLog: Building 3 actions with 4 processes...
[2019.01.05-02.46.26:881][539]CompilerResultsLog:   [1/3] TGP_DuosCharacter.cpp
[2019.01.05-02.46.26:881][539]CompilerResultsLog:   [2/3] UE4Editor-TGP_Duos-9093.lib
[2019.01.05-02.46.26:881][539]CompilerResultsLog:      Creating library C:\Users\ryem_\source\repos\TGP-Duos\TGP_Duos\Intermediate\Build\Win64\UE4Editor\Development\TGP_Duos\UE4Editor-TGP_Duos-9093.lib and object C:\Users\ryem_\source\repos\TGP-Duos\TGP_Duos\Intermediate\Build\Win64\UE4Editor\Development\TGP_Duos\UE4Editor-TGP_Duos-9093.exp
[2019.01.05-02.46.26:882][539]CompilerResultsLog:   [3/3] UE4Editor-TGP_Duos-9093.dll
[2019.01.05-02.46.26:882][539]CompilerResultsLog:      Creating library C:\Users\ryem_\source\repos\TGP-Duos\TGP_Duos\Intermediate\Build\Win64\UE4Editor\Development\TGP_Duos\UE4Editor-TGP_Duos-9093.suppressed.lib and object C:\Users\ryem_\source\repos\TGP-Duos\TGP_Duos\Intermediate\Build\Win64\UE4Editor\Development\TGP_Duos\UE4Editor-TGP_Duos-9093.suppressed.exp
[2019.01.05-02.46.26:882][539]CompilerResultsLog: Total build time: 39.28 seconds (Parallel executor: 32.92 seconds)
[2019.01.05-02.46.26:883][539]LogMainFrame: MainFrame: Module compiling took 39.843 seconds
[2019.01.05-02.46.26:971][539]LogContentBrowser: Native class hierarchy updated for 'TGP_Duos' in 0.0007 seconds. Added 6 classes and 3 folders.
[2019.01.05-02.46.26:975][539]Display: HotReload successful (2 functions remapped  0 scriptstructs remapped)
[2019.01.05-02.46.27:402][539]LogContentBrowser: Native class hierarchy populated in 0.0110 seconds. Added 2579 classes and 608 folders.
[2019.01.05-02.46.27:410][539]Display: HotReload took 40.4s.
[2019.01.05-02.46.30:749][928]LogTemp: Repeating last play command: Selected Viewport
[2019.01.05-02.46.30:777][928]LogBlueprintUserMessages: Early PlayInEditor Detection: Level '/Game/FirstPersonCPP/Maps/FirstPersonExampleMap.FirstPersonExampleMap:PersistentLevel' has LevelScriptBlueprint '/Game/FirstPersonCPP/Maps/FirstPersonExampleMap.FirstPersonExampleMap:PersistentLevel.FirstPersonExampleMap' with GeneratedClass '/Game/FirstPersonCPP/Maps/FirstPersonExampleMap.FirstPersonExampleMap_C' with ClassGeneratedBy '/Game/FirstPersonCPP/Maps/FirstPersonExampleMap.FirstPersonExampleMap:PersistentLevel.FirstPersonExampleMap'
[2019.01.05-02.46.30:780][928]LogPlayLevel: PlayLevel: No blueprints needed recompiling
[2019.01.05-02.46.30:799][928]PIE: New page: PIE session: FirstPersonExampleMap (5 Jan 2019 02:46:30)
[2019.01.05-02.46.30:800][928]LogPlayLevel: Creating play world package: /Game/FirstPersonCPP/Maps/UEDPIE_0_FirstPersonExampleMap
[2019.01.05-02.46.30:819][928]LogPlayLevel: PIE: StaticDuplicateObject took: (0.019109s)
[2019.01.05-02.46.30:820][928]LogAIModule: Creating AISystem for world FirstPersonExampleMap
[2019.01.05-02.46.30:821][928]LogPlayLevel: PIE: World Init took: (0.001703s)
[2019.01.05-02.46.30:822][928]LogPlayLevel: PIE: Created PIE world by copying editor world from /Game/FirstPersonCPP/Maps/FirstPersonExampleMap.FirstPersonExampleMap to /Game/FirstPersonCPP/Maps/UEDPIE_0_FirstPersonExampleMap.FirstPersonExampleMap (0.021930s)
[2019.01.05-02.46.30:983][928]LogInit: XAudio2 using 'Speakers (3- Logitech G430 Gaming Headset)' : 6 channels at 48 kHz using 16 bits per sample (channel mask 0x3f)
[2019.01.05-02.46.31:013][928]LogInit: FAudioDevice initialized.
[2019.01.05-02.46.31:062][928]LogLoad: Game class is 'TGP_DuosGameMode'
[2019.01.05-02.46.31:072][928]LogWorld: Bringing World /Game/FirstPersonCPP/Maps/UEDPIE_0_FirstPersonExampleMap.FirstPersonExampleMap up for play (max tick rate 0) at 2019.01.05-02.46.31
[2019.01.05-02.46.31:075][928]LogWorld: Bringing up level for play took: 0.005634
[2019.01.05-02.46.31:408][928]LogContentBrowser: Native class hierarchy updated for 'MovieSceneCapture' in 0.0007 seconds. Added 10 classes and 0 folders.
[2019.01.05-02.46.31:413][928]PIE: Play in editor start time for /Game/FirstPersonCPP/Maps/UEDPIE_0_FirstPersonExampleMap 1.066
[2019.01.05-02.46.31:414][928]LogBlueprintUserMessages: Late PlayInEditor Detection: Level '/Game/FirstPersonCPP/Maps/FirstPersonExampleMap.FirstPersonExampleMap:PersistentLevel' has LevelScriptBlueprint '/Game/FirstPersonCPP/Maps/FirstPersonExampleMap.FirstPersonExampleMap:PersistentLevel.FirstPersonExampleMap' with GeneratedClass '/Game/FirstPersonCPP/Maps/FirstPersonExampleMap.FirstPersonExampleMap_C' with ClassGeneratedBy '/Game/FirstPersonCPP/Maps/FirstPersonExampleMap.FirstPersonExampleMap:PersistentLevel.FirstPersonExampleMap'
[2019.01.05-02.46.34:489][283]LogTemp: Warning: JSON 
[2019.01.05-02.46.35:961][459]LogTemp: Warning: JSON 
[2019.01.05-02.46.36:473][520]LogTemp: Warning: JSON 
[2019.01.05-02.46.37:540][648]LogTemp: Warning: JSON 
[2019.01.05-02.46.37:698][667]LogTemp: Warning: JSON 
[2019.01.05-02.46.37:740][672]LogTemp: Warning: JSON 
[2019.01.05-02.46.37:900][691]LogTemp: Warning: JSON 
[2019.01.05-02.46.38:048][709]LogTemp: Warning: JSON 
[2019.01.05-02.46.38:116][717]LogTemp: Warning: JSON 
[2019.01.05-02.46.38:224][730]LogTemp: Warning: JSON 
[2019.01.05-02.46.38:382][749]LogTemp: Warning: JSON 
[2019.01.05-02.46.38:383][749]LogTemp: Warning: JSON 
[2019.01.05-02.46.38:541][768]LogTemp: Warning: JSON 
[2019.01.05-02.46.38:724][790]LogTemp: Warning: JSON 
[2019.01.05-02.46.38:766][795]LogTemp: Warning: JSON 
[2019.01.05-02.46.38:957][818]LogTemp: Warning: JSON 
[2019.01.05-02.46.39:133][839]LogTemp: Warning: JSON 
[2019.01.05-02.46.39:483][881]LogTemp: Warning: JSON 
[2019.01.05-02.46.39:491][882]LogTemp: Warning: JSON 
[2019.01.05-02.46.39:842][924]LogTemp: Warning: JSON 
[2019.01.05-02.46.39:875][928]LogTemp: Warning: JSON 
[2019.01.05-02.46.40:042][948]LogTemp: Warning: JSON 
[2019.01.05-02.46.41:769][155]LogBlueprintUserMessages: Early EndPlayMap Detection: Level '/Game/FirstPersonCPP/Maps/FirstPersonExampleMap.FirstPersonExampleMap:PersistentLevel' has LevelScriptBlueprint '/Game/FirstPersonCPP/Maps/FirstPersonExampleMap.FirstPersonExampleMap:PersistentLevel.FirstPersonExampleMap' with GeneratedClass '/Game/FirstPersonCPP/Maps/FirstPersonExampleMap.FirstPersonExampleMap_C' with ClassGeneratedBy '/Game/FirstPersonCPP/Maps/FirstPersonExampleMap.FirstPersonExampleMap:PersistentLevel.FirstPersonExampleMap'
[2019.01.05-02.46.41:770][155]LogSlate: Updating window title bar state: overlay mode, drag disabled, window buttons hidden, title bar hidden
[2019.01.05-02.46.41:814][155]LogPlayLevel: Display: Shutting down PIE online subsystems
[2019.01.05-02.46.41:814][155]LogBlueprintUserMessages: Late EndPlayMap Detection: Level '/Game/FirstPersonCPP/Maps/FirstPersonExampleMap.FirstPersonExampleMap:PersistentLevel' has LevelScriptBlueprint '/Game/FirstPersonCPP/Maps/FirstPersonExampleMap.FirstPersonExampleMap:PersistentLevel.FirstPersonExampleMap' with GeneratedClass '/Game/FirstPersonCPP/Maps/FirstPersonExampleMap.FirstPersonExampleMap_C' with ClassGeneratedBy '/Game/FirstPersonCPP/Maps/FirstPersonExampleMap.FirstPersonExampleMap:PersistentLevel.FirstPersonExampleMap'
[2019.01.05-02.46.41:857][155]LogSlate: Updating window title bar state: overlay mode, drag disabled, window buttons hidden, title bar hidden
[2019.01.05-02.46.41:896][156]LogPlayLevel: Display: Destroying online subsystem :Context_6
[2019.01.05-02.48.15:727][680]LogSlate: FSceneViewport::OnFocusLost() reason 0
[2019.01.05-02.48.15:840][690]Candidate modules for hot reload:
[2019.01.05-02.48.15:840][690]  TGP_Duos
[2019.01.05-02.48.15:840][690]Launching UnrealBuildTool... [C:/Program Files/Epic Games/UE_4.20/Engine/Binaries/DotNET/UnrealBuildTool.exe  -ModuleWithSuffix=TGP_Duos,8482 Win64 Development -TargetType=Editor -Project="../../../../../../Users/ryem_/source/repos/TGP-Duos/TGP_Duos/TGP_Duos.uproject" -canskiplink "C:/Users/ryem_/source/repos/TGP-Duos/TGP_Duos/TGP_Duos.uproject" ]
[2019.01.05-02.48.15:843][690]Warning: Starting HotReload took  0.0s.
[2019.01.05-02.48.33:874][ 15]CompilerResultsLog: New page: Compilation - 5 Jan 2019 02:48:33
[2019.01.05-02.48.33:875][ 15]CompilerResultsLog: Using 'git status' to determine working set for adaptive non-unity build.
[2019.01.05-02.48.33:875][ 15]CompilerResultsLog: Compiling game modules for hot reload
[2019.01.05-02.48.33:876][ 15]CompilerResultsLog: Building 3 actions with 4 processes...
[2019.01.05-02.48.33:876][ 15]CompilerResultsLog:   [1/3] TGP_DuosCharacter.cpp
[2019.01.05-02.48.33:876][ 15]CompilerResultsLog:    C:\Users\ryem_\source\repos\TGP-Duos\TGP_Duos\Source\TGP_Duos\TGP_DuosCharacter.cpp(114) : error C3867: 'std::basic_string<char,std::char_traits<char>,std::allocator<char>>::c_str': non-standard syntax; use '&' to create a pointer to member
[2019.01.05-02.48.33:876][ 15]CompilerResultsLog:    C:\Users\ryem_\source\repos\TGP-Duos\TGP_Duos\Source\TGP_Duos\TGP_DuosCharacter.cpp(114) : error C2297: '+': illegal, right operand has type 'const _Elem *(__cdecl std::basic_string<_Elem,std::char_traits<char>,std::allocator<char>>::* )(void) noexcept const'
[2019.01.05-02.48.33:877][ 15]CompilerResultsLog:           with
[2019.01.05-02.48.33:877][ 15]CompilerResultsLog:           [
[2019.01.05-02.48.33:877][ 15]CompilerResultsLog:               _Elem=char
[2019.01.05-02.48.33:877][ 15]CompilerResultsLog:           ]
[2019.01.05-02.48.33:878][ 15]CompilerResultsLog:    C:\Users\ryem_\source\repos\TGP-Duos\TGP_Duos\Source\TGP_Duos\TGP_DuosCharacter.cpp(114) : error C2661: 'UEngine::AddOnScreenDebugMessage': no overloaded function takes 3 arguments
[2019.01.05-02.48.33:878][ 15]CompilerResultsLog:    C:\Users\ryem_\source\repos\TGP-Duos\TGP_Duos\Source\TGP_Duos\TGP_DuosCharacter.cpp(133) : error C3867: 'std::basic_string<char,std::char_traits<char>,std::allocator<char>>::c_str': non-standard syntax; use '&' to create a pointer to member
[2019.01.05-02.48.33:879][ 15]CompilerResultsLog:    C:\Users\ryem_\source\repos\TGP-Duos\TGP_Duos\Source\TGP_Duos\TGP_DuosCharacter.cpp(133) : error C2297: '+': illegal, right operand has type 'const _Elem *(__cdecl std::basic_string<_Elem,std::char_traits<char>,std::allocator<char>>::* )(void) noexcept const'
[2019.01.05-02.48.33:879][ 15]CompilerResultsLog:           with
[2019.01.05-02.48.33:879][ 15]CompilerResultsLog:           [
[2019.01.05-02.48.33:880][ 15]CompilerResultsLog:               _Elem=char
[2019.01.05-02.48.33:880][ 15]CompilerResultsLog:           ]
[2019.01.05-02.48.33:880][ 15]CompilerResultsLog:    C:\Users\ryem_\source\repos\TGP-Duos\TGP_Duos\Source\TGP_Duos\TGP_DuosCharacter.cpp(133) : error C2661: 'UEngine::AddOnScreenDebugMessage': no overloaded function takes 3 arguments
[2019.01.05-02.48.33:881][ 15]CompilerResultsLog:    C:\Users\ryem_\source\repos\TGP-Duos\TGP_Duos\Source\TGP_Duos\TGP_DuosCharacter.cpp(153) : error C3867: 'std::basic_string<char,std::char_traits<char>,std::allocator<char>>::c_str': non-standard syntax; use '&' to create a pointer to member
[2019.01.05-02.48.33:882][ 15]CompilerResultsLog:    C:\Users\ryem_\source\repos\TGP-Duos\TGP_Duos\Source\TGP_Duos\TGP_DuosCharacter.cpp(153) : error C2297: '+': illegal, right operand has type 'const _Elem *(__cdecl std::basic_string<_Elem,std::char_traits<char>,std::allocator<char>>::* )(void) noexcept const'
[2019.01.05-02.48.33:882][ 15]CompilerResultsLog:           with
[2019.01.05-02.48.33:882][ 15]CompilerResultsLog:           [
[2019.01.05-02.48.33:883][ 15]CompilerResultsLog:               _Elem=char
[2019.01.05-02.48.33:883][ 15]CompilerResultsLog:           ]
[2019.01.05-02.48.33:883][ 15]CompilerResultsLog:    C:\Users\ryem_\source\repos\TGP-Duos\TGP_Duos\Source\TGP_Duos\TGP_DuosCharacter.cpp(153) : error C2661: 'UEngine::AddOnScreenDebugMessage': no overloaded function takes 3 arguments
[2019.01.05-02.48.33:883][ 15]CompilerResultsLog: ERROR: UBT ERROR: Failed to produce item: C:\Users\ryem_\source\repos\TGP-Duos\TGP_Duos\Binaries\Win64\UE4Editor-TGP_Duos-8482.dll
[2019.01.05-02.48.33:884][ 15]CompilerResultsLog:        (see ../Programs/UnrealBuildTool/Log.txt for full exception trace)
[2019.01.05-02.48.33:884][ 15]CompilerResultsLog: Total build time: 17.51 seconds (Parallel executor: 0.00 seconds)
[2019.01.05-02.48.33:884][ 15]LogMainFrame: MainFrame: Module compiling took 18.049 seconds
[2019.01.05-02.48.33:885][ 15]Warning: HotReload failed, recompile failed
[2019.01.05-02.48.57:658][537]LogSlate: Window 'Message Log' being destroyed
[2019.01.05-02.48.57:666][537]LogSlate: Window 'Message Log' being destroyed
[2019.01.05-02.49.38:265][817]Candidate modules for hot reload:
[2019.01.05-02.49.38:266][817]  TGP_Duos
[2019.01.05-02.49.38:266][817]Launching UnrealBuildTool... [C:/Program Files/Epic Games/UE_4.20/Engine/Binaries/DotNET/UnrealBuildTool.exe  -ModuleWithSuffix=TGP_Duos,2012 Win64 Development -TargetType=Editor -Project="../../../../../../Users/ryem_/source/repos/TGP-Duos/TGP_Duos/TGP_Duos.uproject" -canskiplink "C:/Users/ryem_/source/repos/TGP-Duos/TGP_Duos/TGP_Duos.uproject" ]
[2019.01.05-02.49.38:269][817]Warning: Starting HotReload took  0.0s.
[2019.01.05-02.49.58:141][150]CompilerResultsLog: New page: Compilation - 5 Jan 2019 02:49:58
[2019.01.05-02.49.58:142][150]CompilerResultsLog: Using 'git status' to determine working set for adaptive non-unity build.
[2019.01.05-02.49.58:142][150]CompilerResultsLog: Compiling game modules for hot reload
[2019.01.05-02.49.58:142][150]CompilerResultsLog: Building 3 actions with 4 processes...
[2019.01.05-02.49.58:142][150]CompilerResultsLog:   [1/3] TGP_DuosCharacter.cpp
[2019.01.05-02.49.58:143][150]CompilerResultsLog:    C:\Users\ryem_\source\repos\TGP-Duos\TGP_Duos\Source\TGP_Duos\TGP_DuosCharacter.cpp(114) : error C3867: 'std::basic_string<char,std::char_traits<char>,std::allocator<char>>::c_str': non-standard syntax; use '&' to create a pointer to member
[2019.01.05-02.49.58:144][150]CompilerResultsLog:    C:\Users\ryem_\source\repos\TGP-Duos\TGP_Duos\Source\TGP_Duos\TGP_DuosCharacter.cpp(114) : error C2661: 'UEngine::AddOnScreenDebugMessage': no overloaded function takes 3 arguments
[2019.01.05-02.49.58:145][150]CompilerResultsLog:    C:\Users\ryem_\source\repos\TGP-Duos\TGP_Duos\Source\TGP_Duos\TGP_DuosCharacter.cpp(133) : error C3867: 'std::basic_string<char,std::char_traits<char>,std::allocator<char>>::c_str': non-standard syntax; use '&' to create a pointer to member
[2019.01.05-02.49.58:145][150]CompilerResultsLog:    C:\Users\ryem_\source\repos\TGP-Duos\TGP_Duos\Source\TGP_Duos\TGP_DuosCharacter.cpp(133) : error C2661: 'UEngine::AddOnScreenDebugMessage': no overloaded function takes 3 arguments
[2019.01.05-02.49.58:146][150]CompilerResultsLog:    C:\Users\ryem_\source\repos\TGP-Duos\TGP_Duos\Source\TGP_Duos\TGP_DuosCharacter.cpp(153) : error C3867: 'std::basic_string<char,std::char_traits<char>,std::allocator<char>>::c_str': non-standard syntax; use '&' to create a pointer to member
[2019.01.05-02.49.58:147][150]CompilerResultsLog:    C:\Users\ryem_\source\repos\TGP-Duos\TGP_Duos\Source\TGP_Duos\TGP_DuosCharacter.cpp(153) : error C2661: 'UEngine::AddOnScreenDebugMessage': no overloaded function takes 3 arguments
[2019.01.05-02.49.58:148][150]CompilerResultsLog: ERROR: UBT ERROR: Failed to produce item: C:\Users\ryem_\source\repos\TGP-Duos\TGP_Duos\Binaries\Win64\UE4Editor-TGP_Duos-2012.dll
[2019.01.05-02.49.58:148][150]CompilerResultsLog:        (see ../Programs/UnrealBuildTool/Log.txt for full exception trace)
[2019.01.05-02.49.58:149][150]CompilerResultsLog: Total build time: 19.45 seconds (Parallel executor: 0.00 seconds)
[2019.01.05-02.49.58:149][150]LogMainFrame: MainFrame: Module compiling took 19.890 seconds
[2019.01.05-02.49.58:150][150]Warning: HotReload failed, recompile failed
[2019.01.05-02.50.02:660][647]LogSavePackage: Moving '../../../../../../Users/ryem_/source/repos/TGP-Duos/TGP_Duos/Saved/FirstPersonExampleMap_Auto14EEC40CF43652FB1577760B6FF9650E3.tmp' to '../../../../../../Users/ryem_/source/repos/TGP-Duos/TGP_Duos/Saved/Autosaves/Game/FirstPersonCPP/Maps/FirstPersonExampleMap_Auto1.umap'
[2019.01.05-02.50.02:667][647]LogFileHelpers: Editor autosave (incl. sublevels) for '/Game/FirstPersonCPP/Maps/FirstPersonExampleMap' took 0.281
[2019.01.05-02.50.02:667][647]LogFileHelpers: Editor autosave (incl. sublevels) for all levels took 0.281
[2019.01.05-02.50.13:196][683]LogSlate: Window 'Message Log' being destroyed
[2019.01.05-02.50.13:205][683]LogSlate: Window 'Message Log' being destroyed
[2019.01.05-02.52.35:846][388]Candidate modules for hot reload:
[2019.01.05-02.52.35:847][388]  TGP_Duos
[2019.01.05-02.52.35:848][388]Launching UnrealBuildTool... [C:/Program Files/Epic Games/UE_4.20/Engine/Binaries/DotNET/UnrealBuildTool.exe  -ModuleWithSuffix=TGP_Duos,5260 Win64 Development -TargetType=Editor -Project="../../../../../../Users/ryem_/source/repos/TGP-Duos/TGP_Duos/TGP_Duos.uproject" -canskiplink "C:/Users/ryem_/source/repos/TGP-Duos/TGP_Duos/TGP_Duos.uproject" ]
[2019.01.05-02.52.35:850][388]Warning: Starting HotReload took  0.0s.
[2019.01.05-02.52.59:634][190]CompilerResultsLog: New page: Compilation - 5 Jan 2019 02:52:59
[2019.01.05-02.52.59:634][190]CompilerResultsLog: Using 'git status' to determine working set for adaptive non-unity build.
[2019.01.05-02.52.59:635][190]CompilerResultsLog: Compiling game modules for hot reload
[2019.01.05-02.52.59:635][190]CompilerResultsLog: Building 3 actions with 4 processes...
[2019.01.05-02.52.59:636][190]CompilerResultsLog:   [1/3] TGP_DuosCharacter.cpp
[2019.01.05-02.52.59:637][190]CompilerResultsLog:   [2/3] UE4Editor-TGP_Duos-5260.lib
[2019.01.05-02.52.59:637][190]CompilerResultsLog:      Creating library C:\Users\ryem_\source\repos\TGP-Duos\TGP_Duos\Intermediate\Build\Win64\UE4Editor\Development\TGP_Duos\UE4Editor-TGP_Duos-5260.lib and object C:\Users\ryem_\source\repos\TGP-Duos\TGP_Duos\Intermediate\Build\Win64\UE4Editor\Development\TGP_Duos\UE4Editor-TGP_Duos-5260.exp
[2019.01.05-02.52.59:637][190]CompilerResultsLog:   [3/3] UE4Editor-TGP_Duos-5260.dll
[2019.01.05-02.52.59:637][190]CompilerResultsLog:      Creating library C:\Users\ryem_\source\repos\TGP-Duos\TGP_Duos\Intermediate\Build\Win64\UE4Editor\Development\TGP_Duos\UE4Editor-TGP_Duos-5260.suppressed.lib and object C:\Users\ryem_\source\repos\TGP-Duos\TGP_Duos\Intermediate\Build\Win64\UE4Editor\Development\TGP_Duos\UE4Editor-TGP_Duos-5260.suppressed.exp
[2019.01.05-02.52.59:638][190]CompilerResultsLog: Total build time: 23.35 seconds (Parallel executor: 19.29 seconds)
[2019.01.05-02.52.59:639][190]LogMainFrame: MainFrame: Module compiling took 23.799 seconds
[2019.01.05-02.52.59:733][190]LogContentBrowser: Native class hierarchy updated for 'TGP_Duos' in 0.0008 seconds. Added 6 classes and 3 folders.
[2019.01.05-02.52.59:737][190]Display: HotReload successful (2 functions remapped  0 scriptstructs remapped)
[2019.01.05-02.53.00:099][190]LogContentBrowser: Native class hierarchy populated in 0.0103 seconds. Added 2579 classes and 608 folders.
[2019.01.05-02.53.00:099][190]Display: HotReload took 24.3s.
[2019.01.05-02.53.03:699][621]LogTemp: Repeating last play command: Selected Viewport
[2019.01.05-02.53.03:725][621]LogBlueprintUserMessages: Early PlayInEditor Detection: Level '/Game/FirstPersonCPP/Maps/FirstPersonExampleMap.FirstPersonExampleMap:PersistentLevel' has LevelScriptBlueprint '/Game/FirstPersonCPP/Maps/FirstPersonExampleMap.FirstPersonExampleMap:PersistentLevel.FirstPersonExampleMap' with GeneratedClass '/Game/FirstPersonCPP/Maps/FirstPersonExampleMap.FirstPersonExampleMap_C' with ClassGeneratedBy '/Game/FirstPersonCPP/Maps/FirstPersonExampleMap.FirstPersonExampleMap:PersistentLevel.FirstPersonExampleMap'
[2019.01.05-02.53.03:726][621]LogPlayLevel: PlayLevel: No blueprints needed recompiling
[2019.01.05-02.53.03:726][621]PIE: New page: PIE session: FirstPersonExampleMap (5 Jan 2019 02:53:03)
[2019.01.05-02.53.03:727][621]LogPlayLevel: Creating play world package: /Game/FirstPersonCPP/Maps/UEDPIE_0_FirstPersonExampleMap
[2019.01.05-02.53.03:743][621]LogPlayLevel: PIE: StaticDuplicateObject took: (0.016451s)
[2019.01.05-02.53.03:745][621]LogAIModule: Creating AISystem for world FirstPersonExampleMap
[2019.01.05-02.53.03:745][621]LogPlayLevel: PIE: World Init took: (0.001216s)
[2019.01.05-02.53.03:745][621]LogPlayLevel: PIE: Created PIE world by copying editor world from /Game/FirstPersonCPP/Maps/FirstPersonExampleMap.FirstPersonExampleMap to /Game/FirstPersonCPP/Maps/UEDPIE_0_FirstPersonExampleMap.FirstPersonExampleMap (0.018533s)
[2019.01.05-02.53.03:879][621]LogInit: XAudio2 using 'Speakers (3- Logitech G430 Gaming Headset)' : 6 channels at 48 kHz using 16 bits per sample (channel mask 0x3f)
[2019.01.05-02.53.03:908][621]LogInit: FAudioDevice initialized.
[2019.01.05-02.53.03:940][621]LogLoad: Game class is 'TGP_DuosGameMode'
[2019.01.05-02.53.03:943][621]LogWorld: Bringing World /Game/FirstPersonCPP/Maps/UEDPIE_0_FirstPersonExampleMap.FirstPersonExampleMap up for play (max tick rate 0) at 2019.01.05-02.53.03
[2019.01.05-02.53.03:944][621]LogWorld: Bringing up level for play took: 0.002720
[2019.01.05-02.53.03:958][621]PIE: Play in editor start time for /Game/FirstPersonCPP/Maps/UEDPIE_0_FirstPersonExampleMap -0.389
[2019.01.05-02.53.03:959][621]LogBlueprintUserMessages: Late PlayInEditor Detection: Level '/Game/FirstPersonCPP/Maps/FirstPersonExampleMap.FirstPersonExampleMap:PersistentLevel' has LevelScriptBlueprint '/Game/FirstPersonCPP/Maps/FirstPersonExampleMap.FirstPersonExampleMap:PersistentLevel.FirstPersonExampleMap' with GeneratedClass '/Game/FirstPersonCPP/Maps/FirstPersonExampleMap.FirstPersonExampleMap_C' with ClassGeneratedBy '/Game/FirstPersonCPP/Maps/FirstPersonExampleMap.FirstPersonExampleMap:PersistentLevel.FirstPersonExampleMap'
