Log file open, 01/05/19 00:16:17
LogWindows: Failed to load 'aqProf.dll' (GetLastError=126)
LogWindows: File 'aqProf.dll' does not exist
LogWindows: Failed to load 'VSPerf140.dll' (GetLastError=126)
LogWindows: File 'VSPerf140.dll' does not exist
LogWindows: Failed to load 'VtuneApi.dll' (GetLastError=126)
LogWindows: File 'VtuneApi.dll' does not exist
LogWindows: Failed to load 'VtuneApi32e.dll' (GetLastError=126)
LogWindows: File 'VtuneApi32e.dll' does not exist
LogInit: Display: Running engine for game: TGP_Duos
LogPlatformFile: Not using cached read wrapper
LogTaskGraph: Started task graph with 5 named threads and 14 total threads with 3 sets of task threads.
LogStats: Stats thread started at 0.337004
LogD3D11RHI: Loaded GFSDK_Aftermath_Lib.x64.dll
LogICUInternationalization: Display: ICU TimeZone Detection - Raw Offset: +0:00, Platform Override: ''
LogPluginManager: Mounting plugin Paper2D
LogPluginManager: Mounting plugin AISupport
LogPluginManager: Mounting plugin LightPropagationVolume
LogPluginManager: Mounting plugin CLionSourceCodeAccess
LogPluginManager: Mounting plugin CodeLiteSourceCodeAccess
LogPluginManager: Mounting plugin GitSourceControl
LogPluginManager: Mounting plugin KDevelopSourceCodeAccess
LogPluginManager: Mounting plugin NullSourceCodeAccess
LogPluginManager: Mounting plugin PerforceSourceControl
LogPluginManager: Mounting plugin SubversionSourceControl
LogPluginManager: Mounting plugin UObjectPlugin
LogPluginManager: Mounting plugin VisualStudioCodeSourceCodeAccess
LogPluginManager: Mounting plugin VisualStudioSourceCodeAccess
LogPluginManager: Mounting plugin XCodeSourceCodeAccess
LogPluginManager: Mounting plugin AssetManagerEditor
LogPluginManager: Mounting plugin CryptoKeys
LogPluginManager: Mounting plugin DataValidation
LogPluginManager: Mounting plugin FacialAnimation
LogPluginManager: Mounting plugin GameplayTagsEditor
LogPluginManager: Mounting plugin MacGraphicsSwitching
LogPluginManager: Mounting plugin MeshEditor
LogPluginManager: Mounting plugin MobileLauncherProfileWizard
LogPluginManager: Mounting plugin PluginBrowser
LogPluginManager: Mounting plugin SpeedTreeImporter
LogPluginManager: Mounting plugin DatasmithContent
LogPluginManager: Mounting plugin AlembicImporter
LogPluginManager: Mounting plugin AppleImageUtils
LogPluginManager: Mounting plugin AppleVision
LogPluginManager: Mounting plugin BackChannel
LogPluginManager: Mounting plugin CharacterAI
LogPluginManager: Mounting plugin GeometryCache
LogPluginManager: Mounting plugin HTML5Networking
LogPluginManager: Mounting plugin ProxyLODPlugin
LogPluginManager: Mounting plugin MagicLeap
LogPluginManager: Mounting plugin MagicLeapEmulator
LogPluginManager: Mounting plugin MagicLeapMedia
LogPluginManager: Mounting plugin AndroidMedia
LogPluginManager: Mounting plugin AvfMedia
LogPluginManager: Mounting plugin ImgMedia
LogPluginManager: Mounting plugin LinearTimecode
LogPluginManager: Mounting plugin MediaCompositing
LogPluginManager: Mounting plugin MediaPlayerEditor
LogPluginManager: Mounting plugin WmfMedia
LogPluginManager: Mounting plugin TcpMessaging
LogPluginManager: Mounting plugin UdpMessaging
LogPluginManager: Mounting plugin ActorSequence
LogPluginManager: Mounting plugin LevelSequenceEditor
LogPluginManager: Mounting plugin MatineeToLevelSequence
LogPluginManager: Mounting plugin NetcodeUnitTest
LogPluginManager: Mounting plugin NUTUnrealEngine4
LogPluginManager: Mounting plugin OnlineSubsystemGooglePlay
LogPluginManager: Mounting plugin OnlineSubsystemIOS
LogPluginManager: Mounting plugin OnlineSubsystem
LogPluginManager: Mounting plugin OnlineSubsystemNull
LogPluginManager: Mounting plugin OnlineSubsystemUtils
LogPluginManager: Mounting plugin LauncherChunkInstaller
LogPluginManager: Mounting plugin AndroidDeviceProfileSelector
LogPluginManager: Mounting plugin AndroidMoviePlayer
LogPluginManager: Mounting plugin AndroidPermission
LogPluginManager: Mounting plugin AppleMoviePlayer
LogPluginManager: Mounting plugin ArchVisCharacter
LogPluginManager: Mounting plugin AudioCapture
LogPluginManager: Mounting plugin CableComponent
LogPluginManager: Mounting plugin CustomMeshComponent
LogPluginManager: Mounting plugin EditableMesh
LogPluginManager: Mounting plugin ExampleDeviceProfileSelector
LogPluginManager: Mounting plugin GoogleCloudMessaging
LogPluginManager: Mounting plugin ImmediatePhysics
LogPluginManager: Mounting plugin IOSDeviceProfileSelector
LogPluginManager: Mounting plugin LinuxDeviceProfileSelector
LogPluginManager: Mounting plugin LocationServicesBPLibrary
LogPluginManager: Mounting plugin MobilePatchingUtils
LogPluginManager: Mounting plugin OculusVR
LogPluginManager: Plugin shader directory ../../../Engine/Plugins/Runtime/Oculus/OculusVR/Shaders found
LogPluginManager: Mapping shader source directory ../../../Engine/Plugins/Runtime/Oculus/OculusVR/Shaders to virtual directory /Plugin/OculusVR
LogPluginManager: Mounting plugin PhysXVehicles
LogPluginManager: Mounting plugin ProceduralMeshComponent
LogPluginManager: Mounting plugin RuntimePhysXCooking
LogPluginManager: Mounting plugin SteamVR
LogPluginManager: Mounting plugin WindowsMoviePlayer
LogStreaming: Display: Took  0.177s to configure plugins.
LogInit: Using libcurl 7.55.1-DEV
LogInit:  - built for x86_64-pc-win32
LogInit:  - supports SSL with OpenSSL/1.0.2h
LogInit:  - supports HTTP deflate (compression) using libz 1.2.8
LogInit:  - other features:
LogInit:      CURL_VERSION_SSL
LogInit:      CURL_VERSION_LIBZ
LogInit:      CURL_VERSION_IPV6
LogInit:      CURL_VERSION_ASYNCHDNS
LogInit:      CURL_VERSION_LARGEFILE
LogInit:      CURL_VERSION_IDN
LogInit:  CurlRequestOptions (configurable via config and command line):
LogInit:  - bVerifyPeer = false  - Libcurl will NOT verify peer certificate
LogInit:  - bUseHttpProxy = false  - Libcurl will NOT use HTTP proxy
LogInit:  - bDontReuseConnections = false  - Libcurl will reuse connections
LogInit:  - CertBundlePath = nullptr  - Libcurl will use whatever was configured at build time.
LogInit:  - MaxHostConnections = 16  - Libcurl will limit the number of connections to a host
LogInit:  - LocalHostAddr = Default
LogInit:  - BufferSize = 65536
LogInit: WinSock: version 1.1 (2.2), MaxSocks=32767, MaxUdp=65467
LogInit: Build: ++UE4+Release-4.20-CL-4369336
LogInit: Engine Version: 4.20.3-4369336+++UE4+Release-4.20
LogInit: Compatible Engine Version: 4.20.0-4212847+++UE4+Release-4.20
LogInit: Net CL: 4212847
LogInit: OS: Windows 10 (), CPU: Intel(R) Core(TM) i5-4460  CPU @ 3.20GHz, GPU: NVIDIA GeForce GTX 1060 6GB
LogInit: Compiled (64-bit): Sep 17 2018 12:26:19
LogInit: Compiled with Visual C++: 19.13.26129.00
LogInit: Build Configuration: Development
LogInit: Branch Name: ++UE4+Release-4.20
LogInit: Command Line:  -skipcompile
LogInit: Base Directory: C:/Program Files/Epic Games/UE_4.20/Engine/Binaries/Win64/
LogInit: Installed Engine Build: 1
LogDevObjectVersion: Number of dev versions registered: 20
LogDevObjectVersion:   Dev-Blueprints (B0D832E4-1F89-4F0D-ACCF-7EB736FD4AA2): 10
LogDevObjectVersion:   Dev-Build (E1C64328-A22C-4D53-A36C-8E866417BD8C): 0
LogDevObjectVersion:   Dev-Core (375EC13C-06E4-48FB-B500-84F0262A717E): 2
LogDevObjectVersion:   Dev-Editor (E4B068ED-F494-42E9-A231-DA0B2E46BB41): 24
LogDevObjectVersion:   Dev-Framework (CFFC743F-43B0-4480-9391-14DF171D2073): 34
LogDevObjectVersion:   Dev-Mobile (B02B49B5-BB20-44E9-A304-32B752E40360): 2
LogDevObjectVersion:   Dev-Networking (A4E4105C-59A1-49B5-A7C5-40C4547EDFEE): 0
LogDevObjectVersion:   Dev-Online (39C831C9-5AE6-47DC-9A44-9C173E1C8E7C): 0
LogDevObjectVersion:   Dev-Physics (78F01B33-EBEA-4F98-B9B4-84EACCB95AA2): 0
LogDevObjectVersion:   Dev-Platform (6631380F-2D4D-43E0-8009-CF276956A95A): 0
LogDevObjectVersion:   Dev-Rendering (12F88B9F-8875-4AFC-A67C-D90C383ABD29): 26
LogDevObjectVersion:   Dev-Sequencer (7B5AE74C-D270-4C10-A958-57980B212A5A): 9
LogDevObjectVersion:   Dev-VR (D7296918-1DD6-4BDD-9DE2-64A83CC13884): 2
LogDevObjectVersion:   Dev-LoadTimes (C2A15278-BFE7-4AFE-6C17-90FF531DF755): 1
LogDevObjectVersion:   Private-Geometry (6EACA3D4-40EC-4CC1-B786-8BED09428FC5): 3
LogDevObjectVersion:   Dev-AnimPhys (29E575DD-E0A3-4627-9D10-D276232CDCEA): 17
LogDevObjectVersion:   Dev-ReflectionCapture (6B266CEC-1EC7-4B8F-A30B-E4D90942FC07): 1
LogDevObjectVersion:   Dev-Automation (0DF73D61-A23F-47EA-B727-89E90C41499A): 1
LogDevObjectVersion:   FortniteMain (601D1886-AC64-4F84-AA16-D3DE0DEAC7D6): 12
LogDevObjectVersion:   Dev-Enterprise (9DFFBCD6-494F-0158-E221-12823C92A888): 1
LogStreaming: Display: Took  0.005s to delete old logs.
LogInit: Presizing for max 8388607 objects, including 0 objects not considered by GC, pre-allocating 0 bytes for permanent pool.
LogInit: Object subsystem initialized
[2019.01.05-00.16.17:755][  0]LogInit: Selected Device Profile: [Windows]
[2019.01.05-00.16.17:755][  0]LogInit: Applying CVar settings loaded from the selected device profile: [Windows]
[2019.01.05-00.16.17:770][  0]LogHAL: Display: Platform has ~ 12 GB [12738658304 / 17179869184 / 12], which maps to Larger [LargestMinGB=32, LargerMinGB=12, DefaultMinGB=8, SmallerMinGB=6, SmallestMinGB=0)
[2019.01.05-00.16.17:770][  0]LogInit: Setting Device Profile CVar: [[r.Vulkan.UseRealUBs:1]]
[2019.01.05-00.16.17:770][  0]LogInit: Going up to parent DeviceProfile []
[2019.01.05-00.16.17:771][  0]LogInit: Computer: DESKTOP-HAL-02
[2019.01.05-00.16.17:771][  0]LogInit: User: ryem
[2019.01.05-00.16.17:771][  0]LogInit: CPU Page size=4096, Cores=4
[2019.01.05-00.16.17:771][  0]LogInit: High frequency timer resolution =3.124998 MHz
[2019.01.05-00.16.17:772][  0]LogMemory: Memory total: Physical=11.9GB (12GB approx)
[2019.01.05-00.16.17:772][  0]LogMemory: Platform Memory Stats for Windows
[2019.01.05-00.16.17:772][  0]LogMemory: Process Physical Memory: 101.43 MB used, 101.43 MB peak
[2019.01.05-00.16.17:772][  0]LogMemory: Process Virtual Memory: 84.43 MB used, 84.43 MB peak
[2019.01.05-00.16.17:772][  0]LogMemory: Physical Memory: 7979.02 MB used,  4169.52 MB free, 12148.53 MB total
[2019.01.05-00.16.17:772][  0]LogMemory: Virtual Memory: 4620.54 MB used,  4169.52 MB free, 134217728.00 MB total
[2019.01.05-00.16.17:945][  0]LogInit: Using OS detected language (en-GB).
[2019.01.05-00.16.17:945][  0]LogInit: Using OS detected locale (en-GB).
[2019.01.05-00.16.17:946][  0]LogTextLocalizationManager: No specific localization for 'en-GB' exists, so the 'en' localization will be used.
[2019.01.05-00.16.18:445][  0]LogStreaming: Display: Took  0.500s to InitEngineTextLocalization.
[2019.01.05-00.16.18:445][  0]LogInit: Setting process to per monitor DPI aware
[2019.01.05-00.16.18:555][  0]LogSlate: New Slate User Created.  User Index 0, Is Virtual User: 0
[2019.01.05-00.16.18:555][  0]LogSlate: Slate User Registered.  User Index 0, Is Virtual User: 0
[2019.01.05-00.16.19:315][  0]LogHMD: Failed to initialize OpenVR with code 110
[2019.01.05-00.16.19:315][  0]LogD3D11RHI: D3D11 adapters:
[2019.01.05-00.16.19:415][  0]LogD3D11RHI:    0. 'NVIDIA GeForce GTX 1060 6GB' (Feature Level 11_0)
[2019.01.05-00.16.19:415][  0]LogD3D11RHI:       6052/0/6074 MB DedicatedVideo/DedicatedSystem/SharedSystem, Outputs:1, VendorId:0x10de
[2019.01.05-00.16.19:435][  0]LogD3D11RHI:    1. 'Intel(R) HD Graphics 4600' (Feature Level 11_0)
[2019.01.05-00.16.19:435][  0]LogD3D11RHI:       112/0/2048 MB DedicatedVideo/DedicatedSystem/SharedSystem, Outputs:0, VendorId:0x8086
[2019.01.05-00.16.19:441][  0]LogD3D11RHI:    2. 'Microsoft Basic Render Driver' (Feature Level 11_0)
[2019.01.05-00.16.19:442][  0]LogD3D11RHI:       0/0/6074 MB DedicatedVideo/DedicatedSystem/SharedSystem, Outputs:0, VendorId:0x1414
[2019.01.05-00.16.19:442][  0]LogD3D11RHI: Chosen D3D11 Adapter: 0
[2019.01.05-00.16.19:453][  0]LogD3D11RHI: Creating new Direct3DDevice
[2019.01.05-00.16.19:453][  0]LogD3D11RHI:     GPU DeviceId: 0x1c03 (for the marketing name, search the web for "GPU Device Id")
[2019.01.05-00.16.19:453][  0]LogWindows: EnumDisplayDevices:
[2019.01.05-00.16.19:453][  0]LogWindows:    0. 'NVIDIA GeForce GTX 1060 6GB' (P:1 D:1)
[2019.01.05-00.16.19:454][  0]LogWindows:    1. 'NVIDIA GeForce GTX 1060 6GB' (P:0 D:0)
[2019.01.05-00.16.19:454][  0]LogWindows:    2. 'NVIDIA GeForce GTX 1060 6GB' (P:0 D:0)
[2019.01.05-00.16.19:455][  0]LogWindows:    3. 'NVIDIA GeForce GTX 1060 6GB' (P:0 D:0)
[2019.01.05-00.16.19:455][  0]LogWindows:    4. 'Intel(R) HD Graphics 4600' (P:0 D:0)
[2019.01.05-00.16.19:455][  0]LogWindows:    5. 'Intel(R) HD Graphics 4600' (P:0 D:0)
[2019.01.05-00.16.19:456][  0]LogWindows:    6. 'Intel(R) HD Graphics 4600' (P:0 D:0)
[2019.01.05-00.16.19:456][  0]LogWindows: DebugString: PrimaryIsNotTheChoosenAdapter PrimaryIsNotTheChoosenAdapter PrimaryIsNotTheChoosenAdapter FoundDriverCount:4 
[2019.01.05-00.16.19:456][  0]LogD3D11RHI:     Adapter Name: NVIDIA GeForce GTX 1060 6GB
[2019.01.05-00.16.19:456][  0]LogD3D11RHI:   Driver Version: 417.35 (internal:25.21.14.1735, unified:417.35)
[2019.01.05-00.16.19:456][  0]LogD3D11RHI:      Driver Date: 12-11-2018
[2019.01.05-00.16.19:457][  0]LogRHI: Texture pool is 4236 MB (70% of 6052 MB)
[2019.01.05-00.16.19:516][  0]LogD3D11RHI: Async texture creation enabled
[2019.01.05-00.16.19:565][  0]LogD3D11RHI: GPU Timing Frequency: 1000.000000 (Debug: 2 2)
[2019.01.05-00.16.19:617][  0]LogShaderCompilers: Guid format shader working directory is -15 characters bigger than the processId version (../../../../../../Users/ryem_/source/repos/TGP-Duos/TGP_Duos/Intermediate/Shaders/WorkingDirectory/16560/).
[2019.01.05-00.16.19:617][  0]LogShaderCompilers: Cleaned the shader compiler working directory 'C:/Users/ryem_/AppData/Local/Temp/UnrealShaderWorkingDir/423FC5274626783E112222A556F950B5/'.
[2019.01.05-00.16.19:965][  0]LogTemp: Display: Loaded TP AllDesktopTargetPlatform
[2019.01.05-00.16.19:984][  0]LogTemp: Display: Loaded TP MacClientTargetPlatform
[2019.01.05-00.16.20:004][  0]LogTemp: Display: Loaded TP MacNoEditorTargetPlatform
[2019.01.05-00.16.20:023][  0]LogTemp: Display: Loaded TP MacServerTargetPlatform
[2019.01.05-00.16.20:042][  0]LogTemp: Display: Loaded TP MacTargetPlatform
[2019.01.05-00.16.20:061][  0]LogTemp: Display: Loaded TP WindowsClientTargetPlatform
[2019.01.05-00.16.20:081][  0]LogTemp: Display: Loaded TP WindowsNoEditorTargetPlatform
[2019.01.05-00.16.20:100][  0]LogTemp: Display: Loaded TP WindowsServerTargetPlatform
[2019.01.05-00.16.20:112][  0]LogTemp: Display: Loaded TP WindowsTargetPlatform
[2019.01.05-00.16.20:206][  0]LogTemp: Display: Loaded TP AndroidTargetPlatform
[2019.01.05-00.16.20:206][  0]LogTemp: Display: Loaded TP AndroidTargetPlatform
[2019.01.05-00.16.20:206][  0]LogTemp: Display: Loaded TP AndroidTargetPlatform
[2019.01.05-00.16.20:206][  0]LogTemp: Display: Loaded TP AndroidTargetPlatform
[2019.01.05-00.16.20:206][  0]LogTemp: Display: Loaded TP AndroidTargetPlatform
[2019.01.05-00.16.20:206][  0]LogTemp: Display: Loaded TP AndroidTargetPlatform
[2019.01.05-00.16.20:206][  0]LogTemp: Display: Loaded TP AndroidTargetPlatform
[2019.01.05-00.16.20:206][  0]LogTemp: Display: Loaded TP AndroidTargetPlatform
[2019.01.05-00.16.20:206][  0]LogTemp: Display: Loaded TP AndroidTargetPlatform
[2019.01.05-00.16.20:206][  0]LogTemp: Display: Loaded TP AndroidTargetPlatform
[2019.01.05-00.16.20:206][  0]LogTemp: Display: Loaded TP AndroidTargetPlatform
[2019.01.05-00.16.20:206][  0]LogTemp: Display: Loaded TP AndroidTargetPlatform
[2019.01.05-00.16.20:206][  0]LogTemp: Display: Loaded TP AndroidTargetPlatform
[2019.01.05-00.16.20:206][  0]LogTemp: Display: Loaded TP AndroidTargetPlatform
[2019.01.05-00.16.20:207][  0]LogTemp: Display: Loaded TP AndroidTargetPlatform
[2019.01.05-00.16.20:207][  0]LogTemp: Display: Loaded TP AndroidTargetPlatform
[2019.01.05-00.16.20:207][  0]LogTemp: Display: Loaded TP AndroidTargetPlatform
[2019.01.05-00.16.20:207][  0]LogTemp: Display: Loaded TP AndroidTargetPlatform
[2019.01.05-00.16.20:211][  0]LogTemp: Display: Loaded TP HTML5TargetPlatform
[2019.01.05-00.16.20:293][  0]LogTemp: Display: Loaded TP IOSTargetPlatform
[2019.01.05-00.16.20:293][  0]LogTemp: Display: Loaded TP IOSTargetPlatform
[2019.01.05-00.16.20:322][  0]LogTemp: Display: Loaded TP TVOSTargetPlatform
[2019.01.05-00.16.20:323][  0]LogTemp: Display: Loaded TP TVOSTargetPlatform
[2019.01.05-00.16.20:339][  0]LogTemp: Display: Loaded TP LinuxClientTargetPlatform
[2019.01.05-00.16.20:357][  0]LogTemp: Display: Loaded TP LinuxNoEditorTargetPlatform
[2019.01.05-00.16.20:378][  0]LogTemp: Display: Loaded TP LinuxServerTargetPlatform
[2019.01.05-00.16.20:399][  0]LogTemp: Display: Loaded TP LinuxTargetPlatform
[2019.01.05-00.16.20:416][  0]LogTemp: Display: Loaded TP LuminTargetPlatform
[2019.01.05-00.16.20:417][  0]LogTargetPlatformManager: Display: Building Assets For Windows
[2019.01.05-00.16.20:593][  0]LogXGEController: Cleaning working directory: C:/Users/ryem_/AppData/Local/Temp/UnrealXGEWorkingDir/
[2019.01.05-00.16.20:594][  0]LogXGEController: Cannot use XGE Controller as Incredibuild is not installed on this machine.
[2019.01.05-00.16.20:594][  0]LogShaderCompilers: Cannot use XGE Shader Compiler as Incredibuild is not installed on this machine.
[2019.01.05-00.16.20:594][  0]LogShaderCompilers: Display: Using Local Shader Compiler.
[2019.01.05-00.16.21:519][  0]LogDerivedDataCache: Display: Max Cache Size: 512 MB
[2019.01.05-00.16.21:614][  0]LogDerivedDataCache: Loaded boot cache 0.10s 75MB C:/Users/ryem_/AppData/Local/UnrealEngine/4.20/DerivedDataCache/Boot.ddc.
[2019.01.05-00.16.21:615][  0]LogDerivedDataCache: Display: Loaded Boot cache: C:/Users/ryem_/AppData/Local/UnrealEngine/4.20/DerivedDataCache/Boot.ddc
[2019.01.05-00.16.21:615][  0]LogDerivedDataCache: FDerivedDataBackendGraph:  Pak pak cache file ../../../../../../Users/ryem_/source/repos/TGP-Duos/TGP_Duos/DerivedDataCache/DDC.ddp not found, will not use a pak cache.
[2019.01.05-00.16.21:616][  0]LogDerivedDataCache: Unable to find inner node Pak for hierarchical cache Hierarchy.
[2019.01.05-00.16.21:616][  0]LogDerivedDataCache: FDerivedDataBackendGraph:  CompressedPak pak cache file ../../../../../../Users/ryem_/source/repos/TGP-Duos/TGP_Duos/DerivedDataCache/Compressed.ddp not found, will not use a pak cache.
[2019.01.05-00.16.21:616][  0]LogDerivedDataCache: Unable to find inner node CompressedPak for hierarchical cache Hierarchy.
[2019.01.05-00.16.21:631][  0]LogDerivedDataCache: Display: Pak cache opened for reading ../../../Engine/DerivedDataCache/Compressed.ddp.
[2019.01.05-00.16.21:645][  0]LogDerivedDataCache: Using Local data cache path C:/Users/ryem_/AppData/Local/UnrealEngine/Common/DerivedDataCache: Writable
[2019.01.05-00.16.21:645][  0]LogDerivedDataCache: Shared data cache path not found in *engine.ini, will not use an Shared cache.
[2019.01.05-00.16.21:645][  0]LogDerivedDataCache: Unable to find inner node Shared for hierarchical cache Hierarchy.
[2019.01.05-00.16.21:666][  0]LogMaterial: Verifying Global Shaders for PCD3D_SM5
[2019.01.05-00.16.21:668][  0]LogSlate: Using FreeType 2.6.0
[2019.01.05-00.16.21:669][  0]LogSlate: SlateFontServices - WITH_FREETYPE: 1, WITH_HARFBUZZ: 1
[2019.01.05-00.16.21:764][  0]LogAssetRegistry: FAssetRegistry took 0.0296 seconds to start up
[2019.01.05-00.16.22:139][  0]LogInit: Selected Device Profile: [Windows]
[2019.01.05-00.16.22:232][  0]LogSimplygon: Simplygon DLL not present - disabling.
[2019.01.05-00.16.22:242][  0]LogMeshReduction: Using SimplygonSwarm for distributed automatic mesh merging
[2019.01.05-00.16.22:242][  0]LogMeshReduction: Using ProxyLODMeshReduction for automatic mesh merging
[2019.01.05-00.16.22:243][  0]LogMeshReduction: Using QuadricMeshReduction for automatic static mesh reduction
[2019.01.05-00.16.22:243][  0]LogMeshReduction: No automatic skeletal mesh reduction module available
[2019.01.05-00.16.22:351][  0]LogNetVersion: TGP_Duos 1.0.0, NetCL: 4212847, EngineNetVer: 5, GameNetVer: 0 (Checksum: 2163957344)
[2019.01.05-00.16.23:023][  0]LogPackageLocalizationCache: Processed 11 localized package path(s) for 2 prioritized culture(s) in 0.138147 seconds
[2019.01.05-00.16.23:030][  0]LogUObjectArray: 38425 objects as part of root set at end of initial load.
[2019.01.05-00.16.23:030][  0]LogUObjectAllocator: 6690872 out of 0 bytes used by permanent object pool.
[2019.01.05-00.16.23:030][  0]LogUObjectArray: CloseDisregardForGC: 0/0 objects in disregard for GC pool
[2019.01.05-00.16.26:336][  0]LogTcpMessaging: Initializing TcpMessaging bridge
[2019.01.05-00.16.26:353][  0]LogUdpMessaging: Initializing bridge on interface 0.0.0.0:0 to multicast group 230.0.0.1:6666.
[2019.01.05-00.16.26:861][  0]SourceControl: Source control is disabled
[2019.01.05-00.16.26:862][  0]SourceControl: Source control is disabled
[2019.01.05-00.16.26:867][  0]SourceControl: Source control is disabled
[2019.01.05-00.16.26:874][  0]SourceControl: Source control is disabled
[2019.01.05-00.16.27:166][  0]LogAndroidPermission: UAndroidPermissionCallbackProxy::GetInstance
[2019.01.05-00.16.27:482][  0]LogOcInput: OculusInput pre-init called
[2019.01.05-00.16.27:574][  0]LogEngine: Initializing Engine...
[2019.01.05-00.16.27:575][  0]LogHMD: Failed to initialize OpenVR with code 110
[2019.01.05-00.16.27:576][  0]LogStats: UGameplayTagsManager::ConstructGameplayTagTree: ImportINI prefixes -  0.000 s
[2019.01.05-00.16.27:576][  0]LogStats: UGameplayTagsManager::ConstructGameplayTagTree: Construct from data asset -  0.000 s
[2019.01.05-00.16.27:577][  0]LogStats: UGameplayTagsManager::ConstructGameplayTagTree: ImportINI -  0.000 s
[2019.01.05-00.16.27:577][  0]LogStats: UGameplayTagsManager::ConstructGameplayTagTree: GameplayTagTreeChangedEvent.Broadcast -  0.000 s
[2019.01.05-00.16.27:806][  0]LogInit: Initializing FReadOnlyCVARCache
[2019.01.05-00.16.27:833][  0]LogAIModule: Creating AISystem for world Untitled
[2019.01.05-00.16.28:001][  0]LogInit: XAudio2 using 'Speakers (3- Logitech G430 Gaming Headset)' : 6 channels at 48 kHz using 16 bits per sample (channel mask 0x3f)
[2019.01.05-00.16.28:042][  0]LogInit: FAudioDevice initialized.
[2019.01.05-00.16.28:042][  0]LogNetVersion: Set ProjectVersion to 1.0.0.0. Version Checksum will be recalculated on next use.
[2019.01.05-00.16.28:134][  0]LogDerivedDataCache: Saved boot cache 0.09s 75MB C:/Users/ryem_/AppData/Local/UnrealEngine/4.20/DerivedDataCache/Boot.ddc.
[2019.01.05-00.16.28:138][  0]LogInit: Texture streaming: Enabled
[2019.01.05-00.16.28:181][  0]LogEngineSessionManager: EngineSessionManager initialized
[2019.01.05-00.16.28:181][  0]LogEngineSessionManager: EngineSessionManager sent abnormal shutdown report. Type=Debugger, SessionId={F3B38012-47BB-3BC6-A798-33856C597FF5}
[2019.01.05-00.16.28:202][  0]LogInit: Transaction tracking system initialized
[2019.01.05-00.16.28:267][  0]BlueprintLog: New page: Editor Load
[2019.01.05-00.16.28:541][  0]LocalizationService: Localization service is disabled
[2019.01.05-00.16.28:918][  0]LogCook: Display: Max memory allowance for cook 16384mb min free memory 0mb
[2019.01.05-00.16.28:918][  0]LogCook: Display: Mobile HDR setting 1
[2019.01.05-00.16.28:918][  0]LogGameplayTags: Display: UGameplayTagsManager::DoneAddingNativeTags. DelegateIsBound: 0
[2019.01.05-00.16.28:918][  0]LogStats: UGameplayTagsManager::ConstructGameplayTagTree: ImportINI prefixes -  0.000 s
[2019.01.05-00.16.28:918][  0]LogStats: UGameplayTagsManager::ConstructGameplayTagTree: Construct from data asset -  0.000 s
[2019.01.05-00.16.28:918][  0]LogStats: UGameplayTagsManager::ConstructGameplayTagTree: ImportINI -  0.000 s
[2019.01.05-00.16.28:918][  0]LogStats: UGameplayTagsManager::ConstructGameplayTagTree: GameplayTagTreeChangedEvent.Broadcast -  0.000 s
[2019.01.05-00.16.29:221][  0]LogFileCache: Scanning file cache for directory 'C:/Users/ryem_/source/repos/TGP-Duos/TGP_Duos/Content/' took 0.03s
[2019.01.05-00.16.29:221][  0]SourceControl: Source control is disabled
[2019.01.05-00.16.29:221][  0]Cmd: MAP LOAD FILE="../../../../../../Users/ryem_/source/repos/TGP-Duos/TGP_Duos/Content/FirstPersonCPP/Maps/FirstPersonExampleMap.umap" TEMPLATE=0 SHOWPROGRESS=1 FEATURELEVEL=3
[2019.01.05-00.16.29:222][  0]LightingResults: New page: Lighting Build
[2019.01.05-00.16.29:227][  0]MapCheck: New page: Map Check
[2019.01.05-00.16.29:227][  0]LightingResults: New page: Lighting Build
[2019.01.05-00.16.29:529][  0]LogAIModule: Creating AISystem for world FirstPersonExampleMap
[2019.01.05-00.16.29:540][  0]LogEditorServer: Finished looking for orphan Actors (0.000 secs)
[2019.01.05-00.16.29:565][  0]Cmd: MAP CHECKDEP NOCLEARLOG
[2019.01.05-00.16.29:691][  0]MapCheck: Map check complete: 0 Error(s), 0 Warning(s), took 125.727ms to complete.
[2019.01.05-00.16.29:691][  0]LogFileHelpers: Loading map 'FirstPersonExampleMap' took 0.470
[2019.01.05-00.16.29:871][  0]LogSlate: Updating window title bar state: overlay mode, drag disabled, window buttons hidden, title bar hidden
[2019.01.05-00.16.29:879][  0]LogSlate: Updating window title bar state: overlay mode, drag disabled, window buttons hidden, title bar hidden
[2019.01.05-00.16.29:892][  0]LogSlate: Updating window title bar state: overlay mode, drag disabled, window buttons hidden, title bar hidden
[2019.01.05-00.16.29:901][  0]LogSlate: Updating window title bar state: overlay mode, drag disabled, window buttons hidden, title bar hidden
[2019.01.05-00.16.29:920][  0]LogCollectionManager: Loaded 0 collections in 0.004028 seconds
[2019.01.05-00.16.29:969][  0]LogFileCache: Scanning file cache for directory 'C:/Users/ryem_/source/repos/TGP-Duos/TGP_Duos/Saved/Collections/' took 0.01s
[2019.01.05-00.16.29:969][  0]LogFileCache: Scanning file cache for directory 'C:/Users/ryem_/source/repos/TGP-Duos/TGP_Duos/Content/Developers/ryem/Collections/' took 0.01s
[2019.01.05-00.16.29:969][  0]LogFileCache: Scanning file cache for directory 'C:/Users/ryem_/source/repos/TGP-Duos/TGP_Duos/Content/Collections/' took 0.01s
[2019.01.05-00.16.29:969][  0]LogCollectionManager: Rebuilt the GUID cache for 0 collections in 0.000000 seconds
[2019.01.05-00.16.29:981][  0]LogContentBrowser: Native class hierarchy populated in 0.0113 seconds. Added 2578 classes and 606 folders.
[2019.01.05-00.16.30:016][  0]LogContentBrowser: Native class hierarchy updated for 'WidgetCarousel' in 0.0005 seconds. Added 0 classes and 0 folders.
[2019.01.05-00.16.30:472][  0]LogContentBrowser: Native class hierarchy updated for 'AddContentDialog' in 0.0006 seconds. Added 0 classes and 0 folders.
[2019.01.05-00.16.30:484][  0]LogContentBrowser: Native class hierarchy updated for 'SceneOutliner' in 0.0007 seconds. Added 1 classes and 2 folders.
[2019.01.05-00.16.30:513][  0]LogSlate: Took 0.006484 seconds to synchronously load lazily loaded font '../../../Engine/Content/Slate/Fonts/Roboto-Regular.ttf' (155K)
[2019.01.05-00.16.30:522][  0]LogSlate: Took 0.006718 seconds to synchronously load lazily loaded font '../../../Engine/Content/Slate/Fonts/Roboto-Bold.ttf' (160K)
[2019.01.05-00.16.30:533][  0]LogSlate: Took 0.005587 seconds to synchronously load lazily loaded font '../../../Engine/Content/Editor/Slate/Fonts/FontAwesome.ttf' (139K)
[2019.01.05-00.16.30:661][  0]LogRenderer: Reallocating scene render targets to support 1616x580 Format 10 NumSamples 1 (Frame:1).
[2019.01.05-00.16.30:879][  0]LogContentBrowser: Native class hierarchy updated for 'HierarchicalLODOutliner' in 0.0007 seconds. Added 0 classes and 0 folders.
[2019.01.05-00.16.30:879][  0]LogLoad: (Engine Initialization) Total time: 16.16 seconds
[2019.01.05-00.16.30:880][  0]LogLoad: (Engine Initialization) Total Blueprint compile time: 0.00 seconds
[2019.01.05-00.16.30:905][  0]LogWindowsTextInputMethodSystem: Display: IME system now deactivated.
[2019.01.05-00.16.30:926][  0]LogContentStreaming: Texture pool size now 1000 MB
[2019.01.05-00.16.30:962][  0]LogSlate: Took 0.006509 seconds to synchronously load lazily loaded font '../../../Engine/Content/Slate/Fonts/Roboto-Light.ttf' (167K)
[2019.01.05-00.16.31:066][  1]LogAssetRegistry: Asset discovery search completed in 9.3278 seconds
[2019.01.05-00.16.31:068][  1]LogCollectionManager: Rebuilt the object cache for 0 collections in 0.000000 seconds (found 0 objects)
[2019.01.05-00.16.31:068][  1]LogCollectionManager: Fixed up redirectors for 0 collections in 0.000121 seconds (updated 0 objects)
[2019.01.05-00.16.35:257][485]LogSlate: FSceneViewport::OnFocusLost() reason 0
[2019.01.05-00.16.35:340][495]LogTemp: Repeating last play command: Selected Viewport
[2019.01.05-00.16.35:363][495]LogBlueprintUserMessages: Early PlayInEditor Detection: Level '/Game/FirstPersonCPP/Maps/FirstPersonExampleMap.FirstPersonExampleMap:PersistentLevel' has LevelScriptBlueprint '/Game/FirstPersonCPP/Maps/FirstPersonExampleMap.FirstPersonExampleMap:PersistentLevel.FirstPersonExampleMap' with GeneratedClass '/Game/FirstPersonCPP/Maps/FirstPersonExampleMap.FirstPersonExampleMap_C' with ClassGeneratedBy '/Game/FirstPersonCPP/Maps/FirstPersonExampleMap.FirstPersonExampleMap:PersistentLevel.FirstPersonExampleMap'
[2019.01.05-00.16.35:363][495]LogPlayLevel: PlayLevel: No blueprints needed recompiling
[2019.01.05-00.16.35:377][495]PIE: New page: PIE session: FirstPersonExampleMap (5 Jan 2019 00:16:35)
[2019.01.05-00.16.35:377][495]LogPlayLevel: Creating play world package: /Game/FirstPersonCPP/Maps/UEDPIE_0_FirstPersonExampleMap
[2019.01.05-00.16.35:405][495]LogPlayLevel: PIE: StaticDuplicateObject took: (0.028328s)
[2019.01.05-00.16.35:406][495]LogAIModule: Creating AISystem for world FirstPersonExampleMap
[2019.01.05-00.16.35:406][495]LogPlayLevel: PIE: World Init took: (0.000861s)
[2019.01.05-00.16.35:406][495]LogPlayLevel: PIE: Created PIE world by copying editor world from /Game/FirstPersonCPP/Maps/FirstPersonExampleMap.FirstPersonExampleMap to /Game/FirstPersonCPP/Maps/UEDPIE_0_FirstPersonExampleMap.FirstPersonExampleMap (0.029530s)
[2019.01.05-00.16.35:492][495]LogInit: XAudio2 using 'Speakers (3- Logitech G430 Gaming Headset)' : 6 channels at 48 kHz using 16 bits per sample (channel mask 0x3f)
[2019.01.05-00.16.35:522][495]LogInit: FAudioDevice initialized.
[2019.01.05-00.16.35:575][495]LogLoad: Game class is 'TGP_DuosGameMode'
[2019.01.05-00.16.35:579][495]LogWorld: Bringing World /Game/FirstPersonCPP/Maps/UEDPIE_0_FirstPersonExampleMap.FirstPersonExampleMap up for play (max tick rate 0) at 2019.01.05-00.16.35
[2019.01.05-00.16.35:579][495]LogWorld: Bringing up level for play took: 0.002563
[2019.01.05-00.16.35:604][495]LogContentBrowser: Native class hierarchy updated for 'MovieSceneCapture' in 0.0006 seconds. Added 10 classes and 0 folders.
[2019.01.05-00.16.35:605][495]PIE: Play in editor start time for /Game/FirstPersonCPP/Maps/UEDPIE_0_FirstPersonExampleMap -0.743
[2019.01.05-00.16.35:605][495]LogBlueprintUserMessages: Late PlayInEditor Detection: Level '/Game/FirstPersonCPP/Maps/FirstPersonExampleMap.FirstPersonExampleMap:PersistentLevel' has LevelScriptBlueprint '/Game/FirstPersonCPP/Maps/FirstPersonExampleMap.FirstPersonExampleMap:PersistentLevel.FirstPersonExampleMap' with GeneratedClass '/Game/FirstPersonCPP/Maps/FirstPersonExampleMap.FirstPersonExampleMap_C' with ClassGeneratedBy '/Game/FirstPersonCPP/Maps/FirstPersonExampleMap.FirstPersonExampleMap:PersistentLevel.FirstPersonExampleMap'
[2019.01.05-00.17.34:625][617]LogSlate: FSceneViewport::OnFocusLost() reason 0
[2019.01.05-00.17.36:454][822]LogAssetEditorManager: Opening Asset editor for Blueprint /Game/Weapons/Alt_Base_Gun_BP.Alt_Base_Gun_BP
[2019.01.05-00.17.37:199][822]LogContentBrowser: Native class hierarchy updated for 'BlueprintGraph' in 0.0010 seconds. Added 116 classes and 0 folders.
[2019.01.05-00.17.41:649][ 99]LogBlueprintUserMessages: Early EndPlayMap Detection: Level '/Game/FirstPersonCPP/Maps/FirstPersonExampleMap.FirstPersonExampleMap:PersistentLevel' has LevelScriptBlueprint '/Game/FirstPersonCPP/Maps/FirstPersonExampleMap.FirstPersonExampleMap:PersistentLevel.FirstPersonExampleMap' with GeneratedClass '/Game/FirstPersonCPP/Maps/FirstPersonExampleMap.FirstPersonExampleMap_C' with ClassGeneratedBy '/Game/FirstPersonCPP/Maps/FirstPersonExampleMap.FirstPersonExampleMap:PersistentLevel.FirstPersonExampleMap'
[2019.01.05-00.17.41:653][ 99]LogSlate: Updating window title bar state: overlay mode, drag disabled, window buttons hidden, title bar hidden
[2019.01.05-00.17.41:697][ 99]LogPlayLevel: Display: Shutting down PIE online subsystems
[2019.01.05-00.17.41:697][ 99]LogBlueprintUserMessages: Late EndPlayMap Detection: Level '/Game/FirstPersonCPP/Maps/FirstPersonExampleMap.FirstPersonExampleMap:PersistentLevel' has LevelScriptBlueprint '/Game/FirstPersonCPP/Maps/FirstPersonExampleMap.FirstPersonExampleMap:PersistentLevel.FirstPersonExampleMap' with GeneratedClass '/Game/FirstPersonCPP/Maps/FirstPersonExampleMap.FirstPersonExampleMap_C' with ClassGeneratedBy '/Game/FirstPersonCPP/Maps/FirstPersonExampleMap.FirstPersonExampleMap:PersistentLevel.FirstPersonExampleMap'
[2019.01.05-00.17.41:732][ 99]LogSlate: Updating window title bar state: overlay mode, drag disabled, window buttons hidden, title bar hidden
[2019.01.05-00.17.41:759][100]LogPlayLevel: Display: Destroying online subsystem :Context_4
[2019.01.05-00.18.09:290][  9]LogSlate: Took 0.000255 seconds to synchronously load lazily loaded font '../../../Engine/Content/Slate/Fonts/Roboto-Light.ttf' (167K)
[2019.01.05-00.18.19:923][251]BlueprintLog: New page: Compile Alt_Base_Gun_BP
[2019.01.05-00.18.20:163][251]Cmd: OBJ SAVEPACKAGE PACKAGE="/Game/Weapons/Alt_Base_Gun_BP" FILE="../../../../../../Users/ryem_/source/repos/TGP-Duos/TGP_Duos/Content/Weapons/Alt_Base_Gun_BP.uasset" SILENT=true
[2019.01.05-00.18.20:220][251]LogSavePackage: Moving '../../../../../../Users/ryem_/source/repos/TGP-Duos/TGP_Duos/Saved/Alt_Base_Gun_BPB8C9652B41C33968A325B487317BCD75.tmp' to '../../../../../../Users/ryem_/source/repos/TGP-Duos/TGP_Duos/Content/Weapons/Alt_Base_Gun_BP.uasset'
[2019.01.05-00.18.24:548][746]LogSlate: Prevented a slow task dialog from being summoned while a context menu was open
[2019.01.05-00.18.26:792][  4]BlueprintLog: New page: Compile Alt_Base_Gun_BP
[2019.01.05-00.18.26:996][  4]Cmd: OBJ SAVEPACKAGE PACKAGE="/Game/Weapons/Alt_Base_Gun_BP" FILE="../../../../../../Users/ryem_/source/repos/TGP-Duos/TGP_Duos/Content/Weapons/Alt_Base_Gun_BP.uasset" SILENT=true
[2019.01.05-00.18.27:035][  4]LogSavePackage: Moving '../../../../../../Users/ryem_/source/repos/TGP-Duos/TGP_Duos/Saved/Alt_Base_Gun_BP27B70B3F40308E864D200C97F31A5586.tmp' to '../../../../../../Users/ryem_/source/repos/TGP-Duos/TGP_Duos/Content/Weapons/Alt_Base_Gun_BP.uasset'
[2019.01.05-00.18.27:515][ 51]Cmd: OBJ SAVEPACKAGE PACKAGE="/Game/Weapons/Alt_Base_Gun_BP" FILE="../../../../../../Users/ryem_/source/repos/TGP-Duos/TGP_Duos/Content/Weapons/Alt_Base_Gun_BP.uasset" SILENT=true
[2019.01.05-00.18.27:541][ 51]LogSavePackage: Moving '../../../../../../Users/ryem_/source/repos/TGP-Duos/TGP_Duos/Saved/Alt_Base_Gun_BPDAB9EA8A415A7255C92E039BC513E1F3.tmp' to '../../../../../../Users/ryem_/source/repos/TGP-Duos/TGP_Duos/Content/Weapons/Alt_Base_Gun_BP.uasset'
[2019.01.05-00.18.28:017][104]Cmd: OBJ SAVEPACKAGE PACKAGE="/Game/Weapons/Alt_Base_Gun_BP" FILE="../../../../../../Users/ryem_/source/repos/TGP-Duos/TGP_Duos/Content/Weapons/Alt_Base_Gun_BP.uasset" SILENT=true
[2019.01.05-00.18.28:046][104]LogSavePackage: Moving '../../../../../../Users/ryem_/source/repos/TGP-Duos/TGP_Duos/Saved/Alt_Base_Gun_BPF2CCBF7E488C2F52EF8907B573AD7C3E.tmp' to '../../../../../../Users/ryem_/source/repos/TGP-Duos/TGP_Duos/Content/Weapons/Alt_Base_Gun_BP.uasset'
[2019.01.05-00.18.28:590][165]LogSlate: Window 'Alt_Base_Gun_BP' being destroyed
[2019.01.05-00.18.29:930][312]LogTemp: Repeating last play command: Selected Viewport
[2019.01.05-00.18.29:954][312]LogBlueprintUserMessages: Early PlayInEditor Detection: Level '/Game/FirstPersonCPP/Maps/FirstPersonExampleMap.FirstPersonExampleMap:PersistentLevel' has LevelScriptBlueprint '/Game/FirstPersonCPP/Maps/FirstPersonExampleMap.FirstPersonExampleMap:PersistentLevel.FirstPersonExampleMap' with GeneratedClass '/Game/FirstPersonCPP/Maps/FirstPersonExampleMap.FirstPersonExampleMap_C' with ClassGeneratedBy '/Game/FirstPersonCPP/Maps/FirstPersonExampleMap.FirstPersonExampleMap:PersistentLevel.FirstPersonExampleMap'
[2019.01.05-00.18.29:954][312]LogPlayLevel: PlayLevel: No blueprints needed recompiling
[2019.01.05-00.18.29:954][312]PIE: New page: PIE session: FirstPersonExampleMap (5 Jan 2019 00:18:29)
[2019.01.05-00.18.29:955][312]LogPlayLevel: Creating play world package: /Game/FirstPersonCPP/Maps/UEDPIE_0_FirstPersonExampleMap
[2019.01.05-00.18.29:969][312]LogPlayLevel: PIE: StaticDuplicateObject took: (0.014356s)
[2019.01.05-00.18.29:970][312]LogAIModule: Creating AISystem for world FirstPersonExampleMap
[2019.01.05-00.18.29:970][312]LogPlayLevel: PIE: World Init took: (0.000990s)
[2019.01.05-00.18.29:970][312]LogPlayLevel: PIE: Created PIE world by copying editor world from /Game/FirstPersonCPP/Maps/FirstPersonExampleMap.FirstPersonExampleMap to /Game/FirstPersonCPP/Maps/UEDPIE_0_FirstPersonExampleMap.FirstPersonExampleMap (0.015866s)
[2019.01.05-00.18.30:095][312]LogInit: XAudio2 using 'Speakers (3- Logitech G430 Gaming Headset)' : 6 channels at 48 kHz using 16 bits per sample (channel mask 0x3f)
[2019.01.05-00.18.30:126][312]LogInit: FAudioDevice initialized.
[2019.01.05-00.18.30:160][312]LogLoad: Game class is 'TGP_DuosGameMode'
[2019.01.05-00.18.30:163][312]LogWorld: Bringing World /Game/FirstPersonCPP/Maps/UEDPIE_0_FirstPersonExampleMap.FirstPersonExampleMap up for play (max tick rate 0) at 2019.01.05-00.18.30
[2019.01.05-00.18.30:163][312]LogWorld: Bringing up level for play took: 0.002264
[2019.01.05-00.18.30:177][312]PIE: Play in editor start time for /Game/FirstPersonCPP/Maps/UEDPIE_0_FirstPersonExampleMap -0.17
[2019.01.05-00.18.30:178][312]LogBlueprintUserMessages: Late PlayInEditor Detection: Level '/Game/FirstPersonCPP/Maps/FirstPersonExampleMap.FirstPersonExampleMap:PersistentLevel' has LevelScriptBlueprint '/Game/FirstPersonCPP/Maps/FirstPersonExampleMap.FirstPersonExampleMap:PersistentLevel.FirstPersonExampleMap' with GeneratedClass '/Game/FirstPersonCPP/Maps/FirstPersonExampleMap.FirstPersonExampleMap_C' with ClassGeneratedBy '/Game/FirstPersonCPP/Maps/FirstPersonExampleMap.FirstPersonExampleMap:PersistentLevel.FirstPersonExampleMap'
[2019.01.05-00.18.57:599][700]LogSlate: FSceneViewport::OnFocusLost() reason 2
[2019.01.05-00.19.02:101][882]LogSlate: FSceneViewport::OnFocusLost() reason 2
[2019.01.05-00.19.03:415][ 33]LogBlueprintUserMessages: Early EndPlayMap Detection: Level '/Game/FirstPersonCPP/Maps/FirstPersonExampleMap.FirstPersonExampleMap:PersistentLevel' has LevelScriptBlueprint '/Game/FirstPersonCPP/Maps/FirstPersonExampleMap.FirstPersonExampleMap:PersistentLevel.FirstPersonExampleMap' with GeneratedClass '/Game/FirstPersonCPP/Maps/FirstPersonExampleMap.FirstPersonExampleMap_C' with ClassGeneratedBy '/Game/FirstPersonCPP/Maps/FirstPersonExampleMap.FirstPersonExampleMap:PersistentLevel.FirstPersonExampleMap'
[2019.01.05-00.19.03:415][ 33]LogSlate: Updating window title bar state: overlay mode, drag disabled, window buttons hidden, title bar hidden
[2019.01.05-00.19.03:454][ 33]LogPlayLevel: Display: Shutting down PIE online subsystems
[2019.01.05-00.19.03:455][ 33]LogBlueprintUserMessages: Late EndPlayMap Detection: Level '/Game/FirstPersonCPP/Maps/FirstPersonExampleMap.FirstPersonExampleMap:PersistentLevel' has LevelScriptBlueprint '/Game/FirstPersonCPP/Maps/FirstPersonExampleMap.FirstPersonExampleMap:PersistentLevel.FirstPersonExampleMap' with GeneratedClass '/Game/FirstPersonCPP/Maps/FirstPersonExampleMap.FirstPersonExampleMap_C' with ClassGeneratedBy '/Game/FirstPersonCPP/Maps/FirstPersonExampleMap.FirstPersonExampleMap:PersistentLevel.FirstPersonExampleMap'
[2019.01.05-00.19.03:487][ 33]LogSlate: Updating window title bar state: overlay mode, drag disabled, window buttons hidden, title bar hidden
[2019.01.05-00.19.03:530][ 35]LogPlayLevel: Display: Destroying online subsystem :Context_8
[2019.01.05-00.19.19:260][154]LogSlate: FSceneViewport::OnFocusLost() reason 2
[2019.01.05-00.19.20:960][317]Candidate modules for hot reload:
[2019.01.05-00.19.20:960][317]  TGP_Duos
[2019.01.05-00.19.20:960][317]Launching UnrealBuildTool... [C:/Program Files/Epic Games/UE_4.20/Engine/Binaries/DotNET/UnrealBuildTool.exe  -ModuleWithSuffix=TGP_Duos,4111 Win64 Development -TargetType=Editor -Project="../../../../../../Users/ryem_/source/repos/TGP-Duos/TGP_Duos/TGP_Duos.uproject" -canskiplink "C:/Users/ryem_/source/repos/TGP-Duos/TGP_Duos/TGP_Duos.uproject" ]
[2019.01.05-00.19.20:962][317]Warning: Starting HotReload took  0.1s.
[2019.01.05-00.19.45:150][465]CompilerResultsLog: New page: Compilation - 5 Jan 2019 00:19:45
[2019.01.05-00.19.45:150][465]CompilerResultsLog: Using 'git status' to determine working set for adaptive non-unity build.
[2019.01.05-00.19.45:151][465]CompilerResultsLog: Compiling game modules for hot reload
[2019.01.05-00.19.45:151][465]CompilerResultsLog: Building 3 actions with 4 processes...
[2019.01.05-00.19.45:151][465]CompilerResultsLog:   [1/3] TGP_DuosCharacter.cpp
[2019.01.05-00.19.45:151][465]CompilerResultsLog:   [2/3] UE4Editor-TGP_Duos-4111.lib
[2019.01.05-00.19.45:151][465]CompilerResultsLog:      Creating library C:\Users\ryem_\source\repos\TGP-Duos\TGP_Duos\Intermediate\Build\Win64\UE4Editor\Development\TGP_Duos\UE4Editor-TGP_Duos-4111.lib and object C:\Users\ryem_\source\repos\TGP-Duos\TGP_Duos\Intermediate\Build\Win64\UE4Editor\Development\TGP_Duos\UE4Editor-TGP_Duos-4111.exp
[2019.01.05-00.19.45:151][465]CompilerResultsLog:   [3/3] UE4Editor-TGP_Duos-4111.dll
[2019.01.05-00.19.45:152][465]CompilerResultsLog:      Creating library C:\Users\ryem_\source\repos\TGP-Duos\TGP_Duos\Intermediate\Build\Win64\UE4Editor\Development\TGP_Duos\UE4Editor-TGP_Duos-4111.suppressed.lib and object C:\Users\ryem_\source\repos\TGP-Duos\TGP_Duos\Intermediate\Build\Win64\UE4Editor\Development\TGP_Duos\UE4Editor-TGP_Duos-4111.suppressed.exp
[2019.01.05-00.19.45:152][465]CompilerResultsLog: Total build time: 23.46 seconds (Parallel executor: 19.42 seconds)
[2019.01.05-00.19.45:152][465]LogMainFrame: MainFrame: Module compiling took 24.202 seconds
[2019.01.05-00.19.45:240][465]LogContentBrowser: Native class hierarchy updated for 'TGP_Duos' in 0.0007 seconds. Added 6 classes and 3 folders.
[2019.01.05-00.19.45:244][465]Display: HotReload successful (2 functions remapped  0 scriptstructs remapped)
[2019.01.05-00.19.45:752][465]LogContentBrowser: Native class hierarchy populated in 0.0104 seconds. Added 2579 classes and 608 folders.
[2019.01.05-00.19.45:756][465]Display: HotReload took 24.8s.
[2019.01.05-00.21.48:473][ 99]LogTemp: Repeating last play command: Selected Viewport
[2019.01.05-00.21.48:499][ 99]LogBlueprintUserMessages: Early PlayInEditor Detection: Level '/Game/FirstPersonCPP/Maps/FirstPersonExampleMap.FirstPersonExampleMap:PersistentLevel' has LevelScriptBlueprint '/Game/FirstPersonCPP/Maps/FirstPersonExampleMap.FirstPersonExampleMap:PersistentLevel.FirstPersonExampleMap' with GeneratedClass '/Game/FirstPersonCPP/Maps/FirstPersonExampleMap.FirstPersonExampleMap_C' with ClassGeneratedBy '/Game/FirstPersonCPP/Maps/FirstPersonExampleMap.FirstPersonExampleMap:PersistentLevel.FirstPersonExampleMap'
[2019.01.05-00.21.48:499][ 99]LogPlayLevel: PlayLevel: No blueprints needed recompiling
[2019.01.05-00.21.48:499][ 99]PIE: New page: PIE session: FirstPersonExampleMap (5 Jan 2019 00:21:48)
[2019.01.05-00.21.48:499][ 99]LogPlayLevel: Creating play world package: /Game/FirstPersonCPP/Maps/UEDPIE_0_FirstPersonExampleMap
[2019.01.05-00.21.48:515][ 99]LogPlayLevel: PIE: StaticDuplicateObject took: (0.015262s)
[2019.01.05-00.21.48:516][ 99]LogAIModule: Creating AISystem for world FirstPersonExampleMap
[2019.01.05-00.21.48:516][ 99]LogPlayLevel: PIE: World Init took: (0.001270s)
[2019.01.05-00.21.48:516][ 99]LogPlayLevel: PIE: Created PIE world by copying editor world from /Game/FirstPersonCPP/Maps/FirstPersonExampleMap.FirstPersonExampleMap to /Game/FirstPersonCPP/Maps/UEDPIE_0_FirstPersonExampleMap.FirstPersonExampleMap (0.016897s)
[2019.01.05-00.21.48:663][ 99]LogInit: XAudio2 using 'Speakers (3- Logitech G430 Gaming Headset)' : 6 channels at 48 kHz using 16 bits per sample (channel mask 0x3f)
[2019.01.05-00.21.48:698][ 99]LogInit: FAudioDevice initialized.
[2019.01.05-00.21.48:738][ 99]LogLoad: Game class is 'TGP_DuosGameMode'
[2019.01.05-00.21.48:741][ 99]LogWorld: Bringing World /Game/FirstPersonCPP/Maps/UEDPIE_0_FirstPersonExampleMap.FirstPersonExampleMap up for play (max tick rate 0) at 2019.01.05-00.21.48
[2019.01.05-00.21.48:741][ 99]LogWorld: Bringing up level for play took: 0.002437
[2019.01.05-00.21.48:756][ 99]PIE: Play in editor start time for /Game/FirstPersonCPP/Maps/UEDPIE_0_FirstPersonExampleMap 0.409
[2019.01.05-00.21.48:756][ 99]LogBlueprintUserMessages: Late PlayInEditor Detection: Level '/Game/FirstPersonCPP/Maps/FirstPersonExampleMap.FirstPersonExampleMap:PersistentLevel' has LevelScriptBlueprint '/Game/FirstPersonCPP/Maps/FirstPersonExampleMap.FirstPersonExampleMap:PersistentLevel.FirstPersonExampleMap' with GeneratedClass '/Game/FirstPersonCPP/Maps/FirstPersonExampleMap.FirstPersonExampleMap_C' with ClassGeneratedBy '/Game/FirstPersonCPP/Maps/FirstPersonExampleMap.FirstPersonExampleMap:PersistentLevel.FirstPersonExampleMap'
