Log file open, 11/21/18 22:43:06
LogWindows: Failed to load 'aqProf.dll' (GetLastError=126)
LogWindows: File 'aqProf.dll' does not exist
LogWindows: Failed to load 'VSPerf140.dll' (GetLastError=126)
LogWindows: File 'VSPerf140.dll' does not exist
LogWindows: Failed to load 'VtuneApi.dll' (GetLastError=126)
LogWindows: File 'VtuneApi.dll' does not exist
LogWindows: Failed to load 'VtuneApi32e.dll' (GetLastError=126)
LogWindows: File 'VtuneApi32e.dll' does not exist
LogInit: Display: Running engine for game: TGP_Duos
LogPlatformFile: Not using cached read wrapper
LogTaskGraph: Started task graph with 5 named threads and 23 total threads with 3 sets of task threads.
LogStats: Stats thread started at 0.338806
LogD3D11RHI: Loaded GFSDK_Aftermath_Lib.x64.dll
LogICUInternationalization: Display: ICU TimeZone Detection - Raw Offset: +0:00, Platform Override: ''
LogPluginManager: Mounting plugin Paper2D
LogPluginManager: Mounting plugin AISupport
LogPluginManager: Mounting plugin LightPropagationVolume
LogPluginManager: Mounting plugin CLionSourceCodeAccess
LogPluginManager: Mounting plugin CodeLiteSourceCodeAccess
LogPluginManager: Mounting plugin GitSourceControl
LogPluginManager: Mounting plugin KDevelopSourceCodeAccess
LogPluginManager: Mounting plugin NullSourceCodeAccess
LogPluginManager: Mounting plugin PerforceSourceControl
LogPluginManager: Mounting plugin SubversionSourceControl
LogPluginManager: Mounting plugin UObjectPlugin
LogPluginManager: Mounting plugin VisualStudioCodeSourceCodeAccess
LogPluginManager: Mounting plugin VisualStudioSourceCodeAccess
LogPluginManager: Mounting plugin XCodeSourceCodeAccess
LogPluginManager: Mounting plugin AssetManagerEditor
LogPluginManager: Mounting plugin CryptoKeys
LogPluginManager: Mounting plugin DataValidation
LogPluginManager: Mounting plugin FacialAnimation
LogPluginManager: Mounting plugin GameplayTagsEditor
LogPluginManager: Mounting plugin MacGraphicsSwitching
LogPluginManager: Mounting plugin MeshEditor
LogPluginManager: Mounting plugin MobileLauncherProfileWizard
LogPluginManager: Mounting plugin PluginBrowser
LogPluginManager: Mounting plugin SpeedTreeImporter
LogPluginManager: Mounting plugin DatasmithContent
LogPluginManager: Mounting plugin AlembicImporter
LogPluginManager: Mounting plugin AppleImageUtils
LogPluginManager: Mounting plugin AppleVision
LogPluginManager: Mounting plugin BackChannel
LogPluginManager: Mounting plugin CharacterAI
LogPluginManager: Mounting plugin GeometryCache
LogPluginManager: Mounting plugin HTML5Networking
LogPluginManager: Mounting plugin ProxyLODPlugin
LogPluginManager: Mounting plugin MagicLeap
LogPluginManager: Mounting plugin MagicLeapEmulator
LogPluginManager: Mounting plugin MagicLeapMedia
LogPluginManager: Mounting plugin AndroidMedia
LogPluginManager: Mounting plugin AvfMedia
LogPluginManager: Mounting plugin ImgMedia
LogPluginManager: Mounting plugin LinearTimecode
LogPluginManager: Mounting plugin MediaCompositing
LogPluginManager: Mounting plugin MediaPlayerEditor
LogPluginManager: Mounting plugin WmfMedia
LogPluginManager: Mounting plugin TcpMessaging
LogPluginManager: Mounting plugin UdpMessaging
LogPluginManager: Mounting plugin ActorSequence
LogPluginManager: Mounting plugin LevelSequenceEditor
LogPluginManager: Mounting plugin MatineeToLevelSequence
LogPluginManager: Mounting plugin NetcodeUnitTest
LogPluginManager: Mounting plugin NUTUnrealEngine4
LogPluginManager: Mounting plugin OnlineSubsystemGooglePlay
LogPluginManager: Mounting plugin OnlineSubsystemIOS
LogPluginManager: Mounting plugin OnlineSubsystem
LogPluginManager: Mounting plugin OnlineSubsystemNull
LogPluginManager: Mounting plugin OnlineSubsystemUtils
LogPluginManager: Mounting plugin LauncherChunkInstaller
LogPluginManager: Mounting plugin AndroidDeviceProfileSelector
LogPluginManager: Mounting plugin AndroidMoviePlayer
LogPluginManager: Mounting plugin AndroidPermission
LogPluginManager: Mounting plugin AppleMoviePlayer
LogPluginManager: Mounting plugin ArchVisCharacter
LogPluginManager: Mounting plugin AudioCapture
LogPluginManager: Mounting plugin CableComponent
LogPluginManager: Mounting plugin CustomMeshComponent
LogPluginManager: Mounting plugin EditableMesh
LogPluginManager: Mounting plugin ExampleDeviceProfileSelector
LogPluginManager: Mounting plugin GoogleCloudMessaging
LogPluginManager: Mounting plugin ImmediatePhysics
LogPluginManager: Mounting plugin IOSDeviceProfileSelector
LogPluginManager: Mounting plugin LinuxDeviceProfileSelector
LogPluginManager: Mounting plugin LocationServicesBPLibrary
LogPluginManager: Mounting plugin MobilePatchingUtils
LogPluginManager: Mounting plugin OculusVR
LogPluginManager: Plugin shader directory ../../../Engine/Plugins/Runtime/Oculus/OculusVR/Shaders found
LogPluginManager: Mapping shader source directory ../../../Engine/Plugins/Runtime/Oculus/OculusVR/Shaders to virtual directory /Plugin/OculusVR
LogPluginManager: Mounting plugin PhysXVehicles
LogPluginManager: Mounting plugin ProceduralMeshComponent
LogPluginManager: Mounting plugin RuntimePhysXCooking
LogPluginManager: Mounting plugin SteamVR
LogPluginManager: Mounting plugin WindowsMoviePlayer
LogStreaming: Display: Took  0.233s to configure plugins.
LogInit: Using libcurl 7.55.1-DEV
LogInit:  - built for x86_64-pc-win32
LogInit:  - supports SSL with OpenSSL/1.0.2h
LogInit:  - supports HTTP deflate (compression) using libz 1.2.8
LogInit:  - other features:
LogInit:      CURL_VERSION_SSL
LogInit:      CURL_VERSION_LIBZ
LogInit:      CURL_VERSION_IPV6
LogInit:      CURL_VERSION_ASYNCHDNS
LogInit:      CURL_VERSION_LARGEFILE
LogInit:      CURL_VERSION_IDN
LogInit:  CurlRequestOptions (configurable via config and command line):
LogInit:  - bVerifyPeer = false  - Libcurl will NOT verify peer certificate
LogInit:  - bUseHttpProxy = false  - Libcurl will NOT use HTTP proxy
LogInit:  - bDontReuseConnections = false  - Libcurl will reuse connections
LogInit:  - CertBundlePath = nullptr  - Libcurl will use whatever was configured at build time.
LogInit:  - MaxHostConnections = 16  - Libcurl will limit the number of connections to a host
LogInit:  - LocalHostAddr = Default
LogInit:  - BufferSize = 65536
LogInit: WinSock: version 1.1 (2.2), MaxSocks=32767, MaxUdp=65467
LogInit: Build: ++UE4+Release-4.20-CL-4369336
LogInit: Engine Version: 4.20.3-4369336+++UE4+Release-4.20
LogInit: Compatible Engine Version: 4.20.0-4212847+++UE4+Release-4.20
LogInit: Net CL: 4212847
LogInit: OS: Windows 10 (), CPU: Intel(R) Xeon(R) CPU E5-1620 v4 @ 3.50GHz, GPU: NVIDIA GeForce GTX 1070
LogInit: Compiled (64-bit): Sep 17 2018 12:26:19
LogInit: Compiled with Visual C++: 19.13.26129.00
LogInit: Build Configuration: Development
LogInit: Branch Name: ++UE4+Release-4.20
LogInit: Command Line: 
LogInit: Base Directory: C:/Epic/UE4/UE_4.20/Engine/Binaries/Win64/
LogInit: Installed Engine Build: 1
LogDevObjectVersion: Number of dev versions registered: 20
LogDevObjectVersion:   Dev-Blueprints (B0D832E4-1F89-4F0D-ACCF-7EB736FD4AA2): 10
LogDevObjectVersion:   Dev-Build (E1C64328-A22C-4D53-A36C-8E866417BD8C): 0
LogDevObjectVersion:   Dev-Core (375EC13C-06E4-48FB-B500-84F0262A717E): 2
LogDevObjectVersion:   Dev-Editor (E4B068ED-F494-42E9-A231-DA0B2E46BB41): 24
LogDevObjectVersion:   Dev-Framework (CFFC743F-43B0-4480-9391-14DF171D2073): 34
LogDevObjectVersion:   Dev-Mobile (B02B49B5-BB20-44E9-A304-32B752E40360): 2
LogDevObjectVersion:   Dev-Networking (A4E4105C-59A1-49B5-A7C5-40C4547EDFEE): 0
LogDevObjectVersion:   Dev-Online (39C831C9-5AE6-47DC-9A44-9C173E1C8E7C): 0
LogDevObjectVersion:   Dev-Physics (78F01B33-EBEA-4F98-B9B4-84EACCB95AA2): 0
LogDevObjectVersion:   Dev-Platform (6631380F-2D4D-43E0-8009-CF276956A95A): 0
LogDevObjectVersion:   Dev-Rendering (12F88B9F-8875-4AFC-A67C-D90C383ABD29): 26
LogDevObjectVersion:   Dev-Sequencer (7B5AE74C-D270-4C10-A958-57980B212A5A): 9
LogDevObjectVersion:   Dev-VR (D7296918-1DD6-4BDD-9DE2-64A83CC13884): 2
LogDevObjectVersion:   Dev-LoadTimes (C2A15278-BFE7-4AFE-6C17-90FF531DF755): 1
LogDevObjectVersion:   Private-Geometry (6EACA3D4-40EC-4CC1-B786-8BED09428FC5): 3
LogDevObjectVersion:   Dev-AnimPhys (29E575DD-E0A3-4627-9D10-D276232CDCEA): 17
LogDevObjectVersion:   Dev-ReflectionCapture (6B266CEC-1EC7-4B8F-A30B-E4D90942FC07): 1
LogDevObjectVersion:   Dev-Automation (0DF73D61-A23F-47EA-B727-89E90C41499A): 1
LogDevObjectVersion:   FortniteMain (601D1886-AC64-4F84-AA16-D3DE0DEAC7D6): 12
LogDevObjectVersion:   Dev-Enterprise (9DFFBCD6-494F-0158-E221-12823C92A888): 1
LogStreaming: Display: Took  0.002s to delete old logs.
LogInit: Presizing for max 8388607 objects, including 0 objects not considered by GC, pre-allocating 0 bytes for permanent pool.
LogInit: Object subsystem initialized
[2018.11.21-22.43.07:315][  0]LogInit: Selected Device Profile: [Windows]
[2018.11.21-22.43.07:315][  0]LogInit: Applying CVar settings loaded from the selected device profile: [Windows]
[2018.11.21-22.43.07:343][  0]LogHAL: Display: Platform has ~ 32 GB [34272002048 / 34359738368 / 32], which maps to Largest [LargestMinGB=32, LargerMinGB=12, DefaultMinGB=8, SmallerMinGB=6, SmallestMinGB=0)
[2018.11.21-22.43.07:343][  0]LogInit: Setting Device Profile CVar: [[r.Vulkan.UseRealUBs:1]]
[2018.11.21-22.43.07:343][  0]LogInit: Going up to parent DeviceProfile []
[2018.11.21-22.43.07:343][  0]LogInit: Computer: D105-29
[2018.11.21-22.43.07:343][  0]LogInit: User: r017093h
[2018.11.21-22.43.07:343][  0]LogInit: CPU Page size=4096, Cores=4
[2018.11.21-22.43.07:343][  0]LogInit: High frequency timer resolution =3.410076 MHz
[2018.11.21-22.43.07:344][  0]LogMemory: Memory total: Physical=31.9GB (32GB approx)
[2018.11.21-22.43.07:344][  0]LogMemory: Platform Memory Stats for Windows
[2018.11.21-22.43.07:344][  0]LogMemory: Process Physical Memory: 100.16 MB used, 100.16 MB peak
[2018.11.21-22.43.07:344][  0]LogMemory: Process Virtual Memory: 91.02 MB used, 91.02 MB peak
[2018.11.21-22.43.07:344][  0]LogMemory: Physical Memory: 8345.79 MB used,  24338.54 MB free, 32684.33 MB total
[2018.11.21-22.43.07:344][  0]LogMemory: Virtual Memory: 4640.09 MB used,  24338.54 MB free, 134217728.00 MB total
[2018.11.21-22.43.07:405][  0]LogInit: Using OS detected language (en-US).
[2018.11.21-22.43.07:405][  0]LogInit: Using OS detected locale (en-GB).
[2018.11.21-22.43.07:409][  0]LogTextLocalizationManager: No specific localization for 'en-US' exists, so the 'en' localization will be used.
[2018.11.21-22.43.07:890][  0]LogStreaming: Display: Took  0.485s to InitEngineTextLocalization.
[2018.11.21-22.43.07:890][  0]LogInit: Setting process to per monitor DPI aware
[2018.11.21-22.43.07:930][  0]LogSlate: New Slate User Created.  User Index 0, Is Virtual User: 0
[2018.11.21-22.43.07:930][  0]LogSlate: Slate User Registered.  User Index 0, Is Virtual User: 0
[2018.11.21-22.43.08:436][  0]LogHMD: Failed to initialize OpenVR with code 126
[2018.11.21-22.43.08:436][  0]LogD3D11RHI: D3D11 adapters:
[2018.11.21-22.43.08:519][  0]LogD3D11RHI:    0. 'NVIDIA GeForce GTX 1070' (Feature Level 11_0)
[2018.11.21-22.43.08:519][  0]LogD3D11RHI:       8088/0/16342 MB DedicatedVideo/DedicatedSystem/SharedSystem, Outputs:2, VendorId:0x10de
[2018.11.21-22.43.08:522][  0]LogD3D11RHI:    1. 'Microsoft Basic Render Driver' (Feature Level 11_0)
[2018.11.21-22.43.08:522][  0]LogD3D11RHI:       0/0/16342 MB DedicatedVideo/DedicatedSystem/SharedSystem, Outputs:0, VendorId:0x1414
[2018.11.21-22.43.08:522][  0]LogD3D11RHI: Chosen D3D11 Adapter: 0
[2018.11.21-22.43.08:534][  0]LogD3D11RHI: Creating new Direct3DDevice
[2018.11.21-22.43.08:534][  0]LogD3D11RHI:     GPU DeviceId: 0x1b81 (for the marketing name, search the web for "GPU Device Id")
[2018.11.21-22.43.08:534][  0]LogWindows: EnumDisplayDevices:
[2018.11.21-22.43.08:534][  0]LogWindows:    0. 'NVIDIA GeForce GTX 1070' (P:0 D:1)
[2018.11.21-22.43.08:535][  0]LogWindows:    1. 'NVIDIA GeForce GTX 1070' (P:1 D:1)
[2018.11.21-22.43.08:535][  0]LogWindows:    2. 'NVIDIA GeForce GTX 1070' (P:0 D:0)
[2018.11.21-22.43.08:536][  0]LogWindows:    3. 'NVIDIA GeForce GTX 1070' (P:0 D:0)
[2018.11.21-22.43.08:536][  0]LogWindows: DebugString: FoundDriverCount:4 
[2018.11.21-22.43.08:536][  0]LogD3D11RHI:     Adapter Name: NVIDIA GeForce GTX 1070
[2018.11.21-22.43.08:536][  0]LogD3D11RHI:   Driver Version: 398.82 (internal:24.21.13.9882, unified:398.82)
[2018.11.21-22.43.08:536][  0]LogD3D11RHI:      Driver Date: 7-30-2018
[2018.11.21-22.43.08:536][  0]LogRHI: Texture pool is 5661 MB (70% of 8088 MB)
[2018.11.21-22.43.08:591][  0]LogD3D11RHI: Async texture creation enabled
[2018.11.21-22.43.08:609][  0]LogD3D11RHI: GPU Timing Frequency: 1000.000000 (Debug: 2 2)
[2018.11.21-22.43.08:696][  0]LogShaderCompilers: Guid format shader working directory is 18 characters bigger than the processId version (E:/Repos/Uni/TGP-Duos/TGP_Duos/Intermediate/Shaders/WorkingDirectory/15104/).
[2018.11.21-22.43.08:697][  0]LogShaderCompilers: Cleaned the shader compiler working directory 'C:/Users/r017093h/AppData/Local/Temp/UnrealShaderWorkingDir/894AC9C04E1A21D9E6B09C852DC084E1/'.
[2018.11.21-22.43.09:057][  0]LogTemp: Display: Loaded TP AllDesktopTargetPlatform
[2018.11.21-22.43.09:073][  0]LogTemp: Display: Loaded TP MacClientTargetPlatform
[2018.11.21-22.43.09:089][  0]LogTemp: Display: Loaded TP MacNoEditorTargetPlatform
[2018.11.21-22.43.09:109][  0]LogTemp: Display: Loaded TP MacServerTargetPlatform
[2018.11.21-22.43.09:127][  0]LogTemp: Display: Loaded TP MacTargetPlatform
[2018.11.21-22.43.09:143][  0]LogTemp: Display: Loaded TP WindowsClientTargetPlatform
[2018.11.21-22.43.09:162][  0]LogTemp: Display: Loaded TP WindowsNoEditorTargetPlatform
[2018.11.21-22.43.09:179][  0]LogTemp: Display: Loaded TP WindowsServerTargetPlatform
[2018.11.21-22.43.09:187][  0]LogTemp: Display: Loaded TP WindowsTargetPlatform
[2018.11.21-22.43.09:279][  0]LogTemp: Display: Loaded TP AndroidTargetPlatform
[2018.11.21-22.43.09:279][  0]LogTemp: Display: Loaded TP AndroidTargetPlatform
[2018.11.21-22.43.09:279][  0]LogTemp: Display: Loaded TP AndroidTargetPlatform
[2018.11.21-22.43.09:279][  0]LogTemp: Display: Loaded TP AndroidTargetPlatform
[2018.11.21-22.43.09:279][  0]LogTemp: Display: Loaded TP AndroidTargetPlatform
[2018.11.21-22.43.09:280][  0]LogTemp: Display: Loaded TP AndroidTargetPlatform
[2018.11.21-22.43.09:280][  0]LogTemp: Display: Loaded TP AndroidTargetPlatform
[2018.11.21-22.43.09:280][  0]LogTemp: Display: Loaded TP AndroidTargetPlatform
[2018.11.21-22.43.09:280][  0]LogTemp: Display: Loaded TP AndroidTargetPlatform
[2018.11.21-22.43.09:280][  0]LogTemp: Display: Loaded TP AndroidTargetPlatform
[2018.11.21-22.43.09:280][  0]LogTemp: Display: Loaded TP AndroidTargetPlatform
[2018.11.21-22.43.09:280][  0]LogTemp: Display: Loaded TP AndroidTargetPlatform
[2018.11.21-22.43.09:280][  0]LogTemp: Display: Loaded TP AndroidTargetPlatform
[2018.11.21-22.43.09:280][  0]LogTemp: Display: Loaded TP AndroidTargetPlatform
[2018.11.21-22.43.09:280][  0]LogTemp: Display: Loaded TP AndroidTargetPlatform
[2018.11.21-22.43.09:280][  0]LogTemp: Display: Loaded TP AndroidTargetPlatform
[2018.11.21-22.43.09:280][  0]LogTemp: Display: Loaded TP AndroidTargetPlatform
[2018.11.21-22.43.09:280][  0]LogTemp: Display: Loaded TP AndroidTargetPlatform
[2018.11.21-22.43.09:282][  0]LogTemp: Display: Loaded TP HTML5TargetPlatform
[2018.11.21-22.43.09:350][  0]LogTemp: Display: Loaded TP IOSTargetPlatform
[2018.11.21-22.43.09:350][  0]LogTemp: Display: Loaded TP IOSTargetPlatform
[2018.11.21-22.43.09:382][  0]LogTemp: Display: Loaded TP TVOSTargetPlatform
[2018.11.21-22.43.09:382][  0]LogTemp: Display: Loaded TP TVOSTargetPlatform
[2018.11.21-22.43.09:395][  0]LogTemp: Display: Loaded TP LinuxClientTargetPlatform
[2018.11.21-22.43.09:415][  0]LogTemp: Display: Loaded TP LinuxNoEditorTargetPlatform
[2018.11.21-22.43.09:428][  0]LogTemp: Display: Loaded TP LinuxServerTargetPlatform
[2018.11.21-22.43.09:445][  0]LogTemp: Display: Loaded TP LinuxTargetPlatform
[2018.11.21-22.43.09:460][  0]LogTemp: Display: Loaded TP LuminTargetPlatform
[2018.11.21-22.43.09:461][  0]LogTargetPlatformManager: Display: Building Assets For Windows
[2018.11.21-22.43.09:592][  0]LogXGEController: Cannot use XGE Controller as Incredibuild is not installed on this machine.
[2018.11.21-22.43.09:592][  0]LogShaderCompilers: Cannot use XGE Shader Compiler as Incredibuild is not installed on this machine.
[2018.11.21-22.43.09:592][  0]LogShaderCompilers: Display: Using Local Shader Compiler.
[2018.11.21-22.43.10:736][  0]LogDerivedDataCache: Display: Max Cache Size: 512 MB
[2018.11.21-22.43.10:866][  0]LogDerivedDataCache: Loaded boot cache 0.13s 89MB C:/Users/r017093h/AppData/Local/UnrealEngine/4.20/DerivedDataCache/Boot.ddc.
[2018.11.21-22.43.10:869][  0]LogDerivedDataCache: Display: Loaded Boot cache: C:/Users/r017093h/AppData/Local/UnrealEngine/4.20/DerivedDataCache/Boot.ddc
[2018.11.21-22.43.10:869][  0]LogDerivedDataCache: FDerivedDataBackendGraph:  Pak pak cache file E:/Repos/Uni/TGP-Duos/TGP_Duos/DerivedDataCache/DDC.ddp not found, will not use a pak cache.
[2018.11.21-22.43.10:869][  0]LogDerivedDataCache: Unable to find inner node Pak for hierarchical cache Hierarchy.
[2018.11.21-22.43.10:869][  0]LogDerivedDataCache: FDerivedDataBackendGraph:  CompressedPak pak cache file E:/Repos/Uni/TGP-Duos/TGP_Duos/DerivedDataCache/Compressed.ddp not found, will not use a pak cache.
[2018.11.21-22.43.10:869][  0]LogDerivedDataCache: Unable to find inner node CompressedPak for hierarchical cache Hierarchy.
[2018.11.21-22.43.10:888][  0]LogDerivedDataCache: Display: Pak cache opened for reading ../../../Engine/DerivedDataCache/Compressed.ddp.
[2018.11.21-22.43.10:900][  0]LogDerivedDataCache: Using Local data cache path C:/Users/r017093h/AppData/Local/UnrealEngine/Common/DerivedDataCache: Writable
[2018.11.21-22.43.10:900][  0]LogDerivedDataCache: Shared data cache path not found in *engine.ini, will not use an Shared cache.
[2018.11.21-22.43.10:900][  0]LogDerivedDataCache: Unable to find inner node Shared for hierarchical cache Hierarchy.
[2018.11.21-22.43.10:925][  0]LogMaterial: Verifying Global Shaders for PCD3D_SM5
[2018.11.21-22.43.10:926][  0]LogSlate: Using FreeType 2.6.0
[2018.11.21-22.43.10:927][  0]LogSlate: SlateFontServices - WITH_FREETYPE: 1, WITH_HARFBUZZ: 1
[2018.11.21-22.43.11:028][  0]LogAssetRegistry: FAssetRegistry took 0.0272 seconds to start up
[2018.11.21-22.43.11:430][  0]LogInit: Selected Device Profile: [Windows]
[2018.11.21-22.43.11:606][  0]LogSimplygon: Simplygon DLL not present - disabling.
[2018.11.21-22.43.11:613][  0]LogMeshReduction: Using SimplygonSwarm for distributed automatic mesh merging
[2018.11.21-22.43.11:613][  0]LogMeshReduction: Using ProxyLODMeshReduction for automatic mesh merging
[2018.11.21-22.43.11:613][  0]LogMeshReduction: Using QuadricMeshReduction for automatic static mesh reduction
[2018.11.21-22.43.11:613][  0]LogMeshReduction: No automatic skeletal mesh reduction module available
[2018.11.21-22.43.11:633][  0]LogNetVersion: TGP_Duos 1.0.0, NetCL: 4212847, EngineNetVer: 5, GameNetVer: 0 (Checksum: 2163957344)
[2018.11.21-22.43.12:282][  0]LogPackageLocalizationCache: Processed 11 localized package path(s) for 2 prioritized culture(s) in 0.168326 seconds
[2018.11.21-22.43.12:290][  0]LogUObjectArray: 38425 objects as part of root set at end of initial load.
[2018.11.21-22.43.12:290][  0]LogUObjectAllocator: 6690864 out of 0 bytes used by permanent object pool.
[2018.11.21-22.43.12:290][  0]LogUObjectArray: CloseDisregardForGC: 0/0 objects in disregard for GC pool
[2018.11.21-22.43.13:372][  0]LogTcpMessaging: Initializing TcpMessaging bridge
[2018.11.21-22.43.13:385][  0]LogUdpMessaging: Initializing bridge on interface 0.0.0.0:0 to multicast group 230.0.0.1:6666.
[2018.11.21-22.43.14:069][  0]SourceControl: Source control is disabled
[2018.11.21-22.43.14:069][  0]SourceControl: Source control is disabled
[2018.11.21-22.43.14:071][  0]SourceControl: Source control is disabled
[2018.11.21-22.43.14:072][  0]SourceControl: Source control is disabled
[2018.11.21-22.43.14:276][  0]LogAndroidPermission: UAndroidPermissionCallbackProxy::GetInstance
[2018.11.21-22.43.14:335][  0]LogOcInput: OculusInput pre-init called
[2018.11.21-22.43.14:401][  0]LogEngine: Initializing Engine...
[2018.11.21-22.43.14:437][  0]LogHMD: Failed to initialize OpenVR with code 126
[2018.11.21-22.43.14:439][  0]LogStats: UGameplayTagsManager::ConstructGameplayTagTree: ImportINI prefixes -  0.000 s
[2018.11.21-22.43.14:439][  0]LogStats: UGameplayTagsManager::ConstructGameplayTagTree: Construct from data asset -  0.000 s
[2018.11.21-22.43.14:439][  0]LogStats: UGameplayTagsManager::ConstructGameplayTagTree: ImportINI -  0.000 s
[2018.11.21-22.43.14:439][  0]LogStats: UGameplayTagsManager::ConstructGameplayTagTree: GameplayTagTreeChangedEvent.Broadcast -  0.000 s
[2018.11.21-22.43.14:670][  0]LogInit: Initializing FReadOnlyCVARCache
[2018.11.21-22.43.14:694][  0]LogAIModule: Creating AISystem for world Untitled
[2018.11.21-22.43.14:705][  0]LogInit: XAudio2 using 'Speakers (Realtek High Definition Audio)' : 2 channels at 48 kHz using 32 bits per sample (channel mask 0x3)
[2018.11.21-22.43.14:723][  0]LogInit: FAudioDevice initialized.
[2018.11.21-22.43.14:723][  0]LogNetVersion: Set ProjectVersion to 1.0.0.0. Version Checksum will be recalculated on next use.
[2018.11.21-22.43.14:829][  0]LogDerivedDataCache: Saved boot cache 0.11s 89MB C:/Users/r017093h/AppData/Local/UnrealEngine/4.20/DerivedDataCache/Boot.ddc.
[2018.11.21-22.43.14:858][  0]LogInit: Texture streaming: Enabled
[2018.11.21-22.43.14:888][  0]LogEngineSessionManager: EngineSessionManager initialized
[2018.11.21-22.43.14:888][  0]LogEngineSessionManager: EngineSessionManager sent abnormal shutdown report. Type=Crashed, SessionId={220B9564-4FD4-3A58-2F22-C68330B5EA3A}
[2018.11.21-22.43.14:910][  0]LogInit: Transaction tracking system initialized
[2018.11.21-22.43.14:959][  0]BlueprintLog: New page: Editor Load
[2018.11.21-22.43.15:136][  0]LocalizationService: Localization service is disabled
[2018.11.21-22.43.15:482][  0]LogCook: Display: Max memory allowance for cook 16384mb min free memory 0mb
[2018.11.21-22.43.15:482][  0]LogCook: Display: Mobile HDR setting 1
[2018.11.21-22.43.15:482][  0]LogGameplayTags: Display: UGameplayTagsManager::DoneAddingNativeTags. DelegateIsBound: 0
[2018.11.21-22.43.15:482][  0]LogStats: UGameplayTagsManager::ConstructGameplayTagTree: ImportINI prefixes -  0.000 s
[2018.11.21-22.43.15:482][  0]LogStats: UGameplayTagsManager::ConstructGameplayTagTree: Construct from data asset -  0.000 s
[2018.11.21-22.43.15:482][  0]LogStats: UGameplayTagsManager::ConstructGameplayTagTree: ImportINI -  0.000 s
[2018.11.21-22.43.15:482][  0]LogStats: UGameplayTagsManager::ConstructGameplayTagTree: GameplayTagTreeChangedEvent.Broadcast -  0.000 s
[2018.11.21-22.43.15:649][  0]LogFileCache: Scanning file cache for directory 'E:/Repos/Uni/TGP-Duos/TGP_Duos/Content/' took 0.01s
[2018.11.21-22.43.15:649][  0]SourceControl: Source control is disabled
[2018.11.21-22.43.15:649][  0]Cmd: MAP LOAD FILE="E:/Repos/Uni/TGP-Duos/TGP_Duos/Content/FirstPersonCPP/Maps/FirstPersonExampleMap.umap" TEMPLATE=0 SHOWPROGRESS=1 FEATURELEVEL=3
[2018.11.21-22.43.15:681][  0]LightingResults: New page: Lighting Build
[2018.11.21-22.43.15:687][  0]MapCheck: New page: Map Check
[2018.11.21-22.43.15:687][  0]LightingResults: New page: Lighting Build
[2018.11.21-22.43.16:045][  0]LogAIModule: Creating AISystem for world FirstPersonExampleMap
[2018.11.21-22.43.16:054][  0]LogEditorServer: Finished looking for orphan Actors (0.000 secs)
[2018.11.21-22.43.16:079][  0]Cmd: MAP CHECKDEP NOCLEARLOG
[2018.11.21-22.43.16:288][  0]MapCheck: Map check complete: 0 Error(s), 0 Warning(s), took 208.451ms to complete.
[2018.11.21-22.43.16:288][  0]LogFileHelpers: Loading map 'FirstPersonExampleMap' took 0.639
[2018.11.21-22.43.16:407][  0]LogSlate: Updating window title bar state: overlay mode, drag disabled, window buttons hidden, title bar hidden
[2018.11.21-22.43.16:417][  0]LogSlate: Updating window title bar state: overlay mode, drag disabled, window buttons hidden, title bar hidden
[2018.11.21-22.43.16:424][  0]LogSlate: Updating window title bar state: overlay mode, drag disabled, window buttons hidden, title bar hidden
[2018.11.21-22.43.16:431][  0]LogSlate: Updating window title bar state: overlay mode, drag disabled, window buttons hidden, title bar hidden
[2018.11.21-22.43.16:442][  0]LogCollectionManager: Loaded 0 collections in 0.003522 seconds
[2018.11.21-22.43.16:486][  0]LogFileCache: Scanning file cache for directory 'E:/Repos/Uni/TGP-Duos/TGP_Duos/Saved/Collections/' took 0.01s
[2018.11.21-22.43.16:486][  0]LogFileCache: Scanning file cache for directory 'E:/Repos/Uni/TGP-Duos/TGP_Duos/Content/Developers/r017093h/Collections/' took 0.01s
[2018.11.21-22.43.16:486][  0]LogFileCache: Scanning file cache for directory 'E:/Repos/Uni/TGP-Duos/TGP_Duos/Content/Collections/' took 0.01s
[2018.11.21-22.43.16:486][  0]LogCollectionManager: Rebuilt the GUID cache for 0 collections in 0.000000 seconds
[2018.11.21-22.43.16:499][  0]LogContentBrowser: Native class hierarchy populated in 0.0120 seconds. Added 2578 classes and 606 folders.
[2018.11.21-22.43.16:509][  0]LogContentBrowser: Native class hierarchy updated for 'WidgetCarousel' in 0.0004 seconds. Added 0 classes and 0 folders.
[2018.11.21-22.43.16:603][  0]LogContentBrowser: Native class hierarchy updated for 'AddContentDialog' in 0.0004 seconds. Added 0 classes and 0 folders.
[2018.11.21-22.43.16:610][  0]LogContentBrowser: Native class hierarchy updated for 'SceneOutliner' in 0.0004 seconds. Added 1 classes and 2 folders.
[2018.11.21-22.43.16:636][  0]LogSlate: FSceneViewport::OnFocusLost() reason 2
[2018.11.21-22.43.16:652][  0]LogSlate: Window 'Tutorials' being destroyed
[2018.11.21-22.43.16:686][  0]LogContentBrowser: Native class hierarchy updated for 'HierarchicalLODOutliner' in 0.0008 seconds. Added 0 classes and 0 folders.
[2018.11.21-22.43.16:686][  0]LogLoad: (Engine Initialization) Total time: 12.94 seconds
[2018.11.21-22.43.16:686][  0]LogLoad: (Engine Initialization) Total Blueprint compile time: 0.00 seconds
[2018.11.21-22.43.16:697][  0]LogWindowsTextInputMethodSystem: Display: IME system now deactivated.
[2018.11.21-22.43.16:719][  0]LogContentStreaming: Texture pool size now 1000 MB
[2018.11.21-22.43.16:721][  0]LogSlate: Took 0.000263 seconds to synchronously load lazily loaded font '../../../Engine/Content/Slate/Fonts/Roboto-Regular.ttf' (155K)
[2018.11.21-22.43.16:722][  0]LogSlate: Took 0.000224 seconds to synchronously load lazily loaded font '../../../Engine/Content/Slate/Fonts/Roboto-Bold.ttf' (160K)
[2018.11.21-22.43.16:727][  0]LogSlate: Took 0.000206 seconds to synchronously load lazily loaded font '../../../Engine/Content/Editor/Slate/Fonts/FontAwesome.ttf' (139K)
[2018.11.21-22.43.16:827][  0]LogSlate: Took 0.000308 seconds to synchronously load lazily loaded font '../../../Engine/Content/Slate/Fonts/Roboto-Light.ttf' (167K)
[2018.11.21-22.43.16:843][  1]LogRenderer: Reallocating scene render targets to support 804x360 Format 10 NumSamples 1 (Frame:1).
[2018.11.21-22.43.16:861][  1]LogAssetRegistry: Asset discovery search completed in 5.8550 seconds
[2018.11.21-22.43.16:865][  1]LogCollectionManager: Rebuilt the object cache for 0 collections in 0.000000 seconds (found 0 objects)
[2018.11.21-22.43.16:865][  1]LogCollectionManager: Fixed up redirectors for 0 collections in 0.000071 seconds (updated 0 objects)
[2018.11.21-22.45.39:388][739]LogRenderer: Reallocating scene render targets to support 1208x576 Format 10 NumSamples 1 (Frame:16734).
[2018.11.21-22.45.55:241][ 70]LogEditorViewport: Clicking on Actor (LMB): StaticMeshActor (Floor)
[2018.11.21-22.45.57:828][347]LogSlate: FSceneViewport::OnFocusLost() reason 0
[2018.11.21-22.45.58:770][457]LogSlate: Took 0.000281 seconds to synchronously load lazily loaded font '../../../Engine/Content/Slate/Fonts/Roboto-Light.ttf' (167K)
[2018.11.21-22.45.58:817][457]LogLinker: Warning: Can't find file '/Game/Weapons/Assets/AUG/AUG_1__Mat'
[2018.11.21-22.45.58:818][457]LogLinker: Warning: Can't find file for asset '/Game/Weapons/Assets/AUG/AUG_1__Mat' while loading E:/Repos/Uni/TGP-Duos/TGP_Duos/Content/Weapons/Assets/AUG/AUG.uasset.
[2018.11.21-22.45.58:818][457]LoadErrors: Error: /Game/Weapons/Assets/AUG/AUG : Can't find file for asset. /Game/Weapons/Assets/AUG/AUG_1__Mat
[2018.11.21-22.45.58:818][457]LogLinker: Warning: Can't find file '/Game/Weapons/Assets/AUG/AUG_2__Mat'
[2018.11.21-22.45.58:818][457]LogLinker: Warning: Can't find file for asset '/Game/Weapons/Assets/AUG/AUG_2__Mat' while loading E:/Repos/Uni/TGP-Duos/TGP_Duos/Content/Weapons/Assets/AUG/AUG.uasset.
[2018.11.21-22.45.58:818][457]LoadErrors: Error: /Game/Weapons/Assets/AUG/AUG : Can't find file for asset. /Game/Weapons/Assets/AUG/AUG_2__Mat
[2018.11.21-22.45.58:819][457]LogLinker: Warning: Can't find file '/Game/Weapons/Assets/AUG/AUG_3__Mat'
[2018.11.21-22.45.58:819][457]LogLinker: Warning: Can't find file for asset '/Game/Weapons/Assets/AUG/AUG_3__Mat' while loading E:/Repos/Uni/TGP-Duos/TGP_Duos/Content/Weapons/Assets/AUG/AUG.uasset.
[2018.11.21-22.45.58:819][457]LoadErrors: Error: /Game/Weapons/Assets/AUG/AUG : Can't find file for asset. /Game/Weapons/Assets/AUG/AUG_3__Mat
[2018.11.21-22.45.58:820][457]LogLinker: Warning: Can't find file '/Game/Weapons/Assets/AUG/AUG_1__Mat'
[2018.11.21-22.45.58:820][457]LogLinker: Warning: Can't find file for asset '/Game/Weapons/Assets/AUG/AUG_1__Mat' while loading E:/Repos/Uni/TGP-Duos/TGP_Duos/Content/Weapons/Assets/AUG/AUG.uasset.
[2018.11.21-22.45.58:820][457]LogLinker: Warning: Can't find file '/Game/Weapons/Assets/AUG/AUG_2__Mat'
[2018.11.21-22.45.58:821][457]LogLinker: Warning: Can't find file for asset '/Game/Weapons/Assets/AUG/AUG_2__Mat' while loading E:/Repos/Uni/TGP-Duos/TGP_Duos/Content/Weapons/Assets/AUG/AUG.uasset.
[2018.11.21-22.45.58:821][457]LogLinker: Warning: Can't find file '/Game/Weapons/Assets/AUG/AUG_3__Mat'
[2018.11.21-22.45.58:821][457]LogLinker: Warning: Can't find file for asset '/Game/Weapons/Assets/AUG/AUG_3__Mat' while loading E:/Repos/Uni/TGP-Duos/TGP_Duos/Content/Weapons/Assets/AUG/AUG.uasset.
[2018.11.21-22.45.59:002][457]LogLinker: Warning: Can't find file '/Game/Weapons/Assets/AUG/AUG_1__Mat'
[2018.11.21-22.45.59:002][457]LoadErrors: Failed to load /Game/Weapons/Assets/AUG/AUG_1__Mat.AUG_1__Mat Referenced by AUG
[2018.11.21-22.45.59:002][457]LogLinker: Warning: Can't find file for asset '/Game/Weapons/Assets/AUG/AUG_1__Mat' while loading NULL.
[2018.11.21-22.45.59:003][457]LogLinker: Warning: Can't find file '/Game/Weapons/Assets/AUG/AUG_2__Mat'
[2018.11.21-22.45.59:003][457]LoadErrors: Failed to load /Game/Weapons/Assets/AUG/AUG_2__Mat.AUG_2__Mat Referenced by AUG
[2018.11.21-22.45.59:003][457]LogLinker: Warning: Can't find file for asset '/Game/Weapons/Assets/AUG/AUG_2__Mat' while loading NULL.
[2018.11.21-22.45.59:004][457]LogLinker: Warning: Can't find file '/Game/Weapons/Assets/AUG/AUG_3__Mat'
[2018.11.21-22.45.59:004][457]LoadErrors: Failed to load /Game/Weapons/Assets/AUG/AUG_3__Mat.AUG_3__Mat Referenced by AUG
[2018.11.21-22.45.59:004][457]LogLinker: Warning: Can't find file for asset '/Game/Weapons/Assets/AUG/AUG_3__Mat' while loading NULL.
[2018.11.21-22.45.59:005][457]LogLinker: Warning: Can't find file '/Game/Weapons/Assets/AUG/AUG_1__Mat'
[2018.11.21-22.45.59:005][457]LogLinker: Warning: Can't find file for asset '/Game/Weapons/Assets/AUG/AUG_1__Mat' while loading NULL.
[2018.11.21-22.45.59:005][457]LogLinker: Warning: Can't find file '/Game/Weapons/Assets/AUG/AUG_2__Mat'
[2018.11.21-22.45.59:006][457]LogLinker: Warning: Can't find file for asset '/Game/Weapons/Assets/AUG/AUG_2__Mat' while loading NULL.
[2018.11.21-22.45.59:006][457]LogLinker: Warning: Can't find file '/Game/Weapons/Assets/AUG/AUG_3__Mat'
[2018.11.21-22.45.59:007][457]LogLinker: Warning: Can't find file for asset '/Game/Weapons/Assets/AUG/AUG_3__Mat' while loading NULL.
[2018.11.21-22.45.59:141][457]LogAIModule: Creating AISystem for world Hal_Test_Level
[2018.11.21-22.45.59:160][457]LogAssetEditorManager: Opening Asset editor for World /Game/Maps/Hal_Test_Level.Hal_Test_Level
[2018.11.21-22.45.59:195][457]Cmd: MAP LOAD FILE="E:/Repos/Uni/TGP-Duos/TGP_Duos/Content/Maps/Hal_Test_Level.umap" TEMPLATE=0 SHOWPROGRESS=1 FEATURELEVEL=3
[2018.11.21-22.45.59:195][457]LightingResults: New page: Lighting Build
[2018.11.21-22.45.59:195][457]LoadErrors: New page: Loading map: Hal_Test_Level.umap
[2018.11.21-22.45.59:197][457]MapCheck: New page: Map Check
[2018.11.21-22.45.59:197][457]LightingResults: New page: Lighting Build
[2018.11.21-22.45.59:226][457]LogEditorServer: Finished looking for orphan Actors (0.000 secs)
[2018.11.21-22.45.59:280][457]Cmd: MAP CHECKDEP NOCLEARLOG
[2018.11.21-22.45.59:573][457]MapCheck: Map check complete: 0 Error(s), 0 Warning(s), took 292.676ms to complete.
[2018.11.21-22.45.59:575][457]LogFileHelpers: Loading map 'Hal_Test_Level' took 0.381
[2018.11.21-22.46.08:790][509]Candidate modules for hot reload:
[2018.11.21-22.46.08:790][509]  TGP_Duos
[2018.11.21-22.46.08:790][509]Launching UnrealBuildTool... [C:/Epic/UE4/UE_4.20/Engine/Binaries/DotNET/UnrealBuildTool.exe  -ModuleWithSuffix=TGP_Duos,5684 Win64 Development -TargetType=Editor -Project="E:/Repos/Uni/TGP-Duos/TGP_Duos/TGP_Duos.uproject" -canskiplink "E:/Repos/Uni/TGP-Duos/TGP_Duos/TGP_Duos.uproject" ]
[2018.11.21-22.46.08:803][509]Warning: Starting HotReload took  0.1s.
[2018.11.21-22.46.12:465][933]CompilerResultsLog: New page: Compilation - 21 Nov 2018 22:46:12
[2018.11.21-22.46.12:465][933]CompilerResultsLog: Using 'git status' to determine working set for adaptive non-unity build.
[2018.11.21-22.46.12:465][933]CompilerResultsLog: Compiling game modules for hot reload
[2018.11.21-22.46.12:465][933]CompilerResultsLog: Target is up to date
[2018.11.21-22.46.12:465][933]CompilerResultsLog: Total build time: 3.28 seconds (NoActionsToExecute executor: 0.00 seconds)
[2018.11.21-22.46.12:465][933]LogMainFrame: MainFrame: Module compiling took 3.696 seconds
[2018.11.21-22.46.12:504][933]LogContentBrowser: Native class hierarchy populated in 0.0104 seconds. Added 2579 classes and 608 folders.
[2018.11.21-22.46.12:504][933]Display: HotReload took  3.8s.
[2018.11.21-22.46.15:758][323]LogTemp: Repeating last play command: Selected Viewport
[2018.11.21-22.46.15:776][323]LogPlayLevel: PlayLevel: No blueprints needed recompiling
[2018.11.21-22.46.15:787][323]PIE: New page: PIE session: Hal_Test_Level (21 Nov 2018 22:46:15)
[2018.11.21-22.46.15:787][323]LogPlayLevel: Creating play world package: /Game/Maps/UEDPIE_0_Hal_Test_Level
[2018.11.21-22.46.15:788][323]LogPlayLevel: PIE: StaticDuplicateObject took: (0.001183s)
[2018.11.21-22.46.15:789][323]LogAIModule: Creating AISystem for world Hal_Test_Level
[2018.11.21-22.46.15:789][323]LogPlayLevel: PIE: World Init took: (0.000668s)
[2018.11.21-22.46.15:789][323]LogPlayLevel: PIE: Created PIE world by copying editor world from /Game/Maps/Hal_Test_Level.Hal_Test_Level to /Game/Maps/UEDPIE_0_Hal_Test_Level.Hal_Test_Level (0.001960s)
[2018.11.21-22.46.15:813][323]LogInit: XAudio2 using 'Speakers (Realtek High Definition Audio)' : 2 channels at 48 kHz using 32 bits per sample (channel mask 0x3)
[2018.11.21-22.46.15:827][323]LogInit: FAudioDevice initialized.
[2018.11.21-22.46.15:871][323]LogLoad: Game class is 'TGP_DuosGameMode'
[2018.11.21-22.46.15:874][323]LogWorld: Bringing World /Game/Maps/UEDPIE_0_Hal_Test_Level.Hal_Test_Level up for play (max tick rate 0) at 2018.11.21-22.46.15
[2018.11.21-22.46.15:875][323]LogWorld: Bringing up level for play took: 0.000908
[2018.11.21-22.46.15:965][323]LogContentBrowser: Native class hierarchy updated for 'MovieSceneCapture' in 0.0011 seconds. Added 10 classes and 0 folders.
[2018.11.21-22.46.15:968][323]PIE: Play in editor start time for /Game/Maps/UEDPIE_0_Hal_Test_Level -0.717
[2018.11.21-22.46.21:466][975]LogSlate: Updating window title bar state: overlay mode, drag disabled, window buttons hidden, title bar hidden
[2018.11.21-22.46.21:496][975]LogPlayLevel: Display: Shutting down PIE online subsystems
[2018.11.21-22.46.21:525][975]LogSlate: Updating window title bar state: overlay mode, drag disabled, window buttons hidden, title bar hidden
[2018.11.21-22.46.21:572][980]LogPlayLevel: Display: Destroying online subsystem :Context_3
[2018.11.21-22.46.29:403][196]LogSlate: FSceneViewport::OnFocusLost() reason 0
[2018.11.21-22.46.51:005][735]LogAssetEditorManager: Opening Asset editor for Class /Script/TGP_Duos.Base_Weapon
[2018.11.21-22.46.51:095][735]LogVSAccessor: Warning: Couldn't goto line number '1' in 'E:/Repos/Uni/TGP-Duos/TGP_Duos/Source/TGP_Duos/Public/Base_Weapon.h'
[2018.11.21-22.46.51:147][735]LogVSAccessor: Warning: Couldn't goto line number '1' in 'E:/Repos/Uni/TGP-Duos/TGP_Duos/Source/TGP_Duos/Private/Base_Weapon.cpp'
[2018.11.21-22.47.04:334][  0]LogAssetEditorManager: Opening Asset editor for Class /Script/TGP_Duos.Base_Weapon
[2018.11.21-22.47.04:406][  0]LogVSAccessor: Warning: Couldn't goto line number '1' in 'E:/Repos/Uni/TGP-Duos/TGP_Duos/Source/TGP_Duos/Public/Base_Weapon.h'
[2018.11.21-22.47.04:461][  0]LogVSAccessor: Warning: Couldn't goto line number '1' in 'E:/Repos/Uni/TGP-Duos/TGP_Duos/Source/TGP_Duos/Private/Base_Weapon.cpp'
[2018.11.21-22.47.16:657][459]LogAssetEditorManager: Opening Asset editor for Class /Script/TGP_Duos.Base_Weapon
[2018.11.21-22.47.16:706][459]LogVSAccessor: Warning: Couldn't goto line number '1' in 'E:/Repos/Uni/TGP-Duos/TGP_Duos/Source/TGP_Duos/Public/Base_Weapon.h'
[2018.11.21-22.47.16:748][459]LogVSAccessor: Warning: Couldn't goto line number '1' in 'E:/Repos/Uni/TGP-Duos/TGP_Duos/Source/TGP_Duos/Private/Base_Weapon.cpp'
[2018.11.21-22.47.35:407][696]LogEditor: Attempting to add actor of class 'Base_Weapon' to level at -60.00,720.00,0.00
[2018.11.21-22.47.35:547][708]LogEditor: Attempting to add actor of class 'Base_Weapon' to level at -270.00,60.00,0.00
[2018.11.21-22.47.37:091][885]LogSlate: FSceneViewport::OnFocusLost() reason 0
[2018.11.21-22.47.37:222][895]LogVSAccessor: Warning: Couldn't goto line number '1' in 'E:/Repos/Uni/TGP-Duos/TGP_Duos/Source/TGP_Duos/Public/Base_Weapon.h'
[2018.11.21-22.47.39:678][162]LogEditorActor: Deleted Actor: Base_Weapon
[2018.11.21-22.47.39:703][162]LogEditorActor: Deleted 1 Actors (0.027 secs)
[2018.11.21-22.47.45:477][847]LogSlate: Took 0.000282 seconds to synchronously load lazily loaded font '../../../Engine/Content/Slate/Fonts/Roboto-Italic.ttf' (157K)
[2018.11.21-22.49.23:000][399]Candidate modules for hot reload:
[2018.11.21-22.49.23:000][399]  TGP_Duos
[2018.11.21-22.49.23:000][399]Launching UnrealBuildTool... [C:/Epic/UE4/UE_4.20/Engine/Binaries/DotNET/UnrealBuildTool.exe  -ModuleWithSuffix=TGP_Duos,7648 Win64 Development -TargetType=Editor -Project="E:/Repos/Uni/TGP-Duos/TGP_Duos/TGP_Duos.uproject" -canskiplink "E:/Repos/Uni/TGP-Duos/TGP_Duos/TGP_Duos.uproject" ]
[2018.11.21-22.49.23:011][399]Warning: Starting HotReload took  0.0s.
[2018.11.21-22.49.28:880][  7]CompilerResultsLog: New page: Compilation - 21 Nov 2018 22:49:28
[2018.11.21-22.49.28:880][  7]CompilerResultsLog: Using 'git status' to determine working set for adaptive non-unity build.
[2018.11.21-22.49.28:880][  7]CompilerResultsLog: Compiling game modules for hot reload
[2018.11.21-22.49.28:880][  7]CompilerResultsLog: Building 3 actions with 8 processes...
[2018.11.21-22.49.28:880][  7]CompilerResultsLog:   [1/3] Base_Weapon.cpp
[2018.11.21-22.49.28:880][  7]CompilerResultsLog:   [2/3] UE4Editor-TGP_Duos-7648.lib
[2018.11.21-22.49.28:880][  7]CompilerResultsLog:      Creating library E:\Repos\Uni\TGP-Duos\TGP_Duos\Intermediate\Build\Win64\UE4Editor\Development\TGP_Duos\UE4Editor-TGP_Duos-7648.lib and object E:\Repos\Uni\TGP-Duos\TGP_Duos\Intermediate\Build\Win64\UE4Editor\Development\TGP_Duos\UE4Editor-TGP_Duos-7648.exp
[2018.11.21-22.49.28:880][  7]CompilerResultsLog:   [3/3] UE4Editor-TGP_Duos-7648.dll
[2018.11.21-22.49.28:880][  7]CompilerResultsLog:      Creating library E:\Repos\Uni\TGP-Duos\TGP_Duos\Intermediate\Build\Win64\UE4Editor\Development\TGP_Duos\UE4Editor-TGP_Duos-7648.suppressed.lib and object E:\Repos\Uni\TGP-Duos\TGP_Duos\Intermediate\Build\Win64\UE4Editor\Development\TGP_Duos\UE4Editor-TGP_Duos-7648.suppressed.exp
[2018.11.21-22.49.28:880][  7]CompilerResultsLog: Total build time: 5.50 seconds (Parallel executor: 2.20 seconds)
[2018.11.21-22.49.28:880][  7]LogMainFrame: MainFrame: Module compiling took 5.897 seconds
[2018.11.21-22.49.28:930][  7]LogHotReload: Re-instancing Base_Weapon after hot-reload.
[2018.11.21-22.49.29:106][  7]LogContentBrowser: Native class hierarchy updated for 'TGP_Duos' in 0.0005 seconds. Added 6 classes and 3 folders.
[2018.11.21-22.49.29:108][  7]Display: HotReload successful (1 functions remapped  0 scriptstructs remapped)
[2018.11.21-22.49.29:273][  7]LogContentBrowser: Native class hierarchy populated in 0.0094 seconds. Added 2579 classes and 608 folders.
[2018.11.21-22.49.29:273][  7]Display: HotReload took  6.3s.
[2018.11.21-22.49.37:191][563]LogSlate: Window 'Delete Assets' being destroyed
[2018.11.21-22.49.40:385][940]Candidate modules for hot reload:
[2018.11.21-22.49.40:385][940]  TGP_Duos
[2018.11.21-22.49.40:385][940]Launching UnrealBuildTool... [C:/Epic/UE4/UE_4.20/Engine/Binaries/DotNET/UnrealBuildTool.exe  -ModuleWithSuffix=TGP_Duos,55 Win64 Development -TargetType=Editor -Project="E:/Repos/Uni/TGP-Duos/TGP_Duos/TGP_Duos.uproject" -canskiplink "E:/Repos/Uni/TGP-Duos/TGP_Duos/TGP_Duos.uproject" ]
[2018.11.21-22.49.40:390][940]Warning: Starting HotReload took  0.0s.
[2018.11.21-22.49.44:570][220]CompilerResultsLog: New page: Compilation - 21 Nov 2018 22:49:44
[2018.11.21-22.49.44:570][220]CompilerResultsLog: Using 'git status' to determine working set for adaptive non-unity build.
[2018.11.21-22.49.44:570][220]CompilerResultsLog: Compiling game modules for hot reload
[2018.11.21-22.49.44:570][220]CompilerResultsLog: Target is up to date
[2018.11.21-22.49.44:570][220]CompilerResultsLog: Total build time: 3.82 seconds (NoActionsToExecute executor: 0.01 seconds)
[2018.11.21-22.49.44:570][220]LogMainFrame: MainFrame: Module compiling took 4.192 seconds
[2018.11.21-22.49.44:619][220]LogContentBrowser: Native class hierarchy populated in 0.0109 seconds. Added 2579 classes and 608 folders.
[2018.11.21-22.49.44:619][220]Display: HotReload took  4.2s.
[2018.11.21-22.49.47:374][333]LogTemp: Repeating last play command: Selected Viewport
[2018.11.21-22.49.47:401][333]LogPlayLevel: PlayLevel: No blueprints needed recompiling
[2018.11.21-22.49.47:401][333]PIE: New page: PIE session: Hal_Test_Level (21 Nov 2018 22:49:47)
[2018.11.21-22.49.47:401][333]LogPlayLevel: Creating play world package: /Game/Maps/UEDPIE_0_Hal_Test_Level
[2018.11.21-22.49.47:403][333]LogPlayLevel: PIE: StaticDuplicateObject took: (0.001277s)
[2018.11.21-22.49.47:404][333]LogAIModule: Creating AISystem for world Hal_Test_Level
[2018.11.21-22.49.47:404][333]LogPlayLevel: PIE: World Init took: (0.000654s)
[2018.11.21-22.49.47:404][333]LogPlayLevel: PIE: Created PIE world by copying editor world from /Game/Maps/Hal_Test_Level.Hal_Test_Level to /Game/Maps/UEDPIE_0_Hal_Test_Level.Hal_Test_Level (0.002303s)
[2018.11.21-22.49.47:434][333]LogInit: XAudio2 using 'Speakers (Realtek High Definition Audio)' : 2 channels at 48 kHz using 32 bits per sample (channel mask 0x3)
[2018.11.21-22.49.47:449][333]LogInit: FAudioDevice initialized.
[2018.11.21-22.49.47:486][333]LogLoad: Game class is 'TGP_DuosGameMode'
[2018.11.21-22.49.47:488][333]LogWorld: Bringing World /Game/Maps/UEDPIE_0_Hal_Test_Level.Hal_Test_Level up for play (max tick rate 0) at 2018.11.21-22.49.47
[2018.11.21-22.49.47:489][333]LogWorld: Bringing up level for play took: 0.001755
[2018.11.21-22.49.47:504][333]PIE: Play in editor start time for /Game/Maps/UEDPIE_0_Hal_Test_Level 0.819
[2018.11.21-22.49.49:906][615]LogSlate: Updating window title bar state: overlay mode, drag disabled, window buttons hidden, title bar hidden
[2018.11.21-22.49.49:943][615]LogPlayLevel: Display: Shutting down PIE online subsystems
[2018.11.21-22.49.49:973][615]LogSlate: Updating window title bar state: overlay mode, drag disabled, window buttons hidden, title bar hidden
[2018.11.21-22.49.50:007][618]LogPlayLevel: Display: Destroying online subsystem :Context_7
[2018.11.21-22.49.56:715][714]LogSlate: FSceneViewport::OnFocusLost() reason 0
[2018.11.21-22.49.56:776][719]LogTemp: Repeating last play command: Selected Viewport
[2018.11.21-22.49.56:795][719]LogPlayLevel: PlayLevel: No blueprints needed recompiling
[2018.11.21-22.49.56:796][719]PIE: New page: PIE session: Hal_Test_Level (21 Nov 2018 22:49:56)
[2018.11.21-22.49.56:796][719]LogPlayLevel: Creating play world package: /Game/Maps/UEDPIE_0_Hal_Test_Level
[2018.11.21-22.49.56:797][719]LogPlayLevel: PIE: StaticDuplicateObject took: (0.001328s)
[2018.11.21-22.49.56:798][719]LogAIModule: Creating AISystem for world Hal_Test_Level
[2018.11.21-22.49.56:798][719]LogPlayLevel: PIE: World Init took: (0.000702s)
[2018.11.21-22.49.56:798][719]LogPlayLevel: PIE: Created PIE world by copying editor world from /Game/Maps/Hal_Test_Level.Hal_Test_Level to /Game/Maps/UEDPIE_0_Hal_Test_Level.Hal_Test_Level (0.002140s)
[2018.11.21-22.49.56:829][719]LogInit: XAudio2 using 'Speakers (Realtek High Definition Audio)' : 2 channels at 48 kHz using 32 bits per sample (channel mask 0x3)
[2018.11.21-22.49.56:843][719]LogInit: FAudioDevice initialized.
[2018.11.21-22.49.56:876][719]LogLoad: Game class is 'TGP_DuosGameMode'
[2018.11.21-22.49.56:879][719]LogWorld: Bringing World /Game/Maps/UEDPIE_0_Hal_Test_Level.Hal_Test_Level up for play (max tick rate 0) at 2018.11.21-22.49.56
[2018.11.21-22.49.56:879][719]LogWorld: Bringing up level for play took: 0.001687
[2018.11.21-22.49.56:895][719]PIE: Play in editor start time for /Game/Maps/UEDPIE_0_Hal_Test_Level 0.209
[2018.11.21-22.50.01:382][250]LogSlate: Updating window title bar state: overlay mode, drag disabled, window buttons hidden, title bar hidden
[2018.11.21-22.50.01:418][250]LogPlayLevel: Display: Shutting down PIE online subsystems
[2018.11.21-22.50.01:464][250]LogSlate: Updating window title bar state: overlay mode, drag disabled, window buttons hidden, title bar hidden
[2018.11.21-22.50.01:488][251]LogPlayLevel: Display: Destroying online subsystem :Context_8
[2018.11.21-22.50.07:083][378]LogSlate: FSceneViewport::OnFocusLost() reason 0
[2018.11.21-22.50.09:984][585]LogSlate: Window 'Save Content' being destroyed
[2018.11.21-22.50.10:231][585]Cmd: OBJ SAVEPACKAGE PACKAGE="/Game/Maps/Hal_Test_Level" FILE="E:/Repos/Uni/TGP-Duos/TGP_Duos/Content/Maps/Hal_Test_Level.umap" SILENT=true AUTOSAVING=false KEEPDIRTY=false
[2018.11.21-22.50.10:304][585]LogSavePackage: Moving 'E:/Repos/Uni/TGP-Duos/TGP_Duos/Saved/Hal_Test_Level333EA48E4A64EE6E2F6496B8B458D742.tmp' to 'E:/Repos/Uni/TGP-Duos/TGP_Duos/Content/Maps/Hal_Test_Level.umap'
[2018.11.21-22.50.10:345][585]LogFileHelpers: Saving map 'Hal_Test_Level' took 0.339
[2018.11.21-22.50.10:482][585]LogSlate: Window 'TGP_Duos - Unreal Editor' being destroyed
[2018.11.21-22.50.10:483][585]LogWindowsTextInputMethodSystem: Display: IME system now deactivated.
[2018.11.21-22.50.10:717][586]Cmd: QUIT_EDITOR
[2018.11.21-22.50.11:266][586]LogExit: Preparing to exit.
[2018.11.21-22.50.11:650][586]LogExit: Editor shut down
[2018.11.21-22.50.11:651][586]LogExit: Transaction tracking system shut down
[2018.11.21-22.50.12:223][586]LogExit: Object subsystem successfully closed.
[2018.11.21-22.50.12:240][586]LogShaderCompilers: Display: Shaders left to compile 0
[2018.11.21-22.50.12:244][586]LogD3D11RHI: Shutdown
[2018.11.21-22.50.12:244][586]LogD3D11RHI: CleanupD3DDevice
[2018.11.21-22.50.12:247][586]LogD3D11RHI: ~FD3D11DynamicRHI
[2018.11.21-22.50.12:303][586]LogModuleManager: Shutting down and abandoning module TGP_Duos (617)
[2018.11.21-22.50.12:303][586]LogModuleManager: Shutting down and abandoning module MovieSceneCapture (616)
[2018.11.21-22.50.12:303][586]LogModuleManager: Shutting down and abandoning module Voice (614)
[2018.11.21-22.50.12:303][586]LogModuleManager: Shutting down and abandoning module HierarchicalLODOutliner (612)
[2018.11.21-22.50.12:303][586]LogModuleManager: Shutting down and abandoning module SceneOutliner (610)
[2018.11.21-22.50.12:303][586]LogModuleManager: Shutting down and abandoning module AddContentDialog (608)
[2018.11.21-22.50.12:304][586]LogModuleManager: Shutting down and abandoning module WidgetCarousel (607)
[2018.11.21-22.50.12:304][586]LogModuleManager: Shutting down and abandoning module EditorWidgets (604)
[2018.11.21-22.50.12:304][586]LogModuleManager: Shutting down and abandoning module CollectionManager (602)
[2018.11.21-22.50.12:304][586]LogModuleManager: Shutting down and abandoning module StatsViewer (600)
[2018.11.21-22.50.12:304][586]LogModuleManager: Shutting down and abandoning module FoliageEdit (598)
[2018.11.21-22.50.12:304][586]LogModuleManager: Shutting down and abandoning module LandscapeEditor (596)
[2018.11.21-22.50.12:304][586]LogModuleManager: Shutting down and abandoning module MeshPaintMode (594)
[2018.11.21-22.50.12:305][586]LogModuleManager: Shutting down and abandoning module SceneDepthPickerMode (592)
[2018.11.21-22.50.12:305][586]LogModuleManager: Shutting down and abandoning module ActorPickerMode (590)
[2018.11.21-22.50.12:305][586]LogModuleManager: Shutting down and abandoning module GeometryMode (588)
[2018.11.21-22.50.12:305][586]LogModuleManager: Shutting down and abandoning module TextureAlignMode (586)
[2018.11.21-22.50.12:305][586]LogModuleManager: Shutting down and abandoning module BspMode (584)
[2018.11.21-22.50.12:305][586]LogModuleManager: Shutting down and abandoning module PIEPreviewDeviceProfileSelector (582)
[2018.11.21-22.50.12:305][586]LogModuleManager: Shutting down and abandoning module SequenceRecorderSections (580)
[2018.11.21-22.50.12:305][586]LogModuleManager: Shutting down and abandoning module AutomationWorker (578)
[2018.11.21-22.50.12:305][586]LogModuleManager: Shutting down and abandoning module AudioCaptureEditor (576)
[2018.11.21-22.50.12:305][586]LogModuleManager: Shutting down and abandoning module SequenceRecorder (575)
[2018.11.21-22.50.12:305][586]LogModuleManager: Shutting down and abandoning module MatineeToLevelSequence (572)
[2018.11.21-22.50.12:305][586]LogModuleManager: Shutting down and abandoning module LevelSequenceEditor (570)
[2018.11.21-22.50.12:305][586]LogModuleManager: Shutting down and abandoning module PlacementMode (569)
[2018.11.21-22.50.12:305][586]LogModuleManager: Shutting down and abandoning module MaterialEditor (568)
[2018.11.21-22.50.12:305][586]LogModuleManager: Shutting down and abandoning module WmfMediaFactory (564)
[2018.11.21-22.50.12:305][586]LogModuleManager: Shutting down and abandoning module WmfMediaEditor (562)
[2018.11.21-22.50.12:305][586]LogModuleManager: Shutting down and abandoning module MediaPlayerEditor (560)
[2018.11.21-22.50.12:305][586]LogModuleManager: Shutting down and abandoning module OpenExrWrapper (558)
[2018.11.21-22.50.12:305][586]LogModuleManager: Shutting down and abandoning module ImgMediaFactory (556)
[2018.11.21-22.50.12:305][586]LogModuleManager: Shutting down and abandoning module ImgMediaEditor (554)
[2018.11.21-22.50.12:305][586]LogModuleManager: Shutting down and abandoning module AvfMediaFactory (552)
[2018.11.21-22.50.12:305][586]LogModuleManager: Shutting down and abandoning module AvfMediaEditor (550)
[2018.11.21-22.50.12:305][586]LogModuleManager: Shutting down and abandoning module AndroidMediaFactory (548)
[2018.11.21-22.50.12:305][586]LogModuleManager: Shutting down and abandoning module AndroidMediaEditor (546)
[2018.11.21-22.50.12:305][586]LogModuleManager: Shutting down and abandoning module MagicLeapCameraPreviewFactory (544)
[2018.11.21-22.50.12:305][586]LogModuleManager: Shutting down and abandoning module MagicLeapMediaFactory (542)
[2018.11.21-22.50.12:305][586]LogModuleManager: Shutting down and abandoning module MagicLeapMediaEditor (540)
[2018.11.21-22.50.12:305][586]LogModuleManager: Shutting down and abandoning module CharacterAI (538)
[2018.11.21-22.50.12:306][586]LogModuleManager: Shutting down and abandoning module SmartSnapping (536)
[2018.11.21-22.50.12:306][586]LogModuleManager: Shutting down and abandoning module SessionServices (534)
[2018.11.21-22.50.12:306][586]LogModuleManager: Shutting down and abandoning module ViewportSnapping (532)
[2018.11.21-22.50.12:306][586]LogModuleManager: Shutting down and abandoning module ViewportInteraction (530)
[2018.11.21-22.50.12:306][586]LogModuleManager: Shutting down and abandoning module ClothPainter (528)
[2018.11.21-22.50.12:306][586]LogModuleManager: Shutting down and abandoning module SkeletalMeshEditor (527)
[2018.11.21-22.50.12:306][586]LogModuleManager: Shutting down and abandoning module LogVisualizer (524)
[2018.11.21-22.50.12:306][586]LogModuleManager: Shutting down and abandoning module IntroTutorials (522)
[2018.11.21-22.50.12:306][586]LogModuleManager: Shutting down and abandoning module GameProjectGeneration (521)
[2018.11.21-22.50.12:306][586]LogModuleManager: Shutting down and abandoning module LuminPlatformEditor (518)
[2018.11.21-22.50.12:306][586]LogModuleManager: Shutting down and abandoning module IOSPlatformEditor (516)
[2018.11.21-22.50.12:306][586]LogModuleManager: Shutting down and abandoning module HTML5PlatformEditor (514)
[2018.11.21-22.50.12:306][586]LogModuleManager: Shutting down and abandoning module AndroidPlatformEditor (512)
[2018.11.21-22.50.12:306][586]LogModuleManager: Shutting down and abandoning module AndroidDeviceDetection (511)
[2018.11.21-22.50.12:391][586]LogModuleManager: Shutting down and abandoning module WindowsPlatformEditor (508)
[2018.11.21-22.50.12:391][586]LogModuleManager: Shutting down and abandoning module LuminRuntimeSettings (506)
[2018.11.21-22.50.12:391][586]LogModuleManager: Shutting down and abandoning module IOSRuntimeSettings (504)
[2018.11.21-22.50.12:391][586]LogModuleManager: Shutting down and abandoning module AndroidRuntimeSettings (502)
[2018.11.21-22.50.12:391][586]LogModuleManager: Shutting down and abandoning module InputBindingEditor (500)
[2018.11.21-22.50.12:391][586]LogModuleManager: Shutting down and abandoning module MergeActors (498)
[2018.11.21-22.50.12:391][586]LogModuleManager: Shutting down and abandoning module LocalizationDashboard (496)
[2018.11.21-22.50.12:391][586]LogModuleManager: Shutting down and abandoning module LocalizationService (495)
[2018.11.21-22.50.12:391][586]LogModuleManager: Shutting down and abandoning module HardwareTargeting (492)
[2018.11.21-22.50.12:391][586]LogModuleManager: Shutting down and abandoning module DeviceProfileEditor (490)
[2018.11.21-22.50.12:391][586]LogModuleManager: Shutting down and abandoning module UndoHistory (488)
[2018.11.21-22.50.12:392][586]LogModuleManager: Shutting down and abandoning module XmlParser (486)
[2018.11.21-22.50.12:392][586]LogModuleManager: Shutting down and abandoning module Blutility (484)
[2018.11.21-22.50.12:392][586]LogModuleManager: Shutting down and abandoning module ProjectSettingsViewer (482)
[2018.11.21-22.50.12:392][586]LogModuleManager: Shutting down and abandoning module ProjectTargetPlatformEditor (481)
[2018.11.21-22.50.12:392][586]LogModuleManager: Shutting down and abandoning module EditorSettingsViewer (478)
[2018.11.21-22.50.12:392][586]LogModuleManager: Shutting down and abandoning module SettingsEditor (476)
[2018.11.21-22.50.12:392][586]LogModuleManager: Shutting down and abandoning module ProjectLauncher (474)
[2018.11.21-22.50.12:392][586]LogModuleManager: Shutting down and abandoning module SessionFrontend (472)
[2018.11.21-22.50.12:392][586]LogModuleManager: Shutting down and abandoning module ProfilerClient (470)
[2018.11.21-22.50.12:392][586]LogModuleManager: Shutting down and abandoning module DeviceManager (468)
[2018.11.21-22.50.12:392][586]LogModuleManager: Shutting down and abandoning module TargetDeviceServices (467)
[2018.11.21-22.50.12:457][586]LogModuleManager: Shutting down and abandoning module AutomationController (464)
[2018.11.21-22.50.12:457][586]LogModuleManager: Shutting down and abandoning module AutomationWindow (462)
[2018.11.21-22.50.12:457][586]LogModuleManager: Shutting down and abandoning module Layers (460)
[2018.11.21-22.50.12:457][586]LogModuleManager: Shutting down and abandoning module ComponentVisualizers (458)
[2018.11.21-22.50.12:457][586]LogModuleManager: Shutting down and abandoning module DetailCustomizations (456)
[2018.11.21-22.50.12:457][586]LogModuleManager: Shutting down and abandoning module PackagesDialog (454)
[2018.11.21-22.50.12:457][586]LogModuleManager: Shutting down and abandoning module Persona (452)
[2018.11.21-22.50.12:457][586]LogModuleManager: Shutting down and abandoning module AdvancedPreviewScene (451)
[2018.11.21-22.50.12:457][586]LogModuleManager: Shutting down and abandoning module AnimGraph (449)
[2018.11.21-22.50.12:457][586]LogModuleManager: Shutting down and abandoning module Kismet (446)
[2018.11.21-22.50.12:458][586]LogModuleManager: Shutting down and abandoning module GraphEditor (444)
[2018.11.21-22.50.12:458][586]LogModuleManager: Shutting down and abandoning module ClassViewer (442)
[2018.11.21-22.50.12:458][586]LogModuleManager: Shutting down and abandoning module Toolbox (440)
[2018.11.21-22.50.12:458][586]LogModuleManager: Shutting down and abandoning module DesktopPlatform (439)
[2018.11.21-22.50.12:458][586]LogModuleManager: Shutting down and abandoning module ModuleUI (436)
[2018.11.21-22.50.12:458][586]LogModuleManager: Shutting down and abandoning module MovieSceneTools (434)
[2018.11.21-22.50.12:458][586]LogModuleManager: Shutting down and abandoning module OutputLog (432)
[2018.11.21-22.50.12:458][586]LogModuleManager: Shutting down and abandoning module GammaUI (430)
[2018.11.21-22.50.12:458][586]LogModuleManager: Shutting down and abandoning module Documentation (428)
[2018.11.21-22.50.12:458][586]LogModuleManager: Shutting down and abandoning module MovieSceneTracks (426)
[2018.11.21-22.50.12:458][586]LogModuleManager: Shutting down and abandoning module MovieScene (424)
[2018.11.21-22.50.12:458][586]LogModuleManager: Shutting down and abandoning module StreamingPauseRendering (422)
[2018.11.21-22.50.12:459][586]LogModuleManager: Shutting down and abandoning module LauncherPlatform (420)
[2018.11.21-22.50.12:459][586]LogModuleManager: Shutting down and abandoning module AnalyticsET (418)
[2018.11.21-22.50.12:459][586]LogModuleManager: Shutting down and abandoning module PortalServices (416)
[2018.11.21-22.50.12:459][586]LogModuleManager: Shutting down and abandoning module PortalRpc (414)
[2018.11.21-22.50.12:459][586]LogModuleManager: Shutting down and abandoning module MessagingRpc (412)
[2018.11.21-22.50.12:459][586]LogModuleManager: Shutting down and abandoning module AIModule (410)
[2018.11.21-22.50.12:459][586]LogModuleManager: Shutting down and abandoning module GameplayDebugger (409)
[2018.11.21-22.50.12:459][586]LogModuleManager: Shutting down and abandoning module AITestSuite (407)
[2018.11.21-22.50.12:459][586]LogModuleManager: Shutting down and abandoning module NavigationSystem (405)
[2018.11.21-22.50.12:459][586]LogModuleManager: Shutting down and abandoning module ProfilerService (402)
[2018.11.21-22.50.12:534][586]LogModuleManager: Shutting down and abandoning module TaskGraph (400)
[2018.11.21-22.50.12:534][586]LogModuleManager: Shutting down and abandoning module SteamVRController (398)
[2018.11.21-22.50.12:534][586]LogModuleManager: Shutting down and abandoning module ProceduralMeshComponentEditor (396)
[2018.11.21-22.50.12:534][586]LogModuleManager: Shutting down and abandoning module ProceduralMeshComponent (394)
[2018.11.21-22.50.12:534][586]LogModuleManager: Shutting down and abandoning module OculusInput (392)
[2018.11.21-22.50.12:534][586]LogModuleManager: Shutting down and abandoning module MobilePatchingUtils (390)
[2018.11.21-22.50.12:534][586]LogModuleManager: Shutting down and abandoning module EditableMesh (388)
[2018.11.21-22.50.12:534][586]LogModuleManager: Shutting down and abandoning module CustomMeshComponent (386)
[2018.11.21-22.50.12:534][586]LogModuleManager: Shutting down and abandoning module CableComponent (384)
[2018.11.21-22.50.12:534][586]LogModuleManager: Shutting down and abandoning module AudioCapture (382)
[2018.11.21-22.50.12:534][586]LogModuleManager: Shutting down and abandoning module ArchVisCharacter (380)
[2018.11.21-22.50.12:534][586]LogModuleManager: Shutting down and abandoning module AndroidPermission (378)
[2018.11.21-22.50.12:534][586]LogModuleManager: Shutting down and abandoning module NUTUnrealEngine4 (376)
[2018.11.21-22.50.12:534][586]LogModuleManager: Shutting down and abandoning module NetcodeUnitTest (374)
[2018.11.21-22.50.12:535][586]LogModuleManager: Shutting down and abandoning module MediaCompositingEditor (372)
[2018.11.21-22.50.12:535][586]LogModuleManager: Shutting down and abandoning module MediaCompositing (370)
[2018.11.21-22.50.12:535][586]LogModuleManager: Shutting down and abandoning module LinearTimecode (368)
[2018.11.21-22.50.12:535][586]LogModuleManager: Shutting down and abandoning module ImgMedia (366)
[2018.11.21-22.50.12:538][586]LogModuleManager: Shutting down and abandoning module HTML5Networking (364)
[2018.11.21-22.50.12:538][586]LogModuleManager: Shutting down and abandoning module GeometryCacheTracks (362)
[2018.11.21-22.50.12:538][586]LogModuleManager: Shutting down and abandoning module GeometryCacheSequencer (360)
[2018.11.21-22.50.12:538][586]LogModuleManager: Shutting down and abandoning module BackChannel (358)
[2018.11.21-22.50.12:538][586]LogModuleManager: Shutting down and abandoning module AppleVision (356)
[2018.11.21-22.50.12:538][586]LogModuleManager: Shutting down and abandoning module AppleImageUtils (354)
[2018.11.21-22.50.12:538][586]LogModuleManager: Shutting down and abandoning module AlembicImporter (352)
[2018.11.21-22.50.12:538][586]LogModuleManager: Shutting down and abandoning module AlembicLibrary (351)
[2018.11.21-22.50.12:538][586]LogModuleManager: Shutting down and abandoning module GeometryCache (350)
[2018.11.21-22.50.12:538][586]LogModuleManager: Shutting down and abandoning module GeometryCacheEd (349)
[2018.11.21-22.50.12:538][586]LogModuleManager: Shutting down and abandoning module DatasmithContentEditor (344)
[2018.11.21-22.50.12:538][586]LogModuleManager: Shutting down and abandoning module DatasmithContent (342)
[2018.11.21-22.50.12:539][586]LogModuleManager: Shutting down and abandoning module SpeedTreeImporter (340)
[2018.11.21-22.50.12:539][586]LogModuleManager: Shutting down and abandoning module PluginBrowser (338)
[2018.11.21-22.50.12:539][586]LogModuleManager: Shutting down and abandoning module MobileLauncherProfileWizard (336)
[2018.11.21-22.50.12:539][586]LogModuleManager: Shutting down and abandoning module PolygonModeling (334)
[2018.11.21-22.50.12:539][586]LogModuleManager: Shutting down and abandoning module MeshEditor (332)
[2018.11.21-22.50.12:539][586]LogModuleManager: Shutting down and abandoning module CryptoKeysOpenSSL (330)
[2018.11.21-22.50.12:539][586]LogModuleManager: Shutting down and abandoning module CryptoKeys (328)
[2018.11.21-22.50.12:539][586]LogModuleManager: Shutting down and abandoning module VisualStudioSourceCodeAccess (326)
[2018.11.21-22.50.12:539][586]LogModuleManager: Shutting down and abandoning module VisualStudioCodeSourceCodeAccess (324)
[2018.11.21-22.50.12:539][586]LogModuleManager: Shutting down and abandoning module UObjectPlugin (322)
[2018.11.21-22.50.12:539][586]LogModuleManager: Shutting down and abandoning module SubversionSourceControl (320)
[2018.11.21-22.50.12:539][586]LogModuleManager: Shutting down and abandoning module PerforceSourceControl (318)
[2018.11.21-22.50.12:539][586]LogModuleManager: Shutting down and abandoning module GitSourceControl (316)
[2018.11.21-22.50.12:539][586]LogModuleManager: Shutting down and abandoning module SourceControl (315)
[2018.11.21-22.50.12:540][586]LogModuleManager: Shutting down and abandoning module CLionSourceCodeAccess (312)
[2018.11.21-22.50.12:540][586]LogModuleManager: Shutting down and abandoning module LightPropagationVolumeEditor (310)
[2018.11.21-22.50.12:540][586]LogModuleManager: Shutting down and abandoning module PaperTiledImporter (308)
[2018.11.21-22.50.12:540][586]LogModuleManager: Shutting down and abandoning module PaperSpriteSheetImporter (306)
[2018.11.21-22.50.12:540][586]LogModuleManager: Shutting down and abandoning module Paper2DEditor (304)
[2018.11.21-22.50.12:540][586]LogModuleManager: Shutting down and abandoning module MeshPaint (303)
[2018.11.21-22.50.12:540][586]LogModuleManager: Shutting down and abandoning module RuntimePhysXCooking (298)
[2018.11.21-22.50.12:540][586]LogModuleManager: Shutting down and abandoning module PhysXVehiclesEditor (296)
[2018.11.21-22.50.12:540][586]LogModuleManager: Shutting down and abandoning module PhysXVehicles (294)
[2018.11.21-22.50.12:540][586]LogModuleManager: Shutting down and abandoning module OculusEditor (292)
[2018.11.21-22.50.12:540][586]LogModuleManager: Shutting down and abandoning module LocationServicesBPLibrary (290)
[2018.11.21-22.50.12:540][586]LogModuleManager: Shutting down and abandoning module ImmediatePhysicsEditor (288)
[2018.11.21-22.50.12:540][586]LogModuleManager: Shutting down and abandoning module ImmediatePhysics (286)
[2018.11.21-22.50.12:540][586]LogModuleManager: Shutting down and abandoning module ActorSequence (284)
[2018.11.21-22.50.12:540][586]LogModuleManager: Shutting down and abandoning module UdpMessaging (282)
[2018.11.21-22.50.12:641][586]LogModuleManager: Shutting down and abandoning module TcpMessaging (280)
[2018.11.21-22.50.12:742][586]LogModuleManager: Shutting down and abandoning module MagicLeapAudio (278)
[2018.11.21-22.50.12:742][586]LogModuleManager: Shutting down and abandoning module GameplayTagsEditor (276)
[2018.11.21-22.50.12:742][586]LogModuleManager: Shutting down and abandoning module FacialAnimationEditor (274)
[2018.11.21-22.50.12:742][586]LogModuleManager: Shutting down and abandoning module FacialAnimation (272)
[2018.11.21-22.50.12:742][586]LogModuleManager: Shutting down and abandoning module DataValidation (270)
[2018.11.21-22.50.12:742][586]LogModuleManager: Shutting down and abandoning module AssetManagerEditor (268)
[2018.11.21-22.50.12:742][586]LogModuleManager: Shutting down and abandoning module LevelEditor (267)
[2018.11.21-22.50.12:743][586]LogModuleManager: Shutting down and abandoning module PixelInspectorModule (266)
[2018.11.21-22.50.12:743][586]LogModuleManager: Shutting down and abandoning module CommonMenuExtensions (264)
[2018.11.21-22.50.12:743][586]LogModuleManager: Shutting down and abandoning module MainFrame (262)
[2018.11.21-22.50.12:744][586]LogModuleManager: Shutting down and abandoning module HotReload (261)
[2018.11.21-22.50.12:744][586]LogModuleManager: Shutting down and abandoning module ContentBrowser (257)
[2018.11.21-22.50.12:745][586]LogModuleManager: Shutting down and abandoning module TreeMap (255)
[2018.11.21-22.50.12:745][586]LogModuleManager: Shutting down and abandoning module LightPropagationVolumeRuntime (252)
[2018.11.21-22.50.12:746][586]LogModuleManager: Shutting down and abandoning module AISupportModule (250)
[2018.11.21-22.50.12:746][586]LogModuleManager: Shutting down and abandoning module Paper2D (248)
[2018.11.21-22.50.12:746][586]LogModuleManager: Shutting down and abandoning module WindowsMoviePlayer (246)
[2018.11.21-22.50.12:746][586]LogModuleManager: Shutting down and abandoning module WmfMedia (244)
[2018.11.21-22.50.12:747][586]LogModuleManager: Shutting down and abandoning module Media (243)
[2018.11.21-22.50.12:753][586]LogModuleManager: Shutting down and abandoning module PacketHandler (240)
[2018.11.21-22.50.12:753][586]LogModuleManager: Shutting down and abandoning module ClothingSystemEditor (238)
[2018.11.21-22.50.12:753][586]LogModuleManager: Shutting down and abandoning module ClothingSystemRuntime (236)
[2018.11.21-22.50.12:753][586]LogModuleManager: Shutting down and abandoning module MediaAssets (234)
[2018.11.21-22.50.12:753][586]LogModuleManager: Shutting down and abandoning module Overlay (232)
[2018.11.21-22.50.12:753][586]LogModuleManager: Shutting down and abandoning module OverlayEditor (231)
[2018.11.21-22.50.12:754][586]LogModuleManager: Shutting down and abandoning module VREditor (228)
[2018.11.21-22.50.12:754][586]LogModuleManager: Shutting down and abandoning module StringTableEditor (226)
[2018.11.21-22.50.12:754][586]LogModuleManager: Shutting down and abandoning module GameplayTasksEditor (224)
[2018.11.21-22.50.12:754][586]LogModuleManager: Shutting down and abandoning module BehaviorTreeEditor (222)
[2018.11.21-22.50.12:754][586]LogModuleManager: Shutting down and abandoning module FunctionalTesting (220)
[2018.11.21-22.50.12:754][586]LogModuleManager: Shutting down and abandoning module CollisionAnalyzer (218)
[2018.11.21-22.50.12:754][586]LogModuleManager: Shutting down and abandoning module WorkspaceMenuStructure (217)
[2018.11.21-22.50.12:754][586]LogModuleManager: Shutting down and abandoning module UMG (214)
[2018.11.21-22.50.12:754][586]LogModuleManager: Shutting down and abandoning module UMGEditor (213)
[2018.11.21-22.50.12:754][586]LogModuleManager: Shutting down and abandoning module Sequencer (212)
[2018.11.21-22.50.12:754][586]LogModuleManager: Shutting down and abandoning module MessageLog (209)
[2018.11.21-22.50.12:754][586]LogModuleManager: Shutting down and abandoning module SlateReflector (204)
[2018.11.21-22.50.12:754][586]LogModuleManager: Shutting down and abandoning module Slate (202)
[2018.11.21-22.50.12:754][586]LogModuleManager: Shutting down and abandoning module EditorStyle (200)
[2018.11.21-22.50.12:756][586]LogModuleManager: Shutting down and abandoning module MRMesh (198)
[2018.11.21-22.50.12:756][586]LogModuleManager: Shutting down and abandoning module SourceCodeAccess (196)
[2018.11.21-22.50.12:756][586]LogModuleManager: Shutting down and abandoning module HeadMountedDisplay (194)
[2018.11.21-22.50.12:756][586]LogModuleManager: Shutting down and abandoning module XAudio2 (192)
[2018.11.21-22.50.12:756][586]LogModuleManager: Shutting down and abandoning module Networking (190)
[2018.11.21-22.50.12:756][586]LogModuleManager: Shutting down and abandoning module Core (188)
[2018.11.21-22.50.12:756][586]LogModuleManager: Shutting down and abandoning module LevelSequence (186)
[2018.11.21-22.50.12:756][586]LogModuleManager: Shutting down and abandoning module KismetCompiler (184)
[2018.11.21-22.50.12:756][586]LogModuleManager: Shutting down and abandoning module MeshUtilities (182)
[2018.11.21-22.50.12:756][586]LogModuleManager: Shutting down and abandoning module MeshMergeUtilities (181)
[2018.11.21-22.50.12:756][586]LogModuleManager: Shutting down and abandoning module MeshReductionInterface (180)
[2018.11.21-22.50.12:756][586]LogModuleManager: Shutting down and abandoning module SimplygonSwarm (179)
[2018.11.21-22.50.12:756][586]LogModuleManager: Shutting down and abandoning module ProxyLODMeshReduction (177)
[2018.11.21-22.50.12:756][586]LogModuleManager: Shutting down and abandoning module SimplygonMeshReduction (175)
[2018.11.21-22.50.12:756][586]LogModuleManager: Shutting down and abandoning module QuadricMeshReduction (173)
[2018.11.21-22.50.12:756][586]LogModuleManager: Shutting down and abandoning module MaterialBaking (169)
[2018.11.21-22.50.12:756][586]LogModuleManager: Shutting down and abandoning module DirectoryWatcher (165)
[2018.11.21-22.50.12:756][586]LogModuleManager: Shutting down and abandoning module DerivedDataCache (162)
[2018.11.21-22.50.12:844][586]LogDerivedDataCache: Shutdown
[2018.11.21-22.50.12:844][586]LogModuleManager: Shutting down and abandoning module XGEController (160)
[2018.11.21-22.50.12:844][586]LogModuleManager: Shutting down and abandoning module TargetPlatform (158)
[2018.11.21-22.50.12:845][586]LogModuleManager: Shutting down and abandoning module VulkanShaderFormat (157)
[2018.11.21-22.50.12:845][586]LogModuleManager: Shutting down and abandoning module ShaderFormatVectorVM (155)
[2018.11.21-22.50.12:845][586]LogModuleManager: Shutting down and abandoning module ShaderFormatOpenGL (153)
[2018.11.21-22.50.12:845][586]LogModuleManager: Shutting down and abandoning module ShaderFormatD3D (151)
[2018.11.21-22.50.12:845][586]LogModuleManager: Shutting down and abandoning module MetalShaderFormat (149)
[2018.11.21-22.50.12:845][586]LogModuleManager: Shutting down and abandoning module TextureFormatUncompressed (147)
[2018.11.21-22.50.12:845][586]LogModuleManager: Shutting down and abandoning module TextureFormatPVR (145)
[2018.11.21-22.50.12:845][586]LogModuleManager: Shutting down and abandoning module TextureFormatDXT (143)
[2018.11.21-22.50.12:845][586]LogModuleManager: Shutting down and abandoning module TextureFormatIntelISPCTexComp (141)
[2018.11.21-22.50.12:845][586]LogModuleManager: Shutting down and abandoning module TextureFormatASTC (139)
[2018.11.21-22.50.12:845][586]LogModuleManager: Shutting down and abandoning module ImageWrapper (138)
[2018.11.21-22.50.12:845][586]LogModuleManager: Shutting down and abandoning module TextureFormatAndroid (135)
[2018.11.21-22.50.12:845][586]LogModuleManager: Shutting down and abandoning module AudioFormatOpus (133)
[2018.11.21-22.50.12:845][586]LogModuleManager: Shutting down and abandoning module AudioFormatOgg (131)
[2018.11.21-22.50.12:845][586]LogModuleManager: Shutting down and abandoning module AudioFormatADPCM (129)
[2018.11.21-22.50.12:845][586]LogModuleManager: Shutting down and abandoning module LuminTargetPlatform (127)
[2018.11.21-22.50.12:845][586]LogModuleManager: Shutting down and abandoning module LinuxTargetPlatform (125)
[2018.11.21-22.50.12:845][586]LogModuleManager: Shutting down and abandoning module LinuxServerTargetPlatform (123)
[2018.11.21-22.50.12:845][586]LogModuleManager: Shutting down and abandoning module LinuxNoEditorTargetPlatform (121)
[2018.11.21-22.50.12:845][586]LogModuleManager: Shutting down and abandoning module LinuxClientTargetPlatform (119)
[2018.11.21-22.50.12:845][586]LogModuleManager: Shutting down and abandoning module TVOSTargetPlatform (117)
[2018.11.21-22.50.12:846][586]LogModuleManager: Shutting down and abandoning module Messaging (115)
[2018.11.21-22.50.12:846][586]LogModuleManager: Shutting down and abandoning module IOSTargetPlatform (113)
[2018.11.21-22.50.12:847][586]LogModuleManager: Shutting down and abandoning module HTML5TargetPlatform (111)
[2018.11.21-22.50.12:847][586]LogModuleManager: Shutting down and abandoning module AndroidTargetPlatform (109)
[2018.11.21-22.50.12:860][586]LogModuleManager: Shutting down and abandoning module WindowsTargetPlatform (107)
[2018.11.21-22.50.12:860][586]LogModuleManager: Shutting down and abandoning module WindowsServerTargetPlatform (105)
[2018.11.21-22.50.12:860][586]LogModuleManager: Shutting down and abandoning module WindowsNoEditorTargetPlatform (103)
[2018.11.21-22.50.12:860][586]LogModuleManager: Shutting down and abandoning module WindowsClientTargetPlatform (101)
[2018.11.21-22.50.12:860][586]LogModuleManager: Shutting down and abandoning module MacTargetPlatform (99)
[2018.11.21-22.50.12:860][586]LogModuleManager: Shutting down and abandoning module MacServerTargetPlatform (97)
[2018.11.21-22.50.12:860][586]LogModuleManager: Shutting down and abandoning module MacNoEditorTargetPlatform (95)
[2018.11.21-22.50.12:860][586]LogModuleManager: Shutting down and abandoning module MacClientTargetPlatform (93)
[2018.11.21-22.50.12:860][586]LogModuleManager: Shutting down and abandoning module AllDesktopTargetPlatform (91)
[2018.11.21-22.50.12:860][586]LogModuleManager: Shutting down and abandoning module InputCore (88)
[2018.11.21-22.50.12:860][586]LogModuleManager: Shutting down and abandoning module Settings (86)
[2018.11.21-22.50.12:860][586]LogModuleManager: Shutting down and abandoning module PhysXCooking (84)
[2018.11.21-22.50.12:860][586]LogModuleManager: Shutting down and abandoning module SteamVR (82)
[2018.11.21-22.50.12:860][586]LogModuleManager: Shutting down and abandoning module OculusHMD (80)
[2018.11.21-22.50.12:860][586]LogModuleManager: Shutting down and abandoning module ExampleDeviceProfileSelector (78)
[2018.11.21-22.50.12:860][586]LogModuleManager: Shutting down and abandoning module LauncherChunkInstaller (76)
[2018.11.21-22.50.12:860][586]LogModuleManager: Shutting down and abandoning module OnlineBlueprintSupport (74)
[2018.11.21-22.50.12:860][586]LogModuleManager: Shutting down and abandoning module OnlineSubsystem (70)
[2018.11.21-22.50.12:861][586]LogModuleManager: Shutting down and abandoning module XMPP (65)
[2018.11.21-22.50.12:861][586]LogModuleManager: Shutting down and abandoning module WebSockets (64)
[2018.11.21-22.50.12:870][586]LogModuleManager: Shutting down and abandoning module HTTP (61)
[2018.11.21-22.50.12:870][586]LogHttp: Display: Http module shutting down, but needs to wait on 1 outstanding Http requests:
[2018.11.21-22.50.12:870][586]LogHttp: Display: 	verb=[POST] url=[https://datarouter.ol.epicgames.com/datarouter/api/v1/public/data?SessionID=%7B190FF194-486F-ABE3-6DBF-8B88591CF11A%7D&AppID=UEEditor.Rocket.Release&AppVersion=4.20.3-4369336%2B%2B%2BUE4%2BRelease-4.20&UserID=c9d0e7ff47a6e6157b0947be8c9818cf%7C%7Cf25915e0-cdc5-47c5-8069-bcc68789c77f&AppEnvironment=datacollector-binary&UploadType=eteventstream] status=Processing
[2018.11.21-22.50.12:889][586]LogModuleManager: Shutting down and abandoning module SSL (60)
[2018.11.21-22.50.12:891][586]LogModuleManager: Shutting down and abandoning module MagicLeapEmulator (56)
[2018.11.21-22.50.12:891][586]LogModuleManager: Shutting down and abandoning module MagicLeapPrivileges (54)
[2018.11.21-22.50.12:891][586]LogModuleManager: Shutting down and abandoning module MagicLeapIdentity (52)
[2018.11.21-22.50.12:891][586]LogModuleManager: Shutting down and abandoning module MagicLeapHelperVulkan (50)
[2018.11.21-22.50.12:891][586]LogModuleManager: Shutting down and abandoning module MagicLeapHelperOpenGL (48)
[2018.11.21-22.50.12:892][586]LogModuleManager: Shutting down and abandoning module MagicLeapSecureStorage (46)
[2018.11.21-22.50.12:892][586]LogModuleManager: Shutting down and abandoning module MagicLeapGestures (44)
[2018.11.21-22.50.12:892][586]LogModuleManager: Shutting down and abandoning module MagicLeapEyeTracker (42)
[2018.11.21-22.50.12:892][586]LogModuleManager: Shutting down and abandoning module MagicLeapController (40)
[2018.11.21-22.50.12:892][586]LogSlate: Slate User Destroyed.  User Index 0, Is Virtual User: 0
[2018.11.21-22.50.12:892][586]LogModuleManager: Shutting down and abandoning module MagicLeap (38)
[2018.11.21-22.50.12:892][586]LogModuleManager: Shutting down and abandoning module AnimationModifiers (36)
[2018.11.21-22.50.12:892][586]LogModuleManager: Shutting down and abandoning module PropertyEditor (35)
[2018.11.21-22.50.12:892][586]LogModuleManager: Shutting down and abandoning module AudioEditor (32)
[2018.11.21-22.50.12:892][586]LogModuleManager: Shutting down and abandoning module TextureCompressor (30)
[2018.11.21-22.50.12:893][586]LogModuleManager: Shutting down and abandoning module ShaderCore (28)
[2018.11.21-22.50.12:893][586]LogModuleManager: Shutting down and abandoning module Landscape (26)
[2018.11.21-22.50.12:893][586]LogModuleManager: Shutting down and abandoning module SlateRHIRenderer (24)
[2018.11.21-22.50.12:893][586]LogModuleManager: Shutting down and abandoning module OpenGLDrv (22)
[2018.11.21-22.50.12:893][586]LogModuleManager: Shutting down and abandoning module D3D11RHI (20)
[2018.11.21-22.50.12:893][586]LogModuleManager: Shutting down and abandoning module AnimGraphRuntime (18)
[2018.11.21-22.50.12:893][586]LogModuleManager: Shutting down and abandoning module Renderer (16)
[2018.11.21-22.50.12:893][586]LogModuleManager: Shutting down and abandoning module Engine (14)
[2018.11.21-22.50.12:893][586]LogModuleManager: Shutting down and abandoning module CoreUObject (12)
[2018.11.21-22.50.12:893][586]LogModuleManager: Shutting down and abandoning module NetworkFile (10)
[2018.11.21-22.50.12:894][586]LogModuleManager: Shutting down and abandoning module CookedIterativeFile (8)
[2018.11.21-22.50.12:894][586]LogModuleManager: Shutting down and abandoning module StreamingFile (6)
[2018.11.21-22.50.12:894][586]LogModuleManager: Shutting down and abandoning module SandboxFile (4)
[2018.11.21-22.50.12:894][586]LogModuleManager: Shutting down and abandoning module PakFile (2)
[2018.11.21-22.50.12:902][586]LogExit: Exiting.
[2018.11.21-22.50.12:932][586]Log file closed, 11/21/18 22:50:12
